<?xml version="1.0" encoding="UTF-8"?>
<testsuites name="Invoices" time="22" tests="4" failures="0" errors="1">
   <testsuite name="Invoices" tests="4" failures="0" errors="1" time="22" timestamp="2019-06-14 13:22:42" hostname="nivedita - 192.168.0.12" id="Test Suites/Lemoney/Invoices">
      <properties>
         <property name="deviceName" value=""/>
         <property name="devicePlatform" value=""/>
         <property name="logFolder" value="/Users/nivedita/git/KatalonFirstUIProject/Reports/Lemoney/Invoices/20190614_132209"/>
         <property name="logFiles" value="/Users/nivedita/git/KatalonFirstUIProject/Reports/Lemoney/Invoices/20190614_132209/execution0.log"/>
         <property name="attachments" value=""/>
         <property name="hostName" value="nivedita - 192.168.0.12"/>
         <property name="os" value="Mac OS X 64bit"/>
         <property name="katalonVersion" value="5.10.1.1"/>
         <property name="browser" value="Chrome 74.0.3729.169"/>
         <property name="hostAddress" value="192.168.0.12"/>
         <property name="sessionId" value="c16fe62a489841003188d322727024a2"/>
         <property name="seleniumVersion" value="3.7.1"/>
         <property name="proxyInformation" value="ProxyInformation{proxyOption=NO_PROXY, proxyServerType=HTTP, password=, proxyServerAddress=, proxyServerPort=0}"/>
         <property name="platform" value="Mac OS X"/>
      </properties>
      <testcase name="Test Cases/Lemoney/Setup and TearDown/Setup" classname="Test Cases/Lemoney/Setup and TearDown/Setup" status="PASSED">
         <system-out><![CDATA[2019-06-14 13:22:42 - [TEST_CASE][PASSED] - Test Cases/Lemoney/Setup and TearDown/Setup: Test Cases/Lemoney/Setup and TearDown/Setup

2019-06-14 13:22:42 - [TEST_STEP][PASSED] - Start listener action : sampleBeforeTestCase: null

2019-06-14 13:22:42 - [TEST_STEP][PASSED] - println(testCaseContext.getTestCaseId()): null

2019-06-14 13:22:42 - [TEST_STEP][PASSED] - println(testCaseContext.getTestCaseVariables()): null

2019-06-14 13:22:42 - [TEST_STEP][PASSED] - println(" This is before test"): null

2019-06-14 13:22:42 - [TEST_STEP][PASSED] - Start setup action : setUp: Method 'setUp' complete successfully

2019-06-14 13:22:43 - [TEST_STEP][PASSED] - openBrowser(""): Browser is opened with url: ''

2019-06-14 13:22:44 - [MESSAGE][INFO] - Starting 'Chrome' driver

2019-06-14 13:22:44 - [MESSAGE][INFO] - Action delay is set to 0 seconds

2019-06-14 13:22:47 - [MESSAGE][PASSED] - Browser is opened with url: ''

2019-06-14 13:22:47 - [TEST_STEP][PASSED] - navigateToUrl("https://lmpro.netlify.com/"): Navigate to 'https://lmpro.netlify.com/' successfully

2019-06-14 13:22:49 - [MESSAGE][PASSED] - Navigate to 'https://lmpro.netlify.com/' successfully

2019-06-14 13:22:49 - [TEST_STEP][PASSED] - verifyElementPresent(findTestObject("Lemoney/Setup/Login/img_Lemoney_logo"), 10): Object 'Object Repository/Lemoney/Setup/Login/img_Lemoney_logo' is present

2019-06-14 13:22:49 - [MESSAGE][PASSED] - Object 'Object Repository/Lemoney/Setup/Login/img_Lemoney_logo' is present

2019-06-14 13:22:49 - [TEST_STEP][PASSED] - verifyElementPresent(findTestObject("Lemoney/Setup/Login/Title_Lemoney"), 10): Object 'Object Repository/Lemoney/Setup/Login/Title_Lemoney' is present

2019-06-14 13:22:49 - [MESSAGE][PASSED] - Object 'Object Repository/Lemoney/Setup/Login/Title_Lemoney' is present

2019-06-14 13:22:49 - [TEST_STEP][PASSED] - verifyElementPresent(findTestObject("Lemoney/Setup/Login/Title_Making Banking Useful"), 10): Object 'Object Repository/Lemoney/Setup/Login/Title_Making Banking Useful' is present

2019-06-14 13:22:49 - [MESSAGE][PASSED] - Object 'Object Repository/Lemoney/Setup/Login/Title_Making Banking Useful' is present

2019-06-14 13:22:49 - [TEST_STEP][PASSED] - verifyElementPresent(findTestObject("Lemoney/Setup/Login/div_Enter Username  Password"), 10): Object 'Object Repository/Lemoney/Setup/Login/div_Enter Username  Password' is present

2019-06-14 13:22:49 - [MESSAGE][PASSED] - Object 'Object Repository/Lemoney/Setup/Login/div_Enter Username  Password' is present

2019-06-14 13:22:49 - [TEST_STEP][PASSED] - setText(findTestObject("Lemoney/Setup/Login/input_EnterUserName"), "owner@lemoney.com"): Text 'owner@lemoney.com' is set on object 'Object Repository/Lemoney/Setup/Login/input_EnterUserName'

2019-06-14 13:22:50 - [MESSAGE][PASSED] - Text 'owner@lemoney.com' is set on object 'Object Repository/Lemoney/Setup/Login/input_EnterUserName'

2019-06-14 13:22:50 - [TEST_STEP][PASSED] - setText(findTestObject("Lemoney/Setup/Login/input_EnterPassword"), "123456"): Text '123456' is set on object 'Object Repository/Lemoney/Setup/Login/input_EnterPassword'

2019-06-14 13:22:50 - [MESSAGE][PASSED] - Text '123456' is set on object 'Object Repository/Lemoney/Setup/Login/input_EnterPassword'

2019-06-14 13:22:50 - [TEST_STEP][PASSED] - click(findTestObject("Lemoney/Setup/Login/button_Login")): Object: 'Object Repository/Lemoney/Setup/Login/button_Login' is clicked on

2019-06-14 13:22:50 - [MESSAGE][PASSED] - Object: 'Object Repository/Lemoney/Setup/Login/button_Login' is clicked on

2019-06-14 13:22:50 - [MESSAGE][PASSED] - Method 'setUp' complete successfully

2019-06-14 13:22:50 - [TEST_STEP][PASSED] - waitForElementPresent(findTestObject("Lemoney/Setup/Logout/img_profileImage"), 10): Object 'Object Repository/Lemoney/Setup/Logout/img_profileImage' is present

2019-06-14 13:22:51 - [MESSAGE][PASSED] - Object 'Object Repository/Lemoney/Setup/Logout/img_profileImage' is present

2019-06-14 13:22:51 - [TEST_STEP][PASSED] - Start listener action : sampleAfterTestCase: null

2019-06-14 13:22:51 - [TEST_STEP][PASSED] - println(testCaseContext.getTestCaseId()): null

2019-06-14 13:22:51 - [TEST_STEP][PASSED] - println(testCaseContext.getTestCaseStatus()): null]]></system-out>
         <system-err><![CDATA[]]></system-err>
      </testcase>
      <testcase name="Test Cases/Lemoney/DataBase/DatabaseConnection" classname="Test Cases/Lemoney/DataBase/DatabaseConnection" status="PASSED">
         <system-out><![CDATA[2019-06-14 13:22:51 - [TEST_CASE][PASSED] - Test Cases/Lemoney/DataBase/DatabaseConnection: Test Cases/Lemoney/DataBase/DatabaseConnection

2019-06-14 13:22:51 - [TEST_STEP][PASSED] - Start listener action : sampleBeforeTestCase: null

2019-06-14 13:22:51 - [TEST_STEP][PASSED] - println(testCaseContext.getTestCaseId()): null

2019-06-14 13:22:51 - [TEST_STEP][PASSED] - println(testCaseContext.getTestCaseVariables()): null

2019-06-14 13:22:51 - [TEST_STEP][PASSED] - println(" This is before test"): null

2019-06-14 13:22:51 - [TEST_STEP][PASSED] - url = "apiserver.cw1p29kfimzt.ap-south-1.rds.amazonaws.com": null

2019-06-14 13:22:51 - [TEST_STEP][PASSED] - dbname = "apiserver": null

2019-06-14 13:22:51 - [TEST_STEP][PASSED] - port = "5432": null

2019-06-14 13:22:51 - [TEST_STEP][PASSED] - userName = "apiserver": null

2019-06-14 13:22:51 - [TEST_STEP][PASSED] - passWord = "api-server-db-pwd": null

2019-06-14 13:22:51 - [TEST_STEP][PASSED] - com.database.DemoSQLPro.connectDB(url, dbname, port, userName, passWord): com.database.DemoSQLPro.connectDB is PASSED

2019-06-14 13:22:52 - [MESSAGE][PASSED] - com.database.DemoSQLPro.connectDB is PASSED

2019-06-14 13:22:52 - [TEST_STEP][PASSED] - Start listener action : sampleAfterTestCase: null

2019-06-14 13:22:52 - [TEST_STEP][PASSED] - println(testCaseContext.getTestCaseId()): null

2019-06-14 13:22:52 - [TEST_STEP][PASSED] - println(testCaseContext.getTestCaseStatus()): null]]></system-out>
         <system-err><![CDATA[]]></system-err>
      </testcase>
      <testcase name="Test Cases/Lemoney/DataBase/Table_invoiceListing" classname="Test Cases/Lemoney/DataBase/Table_invoiceListing" status="ERROR">
         <error type="ERROR" message="Test Cases/Lemoney/DataBase/Table_invoiceListing FAILED.
Reason:
java.lang.IndexOutOfBoundsException: Index: 0
	at java_util_List$get$0.call(Unknown Source)
	at Table_invoiceListing.run(Table_invoiceListing:62)
	at com.kms.katalon.core.main.ScriptEngine.run(ScriptEngine.java:194)
	at com.kms.katalon.core.main.ScriptEngine.runScriptAsRawText(ScriptEngine.java:119)
	at com.kms.katalon.core.main.TestCaseExecutor.runScript(TestCaseExecutor.java:328)
	at com.kms.katalon.core.main.TestCaseExecutor.doExecute(TestCaseExecutor.java:319)
	at com.kms.katalon.core.main.TestCaseExecutor.processExecutionPhase(TestCaseExecutor.java:298)
	at com.kms.katalon.core.main.TestCaseExecutor.accessMainPhase(TestCaseExecutor.java:290)
	at com.kms.katalon.core.main.TestCaseExecutor.execute(TestCaseExecutor.java:224)
	at com.kms.katalon.core.main.TestSuiteExecutor.accessTestCaseMainPhase(TestSuiteExecutor.java:129)
	at com.kms.katalon.core.main.TestSuiteExecutor.accessTestSuiteMainPhase(TestSuiteExecutor.java:112)
	at com.kms.katalon.core.main.TestSuiteExecutor.execute(TestSuiteExecutor.java:81)
	at com.kms.katalon.core.main.TestCaseMain.startTestSuite(TestCaseMain.java:149)
	at com.kms.katalon.core.main.TestCaseMain$startTestSuite$0.call(Unknown Source)
	at TempTestSuite1560498759207.run(TempTestSuite1560498759207.groovy:36)
"/>
         <system-out><![CDATA[2019-06-14 13:22:52 - [TEST_CASE][ERROR] - Test Cases/Lemoney/DataBase/Table_invoiceListing: Test Cases/Lemoney/DataBase/Table_invoiceListing FAILED.
Reason:
java.lang.IndexOutOfBoundsException: Index: 0
	at java_util_List$get$0.call(Unknown Source)
	at Table_invoiceListing.run(Table_invoiceListing:62)
	at com.kms.katalon.core.main.ScriptEngine.run(ScriptEngine.java:194)
	at com.kms.katalon.core.main.ScriptEngine.runScriptAsRawText(ScriptEngine.java:119)
	at com.kms.katalon.core.main.TestCaseExecutor.runScript(TestCaseExecutor.java:328)
	at com.kms.katalon.core.main.TestCaseExecutor.doExecute(TestCaseExecutor.java:319)
	at com.kms.katalon.core.main.TestCaseExecutor.processExecutionPhase(TestCaseExecutor.java:298)
	at com.kms.katalon.core.main.TestCaseExecutor.accessMainPhase(TestCaseExecutor.java:290)
	at com.kms.katalon.core.main.TestCaseExecutor.execute(TestCaseExecutor.java:224)
	at com.kms.katalon.core.main.TestSuiteExecutor.accessTestCaseMainPhase(TestSuiteExecutor.java:129)
	at com.kms.katalon.core.main.TestSuiteExecutor.accessTestSuiteMainPhase(TestSuiteExecutor.java:112)
	at com.kms.katalon.core.main.TestSuiteExecutor.execute(TestSuiteExecutor.java:81)
	at com.kms.katalon.core.main.TestCaseMain.startTestSuite(TestCaseMain.java:149)
	at com.kms.katalon.core.main.TestCaseMain$startTestSuite$0.call(Unknown Source)
	at TempTestSuite1560498759207.run(TempTestSuite1560498759207.groovy:36)


2019-06-14 13:22:52 - [TEST_STEP][PASSED] - Start listener action : sampleBeforeTestCase: null

2019-06-14 13:22:52 - [TEST_STEP][PASSED] - println(testCaseContext.getTestCaseId()): null

2019-06-14 13:22:52 - [TEST_STEP][PASSED] - println(testCaseContext.getTestCaseVariables()): null

2019-06-14 13:22:52 - [TEST_STEP][PASSED] - println(" This is before test"): null

2019-06-14 13:22:52 - [TEST_STEP][PASSED] - Invoice_nbr = "INV_NBR_2": null

2019-06-14 13:22:52 - [TEST_STEP][PASSED] - queryString = select invoice_nbr,id,bill_to,invoice_sent_at,payment_due_date,total_cost from invoice where invoice_nbr='$Invoice_nbr': null

2019-06-14 13:22:52 - [TEST_STEP][PASSED] - result = com.database.DemoSQLPro.executeQuery(queryString): com.database.DemoSQLPro.executeQuery is PASSED

2019-06-14 13:22:52 - [MESSAGE][PASSED] - com.database.DemoSQLPro.executeQuery is PASSED

2019-06-14 13:22:52 - [TEST_STEP][PASSED] - while (result.next()): null

2019-06-14 13:22:52 - [TEST_STEP][PASSED] - println("invoice nbr : " + result.getString(1)): null

2019-06-14 13:22:52 - [TEST_STEP][PASSED] - println("id : " + result.getString(2)): null

2019-06-14 13:22:52 - [TEST_STEP][PASSED] - println("billTo : " + result.getString(3)): null

2019-06-14 13:22:52 - [TEST_STEP][PASSED] - println("InvoiceDate : " + result.getString(4)): null

2019-06-14 13:22:52 - [TEST_STEP][PASSED] - println("Due date : " + result.getString(5)): null

2019-06-14 13:22:52 - [TEST_STEP][PASSED] - println("Amount : " + result.getString(6)): null

2019-06-14 13:22:52 - [TEST_STEP][PASSED] - driver = getWebDriver(): null

2019-06-14 13:22:52 - [TEST_STEP][PASSED] - RowDataPrecedingInvoice_nbr = findWebElements(findTestObject("Lemoney/Invoices/Receivables/DataBaseObjects/Page_Dashboard/td_29 Mar 2019", ["Invoice_nbr":"INV_NBR_2"]), 10): Unable to find the element located by 'By.xpath: //span[(text() = 'INV_NBR_2' or . = 'INV_NBR_2')]/preceding::td'. Please recheck the objects properties to make sure the desired element is located. 

2019-06-14 13:23:03 - [MESSAGE][INFO] - Unable to find the element located by 'By.xpath: //span[(text() = 'INV_NBR_2' or . = 'INV_NBR_2')]/preceding::td'. Please recheck the objects properties to make sure the desired element is located. 

2019-06-14 13:23:03 - [TEST_STEP][ERROR] - println(get(0).getText()): println(get(0).getText()) FAILED.
Reason:
java.lang.IndexOutOfBoundsException: Index: 0
	at java_util_List$get$0.call(Unknown Source)
	at Table_invoiceListing.run(Table_invoiceListing:62)
	at com.kms.katalon.core.main.ScriptEngine.run(ScriptEngine.java:194)
	at com.kms.katalon.core.main.ScriptEngine.runScriptAsRawText(ScriptEngine.java:119)
	at com.kms.katalon.core.main.TestCaseExecutor.runScript(TestCaseExecutor.java:328)
	at com.kms.katalon.core.main.TestCaseExecutor.doExecute(TestCaseExecutor.java:319)
	at com.kms.katalon.core.main.TestCaseExecutor.processExecutionPhase(TestCaseExecutor.java:298)
	at com.kms.katalon.core.main.TestCaseExecutor.accessMainPhase(TestCaseExecutor.java:290)
	at com.kms.katalon.core.main.TestCaseExecutor.execute(TestCaseExecutor.java:224)
	at com.kms.katalon.core.main.TestSuiteExecutor.accessTestCaseMainPhase(TestSuiteExecutor.java:129)
	at com.kms.katalon.core.main.TestSuiteExecutor.accessTestSuiteMainPhase(TestSuiteExecutor.java:112)
	at com.kms.katalon.core.main.TestSuiteExecutor.execute(TestSuiteExecutor.java:81)
	at com.kms.katalon.core.main.TestCaseMain.startTestSuite(TestCaseMain.java:149)
	at com.kms.katalon.core.main.TestCaseMain$startTestSuite$0.call(Unknown Source)
	at TempTestSuite1560498759207.run(TempTestSuite1560498759207.groovy:36)


2019-06-14 13:23:03 - [MESSAGE][ERROR] - println(get(0).getText()) FAILED.
Reason:
java.lang.IndexOutOfBoundsException: Index: 0
	at java_util_List$get$0.call(Unknown Source)
	at Table_invoiceListing.run(Table_invoiceListing:62)
	at com.kms.katalon.core.main.ScriptEngine.run(ScriptEngine.java:194)
	at com.kms.katalon.core.main.ScriptEngine.runScriptAsRawText(ScriptEngine.java:119)
	at com.kms.katalon.core.main.TestCaseExecutor.runScript(TestCaseExecutor.java:328)
	at com.kms.katalon.core.main.TestCaseExecutor.doExecute(TestCaseExecutor.java:319)
	at com.kms.katalon.core.main.TestCaseExecutor.processExecutionPhase(TestCaseExecutor.java:298)
	at com.kms.katalon.core.main.TestCaseExecutor.accessMainPhase(TestCaseExecutor.java:290)
	at com.kms.katalon.core.main.TestCaseExecutor.execute(TestCaseExecutor.java:224)
	at com.kms.katalon.core.main.TestSuiteExecutor.accessTestCaseMainPhase(TestSuiteExecutor.java:129)
	at com.kms.katalon.core.main.TestSuiteExecutor.accessTestSuiteMainPhase(TestSuiteExecutor.java:112)
	at com.kms.katalon.core.main.TestSuiteExecutor.execute(TestSuiteExecutor.java:81)
	at com.kms.katalon.core.main.TestCaseMain.startTestSuite(TestCaseMain.java:149)
	at com.kms.katalon.core.main.TestCaseMain$startTestSuite$0.call(Unknown Source)
	at TempTestSuite1560498759207.run(TempTestSuite1560498759207.groovy:36)


2019-06-14 13:23:03 - [TEST_STEP][PASSED] - Start listener action : sampleAfterTestCase: null

2019-06-14 13:23:03 - [TEST_STEP][PASSED] - println(testCaseContext.getTestCaseId()): null

2019-06-14 13:23:03 - [TEST_STEP][PASSED] - println(testCaseContext.getTestCaseStatus()): null]]></system-out>
         <system-err><![CDATA[2019-06-14 13:22:52 - [TEST_CASE][ERROR] - Test Cases/Lemoney/DataBase/Table_invoiceListing: Test Cases/Lemoney/DataBase/Table_invoiceListing FAILED.
Reason:
java.lang.IndexOutOfBoundsException: Index: 0
	at java_util_List$get$0.call(Unknown Source)
	at Table_invoiceListing.run(Table_invoiceListing:62)
	at com.kms.katalon.core.main.ScriptEngine.run(ScriptEngine.java:194)
	at com.kms.katalon.core.main.ScriptEngine.runScriptAsRawText(ScriptEngine.java:119)
	at com.kms.katalon.core.main.TestCaseExecutor.runScript(TestCaseExecutor.java:328)
	at com.kms.katalon.core.main.TestCaseExecutor.doExecute(TestCaseExecutor.java:319)
	at com.kms.katalon.core.main.TestCaseExecutor.processExecutionPhase(TestCaseExecutor.java:298)
	at com.kms.katalon.core.main.TestCaseExecutor.accessMainPhase(TestCaseExecutor.java:290)
	at com.kms.katalon.core.main.TestCaseExecutor.execute(TestCaseExecutor.java:224)
	at com.kms.katalon.core.main.TestSuiteExecutor.accessTestCaseMainPhase(TestSuiteExecutor.java:129)
	at com.kms.katalon.core.main.TestSuiteExecutor.accessTestSuiteMainPhase(TestSuiteExecutor.java:112)
	at com.kms.katalon.core.main.TestSuiteExecutor.execute(TestSuiteExecutor.java:81)
	at com.kms.katalon.core.main.TestCaseMain.startTestSuite(TestCaseMain.java:149)
	at com.kms.katalon.core.main.TestCaseMain$startTestSuite$0.call(Unknown Source)
	at TempTestSuite1560498759207.run(TempTestSuite1560498759207.groovy:36)]]></system-err>
      </testcase>
      <testcase name="Test Cases/Lemoney/DataBase/CloseDBConnection" classname="Test Cases/Lemoney/DataBase/CloseDBConnection" status="PASSED">
         <system-out><![CDATA[2019-06-14 13:23:03 - [TEST_CASE][PASSED] - Test Cases/Lemoney/DataBase/CloseDBConnection: Test Cases/Lemoney/DataBase/CloseDBConnection

2019-06-14 13:23:03 - [TEST_STEP][PASSED] - Start listener action : sampleBeforeTestCase: null

2019-06-14 13:23:03 - [TEST_STEP][PASSED] - println(testCaseContext.getTestCaseId()): null

2019-06-14 13:23:03 - [TEST_STEP][PASSED] - println(testCaseContext.getTestCaseVariables()): null

2019-06-14 13:23:03 - [TEST_STEP][PASSED] - println(" This is before test"): null

2019-06-14 13:23:03 - [TEST_STEP][PASSED] - com.database.DemoSQLPro.closeDatabaseConnection(): com.database.DemoSQLPro.closeDatabaseConnection is PASSED

2019-06-14 13:23:03 - [MESSAGE][PASSED] - com.database.DemoSQLPro.closeDatabaseConnection is PASSED

2019-06-14 13:23:03 - [TEST_STEP][PASSED] - Start listener action : sampleAfterTestCase: null

2019-06-14 13:23:03 - [TEST_STEP][PASSED] - println(testCaseContext.getTestCaseId()): null

2019-06-14 13:23:03 - [TEST_STEP][PASSED] - println(testCaseContext.getTestCaseStatus()): null]]></system-out>
         <system-err><![CDATA[]]></system-err>
      </testcase>
      <testcase name="Test Cases/Lemoney/Setup and TearDown/TearDown" classname="Test Cases/Lemoney/Setup and TearDown/TearDown" status="PASSED">
         <system-out><![CDATA[2019-06-14 13:23:03 - [TEST_CASE][PASSED] - Test Cases/Lemoney/Setup and TearDown/TearDown: Test Cases/Lemoney/Setup and TearDown/TearDown

2019-06-14 13:23:03 - [TEST_STEP][PASSED] - Start listener action : sampleBeforeTestCase: null

2019-06-14 13:23:03 - [TEST_STEP][PASSED] - println(testCaseContext.getTestCaseId()): null

2019-06-14 13:23:03 - [TEST_STEP][PASSED] - println(testCaseContext.getTestCaseVariables()): null

2019-06-14 13:23:03 - [TEST_STEP][PASSED] - println(" This is before test"): null

2019-06-14 13:23:03 - [TEST_STEP][PASSED] - mouseOver(findTestObject("Lemoney/Setup/Logout/img_profileImage")): Object: 'Object Repository/Lemoney/Setup/Logout/img_profileImage' is hovered

2019-06-14 13:23:03 - [MESSAGE][PASSED] - Object: 'Object Repository/Lemoney/Setup/Logout/img_profileImage' is hovered

2019-06-14 13:23:03 - [TEST_STEP][PASSED] - click(findTestObject("Lemoney/Setup/Logout/Logout")): Object: 'Object Repository/Lemoney/Setup/Logout/Logout' is clicked on

2019-06-14 13:23:05 - [MESSAGE][PASSED] - Object: 'Object Repository/Lemoney/Setup/Logout/Logout' is clicked on

2019-06-14 13:23:05 - [TEST_STEP][PASSED] - closeBrowser(): Browser is closed

2019-06-14 13:23:05 - [MESSAGE][PASSED] - Browser is closed

2019-06-14 13:23:05 - [TEST_STEP][PASSED] - Start tear down : tearDown: Method 'tearDown' complete successfully

2019-06-14 13:23:05 - [MESSAGE][PASSED] - Method 'tearDown' complete successfully

2019-06-14 13:23:05 - [TEST_STEP][PASSED] - Start listener action : sampleAfterTestCase: null

2019-06-14 13:23:05 - [TEST_STEP][PASSED] - println(testCaseContext.getTestCaseId()): null

2019-06-14 13:23:05 - [TEST_STEP][PASSED] - println(testCaseContext.getTestCaseStatus()): null]]></system-out>
         <system-err><![CDATA[]]></system-err>
      </testcase>
      <system-out><![CDATA[2019-06-14 13:22:42 - [TEST_SUITE][ERROR] - Invoices: Test Cases/Lemoney/DataBase/Table_invoiceListing FAILED.
Reason:
java.lang.IndexOutOfBoundsException: Index: 0
	at java_util_List$get$0.call(Unknown Source)
	at Table_invoiceListing.run(Table_invoiceListing:62)
	at com.kms.katalon.core.main.ScriptEngine.run(ScriptEngine.java:194)
	at com.kms.katalon.core.main.ScriptEngine.runScriptAsRawText(ScriptEngine.java:119)
	at com.kms.katalon.core.main.TestCaseExecutor.runScript(TestCaseExecutor.java:328)
	at com.kms.katalon.core.main.TestCaseExecutor.doExecute(TestCaseExecutor.java:319)
	at com.kms.katalon.core.main.TestCaseExecutor.processExecutionPhase(TestCaseExecutor.java:298)
	at com.kms.katalon.core.main.TestCaseExecutor.accessMainPhase(TestCaseExecutor.java:290)
	at com.kms.katalon.core.main.TestCaseExecutor.execute(TestCaseExecutor.java:224)
	at com.kms.katalon.core.main.TestSuiteExecutor.accessTestCaseMainPhase(TestSuiteExecutor.java:129)
	at com.kms.katalon.core.main.TestSuiteExecutor.accessTestSuiteMainPhase(TestSuiteExecutor.java:112)
	at com.kms.katalon.core.main.TestSuiteExecutor.execute(TestSuiteExecutor.java:81)
	at com.kms.katalon.core.main.TestCaseMain.startTestSuite(TestCaseMain.java:149)
	at com.kms.katalon.core.main.TestCaseMain$startTestSuite$0.call(Unknown Source)
	at TempTestSuite1560498759207.run(TempTestSuite1560498759207.groovy:36)]]></system-out>
      <system-err><![CDATA[2019-06-14 13:22:42 - [TEST_SUITE][ERROR] - Invoices: Test Cases/Lemoney/DataBase/Table_invoiceListing FAILED.
Reason:
java.lang.IndexOutOfBoundsException: Index: 0
	at java_util_List$get$0.call(Unknown Source)
	at Table_invoiceListing.run(Table_invoiceListing:62)
	at com.kms.katalon.core.main.ScriptEngine.run(ScriptEngine.java:194)
	at com.kms.katalon.core.main.ScriptEngine.runScriptAsRawText(ScriptEngine.java:119)
	at com.kms.katalon.core.main.TestCaseExecutor.runScript(TestCaseExecutor.java:328)
	at com.kms.katalon.core.main.TestCaseExecutor.doExecute(TestCaseExecutor.java:319)
	at com.kms.katalon.core.main.TestCaseExecutor.processExecutionPhase(TestCaseExecutor.java:298)
	at com.kms.katalon.core.main.TestCaseExecutor.accessMainPhase(TestCaseExecutor.java:290)
	at com.kms.katalon.core.main.TestCaseExecutor.execute(TestCaseExecutor.java:224)
	at com.kms.katalon.core.main.TestSuiteExecutor.accessTestCaseMainPhase(TestSuiteExecutor.java:129)
	at com.kms.katalon.core.main.TestSuiteExecutor.accessTestSuiteMainPhase(TestSuiteExecutor.java:112)
	at com.kms.katalon.core.main.TestSuiteExecutor.execute(TestSuiteExecutor.java:81)
	at com.kms.katalon.core.main.TestCaseMain.startTestSuite(TestCaseMain.java:149)
	at com.kms.katalon.core.main.TestCaseMain$startTestSuite$0.call(Unknown Source)
	at TempTestSuite1560498759207.run(TempTestSuite1560498759207.groovy:36)]]></system-err>
   </testsuite>
</testsuites>
