<?xml version="1.0" encoding="UTF-8"?>
<testsuites name="Invoices" time="24" tests="5" failures="1" errors="0">
   <testsuite name="Invoices" tests="5" failures="1" errors="0" time="24" timestamp="2019-06-17 12:58:04" hostname="nivedita - 192.168.0.12" id="Test Suites/Lemoney/Invoices">
      <properties>
         <property name="deviceName" value=""/>
         <property name="devicePlatform" value=""/>
         <property name="logFolder" value="/Users/nivedita/git/KatalonFirstUIProject/Reports/Lemoney/Invoices/20190617_125731"/>
         <property name="logFiles" value="/Users/nivedita/git/KatalonFirstUIProject/Reports/Lemoney/Invoices/20190617_125731/execution0.log"/>
         <property name="attachments" value=""/>
         <property name="hostName" value="nivedita - 192.168.0.12"/>
         <property name="os" value="Mac OS X 64bit"/>
         <property name="katalonVersion" value="5.10.1.1"/>
         <property name="browser" value="Chrome 74.0.3729.169"/>
         <property name="hostAddress" value="192.168.0.12"/>
         <property name="sessionId" value="911bfd59013cbaf9c476cb9748652d96"/>
         <property name="seleniumVersion" value="3.7.1"/>
         <property name="proxyInformation" value="ProxyInformation{proxyOption=NO_PROXY, proxyServerType=HTTP, password=, proxyServerAddress=, proxyServerPort=0}"/>
         <property name="platform" value="Mac OS X"/>
      </properties>
      <testcase name="Test Cases/Lemoney/Setup and TearDown/Setup" classname="Test Cases/Lemoney/Setup and TearDown/Setup" status="PASSED">
         <system-out><![CDATA[2019-06-17 12:58:05 - [TEST_CASE][PASSED] - Test Cases/Lemoney/Setup and TearDown/Setup: Test Cases/Lemoney/Setup and TearDown/Setup

2019-06-17 12:58:05 - [TEST_STEP][PASSED] - Start listener action : sampleBeforeTestCase: null

2019-06-17 12:58:05 - [TEST_STEP][PASSED] - println(testCaseContext.getTestCaseId()): null

2019-06-17 12:58:05 - [TEST_STEP][PASSED] - println(testCaseContext.getTestCaseVariables()): null

2019-06-17 12:58:05 - [TEST_STEP][PASSED] - println(" This is before test"): null

2019-06-17 12:58:05 - [TEST_STEP][PASSED] - Start setup action : setUp: Method 'setUp' complete successfully

2019-06-17 12:58:05 - [TEST_STEP][PASSED] - openBrowser(""): Browser is opened with url: ''

2019-06-17 12:58:06 - [MESSAGE][INFO] - Starting 'Chrome' driver

2019-06-17 12:58:06 - [MESSAGE][INFO] - Action delay is set to 0 seconds

2019-06-17 12:58:09 - [MESSAGE][PASSED] - Browser is opened with url: ''

2019-06-17 12:58:09 - [TEST_STEP][PASSED] - navigateToUrl("http://13.235.96.224:5100/"): Navigate to 'http://13.235.96.224:5100/' successfully

2019-06-17 12:58:11 - [MESSAGE][PASSED] - Navigate to 'http://13.235.96.224:5100/' successfully

2019-06-17 12:58:11 - [TEST_STEP][PASSED] - verifyElementPresent(findTestObject("Lemoney/Setup/Login/img_Lemoney_logo"), 10): Object 'Object Repository/Lemoney/Setup/Login/img_Lemoney_logo' is present

2019-06-17 12:58:11 - [MESSAGE][PASSED] - Object 'Object Repository/Lemoney/Setup/Login/img_Lemoney_logo' is present

2019-06-17 12:58:11 - [TEST_STEP][PASSED] - verifyElementPresent(findTestObject("Lemoney/Setup/Login/Title_Lemoney"), 10): Object 'Object Repository/Lemoney/Setup/Login/Title_Lemoney' is present

2019-06-17 12:58:11 - [MESSAGE][PASSED] - Object 'Object Repository/Lemoney/Setup/Login/Title_Lemoney' is present

2019-06-17 12:58:11 - [TEST_STEP][PASSED] - verifyElementPresent(findTestObject("Lemoney/Setup/Login/Title_Making Banking Useful"), 10): Object 'Object Repository/Lemoney/Setup/Login/Title_Making Banking Useful' is present

2019-06-17 12:58:11 - [MESSAGE][PASSED] - Object 'Object Repository/Lemoney/Setup/Login/Title_Making Banking Useful' is present

2019-06-17 12:58:11 - [TEST_STEP][PASSED] - verifyElementPresent(findTestObject("Lemoney/Setup/Login/div_Enter Username  Password"), 10): Object 'Object Repository/Lemoney/Setup/Login/div_Enter Username  Password' is present

2019-06-17 12:58:11 - [MESSAGE][PASSED] - Object 'Object Repository/Lemoney/Setup/Login/div_Enter Username  Password' is present

2019-06-17 12:58:11 - [TEST_STEP][PASSED] - setText(findTestObject("Lemoney/Setup/Login/input_EnterUserName"), "owner@lemoney.com"): Text 'owner@lemoney.com' is set on object 'Object Repository/Lemoney/Setup/Login/input_EnterUserName'

2019-06-17 12:58:12 - [MESSAGE][PASSED] - Text 'owner@lemoney.com' is set on object 'Object Repository/Lemoney/Setup/Login/input_EnterUserName'

2019-06-17 12:58:12 - [TEST_STEP][PASSED] - setText(findTestObject("Lemoney/Setup/Login/input_EnterPassword"), "123456"): Text '123456' is set on object 'Object Repository/Lemoney/Setup/Login/input_EnterPassword'

2019-06-17 12:58:12 - [MESSAGE][PASSED] - Text '123456' is set on object 'Object Repository/Lemoney/Setup/Login/input_EnterPassword'

2019-06-17 12:58:12 - [TEST_STEP][PASSED] - click(findTestObject("Lemoney/Setup/Login/button_Login")): Object: 'Object Repository/Lemoney/Setup/Login/button_Login' is clicked on

2019-06-17 12:58:13 - [MESSAGE][PASSED] - Object: 'Object Repository/Lemoney/Setup/Login/button_Login' is clicked on

2019-06-17 12:58:13 - [MESSAGE][PASSED] - Method 'setUp' complete successfully

2019-06-17 12:58:13 - [TEST_STEP][PASSED] - waitForElementPresent(findTestObject("Lemoney/Setup/Logout/img_profileImage"), 10): Object 'Object Repository/Lemoney/Setup/Logout/img_profileImage' is present

2019-06-17 12:58:13 - [MESSAGE][PASSED] - Object 'Object Repository/Lemoney/Setup/Logout/img_profileImage' is present

2019-06-17 12:58:13 - [TEST_STEP][PASSED] - Start listener action : sampleAfterTestCase: null

2019-06-17 12:58:13 - [TEST_STEP][PASSED] - println(testCaseContext.getTestCaseId()): null

2019-06-17 12:58:13 - [TEST_STEP][PASSED] - println(testCaseContext.getTestCaseStatus()): null]]></system-out>
         <system-err><![CDATA[]]></system-err>
      </testcase>
      <testcase name="Test Cases/Lemoney/DataBase/DatabaseConnection" classname="Test Cases/Lemoney/DataBase/DatabaseConnection" status="PASSED">
         <system-out><![CDATA[2019-06-17 12:58:13 - [TEST_CASE][PASSED] - Test Cases/Lemoney/DataBase/DatabaseConnection: Test Cases/Lemoney/DataBase/DatabaseConnection

2019-06-17 12:58:13 - [TEST_STEP][PASSED] - Start listener action : sampleBeforeTestCase: null

2019-06-17 12:58:13 - [TEST_STEP][PASSED] - println(testCaseContext.getTestCaseId()): null

2019-06-17 12:58:13 - [TEST_STEP][PASSED] - println(testCaseContext.getTestCaseVariables()): null

2019-06-17 12:58:13 - [TEST_STEP][PASSED] - println(" This is before test"): null

2019-06-17 12:58:14 - [TEST_STEP][PASSED] - url = "apiserver.cw1p29kfimzt.ap-south-1.rds.amazonaws.com": null

2019-06-17 12:58:14 - [TEST_STEP][PASSED] - dbname = "apiserver": null

2019-06-17 12:58:14 - [TEST_STEP][PASSED] - port = "5432": null

2019-06-17 12:58:14 - [TEST_STEP][PASSED] - userName = "apiserver": null

2019-06-17 12:58:14 - [TEST_STEP][PASSED] - passWord = "api-server-db-pwd": null

2019-06-17 12:58:14 - [TEST_STEP][PASSED] - com.database.DemoSQLPro.connectDB(url, dbname, port, userName, passWord): com.database.DemoSQLPro.connectDB is PASSED

2019-06-17 12:58:14 - [MESSAGE][PASSED] - com.database.DemoSQLPro.connectDB is PASSED

2019-06-17 12:58:14 - [TEST_STEP][PASSED] - Start listener action : sampleAfterTestCase: null

2019-06-17 12:58:14 - [TEST_STEP][PASSED] - println(testCaseContext.getTestCaseId()): null

2019-06-17 12:58:14 - [TEST_STEP][PASSED] - println(testCaseContext.getTestCaseStatus()): null]]></system-out>
         <system-err><![CDATA[]]></system-err>
      </testcase>
      <testcase name="Test Cases/Lemoney/DataBase/Table_invoiceListing" classname="Test Cases/Lemoney/DataBase/Table_invoiceListing" status="PASSED">
         <system-out><![CDATA[2019-06-17 12:58:14 - [TEST_CASE][PASSED] - Test Cases/Lemoney/DataBase/Table_invoiceListing: Test Cases/Lemoney/DataBase/Table_invoiceListing

2019-06-17 12:58:14 - [TEST_STEP][PASSED] - Start listener action : sampleBeforeTestCase: null

2019-06-17 12:58:14 - [TEST_STEP][PASSED] - println(testCaseContext.getTestCaseId()): null

2019-06-17 12:58:14 - [TEST_STEP][PASSED] - println(testCaseContext.getTestCaseVariables()): null

2019-06-17 12:58:14 - [TEST_STEP][PASSED] - println(" This is before test"): null

2019-06-17 12:58:15 - [TEST_STEP][PASSED] - Invoice_nbr = "INV_NBR_2": null

2019-06-17 12:58:15 - [TEST_STEP][PASSED] - queryString = select invoice_nbr,id,bill_to,invoice_sent_at,payment_due_date,total_cost from invoice where invoice_nbr='$Invoice_nbr': null

2019-06-17 12:58:15 - [TEST_STEP][PASSED] - result = com.database.DemoSQLPro.executeQuery(queryString): com.database.DemoSQLPro.executeQuery is PASSED

2019-06-17 12:58:15 - [MESSAGE][PASSED] - com.database.DemoSQLPro.executeQuery is PASSED

2019-06-17 12:58:15 - [TEST_STEP][PASSED] - while (result.next()): null

2019-06-17 12:58:15 - [TEST_STEP][PASSED] - println("invoice nbr : " + result.getString(1)): null

2019-06-17 12:58:15 - [TEST_STEP][PASSED] - println("id : " + result.getString(2)): null

2019-06-17 12:58:15 - [TEST_STEP][PASSED] - println("billTo : " + result.getString(3)): null

2019-06-17 12:58:15 - [TEST_STEP][PASSED] - println("InvoiceDate : " + result.getString(4)): null

2019-06-17 12:58:15 - [TEST_STEP][PASSED] - println("Due date : " + result.getString(5)): null

2019-06-17 12:58:15 - [TEST_STEP][PASSED] - println("Amount : " + result.getString(6)): null

2019-06-17 12:58:15 - [TEST_STEP][PASSED] - driver = getWebDriver(): null

2019-06-17 12:58:15 - [TEST_STEP][PASSED] - RowDataPrecedingInvoice_nbr = driver.findElements(By.xpath(//span[(text() = '$Invoice_nbr' or . = '$Invoice_nbr')]/preceding::td[count(. | //td) = count(//td)])): null

2019-06-17 12:58:15 - [TEST_STEP][PASSED] - println(get(0).getText()): null

2019-06-17 12:58:15 - [TEST_STEP][PASSED] - RowDatafollowingInvoice_nbr = driver.findElements(By.xpath(//span[(text() = '$Invoice_nbr' or . = '$Invoice_nbr')]/following::td[count(. | //td) = count(//td)])): null

2019-06-17 12:58:15 - [TEST_STEP][PASSED] - println("Size is : " + RowDatafollowingInvoice_nbr.size()): null

2019-06-17 12:58:15 - [TEST_STEP][PASSED] - println(" Due Date is : " + get(0).getText()): null

2019-06-17 12:58:15 - [TEST_STEP][PASSED] - println(" Status is : " + get(1).getText()): null

2019-06-17 12:58:15 - [TEST_STEP][PASSED] - println(" Amount Due is : " + get(2).getText()): null

2019-06-17 12:58:15 - [TEST_STEP][PASSED] - println(" Button is : " + get(3).getText()): null

2019-06-17 12:58:15 - [TEST_STEP][PASSED] - RowsinTable = findWebElements(findTestObject("Object Repository/Lemoney/Invoices/Receivables/tableRows_InvoiceDate"), 10): null

2019-06-17 12:58:15 - [TEST_STEP][PASSED] - RowsinTable.size(): null

2019-06-17 12:58:15 - [TEST_STEP][PASSED] - j = 0: null

2019-06-17 12:58:15 - [TEST_STEP][PASSED] - for ([i = 0, i < RowsinTable.size(), (i++)]): null

2019-06-17 12:58:15 - [TEST_STEP][PASSED] - println(" Due Date is : " + get(j).getText()): null

2019-06-17 12:58:15 - [TEST_STEP][PASSED] - println(" Status is : " + get(j + 1).getText()): null

2019-06-17 12:58:15 - [TEST_STEP][PASSED] - println(" Amount Due is : " + get(j + 2).getText()): null

2019-06-17 12:58:15 - [TEST_STEP][PASSED] - println(" Button is : " + get(j + 3).getText()): null

2019-06-17 12:58:15 - [TEST_STEP][PASSED] - j = j + 5: null

2019-06-17 12:58:15 - [TEST_STEP][PASSED] - println(" Due Date is : " + get(j).getText()): null

2019-06-17 12:58:15 - [TEST_STEP][PASSED] - println(" Status is : " + get(j + 1).getText()): null

2019-06-17 12:58:16 - [TEST_STEP][PASSED] - println(" Amount Due is : " + get(j + 2).getText()): null

2019-06-17 12:58:16 - [TEST_STEP][PASSED] - println(" Button is : " + get(j + 3).getText()): null

2019-06-17 12:58:16 - [TEST_STEP][PASSED] - j = j + 5: null

2019-06-17 12:58:16 - [TEST_STEP][PASSED] - println(" Due Date is : " + get(j).getText()): null

2019-06-17 12:58:16 - [TEST_STEP][PASSED] - println(" Status is : " + get(j + 1).getText()): null

2019-06-17 12:58:16 - [TEST_STEP][PASSED] - println(" Amount Due is : " + get(j + 2).getText()): null

2019-06-17 12:58:16 - [TEST_STEP][PASSED] - println(" Button is : " + get(j + 3).getText()): null

2019-06-17 12:58:16 - [TEST_STEP][PASSED] - j = j + 5: null

2019-06-17 12:58:16 - [TEST_STEP][PASSED] - Start listener action : sampleAfterTestCase: null

2019-06-17 12:58:16 - [TEST_STEP][PASSED] - println(testCaseContext.getTestCaseId()): null

2019-06-17 12:58:16 - [TEST_STEP][PASSED] - println(testCaseContext.getTestCaseStatus()): null]]></system-out>
         <system-err><![CDATA[]]></system-err>
      </testcase>
      <testcase name="Test Cases/Lemoney/Invoices/Receivables" classname="Test Cases/Lemoney/Invoices/Receivables" status="FAILED">
         <failure type="FAILED" message="Test Cases/Lemoney/Invoices/Receivables FAILED.
Reason:
com.kms.katalon.core.exception.StepFailedException: 'Step failed with error: 'Missing Invoice date or Company Name
	at com.kms.katalon.core.util.KeywordUtil.markFailed(KeywordUtil.java:18)
	at com.kms.katalon.core.util.KeywordUtil$markFailed.call(Unknown Source)
	at Receivables.run(Receivables:65)
	at com.kms.katalon.core.main.ScriptEngine.run(ScriptEngine.java:194)
	at com.kms.katalon.core.main.ScriptEngine.runScriptAsRawText(ScriptEngine.java:119)
	at com.kms.katalon.core.main.TestCaseExecutor.runScript(TestCaseExecutor.java:328)
	at com.kms.katalon.core.main.TestCaseExecutor.doExecute(TestCaseExecutor.java:319)
	at com.kms.katalon.core.main.TestCaseExecutor.processExecutionPhase(TestCaseExecutor.java:298)
	at com.kms.katalon.core.main.TestCaseExecutor.accessMainPhase(TestCaseExecutor.java:290)
	at com.kms.katalon.core.main.TestCaseExecutor.execute(TestCaseExecutor.java:224)
	at com.kms.katalon.core.main.TestSuiteExecutor.accessTestCaseMainPhase(TestSuiteExecutor.java:129)
	at com.kms.katalon.core.main.TestSuiteExecutor.accessTestSuiteMainPhase(TestSuiteExecutor.java:112)
	at com.kms.katalon.core.main.TestSuiteExecutor.execute(TestSuiteExecutor.java:81)
	at com.kms.katalon.core.main.TestCaseMain.startTestSuite(TestCaseMain.java:149)
	at com.kms.katalon.core.main.TestCaseMain$startTestSuite$0.call(Unknown Source)
	at TempTestSuite1560756481320.run(TempTestSuite1560756481320.groovy:36)
"/>
         <system-out><![CDATA[2019-06-17 12:58:16 - [TEST_CASE][FAILED] - Test Cases/Lemoney/Invoices/Receivables: Test Cases/Lemoney/Invoices/Receivables FAILED.
Reason:
com.kms.katalon.core.exception.StepFailedException: 'Step failed with error: 'Missing Invoice date or Company Name
	at com.kms.katalon.core.util.KeywordUtil.markFailed(KeywordUtil.java:18)
	at com.kms.katalon.core.util.KeywordUtil$markFailed.call(Unknown Source)
	at Receivables.run(Receivables:65)
	at com.kms.katalon.core.main.ScriptEngine.run(ScriptEngine.java:194)
	at com.kms.katalon.core.main.ScriptEngine.runScriptAsRawText(ScriptEngine.java:119)
	at com.kms.katalon.core.main.TestCaseExecutor.runScript(TestCaseExecutor.java:328)
	at com.kms.katalon.core.main.TestCaseExecutor.doExecute(TestCaseExecutor.java:319)
	at com.kms.katalon.core.main.TestCaseExecutor.processExecutionPhase(TestCaseExecutor.java:298)
	at com.kms.katalon.core.main.TestCaseExecutor.accessMainPhase(TestCaseExecutor.java:290)
	at com.kms.katalon.core.main.TestCaseExecutor.execute(TestCaseExecutor.java:224)
	at com.kms.katalon.core.main.TestSuiteExecutor.accessTestCaseMainPhase(TestSuiteExecutor.java:129)
	at com.kms.katalon.core.main.TestSuiteExecutor.accessTestSuiteMainPhase(TestSuiteExecutor.java:112)
	at com.kms.katalon.core.main.TestSuiteExecutor.execute(TestSuiteExecutor.java:81)
	at com.kms.katalon.core.main.TestCaseMain.startTestSuite(TestCaseMain.java:149)
	at com.kms.katalon.core.main.TestCaseMain$startTestSuite$0.call(Unknown Source)
	at TempTestSuite1560756481320.run(TempTestSuite1560756481320.groovy:36)


2019-06-17 12:58:16 - [TEST_STEP][PASSED] - Start listener action : sampleBeforeTestCase: null

2019-06-17 12:58:16 - [TEST_STEP][PASSED] - println(testCaseContext.getTestCaseId()): null

2019-06-17 12:58:16 - [TEST_STEP][PASSED] - println(testCaseContext.getTestCaseVariables()): null

2019-06-17 12:58:16 - [TEST_STEP][PASSED] - println(" This is before test"): null

2019-06-17 12:58:16 - [TEST_STEP][PASSED] - listInvoiceHeaders = findWebElements(findTestObject("Object Repository/Lemoney/Invoices/Receivables/tableHeaders_Invoices"), 10): null

2019-06-17 12:58:16 - [TEST_STEP][PASSED] - getText().equalsIgnoreCase("Invoice Date"): null

2019-06-17 12:58:16 - [TEST_STEP][PASSED] - getText().equalsIgnoreCase("Particulars"): null

2019-06-17 12:58:16 - [TEST_STEP][PASSED] - getText().equalsIgnoreCase("Due Date"): null

2019-06-17 12:58:16 - [TEST_STEP][PASSED] - getText().equalsIgnoreCase("Status"): null

2019-06-17 12:58:16 - [TEST_STEP][PASSED] - getText().equalsIgnoreCase("Amount Due"): null

2019-06-17 12:58:16 - [TEST_STEP][PASSED] - listInvoiceDate = findWebElements(findTestObject("Object Repository/Lemoney/Invoices/Receivables/tableRows_InvoiceDate"), 10): null

2019-06-17 12:58:16 - [TEST_STEP][PASSED] - for ([i = 0, i < listInvoiceDate.size(), (i++)]): null

2019-06-17 12:58:16 - [TEST_STEP][PASSED] - println(get(i).getText()): null

2019-06-17 12:58:16 - [TEST_STEP][PASSED] - if (getText().equalsIgnoreCase(" ") || getText().equalsIgnoreCase(null)): null

2019-06-17 12:58:16 - [TEST_STEP][PASSED] - println(get(i).getText()): null

2019-06-17 12:58:16 - [TEST_STEP][PASSED] - if (getText().equalsIgnoreCase(" ") || getText().equalsIgnoreCase(null)): null

2019-06-17 12:58:16 - [TEST_STEP][PASSED] - println(get(i).getText()): null

2019-06-17 12:58:16 - [TEST_STEP][PASSED] - if (getText().equalsIgnoreCase(" ") || getText().equalsIgnoreCase(null)): null

2019-06-17 12:58:16 - [TEST_STEP][PASSED] - listParticularsCompanyName = findWebElements(findTestObject("Object Repository/Lemoney/Invoices/Receivables/tableRows_ParticularsCompanyName"), 10): Unable to find the element located by 'By.xpath: //tbody[@class='ant-table-tbody']/tr/td/a/div/span'. Please recheck the objects properties to make sure the desired element is located. 

2019-06-17 12:58:27 - [MESSAGE][INFO] - Unable to find the element located by 'By.xpath: //tbody[@class='ant-table-tbody']/tr/td/a/div/span'. Please recheck the objects properties to make sure the desired element is located. 

2019-06-17 12:58:27 - [TEST_STEP][PASSED] - if (listInvoiceDate.size() != listParticularsCompanyName.size()): null

2019-06-17 12:58:27 - [TEST_STEP][PASSED] - markFailed("'Step failed with error: 'Missing Invoice date or Company Name"): null

2019-06-17 12:58:27 - [TEST_STEP][PASSED] - for ([i = 0, i < listParticularsCompanyName.size(), (i++)]): null

2019-06-17 12:58:27 - [TEST_STEP][PASSED] - listParticularsInvoiceID = findWebElements(findTestObject("Object Repository/Lemoney/Invoices/Receivables/tableRows_ParticularInvoiceId"), 10): null

2019-06-17 12:58:27 - [TEST_STEP][PASSED] - if (listInvoiceDate.size() != listParticularsInvoiceID.size()): null

2019-06-17 12:58:27 - [TEST_STEP][PASSED] - for ([i = 0, i < listParticularsInvoiceID.size(), (i++)]): null

2019-06-17 12:58:27 - [TEST_STEP][PASSED] - println(get(i).getText()): null

2019-06-17 12:58:27 - [TEST_STEP][PASSED] - if (getText().equalsIgnoreCase(" ") || getText().equalsIgnoreCase(null)): null

2019-06-17 12:58:27 - [TEST_STEP][PASSED] - getText().matches("DC-INu-"): null

2019-06-17 12:58:27 - [TEST_STEP][PASSED] - println(get(i).getText()): null

2019-06-17 12:58:27 - [TEST_STEP][PASSED] - if (getText().equalsIgnoreCase(" ") || getText().equalsIgnoreCase(null)): null

2019-06-17 12:58:27 - [TEST_STEP][PASSED] - getText().matches("DC-INu-"): null

2019-06-17 12:58:27 - [TEST_STEP][PASSED] - println(get(i).getText()): null

2019-06-17 12:58:27 - [TEST_STEP][PASSED] - if (getText().equalsIgnoreCase(" ") || getText().equalsIgnoreCase(null)): null

2019-06-17 12:58:27 - [TEST_STEP][PASSED] - getText().matches("DC-INu-"): null

2019-06-17 12:58:27 - [TEST_STEP][PASSED] - listDueDate = findWebElements(findTestObject("Object Repository/Lemoney/Invoices/Receivables/tableRows_DueDate"), 10): null

2019-06-17 12:58:27 - [TEST_STEP][PASSED] - if (listInvoiceDate.size() != listDueDate.size()): null

2019-06-17 12:58:27 - [TEST_STEP][PASSED] - for ([i = 0, i < listDueDate.size(), (i++)]): null

2019-06-17 12:58:27 - [TEST_STEP][PASSED] - println(get(i).getText()): null

2019-06-17 12:58:27 - [TEST_STEP][PASSED] - if (getText().equalsIgnoreCase(" ") || getText().equalsIgnoreCase(null)): null

2019-06-17 12:58:27 - [TEST_STEP][PASSED] - if (!(get(i).getText() >= get(i).getText())): null

2019-06-17 12:58:27 - [TEST_STEP][PASSED] - markFailed("'Step failed with error: 'Due Date can not be before Invoice Date"): null

2019-06-17 12:58:27 - [TEST_STEP][PASSED] - println(get(i).getText()): null

2019-06-17 12:58:27 - [TEST_STEP][PASSED] - if (getText().equalsIgnoreCase(" ") || getText().equalsIgnoreCase(null)): null

2019-06-17 12:58:27 - [TEST_STEP][PASSED] - if (!(get(i).getText() >= get(i).getText())): null

2019-06-17 12:58:27 - [TEST_STEP][PASSED] - println(get(i).getText()): null

2019-06-17 12:58:27 - [TEST_STEP][PASSED] - if (getText().equalsIgnoreCase(" ") || getText().equalsIgnoreCase(null)): null

2019-06-17 12:58:27 - [TEST_STEP][PASSED] - if (!(get(i).getText() >= get(i).getText())): null

2019-06-17 12:58:27 - [TEST_STEP][PASSED] - listStatus = findWebElements(findTestObject("Object Repository/Lemoney/Invoices/Receivables/tableRows_Status"), 10): null

2019-06-17 12:58:27 - [TEST_STEP][PASSED] - if (listInvoiceDate.size() != listStatus.size()): null

2019-06-17 12:58:27 - [TEST_STEP][PASSED] - markFailed("'Step failed with error: 'Missing Invoice date or Status"): null

2019-06-17 12:58:27 - [TEST_STEP][PASSED] - for ([i = 0, i < listStatus.size(), (i++)]): null

2019-06-17 12:58:27 - [TEST_STEP][PASSED] - println(get(i).getText()): null

2019-06-17 12:58:27 - [TEST_STEP][PASSED] - if (getText().equalsIgnoreCase(" ") || getText().equalsIgnoreCase(null)): null

2019-06-17 12:58:27 - [TEST_STEP][PASSED] - listAmountDueCurrType = findWebElements(findTestObject("Object Repository/Lemoney/Invoices/Receivables/tableRows_AmountDueCurrencyType"), 10): null

2019-06-17 12:58:27 - [TEST_STEP][PASSED] - for ([i = 0, i < listAmountDueCurrType.size(), (i++)]): null

2019-06-17 12:58:27 - [TEST_STEP][PASSED] - println(get(i).getText()): null

2019-06-17 12:58:27 - [TEST_STEP][PASSED] - if (getText().equalsIgnoreCase(" ") || getText().equalsIgnoreCase(null)): null

2019-06-17 12:58:27 - [TEST_STEP][PASSED] - println(get(i).getText()): null

2019-06-17 12:58:27 - [TEST_STEP][PASSED] - if (getText().equalsIgnoreCase(" ") || getText().equalsIgnoreCase(null)): null

2019-06-17 12:58:27 - [TEST_STEP][PASSED] - println(get(i).getText()): null

2019-06-17 12:58:27 - [TEST_STEP][PASSED] - if (getText().equalsIgnoreCase(" ") || getText().equalsIgnoreCase(null)): null

2019-06-17 12:58:27 - [TEST_STEP][PASSED] - listAmountDue = findWebElements(findTestObject("Object Repository/Lemoney/Invoices/Receivables/tableRows_AmountDue"), 10): null

2019-06-17 12:58:28 - [TEST_STEP][FAILED] - for ([i = 0, i < listAmountDue.size(), (i++)]): for ([i = 0, i < listAmountDue.size(), (i++)]) FAILED.
Reason:
com.kms.katalon.core.exception.StepFailedException: 'Step failed with error: 'Missing Invoice date or Company Name
	at com.kms.katalon.core.util.KeywordUtil.markFailed(KeywordUtil.java:18)
	at com.kms.katalon.core.util.KeywordUtil$markFailed.call(Unknown Source)
	at Receivables.run(Receivables:65)
	at com.kms.katalon.core.main.ScriptEngine.run(ScriptEngine.java:194)
	at com.kms.katalon.core.main.ScriptEngine.runScriptAsRawText(ScriptEngine.java:119)
	at com.kms.katalon.core.main.TestCaseExecutor.runScript(TestCaseExecutor.java:328)
	at com.kms.katalon.core.main.TestCaseExecutor.doExecute(TestCaseExecutor.java:319)
	at com.kms.katalon.core.main.TestCaseExecutor.processExecutionPhase(TestCaseExecutor.java:298)
	at com.kms.katalon.core.main.TestCaseExecutor.accessMainPhase(TestCaseExecutor.java:290)
	at com.kms.katalon.core.main.TestCaseExecutor.execute(TestCaseExecutor.java:224)
	at com.kms.katalon.core.main.TestSuiteExecutor.accessTestCaseMainPhase(TestSuiteExecutor.java:129)
	at com.kms.katalon.core.main.TestSuiteExecutor.accessTestSuiteMainPhase(TestSuiteExecutor.java:112)
	at com.kms.katalon.core.main.TestSuiteExecutor.execute(TestSuiteExecutor.java:81)
	at com.kms.katalon.core.main.TestCaseMain.startTestSuite(TestCaseMain.java:149)
	at com.kms.katalon.core.main.TestCaseMain$startTestSuite$0.call(Unknown Source)
	at TempTestSuite1560756481320.run(TempTestSuite1560756481320.groovy:36)


2019-06-17 12:58:28 - [TEST_STEP][PASSED] - println(get(i).getText()): null

2019-06-17 12:58:28 - [TEST_STEP][PASSED] - if (getText().equalsIgnoreCase(" ") || getText().equalsIgnoreCase(null)): null

2019-06-17 12:58:28 - [TEST_STEP][PASSED] - println(get(i).getText()): null

2019-06-17 12:58:28 - [TEST_STEP][PASSED] - if (getText().equalsIgnoreCase(" ") || getText().equalsIgnoreCase(null)): null

2019-06-17 12:58:28 - [TEST_STEP][PASSED] - println(get(i).getText()): null

2019-06-17 12:58:28 - [TEST_STEP][FAILED] - if (getText().equalsIgnoreCase(" ") || getText().equalsIgnoreCase(null)): for ([i = 0, i < listAmountDue.size(), (i++)]) FAILED.
Reason:
com.kms.katalon.core.exception.StepFailedException: 'Step failed with error: 'Missing Invoice date or Company Name
	at com.kms.katalon.core.util.KeywordUtil.markFailed(KeywordUtil.java:18)
	at com.kms.katalon.core.util.KeywordUtil$markFailed.call(Unknown Source)
	at Receivables.run(Receivables:65)
	at com.kms.katalon.core.main.ScriptEngine.run(ScriptEngine.java:194)
	at com.kms.katalon.core.main.ScriptEngine.runScriptAsRawText(ScriptEngine.java:119)
	at com.kms.katalon.core.main.TestCaseExecutor.runScript(TestCaseExecutor.java:328)
	at com.kms.katalon.core.main.TestCaseExecutor.doExecute(TestCaseExecutor.java:319)
	at com.kms.katalon.core.main.TestCaseExecutor.processExecutionPhase(TestCaseExecutor.java:298)
	at com.kms.katalon.core.main.TestCaseExecutor.accessMainPhase(TestCaseExecutor.java:290)
	at com.kms.katalon.core.main.TestCaseExecutor.execute(TestCaseExecutor.java:224)
	at com.kms.katalon.core.main.TestSuiteExecutor.accessTestCaseMainPhase(TestSuiteExecutor.java:129)
	at com.kms.katalon.core.main.TestSuiteExecutor.accessTestSuiteMainPhase(TestSuiteExecutor.java:112)
	at com.kms.katalon.core.main.TestSuiteExecutor.execute(TestSuiteExecutor.java:81)
	at com.kms.katalon.core.main.TestCaseMain.startTestSuite(TestCaseMain.java:149)
	at com.kms.katalon.core.main.TestCaseMain$startTestSuite$0.call(Unknown Source)
	at TempTestSuite1560756481320.run(TempTestSuite1560756481320.groovy:36)


2019-06-17 12:58:28 - [MESSAGE][FAILED] - for ([i = 0, i < listAmountDue.size(), (i++)]) FAILED.
Reason:
com.kms.katalon.core.exception.StepFailedException: 'Step failed with error: 'Missing Invoice date or Company Name
	at com.kms.katalon.core.util.KeywordUtil.markFailed(KeywordUtil.java:18)
	at com.kms.katalon.core.util.KeywordUtil$markFailed.call(Unknown Source)
	at Receivables.run(Receivables:65)
	at com.kms.katalon.core.main.ScriptEngine.run(ScriptEngine.java:194)
	at com.kms.katalon.core.main.ScriptEngine.runScriptAsRawText(ScriptEngine.java:119)
	at com.kms.katalon.core.main.TestCaseExecutor.runScript(TestCaseExecutor.java:328)
	at com.kms.katalon.core.main.TestCaseExecutor.doExecute(TestCaseExecutor.java:319)
	at com.kms.katalon.core.main.TestCaseExecutor.processExecutionPhase(TestCaseExecutor.java:298)
	at com.kms.katalon.core.main.TestCaseExecutor.accessMainPhase(TestCaseExecutor.java:290)
	at com.kms.katalon.core.main.TestCaseExecutor.execute(TestCaseExecutor.java:224)
	at com.kms.katalon.core.main.TestSuiteExecutor.accessTestCaseMainPhase(TestSuiteExecutor.java:129)
	at com.kms.katalon.core.main.TestSuiteExecutor.accessTestSuiteMainPhase(TestSuiteExecutor.java:112)
	at com.kms.katalon.core.main.TestSuiteExecutor.execute(TestSuiteExecutor.java:81)
	at com.kms.katalon.core.main.TestCaseMain.startTestSuite(TestCaseMain.java:149)
	at com.kms.katalon.core.main.TestCaseMain$startTestSuite$0.call(Unknown Source)
	at TempTestSuite1560756481320.run(TempTestSuite1560756481320.groovy:36)


2019-06-17 12:58:28 - [TEST_STEP][PASSED] - Start listener action : sampleAfterTestCase: null

2019-06-17 12:58:28 - [TEST_STEP][PASSED] - println(testCaseContext.getTestCaseId()): null

2019-06-17 12:58:28 - [TEST_STEP][PASSED] - println(testCaseContext.getTestCaseStatus()): null]]></system-out>
         <system-err><![CDATA[2019-06-17 12:58:16 - [TEST_CASE][FAILED] - Test Cases/Lemoney/Invoices/Receivables: Test Cases/Lemoney/Invoices/Receivables FAILED.
Reason:
com.kms.katalon.core.exception.StepFailedException: 'Step failed with error: 'Missing Invoice date or Company Name
	at com.kms.katalon.core.util.KeywordUtil.markFailed(KeywordUtil.java:18)
	at com.kms.katalon.core.util.KeywordUtil$markFailed.call(Unknown Source)
	at Receivables.run(Receivables:65)
	at com.kms.katalon.core.main.ScriptEngine.run(ScriptEngine.java:194)
	at com.kms.katalon.core.main.ScriptEngine.runScriptAsRawText(ScriptEngine.java:119)
	at com.kms.katalon.core.main.TestCaseExecutor.runScript(TestCaseExecutor.java:328)
	at com.kms.katalon.core.main.TestCaseExecutor.doExecute(TestCaseExecutor.java:319)
	at com.kms.katalon.core.main.TestCaseExecutor.processExecutionPhase(TestCaseExecutor.java:298)
	at com.kms.katalon.core.main.TestCaseExecutor.accessMainPhase(TestCaseExecutor.java:290)
	at com.kms.katalon.core.main.TestCaseExecutor.execute(TestCaseExecutor.java:224)
	at com.kms.katalon.core.main.TestSuiteExecutor.accessTestCaseMainPhase(TestSuiteExecutor.java:129)
	at com.kms.katalon.core.main.TestSuiteExecutor.accessTestSuiteMainPhase(TestSuiteExecutor.java:112)
	at com.kms.katalon.core.main.TestSuiteExecutor.execute(TestSuiteExecutor.java:81)
	at com.kms.katalon.core.main.TestCaseMain.startTestSuite(TestCaseMain.java:149)
	at com.kms.katalon.core.main.TestCaseMain$startTestSuite$0.call(Unknown Source)
	at TempTestSuite1560756481320.run(TempTestSuite1560756481320.groovy:36)]]></system-err>
      </testcase>
      <testcase name="Test Cases/Lemoney/DataBase/CloseDBConnection" classname="Test Cases/Lemoney/DataBase/CloseDBConnection" status="PASSED">
         <system-out><![CDATA[2019-06-17 12:58:28 - [TEST_CASE][PASSED] - Test Cases/Lemoney/DataBase/CloseDBConnection: Test Cases/Lemoney/DataBase/CloseDBConnection

2019-06-17 12:58:28 - [TEST_STEP][PASSED] - Start listener action : sampleBeforeTestCase: null

2019-06-17 12:58:28 - [TEST_STEP][PASSED] - println(testCaseContext.getTestCaseId()): null

2019-06-17 12:58:28 - [TEST_STEP][PASSED] - println(testCaseContext.getTestCaseVariables()): null

2019-06-17 12:58:28 - [TEST_STEP][PASSED] - println(" This is before test"): null

2019-06-17 12:58:28 - [TEST_STEP][PASSED] - com.database.DemoSQLPro.closeDatabaseConnection(): com.database.DemoSQLPro.closeDatabaseConnection is PASSED

2019-06-17 12:58:28 - [MESSAGE][PASSED] - com.database.DemoSQLPro.closeDatabaseConnection is PASSED

2019-06-17 12:58:28 - [TEST_STEP][PASSED] - Start listener action : sampleAfterTestCase: null

2019-06-17 12:58:28 - [TEST_STEP][PASSED] - println(testCaseContext.getTestCaseId()): null

2019-06-17 12:58:28 - [TEST_STEP][PASSED] - println(testCaseContext.getTestCaseStatus()): null]]></system-out>
         <system-err><![CDATA[]]></system-err>
      </testcase>
      <testcase name="Test Cases/Lemoney/Setup and TearDown/TearDown" classname="Test Cases/Lemoney/Setup and TearDown/TearDown" status="PASSED">
         <system-out><![CDATA[2019-06-17 12:58:28 - [TEST_CASE][PASSED] - Test Cases/Lemoney/Setup and TearDown/TearDown: Test Cases/Lemoney/Setup and TearDown/TearDown

2019-06-17 12:58:28 - [TEST_STEP][PASSED] - Start listener action : sampleBeforeTestCase: null

2019-06-17 12:58:28 - [TEST_STEP][PASSED] - println(testCaseContext.getTestCaseId()): null

2019-06-17 12:58:28 - [TEST_STEP][PASSED] - println(testCaseContext.getTestCaseVariables()): null

2019-06-17 12:58:28 - [TEST_STEP][PASSED] - println(" This is before test"): null

2019-06-17 12:58:28 - [TEST_STEP][PASSED] - mouseOver(findTestObject("Lemoney/Setup/Logout/img_profileImage")): Object: 'Object Repository/Lemoney/Setup/Logout/img_profileImage' is hovered

2019-06-17 12:58:28 - [MESSAGE][PASSED] - Object: 'Object Repository/Lemoney/Setup/Logout/img_profileImage' is hovered

2019-06-17 12:58:28 - [TEST_STEP][PASSED] - click(findTestObject("Lemoney/Setup/Logout/Logout")): Object: 'Object Repository/Lemoney/Setup/Logout/Logout' is clicked on

2019-06-17 12:58:29 - [MESSAGE][PASSED] - Object: 'Object Repository/Lemoney/Setup/Logout/Logout' is clicked on

2019-06-17 12:58:29 - [TEST_STEP][PASSED] - closeBrowser(): Browser is closed

2019-06-17 12:58:29 - [MESSAGE][PASSED] - Browser is closed

2019-06-17 12:58:29 - [TEST_STEP][PASSED] - Start tear down : tearDown: Method 'tearDown' complete successfully

2019-06-17 12:58:29 - [MESSAGE][PASSED] - Method 'tearDown' complete successfully

2019-06-17 12:58:29 - [TEST_STEP][PASSED] - Start listener action : sampleAfterTestCase: null

2019-06-17 12:58:29 - [TEST_STEP][PASSED] - println(testCaseContext.getTestCaseId()): null

2019-06-17 12:58:29 - [TEST_STEP][PASSED] - println(testCaseContext.getTestCaseStatus()): null]]></system-out>
         <system-err><![CDATA[]]></system-err>
      </testcase>
      <system-out><![CDATA[2019-06-17 12:58:04 - [TEST_SUITE][FAILED] - Invoices: Test Cases/Lemoney/Invoices/Receivables FAILED.
Reason:
com.kms.katalon.core.exception.StepFailedException: 'Step failed with error: 'Missing Invoice date or Company Name
	at com.kms.katalon.core.util.KeywordUtil.markFailed(KeywordUtil.java:18)
	at com.kms.katalon.core.util.KeywordUtil$markFailed.call(Unknown Source)
	at Receivables.run(Receivables:65)
	at com.kms.katalon.core.main.ScriptEngine.run(ScriptEngine.java:194)
	at com.kms.katalon.core.main.ScriptEngine.runScriptAsRawText(ScriptEngine.java:119)
	at com.kms.katalon.core.main.TestCaseExecutor.runScript(TestCaseExecutor.java:328)
	at com.kms.katalon.core.main.TestCaseExecutor.doExecute(TestCaseExecutor.java:319)
	at com.kms.katalon.core.main.TestCaseExecutor.processExecutionPhase(TestCaseExecutor.java:298)
	at com.kms.katalon.core.main.TestCaseExecutor.accessMainPhase(TestCaseExecutor.java:290)
	at com.kms.katalon.core.main.TestCaseExecutor.execute(TestCaseExecutor.java:224)
	at com.kms.katalon.core.main.TestSuiteExecutor.accessTestCaseMainPhase(TestSuiteExecutor.java:129)
	at com.kms.katalon.core.main.TestSuiteExecutor.accessTestSuiteMainPhase(TestSuiteExecutor.java:112)
	at com.kms.katalon.core.main.TestSuiteExecutor.execute(TestSuiteExecutor.java:81)
	at com.kms.katalon.core.main.TestCaseMain.startTestSuite(TestCaseMain.java:149)
	at com.kms.katalon.core.main.TestCaseMain$startTestSuite$0.call(Unknown Source)
	at TempTestSuite1560756481320.run(TempTestSuite1560756481320.groovy:36)]]></system-out>
      <system-err><![CDATA[2019-06-17 12:58:04 - [TEST_SUITE][FAILED] - Invoices: Test Cases/Lemoney/Invoices/Receivables FAILED.
Reason:
com.kms.katalon.core.exception.StepFailedException: 'Step failed with error: 'Missing Invoice date or Company Name
	at com.kms.katalon.core.util.KeywordUtil.markFailed(KeywordUtil.java:18)
	at com.kms.katalon.core.util.KeywordUtil$markFailed.call(Unknown Source)
	at Receivables.run(Receivables:65)
	at com.kms.katalon.core.main.ScriptEngine.run(ScriptEngine.java:194)
	at com.kms.katalon.core.main.ScriptEngine.runScriptAsRawText(ScriptEngine.java:119)
	at com.kms.katalon.core.main.TestCaseExecutor.runScript(TestCaseExecutor.java:328)
	at com.kms.katalon.core.main.TestCaseExecutor.doExecute(TestCaseExecutor.java:319)
	at com.kms.katalon.core.main.TestCaseExecutor.processExecutionPhase(TestCaseExecutor.java:298)
	at com.kms.katalon.core.main.TestCaseExecutor.accessMainPhase(TestCaseExecutor.java:290)
	at com.kms.katalon.core.main.TestCaseExecutor.execute(TestCaseExecutor.java:224)
	at com.kms.katalon.core.main.TestSuiteExecutor.accessTestCaseMainPhase(TestSuiteExecutor.java:129)
	at com.kms.katalon.core.main.TestSuiteExecutor.accessTestSuiteMainPhase(TestSuiteExecutor.java:112)
	at com.kms.katalon.core.main.TestSuiteExecutor.execute(TestSuiteExecutor.java:81)
	at com.kms.katalon.core.main.TestCaseMain.startTestSuite(TestCaseMain.java:149)
	at com.kms.katalon.core.main.TestCaseMain$startTestSuite$0.call(Unknown Source)
	at TempTestSuite1560756481320.run(TempTestSuite1560756481320.groovy:36)]]></system-err>
   </testsuite>
</testsuites>
