<?xml version="1.0" encoding="UTF-8"?>
<testsuites name="Invoices" time="11" tests="2" failures="0" errors="1">
   <testsuite name="Invoices" tests="2" failures="0" errors="1" time="11" timestamp="2019-06-11 16:24:06" hostname="nivedita - 192.168.0.12" id="Test Suites/Lemoney/Invoices">
      <properties>
         <property name="deviceName" value=""/>
         <property name="devicePlatform" value=""/>
         <property name="logFolder" value="/Users/nivedita/git/KatalonFirstUIProject/Reports/Lemoney/Invoices/20190611_162331"/>
         <property name="logFiles" value="/Users/nivedita/git/KatalonFirstUIProject/Reports/Lemoney/Invoices/20190611_162331/execution0.log"/>
         <property name="attachments" value=""/>
         <property name="hostName" value="nivedita - 192.168.0.12"/>
         <property name="os" value="Mac OS X 64bit"/>
         <property name="katalonVersion" value="5.10.1.1"/>
         <property name="browser" value="Chrome 74.0.3729.169"/>
         <property name="hostAddress" value="192.168.0.12"/>
         <property name="sessionId" value="0a70dec240d84d1dae6ee3d2a3ee9201"/>
         <property name="seleniumVersion" value="3.7.1"/>
         <property name="proxyInformation" value="ProxyInformation{proxyOption=NO_PROXY, proxyServerType=HTTP, password=, proxyServerAddress=, proxyServerPort=0}"/>
         <property name="platform" value="Mac OS X"/>
      </properties>
      <testcase name="Test Cases/Lemoney/Setup and TearDown/Setup" classname="Test Cases/Lemoney/Setup and TearDown/Setup" status="PASSED">
         <system-out><![CDATA[2019-06-11 16:24:07 - [TEST_CASE][PASSED] - Test Cases/Lemoney/Setup and TearDown/Setup: Test Cases/Lemoney/Setup and TearDown/Setup

2019-06-11 16:24:07 - [TEST_STEP][PASSED] - Start listener action : sampleBeforeTestCase: null

2019-06-11 16:24:07 - [TEST_STEP][PASSED] - println(testCaseContext.getTestCaseId()): null

2019-06-11 16:24:07 - [TEST_STEP][PASSED] - println(testCaseContext.getTestCaseVariables()): null

2019-06-11 16:24:07 - [TEST_STEP][PASSED] - println(" This is before test"): null

2019-06-11 16:24:07 - [TEST_STEP][PASSED] - Start setup action : setUp: Method 'setUp' complete successfully

2019-06-11 16:24:07 - [TEST_STEP][PASSED] - openBrowser(""): Browser is opened with url: ''

2019-06-11 16:24:08 - [MESSAGE][INFO] - Starting 'Chrome' driver

2019-06-11 16:24:08 - [MESSAGE][INFO] - Action delay is set to 0 seconds

2019-06-11 16:24:12 - [MESSAGE][PASSED] - Browser is opened with url: ''

2019-06-11 16:24:12 - [TEST_STEP][PASSED] - navigateToUrl("https://lmpro.netlify.com/"): Navigate to 'https://lmpro.netlify.com/' successfully

2019-06-11 16:24:13 - [MESSAGE][PASSED] - Navigate to 'https://lmpro.netlify.com/' successfully

2019-06-11 16:24:13 - [TEST_STEP][PASSED] - verifyElementPresent(findTestObject("Lemoney/Setup/Login/img_Lemoney__logo"), 10): Object 'Object Repository/Lemoney/Setup/Login/img_Lemoney__logo' is present

2019-06-11 16:24:14 - [MESSAGE][PASSED] - Object 'Object Repository/Lemoney/Setup/Login/img_Lemoney__logo' is present

2019-06-11 16:24:14 - [TEST_STEP][PASSED] - verifyElementPresent(findTestObject("Lemoney/Setup/Login/Title_Lemoney"), 10): Object 'Object Repository/Lemoney/Setup/Login/Title_Lemoney' is present

2019-06-11 16:24:14 - [MESSAGE][PASSED] - Object 'Object Repository/Lemoney/Setup/Login/Title_Lemoney' is present

2019-06-11 16:24:14 - [TEST_STEP][PASSED] - verifyElementPresent(findTestObject("Lemoney/Setup/Login/Title_Making Banking Useful"), 10): Object 'Object Repository/Lemoney/Setup/Login/Title_Making Banking Useful' is present

2019-06-11 16:24:14 - [MESSAGE][PASSED] - Object 'Object Repository/Lemoney/Setup/Login/Title_Making Banking Useful' is present

2019-06-11 16:24:14 - [TEST_STEP][PASSED] - verifyElementPresent(findTestObject("Lemoney/Setup/Login/div_Enter Username  Password"), 10): Object 'Object Repository/Lemoney/Setup/Login/div_Enter Username  Password' is present

2019-06-11 16:24:14 - [MESSAGE][PASSED] - Object 'Object Repository/Lemoney/Setup/Login/div_Enter Username  Password' is present

2019-06-11 16:24:14 - [TEST_STEP][PASSED] - setText(findTestObject("Lemoney/Setup/Login/input_EnterUserName"), "owner@lemoney.com"): Text 'owner@lemoney.com' is set on object 'Object Repository/Lemoney/Setup/Login/input_EnterUserName'

2019-06-11 16:24:14 - [MESSAGE][PASSED] - Text 'owner@lemoney.com' is set on object 'Object Repository/Lemoney/Setup/Login/input_EnterUserName'

2019-06-11 16:24:14 - [TEST_STEP][PASSED] - setText(findTestObject("Lemoney/Setup/Login/input_EnterPassword"), "123456"): Text '123456' is set on object 'Object Repository/Lemoney/Setup/Login/input_EnterPassword'

2019-06-11 16:24:14 - [MESSAGE][PASSED] - Text '123456' is set on object 'Object Repository/Lemoney/Setup/Login/input_EnterPassword'

2019-06-11 16:24:14 - [TEST_STEP][PASSED] - click(findTestObject("Lemoney/Setup/Login/button_Login")): Object: 'Object Repository/Lemoney/Setup/Login/button_Login' is clicked on

2019-06-11 16:24:15 - [MESSAGE][PASSED] - Object: 'Object Repository/Lemoney/Setup/Login/button_Login' is clicked on

2019-06-11 16:24:15 - [MESSAGE][PASSED] - Method 'setUp' complete successfully

2019-06-11 16:24:15 - [TEST_STEP][PASSED] - waitForElementPresent(findTestObject("Lemoney/Setup/Logout/img_profileImage"), 10): Object 'Object Repository/Lemoney/Setup/Logout/img_profileImage' is present

2019-06-11 16:24:15 - [MESSAGE][PASSED] - Object 'Object Repository/Lemoney/Setup/Logout/img_profileImage' is present

2019-06-11 16:24:15 - [TEST_STEP][PASSED] - verifyElementPresent(findTestObject("Lemoney/Setup/InvoiceHeading/InvoicesHeading"), 10): Object 'Object Repository/Lemoney/Setup/InvoiceHeading/InvoicesHeading' is present

2019-06-11 16:24:15 - [MESSAGE][PASSED] - Object 'Object Repository/Lemoney/Setup/InvoiceHeading/InvoicesHeading' is present

2019-06-11 16:24:15 - [TEST_STEP][PASSED] - Start listener action : sampleAfterTestCase: null

2019-06-11 16:24:15 - [TEST_STEP][PASSED] - println(testCaseContext.getTestCaseId()): null

2019-06-11 16:24:15 - [TEST_STEP][PASSED] - println(testCaseContext.getTestCaseStatus()): null]]></system-out>
         <system-err><![CDATA[]]></system-err>
      </testcase>
      <testcase name="Test Cases/Lemoney/Invoices/Receivables" classname="Test Cases/Lemoney/Invoices/Receivables" status="PASSED">
         <system-out><![CDATA[2019-06-11 16:24:15 - [TEST_CASE][PASSED] - Test Cases/Lemoney/Invoices/Receivables: Test Cases/Lemoney/Invoices/Receivables

2019-06-11 16:24:15 - [TEST_STEP][PASSED] - Start listener action : sampleBeforeTestCase: null

2019-06-11 16:24:15 - [TEST_STEP][PASSED] - println(testCaseContext.getTestCaseId()): null

2019-06-11 16:24:15 - [TEST_STEP][PASSED] - println(testCaseContext.getTestCaseVariables()): null

2019-06-11 16:24:15 - [TEST_STEP][PASSED] - println(" This is before test"): null

2019-06-11 16:24:16 - [TEST_STEP][PASSED] - getText(findTestObject("Object Repository/Lemoney/Invoices/Receivables/tableHeaders_Invoices")).equalsIgnoreCase("Invoice Date"): Text of object 'Object Repository/Lemoney/Invoices/Receivables/tableHeaders_Invoices' is: 'Invoice Date'

2019-06-11 16:24:16 - [MESSAGE][PASSED] - Text of object 'Object Repository/Lemoney/Invoices/Receivables/tableHeaders_Invoices' is: 'Invoice Date'

2019-06-11 16:24:16 - [TEST_STEP][PASSED] - getText(findTestObject("Object Repository/Lemoney/Invoices/Receivables/tableHeaders_Particulars")).equalsIgnoreCase("Particulars"): Text of object 'Object Repository/Lemoney/Invoices/Receivables/tableHeaders_Particulars' is: 'Due Date'

2019-06-11 16:24:16 - [MESSAGE][PASSED] - Text of object 'Object Repository/Lemoney/Invoices/Receivables/tableHeaders_Particulars' is: 'Due Date'

2019-06-11 16:24:17 - [TEST_STEP][PASSED] - getText(findTestObject("Object Repository/Lemoney/Invoices/Receivables/tableHeaders_DueDate")).equalsIgnoreCase("Due Date"): Text of object 'Object Repository/Lemoney/Invoices/Receivables/tableHeaders_DueDate' is: 'Invoice Date'

2019-06-11 16:24:17 - [MESSAGE][PASSED] - Text of object 'Object Repository/Lemoney/Invoices/Receivables/tableHeaders_DueDate' is: 'Invoice Date'

2019-06-11 16:24:17 - [TEST_STEP][PASSED] - getText(findTestObject("Object Repository/Lemoney/Invoices/Receivables/tableHeaders_Status")).equalsIgnoreCase("Status"): Text of object 'Object Repository/Lemoney/Invoices/Receivables/tableHeaders_Status' is: 'Invoice Date'

2019-06-11 16:24:17 - [MESSAGE][PASSED] - Text of object 'Object Repository/Lemoney/Invoices/Receivables/tableHeaders_Status' is: 'Invoice Date'

2019-06-11 16:24:17 - [TEST_STEP][PASSED] - getText(findTestObject("Object Repository/Lemoney/Invoices/Receivables/tableHeaders_AmountDue")).equalsIgnoreCase("Amount Due"): Text of object 'Object Repository/Lemoney/Invoices/Receivables/tableHeaders_AmountDue' is: 'Status'

2019-06-11 16:24:17 - [MESSAGE][PASSED] - Text of object 'Object Repository/Lemoney/Invoices/Receivables/tableHeaders_AmountDue' is: 'Status'

2019-06-11 16:24:17 - [TEST_STEP][PASSED] - ele = findWebElements(findTestObject("Object Repository/Lemoney/Invoices/Receivables/tableRows_InvoiceDate"), 10).get(1): null

2019-06-11 16:24:17 - [TEST_STEP][PASSED] - println(ele.getText()): null

2019-06-11 16:24:17 - [TEST_STEP][PASSED] - Start listener action : sampleAfterTestCase: null

2019-06-11 16:24:17 - [TEST_STEP][PASSED] - println(testCaseContext.getTestCaseId()): null

2019-06-11 16:24:17 - [TEST_STEP][PASSED] - println(testCaseContext.getTestCaseStatus()): null]]></system-out>
         <system-err><![CDATA[]]></system-err>
      </testcase>
      <testcase name="Test Cases/Lemoney/Setup and TearDown/TearDown" classname="Test Cases/Lemoney/Setup and TearDown/TearDown" status="ERROR">
         <error type="ERROR" message="Test Cases/Lemoney/Setup and TearDown/TearDown FAILED.
Reason:
org.codehaus.groovy.control.MultipleCompilationErrorsException: startup failed:
file:/Users/nivedita/git/KatalonFirstUIProject/Scripts/Lemoney/Setup%20and%20TearDown/TearDown/Script1559895221723.groovy: 16: unable to resolve class TearDown ,  unable to find class for annotation
 @ line 16, column 1.
   @TearDown(skipped=false)
   ^

1 error

	at com.kms.katalon.core.main.ScriptEngine.getScript(ScriptEngine.java:199)
	at com.kms.katalon.core.main.ScriptEngine.run(ScriptEngine.java:194)
	at com.kms.katalon.core.main.ScriptEngine.runScriptAsRawText(ScriptEngine.java:119)
	at com.kms.katalon.core.main.TestCaseExecutor.runScript(TestCaseExecutor.java:328)
	at com.kms.katalon.core.main.TestCaseExecutor.doExecute(TestCaseExecutor.java:319)
	at com.kms.katalon.core.main.TestCaseExecutor.processExecutionPhase(TestCaseExecutor.java:298)
	at com.kms.katalon.core.main.TestCaseExecutor.accessMainPhase(TestCaseExecutor.java:290)
	at com.kms.katalon.core.main.TestCaseExecutor.execute(TestCaseExecutor.java:224)
	at com.kms.katalon.core.main.TestSuiteExecutor.accessTestCaseMainPhase(TestSuiteExecutor.java:129)
	at com.kms.katalon.core.main.TestSuiteExecutor.accessTestSuiteMainPhase(TestSuiteExecutor.java:112)
	at com.kms.katalon.core.main.TestSuiteExecutor.execute(TestSuiteExecutor.java:81)
	at com.kms.katalon.core.main.TestCaseMain.startTestSuite(TestCaseMain.java:149)
	at com.kms.katalon.core.main.TestCaseMain$startTestSuite$0.call(Unknown Source)
	at TempTestSuite1560250441498.run(TempTestSuite1560250441498.groovy:36)
"/>
         <system-out><![CDATA[2019-06-11 16:24:17 - [TEST_CASE][ERROR] - Test Cases/Lemoney/Setup and TearDown/TearDown: Test Cases/Lemoney/Setup and TearDown/TearDown FAILED.
Reason:
org.codehaus.groovy.control.MultipleCompilationErrorsException: startup failed:
file:/Users/nivedita/git/KatalonFirstUIProject/Scripts/Lemoney/Setup%20and%20TearDown/TearDown/Script1559895221723.groovy: 16: unable to resolve class TearDown ,  unable to find class for annotation
 @ line 16, column 1.
   @TearDown(skipped=false)
   ^

1 error

	at com.kms.katalon.core.main.ScriptEngine.getScript(ScriptEngine.java:199)
	at com.kms.katalon.core.main.ScriptEngine.run(ScriptEngine.java:194)
	at com.kms.katalon.core.main.ScriptEngine.runScriptAsRawText(ScriptEngine.java:119)
	at com.kms.katalon.core.main.TestCaseExecutor.runScript(TestCaseExecutor.java:328)
	at com.kms.katalon.core.main.TestCaseExecutor.doExecute(TestCaseExecutor.java:319)
	at com.kms.katalon.core.main.TestCaseExecutor.processExecutionPhase(TestCaseExecutor.java:298)
	at com.kms.katalon.core.main.TestCaseExecutor.accessMainPhase(TestCaseExecutor.java:290)
	at com.kms.katalon.core.main.TestCaseExecutor.execute(TestCaseExecutor.java:224)
	at com.kms.katalon.core.main.TestSuiteExecutor.accessTestCaseMainPhase(TestSuiteExecutor.java:129)
	at com.kms.katalon.core.main.TestSuiteExecutor.accessTestSuiteMainPhase(TestSuiteExecutor.java:112)
	at com.kms.katalon.core.main.TestSuiteExecutor.execute(TestSuiteExecutor.java:81)
	at com.kms.katalon.core.main.TestCaseMain.startTestSuite(TestCaseMain.java:149)
	at com.kms.katalon.core.main.TestCaseMain$startTestSuite$0.call(Unknown Source)
	at TempTestSuite1560250441498.run(TempTestSuite1560250441498.groovy:36)


2019-06-11 16:24:17 - [TEST_STEP][PASSED] - Start listener action : sampleBeforeTestCase: null

2019-06-11 16:24:17 - [TEST_STEP][PASSED] - println(testCaseContext.getTestCaseId()): null

2019-06-11 16:24:17 - [TEST_STEP][PASSED] - println(testCaseContext.getTestCaseVariables()): null

2019-06-11 16:24:17 - [TEST_STEP][PASSED] - println(" This is before test"): null

2019-06-11 16:24:17 - [TEST_STEP][PASSED] - Start tear down : tearDown: Error occurred when try to run method 'tearDown' (Root cause: org.codehaus.groovy.control.MultipleCompilationErrorsException - org.codehaus.groovy.control.MultipleCompilationErrorsException: startup failed:
file:/Users/nivedita/git/KatalonFirstUIProject/Scripts/Lemoney/Setup%20and%20TearDown/TearDown/Script1559895221723.groovy: 16: unable to resolve class TearDown ,  unable to find class for annotation
 @ line 16, column 1.
   @TearDown(skipped=false)
   ^

1 error
)

2019-06-11 16:24:18 - [MESSAGE][WARNING] - Error occurred when try to run method 'tearDown' (Root cause: org.codehaus.groovy.control.MultipleCompilationErrorsException - org.codehaus.groovy.control.MultipleCompilationErrorsException: startup failed:
file:/Users/nivedita/git/KatalonFirstUIProject/Scripts/Lemoney/Setup%20and%20TearDown/TearDown/Script1559895221723.groovy: 16: unable to resolve class TearDown ,  unable to find class for annotation
 @ line 16, column 1.
   @TearDown(skipped=false)
   ^

1 error
)

2019-06-11 16:24:18 - [TEST_STEP][PASSED] - Start listener action : sampleAfterTestCase: null

2019-06-11 16:24:18 - [TEST_STEP][PASSED] - println(testCaseContext.getTestCaseId()): null

2019-06-11 16:24:18 - [TEST_STEP][PASSED] - println(testCaseContext.getTestCaseStatus()): null]]></system-out>
         <system-err><![CDATA[2019-06-11 16:24:17 - [TEST_CASE][ERROR] - Test Cases/Lemoney/Setup and TearDown/TearDown: Test Cases/Lemoney/Setup and TearDown/TearDown FAILED.
Reason:
org.codehaus.groovy.control.MultipleCompilationErrorsException: startup failed:
file:/Users/nivedita/git/KatalonFirstUIProject/Scripts/Lemoney/Setup%20and%20TearDown/TearDown/Script1559895221723.groovy: 16: unable to resolve class TearDown ,  unable to find class for annotation
 @ line 16, column 1.
   @TearDown(skipped=false)
   ^

1 error

	at com.kms.katalon.core.main.ScriptEngine.getScript(ScriptEngine.java:199)
	at com.kms.katalon.core.main.ScriptEngine.run(ScriptEngine.java:194)
	at com.kms.katalon.core.main.ScriptEngine.runScriptAsRawText(ScriptEngine.java:119)
	at com.kms.katalon.core.main.TestCaseExecutor.runScript(TestCaseExecutor.java:328)
	at com.kms.katalon.core.main.TestCaseExecutor.doExecute(TestCaseExecutor.java:319)
	at com.kms.katalon.core.main.TestCaseExecutor.processExecutionPhase(TestCaseExecutor.java:298)
	at com.kms.katalon.core.main.TestCaseExecutor.accessMainPhase(TestCaseExecutor.java:290)
	at com.kms.katalon.core.main.TestCaseExecutor.execute(TestCaseExecutor.java:224)
	at com.kms.katalon.core.main.TestSuiteExecutor.accessTestCaseMainPhase(TestSuiteExecutor.java:129)
	at com.kms.katalon.core.main.TestSuiteExecutor.accessTestSuiteMainPhase(TestSuiteExecutor.java:112)
	at com.kms.katalon.core.main.TestSuiteExecutor.execute(TestSuiteExecutor.java:81)
	at com.kms.katalon.core.main.TestCaseMain.startTestSuite(TestCaseMain.java:149)
	at com.kms.katalon.core.main.TestCaseMain$startTestSuite$0.call(Unknown Source)
	at TempTestSuite1560250441498.run(TempTestSuite1560250441498.groovy:36)]]></system-err>
      </testcase>
      <system-out><![CDATA[2019-06-11 16:24:06 - [TEST_SUITE][ERROR] - Invoices: Test Cases/Lemoney/Setup and TearDown/TearDown FAILED.
Reason:
org.codehaus.groovy.control.MultipleCompilationErrorsException: startup failed:
file:/Users/nivedita/git/KatalonFirstUIProject/Scripts/Lemoney/Setup%20and%20TearDown/TearDown/Script1559895221723.groovy: 16: unable to resolve class TearDown ,  unable to find class for annotation
 @ line 16, column 1.
   @TearDown(skipped=false)
   ^

1 error

	at com.kms.katalon.core.main.ScriptEngine.getScript(ScriptEngine.java:199)
	at com.kms.katalon.core.main.ScriptEngine.run(ScriptEngine.java:194)
	at com.kms.katalon.core.main.ScriptEngine.runScriptAsRawText(ScriptEngine.java:119)
	at com.kms.katalon.core.main.TestCaseExecutor.runScript(TestCaseExecutor.java:328)
	at com.kms.katalon.core.main.TestCaseExecutor.doExecute(TestCaseExecutor.java:319)
	at com.kms.katalon.core.main.TestCaseExecutor.processExecutionPhase(TestCaseExecutor.java:298)
	at com.kms.katalon.core.main.TestCaseExecutor.accessMainPhase(TestCaseExecutor.java:290)
	at com.kms.katalon.core.main.TestCaseExecutor.execute(TestCaseExecutor.java:224)
	at com.kms.katalon.core.main.TestSuiteExecutor.accessTestCaseMainPhase(TestSuiteExecutor.java:129)
	at com.kms.katalon.core.main.TestSuiteExecutor.accessTestSuiteMainPhase(TestSuiteExecutor.java:112)
	at com.kms.katalon.core.main.TestSuiteExecutor.execute(TestSuiteExecutor.java:81)
	at com.kms.katalon.core.main.TestCaseMain.startTestSuite(TestCaseMain.java:149)
	at com.kms.katalon.core.main.TestCaseMain$startTestSuite$0.call(Unknown Source)
	at TempTestSuite1560250441498.run(TempTestSuite1560250441498.groovy:36)]]></system-out>
      <system-err><![CDATA[2019-06-11 16:24:06 - [TEST_SUITE][ERROR] - Invoices: Test Cases/Lemoney/Setup and TearDown/TearDown FAILED.
Reason:
org.codehaus.groovy.control.MultipleCompilationErrorsException: startup failed:
file:/Users/nivedita/git/KatalonFirstUIProject/Scripts/Lemoney/Setup%20and%20TearDown/TearDown/Script1559895221723.groovy: 16: unable to resolve class TearDown ,  unable to find class for annotation
 @ line 16, column 1.
   @TearDown(skipped=false)
   ^

1 error

	at com.kms.katalon.core.main.ScriptEngine.getScript(ScriptEngine.java:199)
	at com.kms.katalon.core.main.ScriptEngine.run(ScriptEngine.java:194)
	at com.kms.katalon.core.main.ScriptEngine.runScriptAsRawText(ScriptEngine.java:119)
	at com.kms.katalon.core.main.TestCaseExecutor.runScript(TestCaseExecutor.java:328)
	at com.kms.katalon.core.main.TestCaseExecutor.doExecute(TestCaseExecutor.java:319)
	at com.kms.katalon.core.main.TestCaseExecutor.processExecutionPhase(TestCaseExecutor.java:298)
	at com.kms.katalon.core.main.TestCaseExecutor.accessMainPhase(TestCaseExecutor.java:290)
	at com.kms.katalon.core.main.TestCaseExecutor.execute(TestCaseExecutor.java:224)
	at com.kms.katalon.core.main.TestSuiteExecutor.accessTestCaseMainPhase(TestSuiteExecutor.java:129)
	at com.kms.katalon.core.main.TestSuiteExecutor.accessTestSuiteMainPhase(TestSuiteExecutor.java:112)
	at com.kms.katalon.core.main.TestSuiteExecutor.execute(TestSuiteExecutor.java:81)
	at com.kms.katalon.core.main.TestCaseMain.startTestSuite(TestCaseMain.java:149)
	at com.kms.katalon.core.main.TestCaseMain$startTestSuite$0.call(Unknown Source)
	at TempTestSuite1560250441498.run(TempTestSuite1560250441498.groovy:36)]]></system-err>
   </testsuite>
</testsuites>
