<?xml version="1.0" encoding="UTF-8"?>
<testsuites name="Invoices" time="13" tests="2" failures="0" errors="1">
   <testsuite name="Invoices" tests="2" failures="0" errors="1" time="13" timestamp="2019-06-12 11:44:35" hostname="nivedita - 192.168.0.12" id="Test Suites/Lemoney/Invoices">
      <properties>
         <property name="deviceName" value=""/>
         <property name="devicePlatform" value=""/>
         <property name="logFolder" value="/Users/nivedita/git/KatalonFirstUIProject/Reports/Lemoney/Invoices/20190612_114402"/>
         <property name="logFiles" value="/Users/nivedita/git/KatalonFirstUIProject/Reports/Lemoney/Invoices/20190612_114402/execution0.log"/>
         <property name="attachments" value=""/>
         <property name="hostName" value="nivedita - 192.168.0.12"/>
         <property name="os" value="Mac OS X 64bit"/>
         <property name="katalonVersion" value="5.10.1.1"/>
         <property name="browser" value="Chrome 74.0.3729.169"/>
         <property name="hostAddress" value="192.168.0.12"/>
         <property name="sessionId" value="9e625cce48831539f0acc899efc0e14b"/>
         <property name="seleniumVersion" value="3.7.1"/>
         <property name="proxyInformation" value="ProxyInformation{proxyOption=NO_PROXY, proxyServerType=HTTP, password=, proxyServerAddress=, proxyServerPort=0}"/>
         <property name="platform" value="Mac OS X"/>
      </properties>
      <testcase name="Test Cases/Lemoney/Setup and TearDown/Setup" classname="Test Cases/Lemoney/Setup and TearDown/Setup" status="PASSED">
         <system-out><![CDATA[2019-06-12 11:44:35 - [TEST_CASE][PASSED] - Test Cases/Lemoney/Setup and TearDown/Setup: Test Cases/Lemoney/Setup and TearDown/Setup

2019-06-12 11:44:35 - [TEST_STEP][PASSED] - Start listener action : sampleBeforeTestCase: null

2019-06-12 11:44:35 - [TEST_STEP][PASSED] - println(testCaseContext.getTestCaseId()): null

2019-06-12 11:44:35 - [TEST_STEP][PASSED] - println(testCaseContext.getTestCaseVariables()): null

2019-06-12 11:44:35 - [TEST_STEP][PASSED] - println(" This is before test"): null

2019-06-12 11:44:35 - [TEST_STEP][PASSED] - Start setup action : setUp: Method 'setUp' complete successfully

2019-06-12 11:44:36 - [TEST_STEP][PASSED] - openBrowser(""): Browser is opened with url: ''

2019-06-12 11:44:37 - [MESSAGE][INFO] - Starting 'Chrome' driver

2019-06-12 11:44:37 - [MESSAGE][INFO] - Action delay is set to 0 seconds

2019-06-12 11:44:40 - [MESSAGE][PASSED] - Browser is opened with url: ''

2019-06-12 11:44:40 - [TEST_STEP][PASSED] - navigateToUrl("https://lmpro.netlify.com/"): Navigate to 'https://lmpro.netlify.com/' successfully

2019-06-12 11:44:44 - [MESSAGE][PASSED] - Navigate to 'https://lmpro.netlify.com/' successfully

2019-06-12 11:44:44 - [TEST_STEP][PASSED] - verifyElementPresent(findTestObject("Lemoney/Setup/Login/img_Lemoney__logo"), 10): Object 'Object Repository/Lemoney/Setup/Login/img_Lemoney__logo' is present

2019-06-12 11:44:44 - [MESSAGE][PASSED] - Object 'Object Repository/Lemoney/Setup/Login/img_Lemoney__logo' is present

2019-06-12 11:44:44 - [TEST_STEP][PASSED] - verifyElementPresent(findTestObject("Lemoney/Setup/Login/Title_Lemoney"), 10): Object 'Object Repository/Lemoney/Setup/Login/Title_Lemoney' is present

2019-06-12 11:44:44 - [MESSAGE][PASSED] - Object 'Object Repository/Lemoney/Setup/Login/Title_Lemoney' is present

2019-06-12 11:44:45 - [TEST_STEP][PASSED] - verifyElementPresent(findTestObject("Lemoney/Setup/Login/Title_Making Banking Useful"), 10): Object 'Object Repository/Lemoney/Setup/Login/Title_Making Banking Useful' is present

2019-06-12 11:44:45 - [MESSAGE][PASSED] - Object 'Object Repository/Lemoney/Setup/Login/Title_Making Banking Useful' is present

2019-06-12 11:44:45 - [TEST_STEP][PASSED] - verifyElementPresent(findTestObject("Lemoney/Setup/Login/div_Enter Username  Password"), 10): Object 'Object Repository/Lemoney/Setup/Login/div_Enter Username  Password' is present

2019-06-12 11:44:45 - [MESSAGE][PASSED] - Object 'Object Repository/Lemoney/Setup/Login/div_Enter Username  Password' is present

2019-06-12 11:44:45 - [TEST_STEP][PASSED] - setText(findTestObject("Lemoney/Setup/Login/input_EnterUserName"), "owner@lemoney.com"): Text 'owner@lemoney.com' is set on object 'Object Repository/Lemoney/Setup/Login/input_EnterUserName'

2019-06-12 11:44:45 - [MESSAGE][PASSED] - Text 'owner@lemoney.com' is set on object 'Object Repository/Lemoney/Setup/Login/input_EnterUserName'

2019-06-12 11:44:45 - [TEST_STEP][PASSED] - setText(findTestObject("Lemoney/Setup/Login/input_EnterPassword"), "123456"): Text '123456' is set on object 'Object Repository/Lemoney/Setup/Login/input_EnterPassword'

2019-06-12 11:44:45 - [MESSAGE][PASSED] - Text '123456' is set on object 'Object Repository/Lemoney/Setup/Login/input_EnterPassword'

2019-06-12 11:44:45 - [TEST_STEP][PASSED] - click(findTestObject("Lemoney/Setup/Login/button_Login")): Object: 'Object Repository/Lemoney/Setup/Login/button_Login' is clicked on

2019-06-12 11:44:46 - [MESSAGE][PASSED] - Object: 'Object Repository/Lemoney/Setup/Login/button_Login' is clicked on

2019-06-12 11:44:46 - [MESSAGE][PASSED] - Method 'setUp' complete successfully

2019-06-12 11:44:46 - [TEST_STEP][PASSED] - waitForElementPresent(findTestObject("Lemoney/Setup/Logout/img_profileImage"), 10): Object 'Object Repository/Lemoney/Setup/Logout/img_profileImage' is present

2019-06-12 11:44:46 - [MESSAGE][PASSED] - Object 'Object Repository/Lemoney/Setup/Logout/img_profileImage' is present

2019-06-12 11:44:46 - [TEST_STEP][PASSED] - verifyElementPresent(findTestObject("Lemoney/Setup/InvoiceHeading/InvoicesHeading"), 10): Object 'Object Repository/Lemoney/Setup/InvoiceHeading/InvoicesHeading' is present

2019-06-12 11:44:46 - [MESSAGE][PASSED] - Object 'Object Repository/Lemoney/Setup/InvoiceHeading/InvoicesHeading' is present

2019-06-12 11:44:46 - [TEST_STEP][PASSED] - Start listener action : sampleAfterTestCase: null

2019-06-12 11:44:46 - [TEST_STEP][PASSED] - println(testCaseContext.getTestCaseId()): null

2019-06-12 11:44:46 - [TEST_STEP][PASSED] - println(testCaseContext.getTestCaseStatus()): null]]></system-out>
         <system-err><![CDATA[]]></system-err>
      </testcase>
      <testcase name="Test Cases/Lemoney/Invoices/Receivables" classname="Test Cases/Lemoney/Invoices/Receivables" status="ERROR">
         <error type="ERROR" message="Test Cases/Lemoney/Invoices/Receivables FAILED.
Reason:
groovy.lang.MissingMethodException: No signature of method: static com.kms.katalon.core.webui.keyword.WebUiBuiltInKeywords.getText() is applicable for argument types: (org.openqa.selenium.remote.RemoteWebElement) values: [[[CChromeDriver: chrome on MAC (9e625cce48831539f0acc899efc0e14b)] -> xpath: //tbody[@class='ant-table-tbody']/tr/td/span[@class='ant-table-row-indent indent-level-0']]]
Possible solutions: getText(com.kms.katalon.core.testobject.TestObject), getText(com.kms.katalon.core.testobject.TestObject, com.kms.katalon.core.model.FailureHandling), setText(com.kms.katalon.core.testobject.TestObject, java.lang.String), setText(com.kms.katalon.core.testobject.TestObject, java.lang.String, com.kms.katalon.core.model.FailureHandling), getAt(java.lang.String), getUrl()
	at Receivables.run(Receivables:35)
	at com.kms.katalon.core.main.ScriptEngine.run(ScriptEngine.java:194)
	at com.kms.katalon.core.main.ScriptEngine.runScriptAsRawText(ScriptEngine.java:119)
	at com.kms.katalon.core.main.TestCaseExecutor.runScript(TestCaseExecutor.java:328)
	at com.kms.katalon.core.main.TestCaseExecutor.doExecute(TestCaseExecutor.java:319)
	at com.kms.katalon.core.main.TestCaseExecutor.processExecutionPhase(TestCaseExecutor.java:298)
	at com.kms.katalon.core.main.TestCaseExecutor.accessMainPhase(TestCaseExecutor.java:290)
	at com.kms.katalon.core.main.TestCaseExecutor.execute(TestCaseExecutor.java:224)
	at com.kms.katalon.core.main.TestSuiteExecutor.accessTestCaseMainPhase(TestSuiteExecutor.java:129)
	at com.kms.katalon.core.main.TestSuiteExecutor.accessTestSuiteMainPhase(TestSuiteExecutor.java:112)
	at com.kms.katalon.core.main.TestSuiteExecutor.execute(TestSuiteExecutor.java:81)
	at com.kms.katalon.core.main.TestCaseMain.startTestSuite(TestCaseMain.java:149)
	at com.kms.katalon.core.main.TestCaseMain$startTestSuite$0.call(Unknown Source)
	at TempTestSuite1560320072095.run(TempTestSuite1560320072095.groovy:36)
"/>
         <system-out><![CDATA[2019-06-12 11:44:46 - [TEST_CASE][ERROR] - Test Cases/Lemoney/Invoices/Receivables: Test Cases/Lemoney/Invoices/Receivables FAILED.
Reason:
groovy.lang.MissingMethodException: No signature of method: static com.kms.katalon.core.webui.keyword.WebUiBuiltInKeywords.getText() is applicable for argument types: (org.openqa.selenium.remote.RemoteWebElement) values: [[[CChromeDriver: chrome on MAC (9e625cce48831539f0acc899efc0e14b)] -> xpath: //tbody[@class='ant-table-tbody']/tr/td/span[@class='ant-table-row-indent indent-level-0']]]
Possible solutions: getText(com.kms.katalon.core.testobject.TestObject), getText(com.kms.katalon.core.testobject.TestObject, com.kms.katalon.core.model.FailureHandling), setText(com.kms.katalon.core.testobject.TestObject, java.lang.String), setText(com.kms.katalon.core.testobject.TestObject, java.lang.String, com.kms.katalon.core.model.FailureHandling), getAt(java.lang.String), getUrl()
	at Receivables.run(Receivables:35)
	at com.kms.katalon.core.main.ScriptEngine.run(ScriptEngine.java:194)
	at com.kms.katalon.core.main.ScriptEngine.runScriptAsRawText(ScriptEngine.java:119)
	at com.kms.katalon.core.main.TestCaseExecutor.runScript(TestCaseExecutor.java:328)
	at com.kms.katalon.core.main.TestCaseExecutor.doExecute(TestCaseExecutor.java:319)
	at com.kms.katalon.core.main.TestCaseExecutor.processExecutionPhase(TestCaseExecutor.java:298)
	at com.kms.katalon.core.main.TestCaseExecutor.accessMainPhase(TestCaseExecutor.java:290)
	at com.kms.katalon.core.main.TestCaseExecutor.execute(TestCaseExecutor.java:224)
	at com.kms.katalon.core.main.TestSuiteExecutor.accessTestCaseMainPhase(TestSuiteExecutor.java:129)
	at com.kms.katalon.core.main.TestSuiteExecutor.accessTestSuiteMainPhase(TestSuiteExecutor.java:112)
	at com.kms.katalon.core.main.TestSuiteExecutor.execute(TestSuiteExecutor.java:81)
	at com.kms.katalon.core.main.TestCaseMain.startTestSuite(TestCaseMain.java:149)
	at com.kms.katalon.core.main.TestCaseMain$startTestSuite$0.call(Unknown Source)
	at TempTestSuite1560320072095.run(TempTestSuite1560320072095.groovy:36)


2019-06-12 11:44:46 - [TEST_STEP][PASSED] - Start listener action : sampleBeforeTestCase: null

2019-06-12 11:44:46 - [TEST_STEP][PASSED] - println(testCaseContext.getTestCaseId()): null

2019-06-12 11:44:46 - [TEST_STEP][PASSED] - println(testCaseContext.getTestCaseVariables()): null

2019-06-12 11:44:46 - [TEST_STEP][PASSED] - println(" This is before test"): null

2019-06-12 11:44:46 - [TEST_STEP][PASSED] - getText(findTestObject("Object Repository/Lemoney/Invoices/Receivables/tableHeaders_Invoices")).equalsIgnoreCase("Invoice Date"): Text of object 'Object Repository/Lemoney/Invoices/Receivables/tableHeaders_Invoices' is: 'Invoice Date'

2019-06-12 11:44:46 - [MESSAGE][PASSED] - Text of object 'Object Repository/Lemoney/Invoices/Receivables/tableHeaders_Invoices' is: 'Invoice Date'

2019-06-12 11:44:46 - [TEST_STEP][PASSED] - getText(findTestObject("Object Repository/Lemoney/Invoices/Receivables/tableHeaders_Particulars")).equalsIgnoreCase("Particulars"): Text of object 'Object Repository/Lemoney/Invoices/Receivables/tableHeaders_Particulars' is: 'Due Date'

2019-06-12 11:44:47 - [MESSAGE][PASSED] - Text of object 'Object Repository/Lemoney/Invoices/Receivables/tableHeaders_Particulars' is: 'Due Date'

2019-06-12 11:44:47 - [TEST_STEP][PASSED] - getText(findTestObject("Object Repository/Lemoney/Invoices/Receivables/tableHeaders_DueDate")).equalsIgnoreCase("Due Date"): Text of object 'Object Repository/Lemoney/Invoices/Receivables/tableHeaders_DueDate' is: 'Invoice Date'

2019-06-12 11:44:47 - [MESSAGE][PASSED] - Text of object 'Object Repository/Lemoney/Invoices/Receivables/tableHeaders_DueDate' is: 'Invoice Date'

2019-06-12 11:44:47 - [TEST_STEP][PASSED] - getText(findTestObject("Object Repository/Lemoney/Invoices/Receivables/tableHeaders_Status")).equalsIgnoreCase("Status"): Text of object 'Object Repository/Lemoney/Invoices/Receivables/tableHeaders_Status' is: 'Invoice Date'

2019-06-12 11:44:47 - [MESSAGE][PASSED] - Text of object 'Object Repository/Lemoney/Invoices/Receivables/tableHeaders_Status' is: 'Invoice Date'

2019-06-12 11:44:47 - [TEST_STEP][PASSED] - getText(findTestObject("Object Repository/Lemoney/Invoices/Receivables/tableHeaders_AmountDue")).equalsIgnoreCase("Amount Due"): Text of object 'Object Repository/Lemoney/Invoices/Receivables/tableHeaders_AmountDue' is: 'Status'

2019-06-12 11:44:47 - [MESSAGE][PASSED] - Text of object 'Object Repository/Lemoney/Invoices/Receivables/tableHeaders_AmountDue' is: 'Status'

2019-06-12 11:44:47 - [TEST_STEP][PASSED] - ele = findWebElements(findTestObject("Object Repository/Lemoney/Invoices/Receivables/tableRows_InvoiceDate"), 10): null

2019-06-12 11:44:47 - [TEST_STEP][ERROR] - println(getText(ele.get(0))): println(getText(ele.get(0))) FAILED.
Reason:
groovy.lang.MissingMethodException: No signature of method: static com.kms.katalon.core.webui.keyword.WebUiBuiltInKeywords.getText() is applicable for argument types: (org.openqa.selenium.remote.RemoteWebElement) values: [[[CChromeDriver: chrome on MAC (9e625cce48831539f0acc899efc0e14b)] -> xpath: //tbody[@class='ant-table-tbody']/tr/td/span[@class='ant-table-row-indent indent-level-0']]]
Possible solutions: getText(com.kms.katalon.core.testobject.TestObject), getText(com.kms.katalon.core.testobject.TestObject, com.kms.katalon.core.model.FailureHandling), setText(com.kms.katalon.core.testobject.TestObject, java.lang.String), setText(com.kms.katalon.core.testobject.TestObject, java.lang.String, com.kms.katalon.core.model.FailureHandling), getAt(java.lang.String), getUrl()
	at Receivables.run(Receivables:35)
	at com.kms.katalon.core.main.ScriptEngine.run(ScriptEngine.java:194)
	at com.kms.katalon.core.main.ScriptEngine.runScriptAsRawText(ScriptEngine.java:119)
	at com.kms.katalon.core.main.TestCaseExecutor.runScript(TestCaseExecutor.java:328)
	at com.kms.katalon.core.main.TestCaseExecutor.doExecute(TestCaseExecutor.java:319)
	at com.kms.katalon.core.main.TestCaseExecutor.processExecutionPhase(TestCaseExecutor.java:298)
	at com.kms.katalon.core.main.TestCaseExecutor.accessMainPhase(TestCaseExecutor.java:290)
	at com.kms.katalon.core.main.TestCaseExecutor.execute(TestCaseExecutor.java:224)
	at com.kms.katalon.core.main.TestSuiteExecutor.accessTestCaseMainPhase(TestSuiteExecutor.java:129)
	at com.kms.katalon.core.main.TestSuiteExecutor.accessTestSuiteMainPhase(TestSuiteExecutor.java:112)
	at com.kms.katalon.core.main.TestSuiteExecutor.execute(TestSuiteExecutor.java:81)
	at com.kms.katalon.core.main.TestCaseMain.startTestSuite(TestCaseMain.java:149)
	at com.kms.katalon.core.main.TestCaseMain$startTestSuite$0.call(Unknown Source)
	at TempTestSuite1560320072095.run(TempTestSuite1560320072095.groovy:36)


2019-06-12 11:44:47 - [MESSAGE][ERROR] - println(getText(ele.get(0))) FAILED.
Reason:
groovy.lang.MissingMethodException: No signature of method: static com.kms.katalon.core.webui.keyword.WebUiBuiltInKeywords.getText() is applicable for argument types: (org.openqa.selenium.remote.RemoteWebElement) values: [[[CChromeDriver: chrome on MAC (9e625cce48831539f0acc899efc0e14b)] -> xpath: //tbody[@class='ant-table-tbody']/tr/td/span[@class='ant-table-row-indent indent-level-0']]]
Possible solutions: getText(com.kms.katalon.core.testobject.TestObject), getText(com.kms.katalon.core.testobject.TestObject, com.kms.katalon.core.model.FailureHandling), setText(com.kms.katalon.core.testobject.TestObject, java.lang.String), setText(com.kms.katalon.core.testobject.TestObject, java.lang.String, com.kms.katalon.core.model.FailureHandling), getAt(java.lang.String), getUrl()
	at Receivables.run(Receivables:35)
	at com.kms.katalon.core.main.ScriptEngine.run(ScriptEngine.java:194)
	at com.kms.katalon.core.main.ScriptEngine.runScriptAsRawText(ScriptEngine.java:119)
	at com.kms.katalon.core.main.TestCaseExecutor.runScript(TestCaseExecutor.java:328)
	at com.kms.katalon.core.main.TestCaseExecutor.doExecute(TestCaseExecutor.java:319)
	at com.kms.katalon.core.main.TestCaseExecutor.processExecutionPhase(TestCaseExecutor.java:298)
	at com.kms.katalon.core.main.TestCaseExecutor.accessMainPhase(TestCaseExecutor.java:290)
	at com.kms.katalon.core.main.TestCaseExecutor.execute(TestCaseExecutor.java:224)
	at com.kms.katalon.core.main.TestSuiteExecutor.accessTestCaseMainPhase(TestSuiteExecutor.java:129)
	at com.kms.katalon.core.main.TestSuiteExecutor.accessTestSuiteMainPhase(TestSuiteExecutor.java:112)
	at com.kms.katalon.core.main.TestSuiteExecutor.execute(TestSuiteExecutor.java:81)
	at com.kms.katalon.core.main.TestCaseMain.startTestSuite(TestCaseMain.java:149)
	at com.kms.katalon.core.main.TestCaseMain$startTestSuite$0.call(Unknown Source)
	at TempTestSuite1560320072095.run(TempTestSuite1560320072095.groovy:36)


2019-06-12 11:44:47 - [TEST_STEP][PASSED] - Start listener action : sampleAfterTestCase: null

2019-06-12 11:44:47 - [TEST_STEP][PASSED] - println(testCaseContext.getTestCaseId()): null

2019-06-12 11:44:47 - [TEST_STEP][PASSED] - println(testCaseContext.getTestCaseStatus()): null]]></system-out>
         <system-err><![CDATA[2019-06-12 11:44:46 - [TEST_CASE][ERROR] - Test Cases/Lemoney/Invoices/Receivables: Test Cases/Lemoney/Invoices/Receivables FAILED.
Reason:
groovy.lang.MissingMethodException: No signature of method: static com.kms.katalon.core.webui.keyword.WebUiBuiltInKeywords.getText() is applicable for argument types: (org.openqa.selenium.remote.RemoteWebElement) values: [[[CChromeDriver: chrome on MAC (9e625cce48831539f0acc899efc0e14b)] -> xpath: //tbody[@class='ant-table-tbody']/tr/td/span[@class='ant-table-row-indent indent-level-0']]]
Possible solutions: getText(com.kms.katalon.core.testobject.TestObject), getText(com.kms.katalon.core.testobject.TestObject, com.kms.katalon.core.model.FailureHandling), setText(com.kms.katalon.core.testobject.TestObject, java.lang.String), setText(com.kms.katalon.core.testobject.TestObject, java.lang.String, com.kms.katalon.core.model.FailureHandling), getAt(java.lang.String), getUrl()
	at Receivables.run(Receivables:35)
	at com.kms.katalon.core.main.ScriptEngine.run(ScriptEngine.java:194)
	at com.kms.katalon.core.main.ScriptEngine.runScriptAsRawText(ScriptEngine.java:119)
	at com.kms.katalon.core.main.TestCaseExecutor.runScript(TestCaseExecutor.java:328)
	at com.kms.katalon.core.main.TestCaseExecutor.doExecute(TestCaseExecutor.java:319)
	at com.kms.katalon.core.main.TestCaseExecutor.processExecutionPhase(TestCaseExecutor.java:298)
	at com.kms.katalon.core.main.TestCaseExecutor.accessMainPhase(TestCaseExecutor.java:290)
	at com.kms.katalon.core.main.TestCaseExecutor.execute(TestCaseExecutor.java:224)
	at com.kms.katalon.core.main.TestSuiteExecutor.accessTestCaseMainPhase(TestSuiteExecutor.java:129)
	at com.kms.katalon.core.main.TestSuiteExecutor.accessTestSuiteMainPhase(TestSuiteExecutor.java:112)
	at com.kms.katalon.core.main.TestSuiteExecutor.execute(TestSuiteExecutor.java:81)
	at com.kms.katalon.core.main.TestCaseMain.startTestSuite(TestCaseMain.java:149)
	at com.kms.katalon.core.main.TestCaseMain$startTestSuite$0.call(Unknown Source)
	at TempTestSuite1560320072095.run(TempTestSuite1560320072095.groovy:36)]]></system-err>
      </testcase>
      <testcase name="Test Cases/Lemoney/Setup and TearDown/TearDown" classname="Test Cases/Lemoney/Setup and TearDown/TearDown" status="PASSED">
         <system-out><![CDATA[2019-06-12 11:44:47 - [TEST_CASE][PASSED] - Test Cases/Lemoney/Setup and TearDown/TearDown: Test Cases/Lemoney/Setup and TearDown/TearDown

2019-06-12 11:44:47 - [TEST_STEP][PASSED] - Start listener action : sampleBeforeTestCase: null

2019-06-12 11:44:47 - [TEST_STEP][PASSED] - println(testCaseContext.getTestCaseId()): null

2019-06-12 11:44:47 - [TEST_STEP][PASSED] - println(testCaseContext.getTestCaseVariables()): null

2019-06-12 11:44:47 - [TEST_STEP][PASSED] - println(" This is before test"): null

2019-06-12 11:44:47 - [TEST_STEP][PASSED] - mouseOver(findTestObject("Lemoney/Setup/Logout/img_profileImage")): Object: 'Object Repository/Lemoney/Setup/Logout/img_profileImage' is hovered

2019-06-12 11:44:47 - [MESSAGE][PASSED] - Object: 'Object Repository/Lemoney/Setup/Logout/img_profileImage' is hovered

2019-06-12 11:44:47 - [TEST_STEP][PASSED] - click(findTestObject("Lemoney/Setup/Logout/Logout")): Object: 'Object Repository/Lemoney/Setup/Logout/Logout' is clicked on

2019-06-12 11:44:48 - [MESSAGE][PASSED] - Object: 'Object Repository/Lemoney/Setup/Logout/Logout' is clicked on

2019-06-12 11:44:48 - [TEST_STEP][PASSED] - closeBrowser(): Browser is closed

2019-06-12 11:44:48 - [MESSAGE][PASSED] - Browser is closed

2019-06-12 11:44:48 - [TEST_STEP][PASSED] - Start tear down : tearDown: Method 'tearDown' complete successfully

2019-06-12 11:44:48 - [MESSAGE][PASSED] - Method 'tearDown' complete successfully

2019-06-12 11:44:48 - [TEST_STEP][PASSED] - Start listener action : sampleAfterTestCase: null

2019-06-12 11:44:48 - [TEST_STEP][PASSED] - println(testCaseContext.getTestCaseId()): null

2019-06-12 11:44:48 - [TEST_STEP][PASSED] - println(testCaseContext.getTestCaseStatus()): null]]></system-out>
         <system-err><![CDATA[]]></system-err>
      </testcase>
      <system-out><![CDATA[2019-06-12 11:44:35 - [TEST_SUITE][ERROR] - Invoices: Test Cases/Lemoney/Invoices/Receivables FAILED.
Reason:
groovy.lang.MissingMethodException: No signature of method: static com.kms.katalon.core.webui.keyword.WebUiBuiltInKeywords.getText() is applicable for argument types: (org.openqa.selenium.remote.RemoteWebElement) values: [[[CChromeDriver: chrome on MAC (9e625cce48831539f0acc899efc0e14b)] -> xpath: //tbody[@class='ant-table-tbody']/tr/td/span[@class='ant-table-row-indent indent-level-0']]]
Possible solutions: getText(com.kms.katalon.core.testobject.TestObject), getText(com.kms.katalon.core.testobject.TestObject, com.kms.katalon.core.model.FailureHandling), setText(com.kms.katalon.core.testobject.TestObject, java.lang.String), setText(com.kms.katalon.core.testobject.TestObject, java.lang.String, com.kms.katalon.core.model.FailureHandling), getAt(java.lang.String), getUrl()
	at Receivables.run(Receivables:35)
	at com.kms.katalon.core.main.ScriptEngine.run(ScriptEngine.java:194)
	at com.kms.katalon.core.main.ScriptEngine.runScriptAsRawText(ScriptEngine.java:119)
	at com.kms.katalon.core.main.TestCaseExecutor.runScript(TestCaseExecutor.java:328)
	at com.kms.katalon.core.main.TestCaseExecutor.doExecute(TestCaseExecutor.java:319)
	at com.kms.katalon.core.main.TestCaseExecutor.processExecutionPhase(TestCaseExecutor.java:298)
	at com.kms.katalon.core.main.TestCaseExecutor.accessMainPhase(TestCaseExecutor.java:290)
	at com.kms.katalon.core.main.TestCaseExecutor.execute(TestCaseExecutor.java:224)
	at com.kms.katalon.core.main.TestSuiteExecutor.accessTestCaseMainPhase(TestSuiteExecutor.java:129)
	at com.kms.katalon.core.main.TestSuiteExecutor.accessTestSuiteMainPhase(TestSuiteExecutor.java:112)
	at com.kms.katalon.core.main.TestSuiteExecutor.execute(TestSuiteExecutor.java:81)
	at com.kms.katalon.core.main.TestCaseMain.startTestSuite(TestCaseMain.java:149)
	at com.kms.katalon.core.main.TestCaseMain$startTestSuite$0.call(Unknown Source)
	at TempTestSuite1560320072095.run(TempTestSuite1560320072095.groovy:36)]]></system-out>
      <system-err><![CDATA[2019-06-12 11:44:35 - [TEST_SUITE][ERROR] - Invoices: Test Cases/Lemoney/Invoices/Receivables FAILED.
Reason:
groovy.lang.MissingMethodException: No signature of method: static com.kms.katalon.core.webui.keyword.WebUiBuiltInKeywords.getText() is applicable for argument types: (org.openqa.selenium.remote.RemoteWebElement) values: [[[CChromeDriver: chrome on MAC (9e625cce48831539f0acc899efc0e14b)] -> xpath: //tbody[@class='ant-table-tbody']/tr/td/span[@class='ant-table-row-indent indent-level-0']]]
Possible solutions: getText(com.kms.katalon.core.testobject.TestObject), getText(com.kms.katalon.core.testobject.TestObject, com.kms.katalon.core.model.FailureHandling), setText(com.kms.katalon.core.testobject.TestObject, java.lang.String), setText(com.kms.katalon.core.testobject.TestObject, java.lang.String, com.kms.katalon.core.model.FailureHandling), getAt(java.lang.String), getUrl()
	at Receivables.run(Receivables:35)
	at com.kms.katalon.core.main.ScriptEngine.run(ScriptEngine.java:194)
	at com.kms.katalon.core.main.ScriptEngine.runScriptAsRawText(ScriptEngine.java:119)
	at com.kms.katalon.core.main.TestCaseExecutor.runScript(TestCaseExecutor.java:328)
	at com.kms.katalon.core.main.TestCaseExecutor.doExecute(TestCaseExecutor.java:319)
	at com.kms.katalon.core.main.TestCaseExecutor.processExecutionPhase(TestCaseExecutor.java:298)
	at com.kms.katalon.core.main.TestCaseExecutor.accessMainPhase(TestCaseExecutor.java:290)
	at com.kms.katalon.core.main.TestCaseExecutor.execute(TestCaseExecutor.java:224)
	at com.kms.katalon.core.main.TestSuiteExecutor.accessTestCaseMainPhase(TestSuiteExecutor.java:129)
	at com.kms.katalon.core.main.TestSuiteExecutor.accessTestSuiteMainPhase(TestSuiteExecutor.java:112)
	at com.kms.katalon.core.main.TestSuiteExecutor.execute(TestSuiteExecutor.java:81)
	at com.kms.katalon.core.main.TestCaseMain.startTestSuite(TestCaseMain.java:149)
	at com.kms.katalon.core.main.TestCaseMain$startTestSuite$0.call(Unknown Source)
	at TempTestSuite1560320072095.run(TempTestSuite1560320072095.groovy:36)]]></system-err>
   </testsuite>
</testsuites>
