<?xml version="1.0" encoding="UTF-8"?>
<testsuites name="Invoices" time="91" tests="3" failures="1" errors="1">
   <testsuite name="Invoices" tests="3" failures="1" errors="1" time="91" timestamp="2019-06-14 13:19:40" hostname="nivedita - 192.168.0.12" id="Test Suites/Lemoney/Invoices">
      <properties>
         <property name="deviceName" value=""/>
         <property name="devicePlatform" value=""/>
         <property name="logFolder" value="/Users/nivedita/git/KatalonFirstUIProject/Reports/Lemoney/Invoices/20190614_131907"/>
         <property name="logFiles" value="/Users/nivedita/git/KatalonFirstUIProject/Reports/Lemoney/Invoices/20190614_131907/execution0.log"/>
         <property name="attachments" value="/Users/nivedita/git/KatalonFirstUIProject/Reports/Lemoney/Invoices/20190614_131907/1560498671205.png"/>
         <property name="hostName" value="nivedita - 192.168.0.12"/>
         <property name="os" value="Mac OS X 64bit"/>
         <property name="katalonVersion" value="5.10.1.1"/>
         <property name="browser" value="Chrome 74.0.3729.169"/>
         <property name="hostAddress" value="192.168.0.12"/>
         <property name="sessionId" value="ee63f498b14067bcc53357f3e3608617"/>
         <property name="seleniumVersion" value="3.7.1"/>
         <property name="proxyInformation" value="ProxyInformation{proxyOption=NO_PROXY, proxyServerType=HTTP, password=, proxyServerAddress=, proxyServerPort=0}"/>
         <property name="platform" value="Mac OS X"/>
      </properties>
      <testcase name="Test Cases/Lemoney/Setup and TearDown/Setup" classname="Test Cases/Lemoney/Setup and TearDown/Setup" status="PASSED">
         <system-out><![CDATA[2019-06-14 13:19:41 - [TEST_CASE][PASSED] - Test Cases/Lemoney/Setup and TearDown/Setup: Test Cases/Lemoney/Setup and TearDown/Setup

2019-06-14 13:19:41 - [TEST_STEP][PASSED] - Start listener action : sampleBeforeTestCase: null

2019-06-14 13:19:41 - [TEST_STEP][PASSED] - println(testCaseContext.getTestCaseId()): null

2019-06-14 13:19:41 - [TEST_STEP][PASSED] - println(testCaseContext.getTestCaseVariables()): null

2019-06-14 13:19:41 - [TEST_STEP][PASSED] - println(" This is before test"): null

2019-06-14 13:19:41 - [TEST_STEP][PASSED] - Start setup action : setUp: Method 'setUp' complete successfully

2019-06-14 13:19:41 - [TEST_STEP][PASSED] - openBrowser(""): Browser is opened with url: ''

2019-06-14 13:19:42 - [MESSAGE][INFO] - Starting 'Chrome' driver

2019-06-14 13:19:42 - [MESSAGE][INFO] - Action delay is set to 0 seconds

2019-06-14 13:19:45 - [MESSAGE][PASSED] - Browser is opened with url: ''

2019-06-14 13:19:45 - [TEST_STEP][PASSED] - navigateToUrl("https://lmpro.netlify.com/"): Navigate to 'https://lmpro.netlify.com/' successfully

2019-06-14 13:19:54 - [MESSAGE][PASSED] - Navigate to 'https://lmpro.netlify.com/' successfully

2019-06-14 13:19:54 - [TEST_STEP][PASSED] - verifyElementPresent(findTestObject("Lemoney/Setup/Login/img_Lemoney_logo"), 10): Object 'Object Repository/Lemoney/Setup/Login/img_Lemoney_logo' is present

2019-06-14 13:19:54 - [MESSAGE][PASSED] - Object 'Object Repository/Lemoney/Setup/Login/img_Lemoney_logo' is present

2019-06-14 13:19:54 - [TEST_STEP][PASSED] - verifyElementPresent(findTestObject("Lemoney/Setup/Login/Title_Lemoney"), 10): Object 'Object Repository/Lemoney/Setup/Login/Title_Lemoney' is present

2019-06-14 13:19:54 - [MESSAGE][PASSED] - Object 'Object Repository/Lemoney/Setup/Login/Title_Lemoney' is present

2019-06-14 13:19:54 - [TEST_STEP][PASSED] - verifyElementPresent(findTestObject("Lemoney/Setup/Login/Title_Making Banking Useful"), 10): Object 'Object Repository/Lemoney/Setup/Login/Title_Making Banking Useful' is present

2019-06-14 13:19:54 - [MESSAGE][PASSED] - Object 'Object Repository/Lemoney/Setup/Login/Title_Making Banking Useful' is present

2019-06-14 13:19:54 - [TEST_STEP][PASSED] - verifyElementPresent(findTestObject("Lemoney/Setup/Login/div_Enter Username  Password"), 10): Object 'Object Repository/Lemoney/Setup/Login/div_Enter Username  Password' is present

2019-06-14 13:19:54 - [MESSAGE][PASSED] - Object 'Object Repository/Lemoney/Setup/Login/div_Enter Username  Password' is present

2019-06-14 13:19:54 - [TEST_STEP][PASSED] - setText(findTestObject("Lemoney/Setup/Login/input_EnterUserName"), "owner@lemoney.com"): Text 'owner@lemoney.com' is set on object 'Object Repository/Lemoney/Setup/Login/input_EnterUserName'

2019-06-14 13:19:55 - [MESSAGE][PASSED] - Text 'owner@lemoney.com' is set on object 'Object Repository/Lemoney/Setup/Login/input_EnterUserName'

2019-06-14 13:19:55 - [TEST_STEP][PASSED] - setText(findTestObject("Lemoney/Setup/Login/input_EnterPassword"), "123456"): Text '123456' is set on object 'Object Repository/Lemoney/Setup/Login/input_EnterPassword'

2019-06-14 13:19:55 - [MESSAGE][PASSED] - Text '123456' is set on object 'Object Repository/Lemoney/Setup/Login/input_EnterPassword'

2019-06-14 13:19:55 - [TEST_STEP][PASSED] - click(findTestObject("Lemoney/Setup/Login/button_Login")): Object: 'Object Repository/Lemoney/Setup/Login/button_Login' is clicked on

2019-06-14 13:19:55 - [MESSAGE][PASSED] - Object: 'Object Repository/Lemoney/Setup/Login/button_Login' is clicked on

2019-06-14 13:19:55 - [MESSAGE][PASSED] - Method 'setUp' complete successfully

2019-06-14 13:19:55 - [TEST_STEP][PASSED] - waitForElementPresent(findTestObject("Lemoney/Setup/Logout/img_profileImage"), 10): Object 'Object Repository/Lemoney/Setup/Logout/img_profileImage' is present

2019-06-14 13:19:55 - [MESSAGE][PASSED] - Object 'Object Repository/Lemoney/Setup/Logout/img_profileImage' is present

2019-06-14 13:19:55 - [TEST_STEP][PASSED] - Start listener action : sampleAfterTestCase: null

2019-06-14 13:19:55 - [TEST_STEP][PASSED] - println(testCaseContext.getTestCaseId()): null

2019-06-14 13:19:55 - [TEST_STEP][PASSED] - println(testCaseContext.getTestCaseStatus()): null]]></system-out>
         <system-err><![CDATA[]]></system-err>
      </testcase>
      <testcase name="Test Cases/Lemoney/DataBase/DatabaseConnection" classname="Test Cases/Lemoney/DataBase/DatabaseConnection" status="PASSED">
         <system-out><![CDATA[2019-06-14 13:19:55 - [TEST_CASE][PASSED] - Test Cases/Lemoney/DataBase/DatabaseConnection: Test Cases/Lemoney/DataBase/DatabaseConnection

2019-06-14 13:19:55 - [TEST_STEP][PASSED] - Start listener action : sampleBeforeTestCase: null

2019-06-14 13:19:55 - [TEST_STEP][PASSED] - println(testCaseContext.getTestCaseId()): null

2019-06-14 13:19:55 - [TEST_STEP][PASSED] - println(testCaseContext.getTestCaseVariables()): null

2019-06-14 13:19:55 - [TEST_STEP][PASSED] - println(" This is before test"): null

2019-06-14 13:19:56 - [TEST_STEP][PASSED] - url = "apiserver.cw1p29kfimzt.ap-south-1.rds.amazonaws.com": null

2019-06-14 13:19:56 - [TEST_STEP][PASSED] - dbname = "apiserver": null

2019-06-14 13:19:56 - [TEST_STEP][PASSED] - port = "5432": null

2019-06-14 13:19:56 - [TEST_STEP][PASSED] - userName = "apiserver": null

2019-06-14 13:19:56 - [TEST_STEP][PASSED] - passWord = "api-server-db-pwd": null

2019-06-14 13:19:56 - [TEST_STEP][PASSED] - com.database.DemoSQLPro.connectDB(url, dbname, port, userName, passWord): com.database.DemoSQLPro.connectDB is PASSED

2019-06-14 13:19:56 - [MESSAGE][PASSED] - com.database.DemoSQLPro.connectDB is PASSED

2019-06-14 13:19:56 - [TEST_STEP][PASSED] - Start listener action : sampleAfterTestCase: null

2019-06-14 13:19:56 - [TEST_STEP][PASSED] - println(testCaseContext.getTestCaseId()): null

2019-06-14 13:19:56 - [TEST_STEP][PASSED] - println(testCaseContext.getTestCaseStatus()): null]]></system-out>
         <system-err><![CDATA[]]></system-err>
      </testcase>
      <testcase name="Test Cases/Lemoney/DataBase/Table_invoiceListing" classname="Test Cases/Lemoney/DataBase/Table_invoiceListing" status="ERROR">
         <error type="ERROR" message="Test Cases/Lemoney/DataBase/Table_invoiceListing FAILED.
Reason:
java.lang.IndexOutOfBoundsException: Index: 0
	at java_util_List$get$0.call(Unknown Source)
	at Table_invoiceListing.run(Table_invoiceListing:62)
	at com.kms.katalon.core.main.ScriptEngine.run(ScriptEngine.java:194)
	at com.kms.katalon.core.main.ScriptEngine.runScriptAsRawText(ScriptEngine.java:119)
	at com.kms.katalon.core.main.TestCaseExecutor.runScript(TestCaseExecutor.java:328)
	at com.kms.katalon.core.main.TestCaseExecutor.doExecute(TestCaseExecutor.java:319)
	at com.kms.katalon.core.main.TestCaseExecutor.processExecutionPhase(TestCaseExecutor.java:298)
	at com.kms.katalon.core.main.TestCaseExecutor.accessMainPhase(TestCaseExecutor.java:290)
	at com.kms.katalon.core.main.TestCaseExecutor.execute(TestCaseExecutor.java:224)
	at com.kms.katalon.core.main.TestSuiteExecutor.accessTestCaseMainPhase(TestSuiteExecutor.java:129)
	at com.kms.katalon.core.main.TestSuiteExecutor.accessTestSuiteMainPhase(TestSuiteExecutor.java:112)
	at com.kms.katalon.core.main.TestSuiteExecutor.execute(TestSuiteExecutor.java:81)
	at com.kms.katalon.core.main.TestCaseMain.startTestSuite(TestCaseMain.java:149)
	at com.kms.katalon.core.main.TestCaseMain$startTestSuite$0.call(Unknown Source)
	at TempTestSuite1560498577708.run(TempTestSuite1560498577708.groovy:36)
"/>
         <system-out><![CDATA[2019-06-14 13:19:56 - [TEST_CASE][ERROR] - Test Cases/Lemoney/DataBase/Table_invoiceListing: Test Cases/Lemoney/DataBase/Table_invoiceListing FAILED.
Reason:
java.lang.IndexOutOfBoundsException: Index: 0
	at java_util_List$get$0.call(Unknown Source)
	at Table_invoiceListing.run(Table_invoiceListing:62)
	at com.kms.katalon.core.main.ScriptEngine.run(ScriptEngine.java:194)
	at com.kms.katalon.core.main.ScriptEngine.runScriptAsRawText(ScriptEngine.java:119)
	at com.kms.katalon.core.main.TestCaseExecutor.runScript(TestCaseExecutor.java:328)
	at com.kms.katalon.core.main.TestCaseExecutor.doExecute(TestCaseExecutor.java:319)
	at com.kms.katalon.core.main.TestCaseExecutor.processExecutionPhase(TestCaseExecutor.java:298)
	at com.kms.katalon.core.main.TestCaseExecutor.accessMainPhase(TestCaseExecutor.java:290)
	at com.kms.katalon.core.main.TestCaseExecutor.execute(TestCaseExecutor.java:224)
	at com.kms.katalon.core.main.TestSuiteExecutor.accessTestCaseMainPhase(TestSuiteExecutor.java:129)
	at com.kms.katalon.core.main.TestSuiteExecutor.accessTestSuiteMainPhase(TestSuiteExecutor.java:112)
	at com.kms.katalon.core.main.TestSuiteExecutor.execute(TestSuiteExecutor.java:81)
	at com.kms.katalon.core.main.TestCaseMain.startTestSuite(TestCaseMain.java:149)
	at com.kms.katalon.core.main.TestCaseMain$startTestSuite$0.call(Unknown Source)
	at TempTestSuite1560498577708.run(TempTestSuite1560498577708.groovy:36)


2019-06-14 13:19:57 - [TEST_STEP][PASSED] - Start listener action : sampleBeforeTestCase: null

2019-06-14 13:19:57 - [TEST_STEP][PASSED] - println(testCaseContext.getTestCaseId()): null

2019-06-14 13:19:57 - [TEST_STEP][PASSED] - println(testCaseContext.getTestCaseVariables()): null

2019-06-14 13:19:57 - [TEST_STEP][PASSED] - println(" This is before test"): null

2019-06-14 13:19:57 - [TEST_STEP][PASSED] - Invoice_nbr = "INV_NBR_2": null

2019-06-14 13:19:57 - [TEST_STEP][PASSED] - queryString = select invoice_nbr,id,bill_to,invoice_sent_at,payment_due_date,total_cost from invoice where invoice_nbr='$Invoice_nbr': null

2019-06-14 13:19:57 - [TEST_STEP][PASSED] - result = com.database.DemoSQLPro.executeQuery(queryString): com.database.DemoSQLPro.executeQuery is PASSED

2019-06-14 13:19:57 - [MESSAGE][PASSED] - com.database.DemoSQLPro.executeQuery is PASSED

2019-06-14 13:19:57 - [TEST_STEP][PASSED] - while (result.next()): null

2019-06-14 13:19:57 - [TEST_STEP][PASSED] - println("invoice nbr : " + result.getString(1)): null

2019-06-14 13:19:57 - [TEST_STEP][PASSED] - println("id : " + result.getString(2)): null

2019-06-14 13:19:57 - [TEST_STEP][PASSED] - println("billTo : " + result.getString(3)): null

2019-06-14 13:19:57 - [TEST_STEP][PASSED] - println("InvoiceDate : " + result.getString(4)): null

2019-06-14 13:19:57 - [TEST_STEP][PASSED] - println("Due date : " + result.getString(5)): null

2019-06-14 13:19:57 - [TEST_STEP][PASSED] - println("Amount : " + result.getString(6)): null

2019-06-14 13:19:57 - [TEST_STEP][PASSED] - driver = getWebDriver(): null

2019-06-14 13:19:58 - [TEST_STEP][PASSED] - RowDataPrecedingInvoice_nbr = findWebElements(findTestObject("Object Repository/Lemoney/Invoices/Receivables/DataBaseObjects/Page_Dashboard/td_29 Mar 2019"), 10): Unable to find the element located by 'By.xpath: //span[(text() = '${Invoice_nbr}' or . = '${Invoice_nbr}')]/preceding::td'. Please recheck the objects properties to make sure the desired element is located. 

2019-06-14 13:20:08 - [MESSAGE][INFO] - Unable to find the element located by 'By.xpath: //span[(text() = '${Invoice_nbr}' or . = '${Invoice_nbr}')]/preceding::td'. Please recheck the objects properties to make sure the desired element is located. 

2019-06-14 13:20:08 - [TEST_STEP][ERROR] - println(get(0).getText()): println(get(0).getText()) FAILED.
Reason:
java.lang.IndexOutOfBoundsException: Index: 0
	at java_util_List$get$0.call(Unknown Source)
	at Table_invoiceListing.run(Table_invoiceListing:62)
	at com.kms.katalon.core.main.ScriptEngine.run(ScriptEngine.java:194)
	at com.kms.katalon.core.main.ScriptEngine.runScriptAsRawText(ScriptEngine.java:119)
	at com.kms.katalon.core.main.TestCaseExecutor.runScript(TestCaseExecutor.java:328)
	at com.kms.katalon.core.main.TestCaseExecutor.doExecute(TestCaseExecutor.java:319)
	at com.kms.katalon.core.main.TestCaseExecutor.processExecutionPhase(TestCaseExecutor.java:298)
	at com.kms.katalon.core.main.TestCaseExecutor.accessMainPhase(TestCaseExecutor.java:290)
	at com.kms.katalon.core.main.TestCaseExecutor.execute(TestCaseExecutor.java:224)
	at com.kms.katalon.core.main.TestSuiteExecutor.accessTestCaseMainPhase(TestSuiteExecutor.java:129)
	at com.kms.katalon.core.main.TestSuiteExecutor.accessTestSuiteMainPhase(TestSuiteExecutor.java:112)
	at com.kms.katalon.core.main.TestSuiteExecutor.execute(TestSuiteExecutor.java:81)
	at com.kms.katalon.core.main.TestCaseMain.startTestSuite(TestCaseMain.java:149)
	at com.kms.katalon.core.main.TestCaseMain$startTestSuite$0.call(Unknown Source)
	at TempTestSuite1560498577708.run(TempTestSuite1560498577708.groovy:36)


2019-06-14 13:20:08 - [MESSAGE][ERROR] - println(get(0).getText()) FAILED.
Reason:
java.lang.IndexOutOfBoundsException: Index: 0
	at java_util_List$get$0.call(Unknown Source)
	at Table_invoiceListing.run(Table_invoiceListing:62)
	at com.kms.katalon.core.main.ScriptEngine.run(ScriptEngine.java:194)
	at com.kms.katalon.core.main.ScriptEngine.runScriptAsRawText(ScriptEngine.java:119)
	at com.kms.katalon.core.main.TestCaseExecutor.runScript(TestCaseExecutor.java:328)
	at com.kms.katalon.core.main.TestCaseExecutor.doExecute(TestCaseExecutor.java:319)
	at com.kms.katalon.core.main.TestCaseExecutor.processExecutionPhase(TestCaseExecutor.java:298)
	at com.kms.katalon.core.main.TestCaseExecutor.accessMainPhase(TestCaseExecutor.java:290)
	at com.kms.katalon.core.main.TestCaseExecutor.execute(TestCaseExecutor.java:224)
	at com.kms.katalon.core.main.TestSuiteExecutor.accessTestCaseMainPhase(TestSuiteExecutor.java:129)
	at com.kms.katalon.core.main.TestSuiteExecutor.accessTestSuiteMainPhase(TestSuiteExecutor.java:112)
	at com.kms.katalon.core.main.TestSuiteExecutor.execute(TestSuiteExecutor.java:81)
	at com.kms.katalon.core.main.TestCaseMain.startTestSuite(TestCaseMain.java:149)
	at com.kms.katalon.core.main.TestCaseMain$startTestSuite$0.call(Unknown Source)
	at TempTestSuite1560498577708.run(TempTestSuite1560498577708.groovy:36)


2019-06-14 13:20:08 - [TEST_STEP][PASSED] - Start listener action : sampleAfterTestCase: null

2019-06-14 13:20:08 - [TEST_STEP][PASSED] - println(testCaseContext.getTestCaseId()): null

2019-06-14 13:20:08 - [TEST_STEP][PASSED] - println(testCaseContext.getTestCaseStatus()): null]]></system-out>
         <system-err><![CDATA[2019-06-14 13:19:56 - [TEST_CASE][ERROR] - Test Cases/Lemoney/DataBase/Table_invoiceListing: Test Cases/Lemoney/DataBase/Table_invoiceListing FAILED.
Reason:
java.lang.IndexOutOfBoundsException: Index: 0
	at java_util_List$get$0.call(Unknown Source)
	at Table_invoiceListing.run(Table_invoiceListing:62)
	at com.kms.katalon.core.main.ScriptEngine.run(ScriptEngine.java:194)
	at com.kms.katalon.core.main.ScriptEngine.runScriptAsRawText(ScriptEngine.java:119)
	at com.kms.katalon.core.main.TestCaseExecutor.runScript(TestCaseExecutor.java:328)
	at com.kms.katalon.core.main.TestCaseExecutor.doExecute(TestCaseExecutor.java:319)
	at com.kms.katalon.core.main.TestCaseExecutor.processExecutionPhase(TestCaseExecutor.java:298)
	at com.kms.katalon.core.main.TestCaseExecutor.accessMainPhase(TestCaseExecutor.java:290)
	at com.kms.katalon.core.main.TestCaseExecutor.execute(TestCaseExecutor.java:224)
	at com.kms.katalon.core.main.TestSuiteExecutor.accessTestCaseMainPhase(TestSuiteExecutor.java:129)
	at com.kms.katalon.core.main.TestSuiteExecutor.accessTestSuiteMainPhase(TestSuiteExecutor.java:112)
	at com.kms.katalon.core.main.TestSuiteExecutor.execute(TestSuiteExecutor.java:81)
	at com.kms.katalon.core.main.TestCaseMain.startTestSuite(TestCaseMain.java:149)
	at com.kms.katalon.core.main.TestCaseMain$startTestSuite$0.call(Unknown Source)
	at TempTestSuite1560498577708.run(TempTestSuite1560498577708.groovy:36)]]></system-err>
      </testcase>
      <testcase name="Test Cases/Lemoney/DataBase/CloseDBConnection" classname="Test Cases/Lemoney/DataBase/CloseDBConnection" status="PASSED">
         <system-out><![CDATA[2019-06-14 13:20:08 - [TEST_CASE][PASSED] - Test Cases/Lemoney/DataBase/CloseDBConnection: Test Cases/Lemoney/DataBase/CloseDBConnection

2019-06-14 13:20:08 - [TEST_STEP][PASSED] - Start listener action : sampleBeforeTestCase: null

2019-06-14 13:20:08 - [TEST_STEP][PASSED] - println(testCaseContext.getTestCaseId()): null

2019-06-14 13:20:08 - [TEST_STEP][PASSED] - println(testCaseContext.getTestCaseVariables()): null

2019-06-14 13:20:08 - [TEST_STEP][PASSED] - println(" This is before test"): null

2019-06-14 13:20:08 - [TEST_STEP][PASSED] - com.database.DemoSQLPro.closeDatabaseConnection(): com.database.DemoSQLPro.closeDatabaseConnection is PASSED

2019-06-14 13:20:08 - [MESSAGE][PASSED] - com.database.DemoSQLPro.closeDatabaseConnection is PASSED

2019-06-14 13:20:08 - [TEST_STEP][PASSED] - Start listener action : sampleAfterTestCase: null

2019-06-14 13:20:08 - [TEST_STEP][PASSED] - println(testCaseContext.getTestCaseId()): null

2019-06-14 13:20:08 - [TEST_STEP][PASSED] - println(testCaseContext.getTestCaseStatus()): null]]></system-out>
         <system-err><![CDATA[]]></system-err>
      </testcase>
      <testcase name="Test Cases/Lemoney/Setup and TearDown/TearDown" classname="Test Cases/Lemoney/Setup and TearDown/TearDown" status="FAILED">
         <failure type="FAILED" message="Test Cases/Lemoney/Setup and TearDown/TearDown FAILED.
Reason:
com.kms.katalon.core.exception.StepFailedException: Unable to click on object 'Object Repository/Lemoney/Setup/Logout/Logout' (Root cause: com.kms.katalon.core.webui.exception.WebElementNotFoundException: Web element with id: 'Object Repository/Lemoney/Setup/Logout/Logout' located by 'By.xpath: //li[@class='ant-dropdown-menu-item']/span[contains(text(),'logout')]' not found)
	at com.kms.katalon.core.keyword.internal.KeywordMain.stepFailed(KeywordMain.groovy:32)
	at com.kms.katalon.core.webui.keyword.internal.WebUIKeywordMain.stepFailed(WebUIKeywordMain.groovy:65)
	at com.kms.katalon.core.webui.keyword.internal.WebUIKeywordMain.runKeyword(WebUIKeywordMain.groovy:27)
	at com.kms.katalon.core.webui.keyword.builtin.ClickKeyword.click(ClickKeyword.groovy:86)
	at com.kms.katalon.core.webui.keyword.builtin.ClickKeyword.execute(ClickKeyword.groovy:67)
	at com.kms.katalon.core.keyword.internal.KeywordExecutor.executeKeywordForPlatform(KeywordExecutor.groovy:53)
	at com.kms.katalon.core.webui.keyword.WebUiBuiltInKeywords.click(WebUiBuiltInKeywords.groovy:616)
	at com.kms.katalon.core.webui.keyword.WebUiBuiltInKeywords$click$3.call(Unknown Source)
	at TearDown.run(TearDown:20)
	at com.kms.katalon.core.main.ScriptEngine.run(ScriptEngine.java:194)
	at com.kms.katalon.core.main.ScriptEngine.runScriptAsRawText(ScriptEngine.java:119)
	at com.kms.katalon.core.main.TestCaseExecutor.runScript(TestCaseExecutor.java:328)
	at com.kms.katalon.core.main.TestCaseExecutor.doExecute(TestCaseExecutor.java:319)
	at com.kms.katalon.core.main.TestCaseExecutor.processExecutionPhase(TestCaseExecutor.java:298)
	at com.kms.katalon.core.main.TestCaseExecutor.accessMainPhase(TestCaseExecutor.java:290)
	at com.kms.katalon.core.main.TestCaseExecutor.execute(TestCaseExecutor.java:224)
	at com.kms.katalon.core.main.TestSuiteExecutor.accessTestCaseMainPhase(TestSuiteExecutor.java:129)
	at com.kms.katalon.core.main.TestSuiteExecutor.accessTestSuiteMainPhase(TestSuiteExecutor.java:112)
	at com.kms.katalon.core.main.TestSuiteExecutor.execute(TestSuiteExecutor.java:81)
	at com.kms.katalon.core.main.TestCaseMain.startTestSuite(TestCaseMain.java:149)
	at com.kms.katalon.core.main.TestCaseMain$startTestSuite$0.call(Unknown Source)
	at TempTestSuite1560498577708.run(TempTestSuite1560498577708.groovy:36)
"/>
         <system-out><![CDATA[2019-06-14 13:20:08 - [TEST_CASE][FAILED] - Test Cases/Lemoney/Setup and TearDown/TearDown: Test Cases/Lemoney/Setup and TearDown/TearDown FAILED.
Reason:
com.kms.katalon.core.exception.StepFailedException: Unable to click on object 'Object Repository/Lemoney/Setup/Logout/Logout' (Root cause: com.kms.katalon.core.webui.exception.WebElementNotFoundException: Web element with id: 'Object Repository/Lemoney/Setup/Logout/Logout' located by 'By.xpath: //li[@class='ant-dropdown-menu-item']/span[contains(text(),'logout')]' not found)
	at com.kms.katalon.core.keyword.internal.KeywordMain.stepFailed(KeywordMain.groovy:32)
	at com.kms.katalon.core.webui.keyword.internal.WebUIKeywordMain.stepFailed(WebUIKeywordMain.groovy:65)
	at com.kms.katalon.core.webui.keyword.internal.WebUIKeywordMain.runKeyword(WebUIKeywordMain.groovy:27)
	at com.kms.katalon.core.webui.keyword.builtin.ClickKeyword.click(ClickKeyword.groovy:86)
	at com.kms.katalon.core.webui.keyword.builtin.ClickKeyword.execute(ClickKeyword.groovy:67)
	at com.kms.katalon.core.keyword.internal.KeywordExecutor.executeKeywordForPlatform(KeywordExecutor.groovy:53)
	at com.kms.katalon.core.webui.keyword.WebUiBuiltInKeywords.click(WebUiBuiltInKeywords.groovy:616)
	at com.kms.katalon.core.webui.keyword.WebUiBuiltInKeywords$click$3.call(Unknown Source)
	at TearDown.run(TearDown:20)
	at com.kms.katalon.core.main.ScriptEngine.run(ScriptEngine.java:194)
	at com.kms.katalon.core.main.ScriptEngine.runScriptAsRawText(ScriptEngine.java:119)
	at com.kms.katalon.core.main.TestCaseExecutor.runScript(TestCaseExecutor.java:328)
	at com.kms.katalon.core.main.TestCaseExecutor.doExecute(TestCaseExecutor.java:319)
	at com.kms.katalon.core.main.TestCaseExecutor.processExecutionPhase(TestCaseExecutor.java:298)
	at com.kms.katalon.core.main.TestCaseExecutor.accessMainPhase(TestCaseExecutor.java:290)
	at com.kms.katalon.core.main.TestCaseExecutor.execute(TestCaseExecutor.java:224)
	at com.kms.katalon.core.main.TestSuiteExecutor.accessTestCaseMainPhase(TestSuiteExecutor.java:129)
	at com.kms.katalon.core.main.TestSuiteExecutor.accessTestSuiteMainPhase(TestSuiteExecutor.java:112)
	at com.kms.katalon.core.main.TestSuiteExecutor.execute(TestSuiteExecutor.java:81)
	at com.kms.katalon.core.main.TestCaseMain.startTestSuite(TestCaseMain.java:149)
	at com.kms.katalon.core.main.TestCaseMain$startTestSuite$0.call(Unknown Source)
	at TempTestSuite1560498577708.run(TempTestSuite1560498577708.groovy:36)


2019-06-14 13:20:08 - [TEST_STEP][PASSED] - Start listener action : sampleBeforeTestCase: null

2019-06-14 13:20:08 - [TEST_STEP][PASSED] - println(testCaseContext.getTestCaseId()): null

2019-06-14 13:20:08 - [TEST_STEP][PASSED] - println(testCaseContext.getTestCaseVariables()): null

2019-06-14 13:20:08 - [TEST_STEP][PASSED] - println(" This is before test"): null

2019-06-14 13:20:09 - [TEST_STEP][PASSED] - mouseOver(findTestObject("Lemoney/Setup/Logout/img_profileImage")): Object: 'Object Repository/Lemoney/Setup/Logout/img_profileImage' is hovered

2019-06-14 13:20:09 - [MESSAGE][PASSED] - Object: 'Object Repository/Lemoney/Setup/Logout/img_profileImage' is hovered

2019-06-14 13:20:09 - [TEST_STEP][FAILED] - click(findTestObject("Lemoney/Setup/Logout/Logout")): Unable to click on object 'Object Repository/Lemoney/Setup/Logout/Logout' (Root cause: com.kms.katalon.core.webui.exception.WebElementNotFoundException: Web element with id: 'Object Repository/Lemoney/Setup/Logout/Logout' located by 'By.xpath: //li[@class='ant-dropdown-menu-item']/span[contains(text(),'logout')]' not found)

2019-06-14 13:21:11 - [MESSAGE][INFO] - Unable to find the element located by 'By.xpath: //li[@class='ant-dropdown-menu-item']/span[contains(text(),'logout')]'. Please recheck the objects properties to make sure the desired element is located. 

2019-06-14 13:21:11 - [MESSAGE][FAILED] - Unable to click on object 'Object Repository/Lemoney/Setup/Logout/Logout' (Root cause: com.kms.katalon.core.webui.exception.WebElementNotFoundException: Web element with id: 'Object Repository/Lemoney/Setup/Logout/Logout' located by 'By.xpath: //li[@class='ant-dropdown-menu-item']/span[contains(text(),'logout')]' not found)
[[ATTACHMENT|/Users/nivedita/git/KatalonFirstUIProject/Reports/Lemoney/Invoices/20190614_131907/1560498671205.png]]

2019-06-14 13:21:11 - [TEST_STEP][FAILED] - closeBrowser(): closeBrowser() FAILED.
Reason:
com.kms.katalon.core.exception.StepFailedException: Unable to click on object 'Object Repository/Lemoney/Setup/Logout/Logout' (Root cause: com.kms.katalon.core.webui.exception.WebElementNotFoundException: Web element with id: 'Object Repository/Lemoney/Setup/Logout/Logout' located by 'By.xpath: //li[@class='ant-dropdown-menu-item']/span[contains(text(),'logout')]' not found)
	at com.kms.katalon.core.keyword.internal.KeywordMain.stepFailed(KeywordMain.groovy:32)
	at com.kms.katalon.core.webui.keyword.internal.WebUIKeywordMain.stepFailed(WebUIKeywordMain.groovy:65)
	at com.kms.katalon.core.webui.keyword.internal.WebUIKeywordMain.runKeyword(WebUIKeywordMain.groovy:27)
	at com.kms.katalon.core.webui.keyword.builtin.ClickKeyword.click(ClickKeyword.groovy:86)
	at com.kms.katalon.core.webui.keyword.builtin.ClickKeyword.execute(ClickKeyword.groovy:67)
	at com.kms.katalon.core.keyword.internal.KeywordExecutor.executeKeywordForPlatform(KeywordExecutor.groovy:53)
	at com.kms.katalon.core.webui.keyword.WebUiBuiltInKeywords.click(WebUiBuiltInKeywords.groovy:616)
	at com.kms.katalon.core.webui.keyword.WebUiBuiltInKeywords$click$3.call(Unknown Source)
	at TearDown.run(TearDown:20)
	at com.kms.katalon.core.main.ScriptEngine.run(ScriptEngine.java:194)
	at com.kms.katalon.core.main.ScriptEngine.runScriptAsRawText(ScriptEngine.java:119)
	at com.kms.katalon.core.main.TestCaseExecutor.runScript(TestCaseExecutor.java:328)
	at com.kms.katalon.core.main.TestCaseExecutor.doExecute(TestCaseExecutor.java:319)
	at com.kms.katalon.core.main.TestCaseExecutor.processExecutionPhase(TestCaseExecutor.java:298)
	at com.kms.katalon.core.main.TestCaseExecutor.accessMainPhase(TestCaseExecutor.java:290)
	at com.kms.katalon.core.main.TestCaseExecutor.execute(TestCaseExecutor.java:224)
	at com.kms.katalon.core.main.TestSuiteExecutor.accessTestCaseMainPhase(TestSuiteExecutor.java:129)
	at com.kms.katalon.core.main.TestSuiteExecutor.accessTestSuiteMainPhase(TestSuiteExecutor.java:112)
	at com.kms.katalon.core.main.TestSuiteExecutor.execute(TestSuiteExecutor.java:81)
	at com.kms.katalon.core.main.TestCaseMain.startTestSuite(TestCaseMain.java:149)
	at com.kms.katalon.core.main.TestCaseMain$startTestSuite$0.call(Unknown Source)
	at TempTestSuite1560498577708.run(TempTestSuite1560498577708.groovy:36)


2019-06-14 13:21:11 - [MESSAGE][PASSED] - Browser is closed

2019-06-14 13:21:11 - [MESSAGE][FAILED] - closeBrowser() FAILED.
Reason:
com.kms.katalon.core.exception.StepFailedException: Unable to click on object 'Object Repository/Lemoney/Setup/Logout/Logout' (Root cause: com.kms.katalon.core.webui.exception.WebElementNotFoundException: Web element with id: 'Object Repository/Lemoney/Setup/Logout/Logout' located by 'By.xpath: //li[@class='ant-dropdown-menu-item']/span[contains(text(),'logout')]' not found)
	at com.kms.katalon.core.keyword.internal.KeywordMain.stepFailed(KeywordMain.groovy:32)
	at com.kms.katalon.core.webui.keyword.internal.WebUIKeywordMain.stepFailed(WebUIKeywordMain.groovy:65)
	at com.kms.katalon.core.webui.keyword.internal.WebUIKeywordMain.runKeyword(WebUIKeywordMain.groovy:27)
	at com.kms.katalon.core.webui.keyword.builtin.ClickKeyword.click(ClickKeyword.groovy:86)
	at com.kms.katalon.core.webui.keyword.builtin.ClickKeyword.execute(ClickKeyword.groovy:67)
	at com.kms.katalon.core.keyword.internal.KeywordExecutor.executeKeywordForPlatform(KeywordExecutor.groovy:53)
	at com.kms.katalon.core.webui.keyword.WebUiBuiltInKeywords.click(WebUiBuiltInKeywords.groovy:616)
	at com.kms.katalon.core.webui.keyword.WebUiBuiltInKeywords$click$3.call(Unknown Source)
	at TearDown.run(TearDown:20)
	at com.kms.katalon.core.main.ScriptEngine.run(ScriptEngine.java:194)
	at com.kms.katalon.core.main.ScriptEngine.runScriptAsRawText(ScriptEngine.java:119)
	at com.kms.katalon.core.main.TestCaseExecutor.runScript(TestCaseExecutor.java:328)
	at com.kms.katalon.core.main.TestCaseExecutor.doExecute(TestCaseExecutor.java:319)
	at com.kms.katalon.core.main.TestCaseExecutor.processExecutionPhase(TestCaseExecutor.java:298)
	at com.kms.katalon.core.main.TestCaseExecutor.accessMainPhase(TestCaseExecutor.java:290)
	at com.kms.katalon.core.main.TestCaseExecutor.execute(TestCaseExecutor.java:224)
	at com.kms.katalon.core.main.TestSuiteExecutor.accessTestCaseMainPhase(TestSuiteExecutor.java:129)
	at com.kms.katalon.core.main.TestSuiteExecutor.accessTestSuiteMainPhase(TestSuiteExecutor.java:112)
	at com.kms.katalon.core.main.TestSuiteExecutor.execute(TestSuiteExecutor.java:81)
	at com.kms.katalon.core.main.TestCaseMain.startTestSuite(TestCaseMain.java:149)
	at com.kms.katalon.core.main.TestCaseMain$startTestSuite$0.call(Unknown Source)
	at TempTestSuite1560498577708.run(TempTestSuite1560498577708.groovy:36)


2019-06-14 13:21:11 - [TEST_STEP][PASSED] - Start tear down : tearDown: Method 'tearDown' complete successfully

2019-06-14 13:21:11 - [MESSAGE][PASSED] - Method 'tearDown' complete successfully

2019-06-14 13:21:11 - [TEST_STEP][PASSED] - Start listener action : sampleAfterTestCase: null

2019-06-14 13:21:11 - [TEST_STEP][PASSED] - println(testCaseContext.getTestCaseId()): null

2019-06-14 13:21:11 - [TEST_STEP][PASSED] - println(testCaseContext.getTestCaseStatus()): null]]></system-out>
         <system-err><![CDATA[2019-06-14 13:20:08 - [TEST_CASE][FAILED] - Test Cases/Lemoney/Setup and TearDown/TearDown: Test Cases/Lemoney/Setup and TearDown/TearDown FAILED.
Reason:
com.kms.katalon.core.exception.StepFailedException: Unable to click on object 'Object Repository/Lemoney/Setup/Logout/Logout' (Root cause: com.kms.katalon.core.webui.exception.WebElementNotFoundException: Web element with id: 'Object Repository/Lemoney/Setup/Logout/Logout' located by 'By.xpath: //li[@class='ant-dropdown-menu-item']/span[contains(text(),'logout')]' not found)
	at com.kms.katalon.core.keyword.internal.KeywordMain.stepFailed(KeywordMain.groovy:32)
	at com.kms.katalon.core.webui.keyword.internal.WebUIKeywordMain.stepFailed(WebUIKeywordMain.groovy:65)
	at com.kms.katalon.core.webui.keyword.internal.WebUIKeywordMain.runKeyword(WebUIKeywordMain.groovy:27)
	at com.kms.katalon.core.webui.keyword.builtin.ClickKeyword.click(ClickKeyword.groovy:86)
	at com.kms.katalon.core.webui.keyword.builtin.ClickKeyword.execute(ClickKeyword.groovy:67)
	at com.kms.katalon.core.keyword.internal.KeywordExecutor.executeKeywordForPlatform(KeywordExecutor.groovy:53)
	at com.kms.katalon.core.webui.keyword.WebUiBuiltInKeywords.click(WebUiBuiltInKeywords.groovy:616)
	at com.kms.katalon.core.webui.keyword.WebUiBuiltInKeywords$click$3.call(Unknown Source)
	at TearDown.run(TearDown:20)
	at com.kms.katalon.core.main.ScriptEngine.run(ScriptEngine.java:194)
	at com.kms.katalon.core.main.ScriptEngine.runScriptAsRawText(ScriptEngine.java:119)
	at com.kms.katalon.core.main.TestCaseExecutor.runScript(TestCaseExecutor.java:328)
	at com.kms.katalon.core.main.TestCaseExecutor.doExecute(TestCaseExecutor.java:319)
	at com.kms.katalon.core.main.TestCaseExecutor.processExecutionPhase(TestCaseExecutor.java:298)
	at com.kms.katalon.core.main.TestCaseExecutor.accessMainPhase(TestCaseExecutor.java:290)
	at com.kms.katalon.core.main.TestCaseExecutor.execute(TestCaseExecutor.java:224)
	at com.kms.katalon.core.main.TestSuiteExecutor.accessTestCaseMainPhase(TestSuiteExecutor.java:129)
	at com.kms.katalon.core.main.TestSuiteExecutor.accessTestSuiteMainPhase(TestSuiteExecutor.java:112)
	at com.kms.katalon.core.main.TestSuiteExecutor.execute(TestSuiteExecutor.java:81)
	at com.kms.katalon.core.main.TestCaseMain.startTestSuite(TestCaseMain.java:149)
	at com.kms.katalon.core.main.TestCaseMain$startTestSuite$0.call(Unknown Source)
	at TempTestSuite1560498577708.run(TempTestSuite1560498577708.groovy:36)]]></system-err>
      </testcase>
      <system-out><![CDATA[2019-06-14 13:19:40 - [TEST_SUITE][ERROR] - Invoices: Test Cases/Lemoney/DataBase/Table_invoiceListing FAILED.
Reason:
java.lang.IndexOutOfBoundsException: Index: 0
	at java_util_List$get$0.call(Unknown Source)
	at Table_invoiceListing.run(Table_invoiceListing:62)
	at com.kms.katalon.core.main.ScriptEngine.run(ScriptEngine.java:194)
	at com.kms.katalon.core.main.ScriptEngine.runScriptAsRawText(ScriptEngine.java:119)
	at com.kms.katalon.core.main.TestCaseExecutor.runScript(TestCaseExecutor.java:328)
	at com.kms.katalon.core.main.TestCaseExecutor.doExecute(TestCaseExecutor.java:319)
	at com.kms.katalon.core.main.TestCaseExecutor.processExecutionPhase(TestCaseExecutor.java:298)
	at com.kms.katalon.core.main.TestCaseExecutor.accessMainPhase(TestCaseExecutor.java:290)
	at com.kms.katalon.core.main.TestCaseExecutor.execute(TestCaseExecutor.java:224)
	at com.kms.katalon.core.main.TestSuiteExecutor.accessTestCaseMainPhase(TestSuiteExecutor.java:129)
	at com.kms.katalon.core.main.TestSuiteExecutor.accessTestSuiteMainPhase(TestSuiteExecutor.java:112)
	at com.kms.katalon.core.main.TestSuiteExecutor.execute(TestSuiteExecutor.java:81)
	at com.kms.katalon.core.main.TestCaseMain.startTestSuite(TestCaseMain.java:149)
	at com.kms.katalon.core.main.TestCaseMain$startTestSuite$0.call(Unknown Source)
	at TempTestSuite1560498577708.run(TempTestSuite1560498577708.groovy:36)]]></system-out>
      <system-err><![CDATA[2019-06-14 13:19:40 - [TEST_SUITE][ERROR] - Invoices: Test Cases/Lemoney/DataBase/Table_invoiceListing FAILED.
Reason:
java.lang.IndexOutOfBoundsException: Index: 0
	at java_util_List$get$0.call(Unknown Source)
	at Table_invoiceListing.run(Table_invoiceListing:62)
	at com.kms.katalon.core.main.ScriptEngine.run(ScriptEngine.java:194)
	at com.kms.katalon.core.main.ScriptEngine.runScriptAsRawText(ScriptEngine.java:119)
	at com.kms.katalon.core.main.TestCaseExecutor.runScript(TestCaseExecutor.java:328)
	at com.kms.katalon.core.main.TestCaseExecutor.doExecute(TestCaseExecutor.java:319)
	at com.kms.katalon.core.main.TestCaseExecutor.processExecutionPhase(TestCaseExecutor.java:298)
	at com.kms.katalon.core.main.TestCaseExecutor.accessMainPhase(TestCaseExecutor.java:290)
	at com.kms.katalon.core.main.TestCaseExecutor.execute(TestCaseExecutor.java:224)
	at com.kms.katalon.core.main.TestSuiteExecutor.accessTestCaseMainPhase(TestSuiteExecutor.java:129)
	at com.kms.katalon.core.main.TestSuiteExecutor.accessTestSuiteMainPhase(TestSuiteExecutor.java:112)
	at com.kms.katalon.core.main.TestSuiteExecutor.execute(TestSuiteExecutor.java:81)
	at com.kms.katalon.core.main.TestCaseMain.startTestSuite(TestCaseMain.java:149)
	at com.kms.katalon.core.main.TestCaseMain$startTestSuite$0.call(Unknown Source)
	at TempTestSuite1560498577708.run(TempTestSuite1560498577708.groovy:36)]]></system-err>
   </testsuite>
</testsuites>
