<?xml version="1.0" encoding="UTF-8"?>
<testsuites name="BigBasket" time="153" tests="2" failures="1" errors="1">
   <testsuite name="BigBasket" tests="2" failures="1" errors="1" time="153" timestamp="2019-02-22 10:07:37" hostname="nivedita - 192.168.0.106" id="Test Suites/BigBasket">
      <properties>
         <property name="deviceName" value=""/>
         <property name="devicePlatform" value=""/>
         <property name="logFolder" value="/Users/nivedita/git/KatalonFirstUIProject/Reports/BigBasket/20190222_100733"/>
         <property name="logFiles" value="/Users/nivedita/git/KatalonFirstUIProject/Reports/BigBasket/20190222_100733/execution0.log"/>
         <property name="attachments" value="/Users/nivedita/git/KatalonFirstUIProject/Reports/BigBasket/20190222_100733/1550810408801.png, /Users/nivedita/git/KatalonFirstUIProject/Reports/BigBasket/20190222_100733/1550810409190.png, /Users/nivedita/git/KatalonFirstUIProject/Reports/BigBasket/20190222_100733/1550810410107.png"/>
         <property name="hostName" value="nivedita - 192.168.0.106"/>
         <property name="os" value="Mac OS X 64bit"/>
         <property name="katalonVersion" value="5.10.1.1"/>
         <property name="browser" value="Chrome 72.0.3626.109"/>
         <property name="hostAddress" value="192.168.0.106"/>
         <property name="sessionId" value="6b4c8acd75a293cf662bed361c311ea1"/>
         <property name="seleniumVersion" value="3.7.1"/>
         <property name="proxyInformation" value="ProxyInformation{proxyOption=NO_PROXY, proxyServerType=HTTP, password=, proxyServerAddress=, proxyServerPort=0}"/>
         <property name="platform" value="Mac OS X"/>
      </properties>
      <testcase name="Test Cases/BigBasket/RemoveItemFromBasket" classname="Test Cases/BigBasket/RemoveItemFromBasket" status="ERROR">
         <error type="ERROR" message="Test Cases/BigBasket/RemoveItemFromBasket FAILED.
Reason:
org.openqa.selenium.ElementNotVisibleException: element not interactable
  (Session info: chrome=72.0.3626.109)
  (Driver info: chromedriver=2.43.600229 (3fae4d0cda5334b4f533bede5a4787f7b832d052),platform=Mac OS X 10.13.6 x86_64) (WARNING: The server did not provide any stacktrace information)
Command duration or timeout: 0 milliseconds
Build info: version: '3.7.1', revision: '8a0099a', time: '2017-11-06T21:07:36.161Z'
System info: host: 'Niveditas-MacBook-Air.local', ip: 'fe80:0:0:0:848:c8e3:a957:2764%en0', os.name: 'Mac OS X', os.arch: 'x86_64', os.version: '10.13.6', java.version: '1.8.0_181'
Driver info: com.kms.katalon.selenium.driver.CChromeDriver
Capabilities {acceptInsecureCerts: false, acceptSslCerts: false, applicationCacheEnabled: false, browserConnectionEnabled: false, browserName: chrome, chrome: {chromedriverVersion: 2.43.600229 (3fae4d0cda5334..., userDataDir: /var/folders/1p/92gdr4951qs...}, cssSelectorsEnabled: true, databaseEnabled: false, goog:chromeOptions: {debuggerAddress: localhost:56234}, handlesAlerts: true, hasTouchScreen: false, javascriptEnabled: true, locationContextEnabled: true, mobileEmulationEnabled: false, nativeEvents: true, networkConnectionEnabled: false, pageLoadStrategy: normal, platform: MAC, platformName: MAC, rotatable: false, setWindowRect: true, takesHeapSnapshot: true, takesScreenshot: true, unexpectedAlertBehaviour: , unhandledPromptBehavior: , version: 72.0.3626.109, webStorageEnabled: true}
Session ID: b6fe7faeb1e4504f863dbe6077e96416
	at org.openqa.selenium.remote.ErrorHandler.createThrowable(ErrorHandler.java:214)
	at org.openqa.selenium.remote.ErrorHandler.throwIfResponseFailed(ErrorHandler.java:166)
	at org.openqa.selenium.remote.http.JsonHttpResponseCodec.reconstructValue(JsonHttpResponseCodec.java:40)
	at org.openqa.selenium.remote.http.AbstractHttpResponseCodec.decode(AbstractHttpResponseCodec.java:80)
	at org.openqa.selenium.remote.http.AbstractHttpResponseCodec.decode(AbstractHttpResponseCodec.java:44)
	at org.openqa.selenium.remote.HttpCommandExecutor.execute(HttpCommandExecutor.java:164)
	at org.openqa.selenium.remote.service.DriverCommandExecutor.execute(DriverCommandExecutor.java:83)
	at org.openqa.selenium.remote.RemoteWebDriver.execute(RemoteWebDriver.java:600)
	at com.kms.katalon.selenium.driver.CChromeDriver.execute(CChromeDriver.java:20)
	at org.openqa.selenium.remote.RemoteWebElement.execute(RemoteWebElement.java:279)
	at org.openqa.selenium.remote.RemoteWebElement.click(RemoteWebElement.java:83)
	at org.openqa.selenium.WebElement$click$0.call(Unknown Source)
	at RemoveItemFromBasket.run(RemoveItemFromBasket:78)
	at com.kms.katalon.core.main.ScriptEngine.run(ScriptEngine.java:194)
	at com.kms.katalon.core.main.ScriptEngine.runScriptAsRawText(ScriptEngine.java:119)
	at com.kms.katalon.core.main.TestCaseExecutor.runScript(TestCaseExecutor.java:328)
	at com.kms.katalon.core.main.TestCaseExecutor.doExecute(TestCaseExecutor.java:319)
	at com.kms.katalon.core.main.TestCaseExecutor.processExecutionPhase(TestCaseExecutor.java:298)
	at com.kms.katalon.core.main.TestCaseExecutor.accessMainPhase(TestCaseExecutor.java:290)
	at com.kms.katalon.core.main.TestCaseExecutor.execute(TestCaseExecutor.java:224)
	at com.kms.katalon.core.main.TestSuiteExecutor.accessTestCaseMainPhase(TestSuiteExecutor.java:129)
	at com.kms.katalon.core.main.TestSuiteExecutor.accessTestSuiteMainPhase(TestSuiteExecutor.java:112)
	at com.kms.katalon.core.main.TestSuiteExecutor.execute(TestSuiteExecutor.java:81)
	at com.kms.katalon.core.main.TestCaseMain.startTestSuite(TestCaseMain.java:149)
	at com.kms.katalon.core.main.TestCaseMain$startTestSuite$0.call(Unknown Source)
	at TempTestSuite1550810253717.run(TempTestSuite1550810253717.groovy:36)
"/>
         <system-out><![CDATA[2019-02-22 10:07:37 - [TEST_CASE][ERROR] - Test Cases/BigBasket/RemoveItemFromBasket: Test Cases/BigBasket/RemoveItemFromBasket FAILED.
Reason:
org.openqa.selenium.ElementNotVisibleException: element not interactable
  (Session info: chrome=72.0.3626.109)
  (Driver info: chromedriver=2.43.600229 (3fae4d0cda5334b4f533bede5a4787f7b832d052),platform=Mac OS X 10.13.6 x86_64) (WARNING: The server did not provide any stacktrace information)
Command duration or timeout: 0 milliseconds
Build info: version: '3.7.1', revision: '8a0099a', time: '2017-11-06T21:07:36.161Z'
System info: host: 'Niveditas-MacBook-Air.local', ip: 'fe80:0:0:0:848:c8e3:a957:2764%en0', os.name: 'Mac OS X', os.arch: 'x86_64', os.version: '10.13.6', java.version: '1.8.0_181'
Driver info: com.kms.katalon.selenium.driver.CChromeDriver
Capabilities {acceptInsecureCerts: false, acceptSslCerts: false, applicationCacheEnabled: false, browserConnectionEnabled: false, browserName: chrome, chrome: {chromedriverVersion: 2.43.600229 (3fae4d0cda5334..., userDataDir: /var/folders/1p/92gdr4951qs...}, cssSelectorsEnabled: true, databaseEnabled: false, goog:chromeOptions: {debuggerAddress: localhost:56234}, handlesAlerts: true, hasTouchScreen: false, javascriptEnabled: true, locationContextEnabled: true, mobileEmulationEnabled: false, nativeEvents: true, networkConnectionEnabled: false, pageLoadStrategy: normal, platform: MAC, platformName: MAC, rotatable: false, setWindowRect: true, takesHeapSnapshot: true, takesScreenshot: true, unexpectedAlertBehaviour: , unhandledPromptBehavior: , version: 72.0.3626.109, webStorageEnabled: true}
Session ID: b6fe7faeb1e4504f863dbe6077e96416
	at org.openqa.selenium.remote.ErrorHandler.createThrowable(ErrorHandler.java:214)
	at org.openqa.selenium.remote.ErrorHandler.throwIfResponseFailed(ErrorHandler.java:166)
	at org.openqa.selenium.remote.http.JsonHttpResponseCodec.reconstructValue(JsonHttpResponseCodec.java:40)
	at org.openqa.selenium.remote.http.AbstractHttpResponseCodec.decode(AbstractHttpResponseCodec.java:80)
	at org.openqa.selenium.remote.http.AbstractHttpResponseCodec.decode(AbstractHttpResponseCodec.java:44)
	at org.openqa.selenium.remote.HttpCommandExecutor.execute(HttpCommandExecutor.java:164)
	at org.openqa.selenium.remote.service.DriverCommandExecutor.execute(DriverCommandExecutor.java:83)
	at org.openqa.selenium.remote.RemoteWebDriver.execute(RemoteWebDriver.java:600)
	at com.kms.katalon.selenium.driver.CChromeDriver.execute(CChromeDriver.java:20)
	at org.openqa.selenium.remote.RemoteWebElement.execute(RemoteWebElement.java:279)
	at org.openqa.selenium.remote.RemoteWebElement.click(RemoteWebElement.java:83)
	at org.openqa.selenium.WebElement$click$0.call(Unknown Source)
	at RemoveItemFromBasket.run(RemoveItemFromBasket:78)
	at com.kms.katalon.core.main.ScriptEngine.run(ScriptEngine.java:194)
	at com.kms.katalon.core.main.ScriptEngine.runScriptAsRawText(ScriptEngine.java:119)
	at com.kms.katalon.core.main.TestCaseExecutor.runScript(TestCaseExecutor.java:328)
	at com.kms.katalon.core.main.TestCaseExecutor.doExecute(TestCaseExecutor.java:319)
	at com.kms.katalon.core.main.TestCaseExecutor.processExecutionPhase(TestCaseExecutor.java:298)
	at com.kms.katalon.core.main.TestCaseExecutor.accessMainPhase(TestCaseExecutor.java:290)
	at com.kms.katalon.core.main.TestCaseExecutor.execute(TestCaseExecutor.java:224)
	at com.kms.katalon.core.main.TestSuiteExecutor.accessTestCaseMainPhase(TestSuiteExecutor.java:129)
	at com.kms.katalon.core.main.TestSuiteExecutor.accessTestSuiteMainPhase(TestSuiteExecutor.java:112)
	at com.kms.katalon.core.main.TestSuiteExecutor.execute(TestSuiteExecutor.java:81)
	at com.kms.katalon.core.main.TestCaseMain.startTestSuite(TestCaseMain.java:149)
	at com.kms.katalon.core.main.TestCaseMain$startTestSuite$0.call(Unknown Source)
	at TempTestSuite1550810253717.run(TempTestSuite1550810253717.groovy:36)


2019-02-22 10:07:37 - [TEST_STEP][PASSED] - Start listener action : sampleBeforeTestCase: null

2019-02-22 10:07:37 - [TEST_STEP][PASSED] - println(testCaseContext.getTestCaseId()): null

2019-02-22 10:07:37 - [TEST_STEP][PASSED] - println(testCaseContext.getTestCaseVariables()): null

2019-02-22 10:07:37 - [TEST_STEP][PASSED] - println(" This is before test"): null

2019-02-22 10:07:38 - [TEST_STEP][PASSED] - openBrowser(""): Browser is opened with url: ''

2019-02-22 10:07:39 - [MESSAGE][INFO] - Starting 'Chrome' driver

2019-02-22 10:07:39 - [MESSAGE][INFO] - Action delay is set to 0 seconds

2019-02-22 10:07:42 - [MESSAGE][PASSED] - Browser is opened with url: ''

2019-02-22 10:07:42 - [TEST_STEP][PASSED] - navigateToUrl("https://www.bigbasket.com/"): Navigate to 'https://www.bigbasket.com/' successfully

2019-02-22 10:07:47 - [MESSAGE][PASSED] - Navigate to 'https://www.bigbasket.com/' successfully

2019-02-22 10:07:47 - [TEST_STEP][PASSED] - click(findTestObject("Object Repository/Page_Online Grocery Shopping and On/a_Login")): Object: 'Object Repository/Page_Online Grocery Shopping and On/a_Login' is clicked on

2019-02-22 10:07:48 - [MESSAGE][PASSED] - Object: 'Object Repository/Page_Online Grocery Shopping and On/a_Login' is clicked on

2019-02-22 10:07:48 - [TEST_STEP][PASSED] - setText(findTestObject("Object Repository/Page_Online Grocery Shopping and On/input_OR_email"), "nivedita.hbti@gmail.com"): Text 'nivedita.hbti@gmail.com' is set on object 'Object Repository/Page_Online Grocery Shopping and On/input_OR_email'

2019-02-22 10:07:49 - [MESSAGE][PASSED] - Text 'nivedita.hbti@gmail.com' is set on object 'Object Repository/Page_Online Grocery Shopping and On/input_OR_email'

2019-02-22 10:07:49 - [TEST_STEP][PASSED] - setEncryptedText(findTestObject("Object Repository/Page_Online Grocery Shopping and On/input_Please enter valid email"), "LqVTzjb8H0GS29zWb5N07g=="): Text ****** has been set on object 'Object Repository/Page_Online Grocery Shopping and On/input_Please enter valid email'

2019-02-22 10:07:49 - [MESSAGE][PASSED] - Text ****** has been set on object 'Object Repository/Page_Online Grocery Shopping and On/input_Please enter valid email'

2019-02-22 10:07:49 - [TEST_STEP][PASSED] - click(findTestObject("Object Repository/Page_Online Grocery Shopping and On/button_LOGIN")): Object: 'Object Repository/Page_Online Grocery Shopping and On/button_LOGIN' is clicked on

2019-02-22 10:07:49 - [MESSAGE][PASSED] - Object: 'Object Repository/Page_Online Grocery Shopping and On/button_LOGIN' is clicked on

2019-02-22 10:07:49 - [TEST_STEP][PASSED] - waitForElementClickable(findTestObject("Object Repository/Page_Online Grocery Shopping and On/span_UserAccount"), 15): Object 'Object Repository/Page_Online Grocery Shopping and On/span_UserAccount' is clickable

2019-02-22 10:07:54 - [MESSAGE][PASSED] - Object 'Object Repository/Page_Online Grocery Shopping and On/span_UserAccount' is clickable

2019-02-22 10:07:54 - [TEST_STEP][PASSED] - items = getText(findTestObject("Object Repository/BigBasket/Page_Online Grocery Shopping and On/span_0 items")): Text of object 'Object Repository/BigBasket/Page_Online Grocery Shopping and On/span_0 items' is: '3 items'

2019-02-22 10:07:54 - [MESSAGE][PASSED] - Text of object 'Object Repository/BigBasket/Page_Online Grocery Shopping and On/span_0 items' is: '3 items'

2019-02-22 10:07:54 - [TEST_STEP][PASSED] - count = Integer.parseInt(replace(" items", "").trim()): null

2019-02-22 10:07:54 - [TEST_STEP][PASSED] - println("Count is : " + count): null

2019-02-22 10:07:54 - [TEST_STEP][PASSED] - click(findTestObject("Object Repository/Page_Online Grocery Shopping and On/span_UserAccount")): Object: 'Object Repository/Page_Online Grocery Shopping and On/span_UserAccount' is clicked on

2019-02-22 10:07:54 - [MESSAGE][PASSED] - Object: 'Object Repository/Page_Online Grocery Shopping and On/span_UserAccount' is clicked on

2019-02-22 10:07:54 - [TEST_STEP][PASSED] - click(findTestObject("Object Repository/Page_Online Grocery Shopping and On/a_My Basket No Items")): Object: 'Object Repository/Page_Online Grocery Shopping and On/a_My Basket No Items' is clicked on

2019-02-22 10:08:04 - [MESSAGE][PASSED] - Object: 'Object Repository/Page_Online Grocery Shopping and On/a_My Basket No Items' is clicked on

2019-02-22 10:08:04 - [TEST_STEP][PASSED] - waitForPageLoad(15): Wait for page load successfully

2019-02-22 10:08:04 - [MESSAGE][PASSED] - Wait for page load successfully

2019-02-22 10:08:04 - [TEST_STEP][PASSED] - driver = getWebDriver(): null

2019-02-22 10:08:04 - [TEST_STEP][PASSED] - if (count > 0): Wait for page load successfully

2019-02-22 10:08:04 - [TEST_STEP][PASSED] - Removebutton = driver.findElements(By.xpath("//a[@id[contains(.,'remove')]]")): null

2019-02-22 10:08:04 - [TEST_STEP][PASSED] - noOfRemoveButton = Removebutton.size(): null

2019-02-22 10:08:04 - [TEST_STEP][PASSED] - println("no of items with remove buttons.. " + noOfRemoveButton): null

2019-02-22 10:08:04 - [TEST_STEP][PASSED] - for ([i = 0, i < noOfRemoveButton, (i++)]): Wait for page load successfully

2019-02-22 10:08:04 - [TEST_STEP][PASSED] - Removebutton[i].click(): null

2019-02-22 10:08:04 - [TEST_STEP][PASSED] - println("Element Remove button : " + i + ": " + Removebutton[i]): null

2019-02-22 10:08:04 - [TEST_STEP][PASSED] - waitForPageLoad(15): Wait for page load successfully

2019-02-22 10:08:04 - [MESSAGE][PASSED] - Wait for page load successfully

2019-02-22 10:08:04 - [TEST_STEP][PASSED] - Removebutton[i].click(): null

2019-02-22 10:08:05 - [TEST_STEP][PASSED] - println("Element Remove button : " + i + ": " + Removebutton[i]): null

2019-02-22 10:08:05 - [TEST_STEP][PASSED] - waitForPageLoad(15): Wait for page load successfully

2019-02-22 10:08:05 - [MESSAGE][PASSED] - Wait for page load successfully

2019-02-22 10:08:05 - [TEST_STEP][PASSED] - Removebutton[i].click(): null

2019-02-22 10:08:05 - [TEST_STEP][PASSED] - println("Element Remove button : " + i + ": " + Removebutton[i]): null

2019-02-22 10:08:05 - [TEST_STEP][PASSED] - waitForPageLoad(15): Wait for page load successfully

2019-02-22 10:08:05 - [MESSAGE][PASSED] - Wait for page load successfully

2019-02-22 10:08:05 - [TEST_STEP][PASSED] - Thread.sleep(5000): null

2019-02-22 10:08:10 - [TEST_STEP][PASSED] - ele1 = findWebElement(findTestObject("Object Repository/BigBasket/Basket/button_CONTINUE SHOPPING"), 15): null

2019-02-22 10:08:10 - [TEST_STEP][ERROR] - ele1.click(): ele1.click() FAILED.
Reason:
org.openqa.selenium.ElementNotVisibleException: element not interactable
  (Session info: chrome=72.0.3626.109)
  (Driver info: chromedriver=2.43.600229 (3fae4d0cda5334b4f533bede5a4787f7b832d052),platform=Mac OS X 10.13.6 x86_64) (WARNING: The server did not provide any stacktrace information)
Command duration or timeout: 0 milliseconds
Build info: version: '3.7.1', revision: '8a0099a', time: '2017-11-06T21:07:36.161Z'
System info: host: 'Niveditas-MacBook-Air.local', ip: 'fe80:0:0:0:848:c8e3:a957:2764%en0', os.name: 'Mac OS X', os.arch: 'x86_64', os.version: '10.13.6', java.version: '1.8.0_181'
Driver info: com.kms.katalon.selenium.driver.CChromeDriver
Capabilities {acceptInsecureCerts: false, acceptSslCerts: false, applicationCacheEnabled: false, browserConnectionEnabled: false, browserName: chrome, chrome: {chromedriverVersion: 2.43.600229 (3fae4d0cda5334..., userDataDir: /var/folders/1p/92gdr4951qs...}, cssSelectorsEnabled: true, databaseEnabled: false, goog:chromeOptions: {debuggerAddress: localhost:56234}, handlesAlerts: true, hasTouchScreen: false, javascriptEnabled: true, locationContextEnabled: true, mobileEmulationEnabled: false, nativeEvents: true, networkConnectionEnabled: false, pageLoadStrategy: normal, platform: MAC, platformName: MAC, rotatable: false, setWindowRect: true, takesHeapSnapshot: true, takesScreenshot: true, unexpectedAlertBehaviour: , unhandledPromptBehavior: , version: 72.0.3626.109, webStorageEnabled: true}
Session ID: b6fe7faeb1e4504f863dbe6077e96416
	at org.openqa.selenium.remote.ErrorHandler.createThrowable(ErrorHandler.java:214)
	at org.openqa.selenium.remote.ErrorHandler.throwIfResponseFailed(ErrorHandler.java:166)
	at org.openqa.selenium.remote.http.JsonHttpResponseCodec.reconstructValue(JsonHttpResponseCodec.java:40)
	at org.openqa.selenium.remote.http.AbstractHttpResponseCodec.decode(AbstractHttpResponseCodec.java:80)
	at org.openqa.selenium.remote.http.AbstractHttpResponseCodec.decode(AbstractHttpResponseCodec.java:44)
	at org.openqa.selenium.remote.HttpCommandExecutor.execute(HttpCommandExecutor.java:164)
	at org.openqa.selenium.remote.service.DriverCommandExecutor.execute(DriverCommandExecutor.java:83)
	at org.openqa.selenium.remote.RemoteWebDriver.execute(RemoteWebDriver.java:600)
	at com.kms.katalon.selenium.driver.CChromeDriver.execute(CChromeDriver.java:20)
	at org.openqa.selenium.remote.RemoteWebElement.execute(RemoteWebElement.java:279)
	at org.openqa.selenium.remote.RemoteWebElement.click(RemoteWebElement.java:83)
	at org.openqa.selenium.WebElement$click$0.call(Unknown Source)
	at RemoveItemFromBasket.run(RemoveItemFromBasket:78)
	at com.kms.katalon.core.main.ScriptEngine.run(ScriptEngine.java:194)
	at com.kms.katalon.core.main.ScriptEngine.runScriptAsRawText(ScriptEngine.java:119)
	at com.kms.katalon.core.main.TestCaseExecutor.runScript(TestCaseExecutor.java:328)
	at com.kms.katalon.core.main.TestCaseExecutor.doExecute(TestCaseExecutor.java:319)
	at com.kms.katalon.core.main.TestCaseExecutor.processExecutionPhase(TestCaseExecutor.java:298)
	at com.kms.katalon.core.main.TestCaseExecutor.accessMainPhase(TestCaseExecutor.java:290)
	at com.kms.katalon.core.main.TestCaseExecutor.execute(TestCaseExecutor.java:224)
	at com.kms.katalon.core.main.TestSuiteExecutor.accessTestCaseMainPhase(TestSuiteExecutor.java:129)
	at com.kms.katalon.core.main.TestSuiteExecutor.accessTestSuiteMainPhase(TestSuiteExecutor.java:112)
	at com.kms.katalon.core.main.TestSuiteExecutor.execute(TestSuiteExecutor.java:81)
	at com.kms.katalon.core.main.TestCaseMain.startTestSuite(TestCaseMain.java:149)
	at com.kms.katalon.core.main.TestCaseMain$startTestSuite$0.call(Unknown Source)
	at TempTestSuite1550810253717.run(TempTestSuite1550810253717.groovy:36)


2019-02-22 10:08:10 - [MESSAGE][ERROR] - ele1.click() FAILED.
Reason:
org.openqa.selenium.ElementNotVisibleException: element not interactable
  (Session info: chrome=72.0.3626.109)
  (Driver info: chromedriver=2.43.600229 (3fae4d0cda5334b4f533bede5a4787f7b832d052),platform=Mac OS X 10.13.6 x86_64) (WARNING: The server did not provide any stacktrace information)
Command duration or timeout: 0 milliseconds
Build info: version: '3.7.1', revision: '8a0099a', time: '2017-11-06T21:07:36.161Z'
System info: host: 'Niveditas-MacBook-Air.local', ip: 'fe80:0:0:0:848:c8e3:a957:2764%en0', os.name: 'Mac OS X', os.arch: 'x86_64', os.version: '10.13.6', java.version: '1.8.0_181'
Driver info: com.kms.katalon.selenium.driver.CChromeDriver
Capabilities {acceptInsecureCerts: false, acceptSslCerts: false, applicationCacheEnabled: false, browserConnectionEnabled: false, browserName: chrome, chrome: {chromedriverVersion: 2.43.600229 (3fae4d0cda5334..., userDataDir: /var/folders/1p/92gdr4951qs...}, cssSelectorsEnabled: true, databaseEnabled: false, goog:chromeOptions: {debuggerAddress: localhost:56234}, handlesAlerts: true, hasTouchScreen: false, javascriptEnabled: true, locationContextEnabled: true, mobileEmulationEnabled: false, nativeEvents: true, networkConnectionEnabled: false, pageLoadStrategy: normal, platform: MAC, platformName: MAC, rotatable: false, setWindowRect: true, takesHeapSnapshot: true, takesScreenshot: true, unexpectedAlertBehaviour: , unhandledPromptBehavior: , version: 72.0.3626.109, webStorageEnabled: true}
Session ID: b6fe7faeb1e4504f863dbe6077e96416
	at org.openqa.selenium.remote.ErrorHandler.createThrowable(ErrorHandler.java:214)
	at org.openqa.selenium.remote.ErrorHandler.throwIfResponseFailed(ErrorHandler.java:166)
	at org.openqa.selenium.remote.http.JsonHttpResponseCodec.reconstructValue(JsonHttpResponseCodec.java:40)
	at org.openqa.selenium.remote.http.AbstractHttpResponseCodec.decode(AbstractHttpResponseCodec.java:80)
	at org.openqa.selenium.remote.http.AbstractHttpResponseCodec.decode(AbstractHttpResponseCodec.java:44)
	at org.openqa.selenium.remote.HttpCommandExecutor.execute(HttpCommandExecutor.java:164)
	at org.openqa.selenium.remote.service.DriverCommandExecutor.execute(DriverCommandExecutor.java:83)
	at org.openqa.selenium.remote.RemoteWebDriver.execute(RemoteWebDriver.java:600)
	at com.kms.katalon.selenium.driver.CChromeDriver.execute(CChromeDriver.java:20)
	at org.openqa.selenium.remote.RemoteWebElement.execute(RemoteWebElement.java:279)
	at org.openqa.selenium.remote.RemoteWebElement.click(RemoteWebElement.java:83)
	at org.openqa.selenium.WebElement$click$0.call(Unknown Source)
	at RemoveItemFromBasket.run(RemoveItemFromBasket:78)
	at com.kms.katalon.core.main.ScriptEngine.run(ScriptEngine.java:194)
	at com.kms.katalon.core.main.ScriptEngine.runScriptAsRawText(ScriptEngine.java:119)
	at com.kms.katalon.core.main.TestCaseExecutor.runScript(TestCaseExecutor.java:328)
	at com.kms.katalon.core.main.TestCaseExecutor.doExecute(TestCaseExecutor.java:319)
	at com.kms.katalon.core.main.TestCaseExecutor.processExecutionPhase(TestCaseExecutor.java:298)
	at com.kms.katalon.core.main.TestCaseExecutor.accessMainPhase(TestCaseExecutor.java:290)
	at com.kms.katalon.core.main.TestCaseExecutor.execute(TestCaseExecutor.java:224)
	at com.kms.katalon.core.main.TestSuiteExecutor.accessTestCaseMainPhase(TestSuiteExecutor.java:129)
	at com.kms.katalon.core.main.TestSuiteExecutor.accessTestSuiteMainPhase(TestSuiteExecutor.java:112)
	at com.kms.katalon.core.main.TestSuiteExecutor.execute(TestSuiteExecutor.java:81)
	at com.kms.katalon.core.main.TestCaseMain.startTestSuite(TestCaseMain.java:149)
	at com.kms.katalon.core.main.TestCaseMain$startTestSuite$0.call(Unknown Source)
	at TempTestSuite1550810253717.run(TempTestSuite1550810253717.groovy:36)


2019-02-22 10:08:10 - [TEST_STEP][PASSED] - Start listener action : sampleAfterTestCase: null

2019-02-22 10:08:10 - [TEST_STEP][PASSED] - println(testCaseContext.getTestCaseId()): null

2019-02-22 10:08:10 - [TEST_STEP][PASSED] - println(testCaseContext.getTestCaseStatus()): null]]></system-out>
         <system-err><![CDATA[2019-02-22 10:07:37 - [TEST_CASE][ERROR] - Test Cases/BigBasket/RemoveItemFromBasket: Test Cases/BigBasket/RemoveItemFromBasket FAILED.
Reason:
org.openqa.selenium.ElementNotVisibleException: element not interactable
  (Session info: chrome=72.0.3626.109)
  (Driver info: chromedriver=2.43.600229 (3fae4d0cda5334b4f533bede5a4787f7b832d052),platform=Mac OS X 10.13.6 x86_64) (WARNING: The server did not provide any stacktrace information)
Command duration or timeout: 0 milliseconds
Build info: version: '3.7.1', revision: '8a0099a', time: '2017-11-06T21:07:36.161Z'
System info: host: 'Niveditas-MacBook-Air.local', ip: 'fe80:0:0:0:848:c8e3:a957:2764%en0', os.name: 'Mac OS X', os.arch: 'x86_64', os.version: '10.13.6', java.version: '1.8.0_181'
Driver info: com.kms.katalon.selenium.driver.CChromeDriver
Capabilities {acceptInsecureCerts: false, acceptSslCerts: false, applicationCacheEnabled: false, browserConnectionEnabled: false, browserName: chrome, chrome: {chromedriverVersion: 2.43.600229 (3fae4d0cda5334..., userDataDir: /var/folders/1p/92gdr4951qs...}, cssSelectorsEnabled: true, databaseEnabled: false, goog:chromeOptions: {debuggerAddress: localhost:56234}, handlesAlerts: true, hasTouchScreen: false, javascriptEnabled: true, locationContextEnabled: true, mobileEmulationEnabled: false, nativeEvents: true, networkConnectionEnabled: false, pageLoadStrategy: normal, platform: MAC, platformName: MAC, rotatable: false, setWindowRect: true, takesHeapSnapshot: true, takesScreenshot: true, unexpectedAlertBehaviour: , unhandledPromptBehavior: , version: 72.0.3626.109, webStorageEnabled: true}
Session ID: b6fe7faeb1e4504f863dbe6077e96416
	at org.openqa.selenium.remote.ErrorHandler.createThrowable(ErrorHandler.java:214)
	at org.openqa.selenium.remote.ErrorHandler.throwIfResponseFailed(ErrorHandler.java:166)
	at org.openqa.selenium.remote.http.JsonHttpResponseCodec.reconstructValue(JsonHttpResponseCodec.java:40)
	at org.openqa.selenium.remote.http.AbstractHttpResponseCodec.decode(AbstractHttpResponseCodec.java:80)
	at org.openqa.selenium.remote.http.AbstractHttpResponseCodec.decode(AbstractHttpResponseCodec.java:44)
	at org.openqa.selenium.remote.HttpCommandExecutor.execute(HttpCommandExecutor.java:164)
	at org.openqa.selenium.remote.service.DriverCommandExecutor.execute(DriverCommandExecutor.java:83)
	at org.openqa.selenium.remote.RemoteWebDriver.execute(RemoteWebDriver.java:600)
	at com.kms.katalon.selenium.driver.CChromeDriver.execute(CChromeDriver.java:20)
	at org.openqa.selenium.remote.RemoteWebElement.execute(RemoteWebElement.java:279)
	at org.openqa.selenium.remote.RemoteWebElement.click(RemoteWebElement.java:83)
	at org.openqa.selenium.WebElement$click$0.call(Unknown Source)
	at RemoveItemFromBasket.run(RemoveItemFromBasket:78)
	at com.kms.katalon.core.main.ScriptEngine.run(ScriptEngine.java:194)
	at com.kms.katalon.core.main.ScriptEngine.runScriptAsRawText(ScriptEngine.java:119)
	at com.kms.katalon.core.main.TestCaseExecutor.runScript(TestCaseExecutor.java:328)
	at com.kms.katalon.core.main.TestCaseExecutor.doExecute(TestCaseExecutor.java:319)
	at com.kms.katalon.core.main.TestCaseExecutor.processExecutionPhase(TestCaseExecutor.java:298)
	at com.kms.katalon.core.main.TestCaseExecutor.accessMainPhase(TestCaseExecutor.java:290)
	at com.kms.katalon.core.main.TestCaseExecutor.execute(TestCaseExecutor.java:224)
	at com.kms.katalon.core.main.TestSuiteExecutor.accessTestCaseMainPhase(TestSuiteExecutor.java:129)
	at com.kms.katalon.core.main.TestSuiteExecutor.accessTestSuiteMainPhase(TestSuiteExecutor.java:112)
	at com.kms.katalon.core.main.TestSuiteExecutor.execute(TestSuiteExecutor.java:81)
	at com.kms.katalon.core.main.TestCaseMain.startTestSuite(TestCaseMain.java:149)
	at com.kms.katalon.core.main.TestCaseMain$startTestSuite$0.call(Unknown Source)
	at TempTestSuite1550810253717.run(TempTestSuite1550810253717.groovy:36)]]></system-err>
      </testcase>
      <testcase name="Test Cases/BigBasket/LoginAndAddToCart" classname="Test Cases/BigBasket/LoginAndAddToCart" status="PASSED">
         <system-out><![CDATA[2019-02-22 10:08:10 - [TEST_CASE][PASSED] - Test Cases/BigBasket/LoginAndAddToCart: Test Cases/BigBasket/LoginAndAddToCart

2019-02-22 10:08:10 - [TEST_STEP][PASSED] - Start listener action : sampleBeforeTestCase: null

2019-02-22 10:08:10 - [TEST_STEP][PASSED] - println(testCaseContext.getTestCaseId()): null

2019-02-22 10:08:10 - [TEST_STEP][PASSED] - println(testCaseContext.getTestCaseVariables()): null

2019-02-22 10:08:10 - [TEST_STEP][PASSED] - println(" This is before test"): null

2019-02-22 10:08:11 - [TEST_STEP][PASSED] - openBrowser(""): Browser is opened with url: ''

2019-02-22 10:08:11 - [MESSAGE][WARNING] - A browser is already opened. Closing browser and opening a new one

2019-02-22 10:08:11 - [MESSAGE][INFO] - Starting 'Chrome' driver

2019-02-22 10:08:12 - [MESSAGE][PASSED] - Browser is opened with url: ''

2019-02-22 10:08:12 - [TEST_STEP][PASSED] - navigateToUrl("https://www.bigbasket.com/"): Navigate to 'https://www.bigbasket.com/' successfully

2019-02-22 10:08:19 - [MESSAGE][PASSED] - Navigate to 'https://www.bigbasket.com/' successfully

2019-02-22 10:08:19 - [TEST_STEP][PASSED] - click(findTestObject("Object Repository/Page_Online Grocery Shopping and On/a_Login")): Object: 'Object Repository/Page_Online Grocery Shopping and On/a_Login' is clicked on

2019-02-22 10:08:19 - [MESSAGE][PASSED] - Object: 'Object Repository/Page_Online Grocery Shopping and On/a_Login' is clicked on

2019-02-22 10:08:19 - [TEST_STEP][PASSED] - setText(findTestObject("Object Repository/Page_Online Grocery Shopping and On/input_OR_email"), "nivedita.hbti@gmail.com"): Text 'nivedita.hbti@gmail.com' is set on object 'Object Repository/Page_Online Grocery Shopping and On/input_OR_email'

2019-02-22 10:08:20 - [MESSAGE][PASSED] - Text 'nivedita.hbti@gmail.com' is set on object 'Object Repository/Page_Online Grocery Shopping and On/input_OR_email'

2019-02-22 10:08:20 - [TEST_STEP][PASSED] - setEncryptedText(findTestObject("Object Repository/Page_Online Grocery Shopping and On/input_Please enter valid email"), "LqVTzjb8H0GS29zWb5N07g=="): Text ****** has been set on object 'Object Repository/Page_Online Grocery Shopping and On/input_Please enter valid email'

2019-02-22 10:08:20 - [MESSAGE][PASSED] - Text ****** has been set on object 'Object Repository/Page_Online Grocery Shopping and On/input_Please enter valid email'

2019-02-22 10:08:20 - [TEST_STEP][PASSED] - click(findTestObject("Object Repository/Page_Online Grocery Shopping and On/button_LOGIN")): Object: 'Object Repository/Page_Online Grocery Shopping and On/button_LOGIN' is clicked on

2019-02-22 10:08:21 - [MESSAGE][PASSED] - Object: 'Object Repository/Page_Online Grocery Shopping and On/button_LOGIN' is clicked on

2019-02-22 10:08:21 - [TEST_STEP][PASSED] - waitForElementClickable(findTestObject("Object Repository/Page_Online Grocery Shopping and On/span_UserAccount"), 15): Object 'Object Repository/Page_Online Grocery Shopping and On/span_UserAccount' is clickable

2019-02-22 10:08:25 - [MESSAGE][PASSED] - Object 'Object Repository/Page_Online Grocery Shopping and On/span_UserAccount' is clickable

2019-02-22 10:08:25 - [TEST_STEP][PASSED] - setText(findTestObject("Object Repository/Page_Online Grocery Shopping and On/input_Shop for Rs.or moreand g"), "Daal"): Text 'Daal' is set on object 'Object Repository/Page_Online Grocery Shopping and On/input_Shop for Rs.or moreand g'

2019-02-22 10:08:26 - [MESSAGE][PASSED] - Text 'Daal' is set on object 'Object Repository/Page_Online Grocery Shopping and On/input_Shop for Rs.or moreand g'

2019-02-22 10:08:26 - [TEST_STEP][PASSED] - waitForElementClickable(findTestObject("Object Repository/Page_Online Grocery Shopping and On/SearchIcon"), 10): Object 'Object Repository/Page_Online Grocery Shopping and On/SearchIcon' is clickable

2019-02-22 10:08:26 - [MESSAGE][PASSED] - Object 'Object Repository/Page_Online Grocery Shopping and On/SearchIcon' is clickable

2019-02-22 10:08:26 - [TEST_STEP][PASSED] - click(findTestObject("Object Repository/Page_Online Grocery Shopping and On/SearchIcon")): Object: 'Object Repository/Page_Online Grocery Shopping and On/SearchIcon' is clicked on

2019-02-22 10:08:29 - [MESSAGE][PASSED] - Object: 'Object Repository/Page_Online Grocery Shopping and On/SearchIcon' is clicked on

2019-02-22 10:08:29 - [TEST_STEP][PASSED] - waitForPageLoad(10): Wait for page load successfully

2019-02-22 10:08:30 - [MESSAGE][PASSED] - Wait for page load successfully

2019-02-22 10:08:30 - [TEST_STEP][PASSED] - scrollToElement(findTestObject("Object Repository/Page_Best Online Grocery Store in I/btn_ADD_item"), 10): Scroll to object 'Object Repository/Page_Best Online Grocery Store in I/btn_ADD_item' successfully

2019-02-22 10:08:33 - [MESSAGE][PASSED] - Scroll to object 'Object Repository/Page_Best Online Grocery Store in I/btn_ADD_item' successfully

2019-02-22 10:08:33 - [TEST_STEP][PASSED] - driver = getWebDriver(): null

2019-02-22 10:08:33 - [TEST_STEP][PASSED] - ele = driver.findElement(By.xpath("(//button[@class='btn btn-add col-xs-9'][contains(text(),'Add')])[1]")): null

2019-02-22 10:08:33 - [TEST_STEP][PASSED] - jse = driver: null

2019-02-22 10:08:33 - [TEST_STEP][PASSED] - jse.executeScript("arguments[0].click()", ele): null

2019-02-22 10:08:33 - [TEST_STEP][PASSED] - Thread.sleep(3000): null

2019-02-22 10:08:36 - [TEST_STEP][PASSED] - bigBasketLogo = driver.findElement(By.xpath("//div[@id='st-trigger-effects']/a[@title='Bigbasket']")): null

2019-02-22 10:08:36 - [TEST_STEP][PASSED] - jse.executeScript("arguments[0].click()", bigBasketLogo): null

2019-02-22 10:08:40 - [TEST_STEP][PASSED] - waitForPageLoad(15): Wait for page load successfully

2019-02-22 10:08:40 - [MESSAGE][PASSED] - Wait for page load successfully

2019-02-22 10:08:40 - [TEST_STEP][PASSED] - Thread.sleep(1000): null

2019-02-22 10:08:41 - [TEST_STEP][PASSED] - click(findTestObject("Object Repository/Page_Best Online Grocery Store in I/noOfItemInBasket")): Object: 'Object Repository/Page_Best Online Grocery Store in I/noOfItemInBasket' is clicked on

2019-02-22 10:08:42 - [MESSAGE][PASSED] - Object: 'Object Repository/Page_Best Online Grocery Store in I/noOfItemInBasket' is clicked on

2019-02-22 10:08:42 - [TEST_STEP][PASSED] - noOfItemInBasket = getText(findTestObject("Object Repository/Page_Best Online Grocery Store in I/noOfItemInBasket")): Text of object 'Object Repository/Page_Best Online Grocery Store in I/noOfItemInBasket' is: '1 items'

2019-02-22 10:08:42 - [MESSAGE][PASSED] - Text of object 'Object Repository/Page_Best Online Grocery Store in I/noOfItemInBasket' is: '1 items'

2019-02-22 10:08:42 - [TEST_STEP][PASSED] - println("no Of Item In Basket ..." + noOfItemInBasket): null

2019-02-22 10:08:42 - [TEST_STEP][PASSED] - verifyElementPresent(findTestObject("Object Repository/Page_Best Online Grocery Store in I/div_ QuantityAddRemove"), 10): Object 'Object Repository/Page_Best Online Grocery Store in I/div_ QuantityAddRemove' is present

2019-02-22 10:08:43 - [MESSAGE][PASSED] - Object 'Object Repository/Page_Best Online Grocery Store in I/div_ QuantityAddRemove' is present

2019-02-22 10:08:43 - [TEST_STEP][PASSED] - verifyElementPresent(findTestObject("Object Repository/Page_Best Online Grocery Store in I/div_ProductPriceRs"), 10): Object 'Object Repository/Page_Best Online Grocery Store in I/div_ProductPriceRs' is present

2019-02-22 10:08:43 - [MESSAGE][PASSED] - Object 'Object Repository/Page_Best Online Grocery Store in I/div_ProductPriceRs' is present

2019-02-22 10:08:43 - [TEST_STEP][PASSED] - verifyElementPresent(findTestObject("Object Repository/Page_Best Online Grocery Store in I/SubTotalInRs"), 10): Object 'Object Repository/Page_Best Online Grocery Store in I/SubTotalInRs' is present

2019-02-22 10:08:43 - [MESSAGE][PASSED] - Object 'Object Repository/Page_Best Online Grocery Store in I/SubTotalInRs' is present

2019-02-22 10:08:43 - [TEST_STEP][PASSED] - price = getText(findTestObject("Object Repository/Page_Best Online Grocery Store in I/SubTotalInRs")): Text of object 'Object Repository/Page_Best Online Grocery Store in I/SubTotalInRs' is: '229.00'

2019-02-22 10:08:43 - [MESSAGE][PASSED] - Text of object 'Object Repository/Page_Best Online Grocery Store in I/SubTotalInRs' is: '229.00'

2019-02-22 10:08:43 - [TEST_STEP][PASSED] - println("Price is : " + price): null

2019-02-22 10:08:43 - [TEST_STEP][PASSED] - closeBrowser(): Browser is closed

2019-02-22 10:08:43 - [MESSAGE][PASSED] - Browser is closed

2019-02-22 10:08:43 - [TEST_STEP][PASSED] - Start listener action : sampleAfterTestCase: null

2019-02-22 10:08:43 - [TEST_STEP][PASSED] - println(testCaseContext.getTestCaseId()): null

2019-02-22 10:08:43 - [TEST_STEP][PASSED] - println(testCaseContext.getTestCaseStatus()): null]]></system-out>
         <system-err><![CDATA[]]></system-err>
      </testcase>
      <testcase name="Test Cases/BigBasket/BasketToCheckout" classname="Test Cases/BigBasket/BasketToCheckout" status="PASSED">
         <system-out><![CDATA[2019-02-22 10:08:43 - [TEST_CASE][PASSED] - Test Cases/BigBasket/BasketToCheckout: Test Cases/BigBasket/BasketToCheckout

2019-02-22 10:08:43 - [TEST_STEP][PASSED] - Start listener action : sampleBeforeTestCase: null

2019-02-22 10:08:43 - [TEST_STEP][PASSED] - println(testCaseContext.getTestCaseId()): null

2019-02-22 10:08:43 - [TEST_STEP][PASSED] - println(testCaseContext.getTestCaseVariables()): null

2019-02-22 10:08:43 - [TEST_STEP][PASSED] - println(" This is before test"): null

2019-02-22 10:08:44 - [TEST_STEP][PASSED] - openBrowser(""): Browser is opened with url: ''

2019-02-22 10:08:44 - [MESSAGE][INFO] - Starting 'Chrome' driver

2019-02-22 10:08:45 - [MESSAGE][PASSED] - Browser is opened with url: ''

2019-02-22 10:08:45 - [TEST_STEP][PASSED] - navigateToUrl("https://www.bigbasket.com/"): Navigate to 'https://www.bigbasket.com/' successfully

2019-02-22 10:08:51 - [MESSAGE][PASSED] - Navigate to 'https://www.bigbasket.com/' successfully

2019-02-22 10:08:51 - [TEST_STEP][PASSED] - click(findTestObject("Object Repository/Page_Online Grocery Shopping and On/a_Login")): Object: 'Object Repository/Page_Online Grocery Shopping and On/a_Login' is clicked on

2019-02-22 10:08:51 - [MESSAGE][PASSED] - Object: 'Object Repository/Page_Online Grocery Shopping and On/a_Login' is clicked on

2019-02-22 10:08:51 - [TEST_STEP][PASSED] - setText(findTestObject("Object Repository/Page_Online Grocery Shopping and On/input_OR_email"), "nivedita.hbti@gmail.com"): Text 'nivedita.hbti@gmail.com' is set on object 'Object Repository/Page_Online Grocery Shopping and On/input_OR_email'

2019-02-22 10:08:52 - [MESSAGE][PASSED] - Text 'nivedita.hbti@gmail.com' is set on object 'Object Repository/Page_Online Grocery Shopping and On/input_OR_email'

2019-02-22 10:08:52 - [TEST_STEP][PASSED] - setEncryptedText(findTestObject("Object Repository/Page_Online Grocery Shopping and On/input_Please enter valid email"), "LqVTzjb8H0GS29zWb5N07g=="): Text ****** has been set on object 'Object Repository/Page_Online Grocery Shopping and On/input_Please enter valid email'

2019-02-22 10:08:52 - [MESSAGE][PASSED] - Text ****** has been set on object 'Object Repository/Page_Online Grocery Shopping and On/input_Please enter valid email'

2019-02-22 10:08:52 - [TEST_STEP][PASSED] - click(findTestObject("Object Repository/Page_Online Grocery Shopping and On/button_LOGIN")): Object: 'Object Repository/Page_Online Grocery Shopping and On/button_LOGIN' is clicked on

2019-02-22 10:08:53 - [MESSAGE][PASSED] - Object: 'Object Repository/Page_Online Grocery Shopping and On/button_LOGIN' is clicked on

2019-02-22 10:08:53 - [TEST_STEP][PASSED] - waitForElementClickable(findTestObject("Object Repository/Page_Online Grocery Shopping and On/span_UserAccount"), 15): Object 'Object Repository/Page_Online Grocery Shopping and On/span_UserAccount' is clickable

2019-02-22 10:08:56 - [MESSAGE][PASSED] - Object 'Object Repository/Page_Online Grocery Shopping and On/span_UserAccount' is clickable

2019-02-22 10:08:56 - [TEST_STEP][PASSED] - setText(findTestObject("Object Repository/Page_Online Grocery Shopping and On/input_Shop for Rs.or moreand g"), "Daal"): Text 'Daal' is set on object 'Object Repository/Page_Online Grocery Shopping and On/input_Shop for Rs.or moreand g'

2019-02-22 10:08:57 - [MESSAGE][PASSED] - Text 'Daal' is set on object 'Object Repository/Page_Online Grocery Shopping and On/input_Shop for Rs.or moreand g'

2019-02-22 10:08:57 - [TEST_STEP][PASSED] - Thread.sleep(1000): null

2019-02-22 10:08:58 - [TEST_STEP][PASSED] - waitForPageLoad(15): Wait for page load successfully

2019-02-22 10:08:58 - [MESSAGE][PASSED] - Wait for page load successfully

2019-02-22 10:08:58 - [TEST_STEP][PASSED] - click(findTestObject("Object Repository/Page_Online Grocery Shopping and On/SearchIcon")): Object: 'Object Repository/Page_Online Grocery Shopping and On/SearchIcon' is clicked on

2019-02-22 10:09:02 - [MESSAGE][PASSED] - Object: 'Object Repository/Page_Online Grocery Shopping and On/SearchIcon' is clicked on

2019-02-22 10:09:02 - [TEST_STEP][PASSED] - waitForPageLoad(10): Wait for page load successfully

2019-02-22 10:09:02 - [MESSAGE][PASSED] - Wait for page load successfully

2019-02-22 10:09:02 - [TEST_STEP][PASSED] - scrollToElement(findTestObject("Object Repository/Page_Best Online Grocery Store in I/btn_ADD_item"), 10): Scroll to object 'Object Repository/Page_Best Online Grocery Store in I/btn_ADD_item' successfully

2019-02-22 10:09:05 - [MESSAGE][PASSED] - Scroll to object 'Object Repository/Page_Best Online Grocery Store in I/btn_ADD_item' successfully

2019-02-22 10:09:05 - [TEST_STEP][PASSED] - ele = findWebElements(findTestObject("Object Repository/BigBasket/Basket/ADD button"), 15).get(1): null

2019-02-22 10:09:05 - [TEST_STEP][PASSED] - println("ele............." + ele): null

2019-02-22 10:09:05 - [TEST_STEP][PASSED] - driver = getWebDriver(): null

2019-02-22 10:09:05 - [TEST_STEP][PASSED] - jse = driver: null

2019-02-22 10:09:05 - [TEST_STEP][PASSED] - jse.executeScript("arguments[0].click()", ele): null

2019-02-22 10:09:05 - [TEST_STEP][PASSED] - Thread.sleep(3000): null

2019-02-22 10:09:08 - [TEST_STEP][PASSED] - bigBasketLogo = driver.findElement(By.xpath("//div[@id='st-trigger-effects']/a[@title='Bigbasket']")): null

2019-02-22 10:09:08 - [TEST_STEP][PASSED] - jse.executeScript("arguments[0].click()", bigBasketLogo): null

2019-02-22 10:09:11 - [TEST_STEP][PASSED] - waitForPageLoad(15): Wait for page load successfully

2019-02-22 10:09:11 - [MESSAGE][PASSED] - Wait for page load successfully

2019-02-22 10:09:11 - [TEST_STEP][PASSED] - click(findTestObject("Object Repository/Page_Online Grocery Shopping and On/span_UserAccount")): Object: 'Object Repository/Page_Online Grocery Shopping and On/span_UserAccount' is clicked on

2019-02-22 10:09:11 - [MESSAGE][PASSED] - Object: 'Object Repository/Page_Online Grocery Shopping and On/span_UserAccount' is clicked on

2019-02-22 10:09:11 - [TEST_STEP][PASSED] - click(findTestObject("Object Repository/Page_Online Grocery Shopping and On/a_My Basket No Items")): Object: 'Object Repository/Page_Online Grocery Shopping and On/a_My Basket No Items' is clicked on

2019-02-22 10:09:23 - [MESSAGE][PASSED] - Object: 'Object Repository/Page_Online Grocery Shopping and On/a_My Basket No Items' is clicked on

2019-02-22 10:09:23 - [TEST_STEP][PASSED] - waitForPageLoad(15): Wait for page load successfully

2019-02-22 10:09:23 - [MESSAGE][PASSED] - Wait for page load successfully

2019-02-22 10:09:23 - [TEST_STEP][PASSED] - items = getText(findTestObject("Object Repository/BigBasket/Basket_CheckingOut/Page_Best Online Grocery Store in I/Basket_CountNumberOfItemsinBasket")): Text of object 'Object Repository/BigBasket/Basket_CheckingOut/Page_Best Online Grocery Store in I/Basket_CountNumberOfItemsinBasket' is: '02'

2019-02-22 10:09:23 - [MESSAGE][PASSED] - Text of object 'Object Repository/BigBasket/Basket_CheckingOut/Page_Best Online Grocery Store in I/Basket_CountNumberOfItemsinBasket' is: '02'

2019-02-22 10:09:23 - [TEST_STEP][PASSED] - count = Integer.parseInt(items.trim()): null

2019-02-22 10:09:23 - [TEST_STEP][PASSED] - println("Count is : " + count): null

2019-02-22 10:09:23 - [TEST_STEP][PASSED] - SubTotal_Calculated = 0: null

2019-02-22 10:09:23 - [TEST_STEP][PASSED] - for ([i = 0, i < count, (i++)]): null

2019-02-22 10:09:23 - [TEST_STEP][PASSED] - title_Product = findWebElements(findTestObject("Object Repository/BigBasket/Basket_CheckingOut/Page_Best Online Grocery Store in I/Basket_ItemsInBasket"), 15).get(i): null

2019-02-22 10:09:23 - [TEST_STEP][PASSED] - println("title_Product for product " + i + " is : " + title_Product.getText()): null

2019-02-22 10:09:23 - [TEST_STEP][PASSED] - unitPrice_Product = findWebElements(findTestObject("Object Repository/BigBasket/Basket_CheckingOut/Page_Best Online Grocery Store in I/Basket_UnitPriceperProductinBasket"), 15).get(i): null

2019-02-22 10:09:23 - [TEST_STEP][PASSED] - println("unitPrice_Product for product " + i + " is : " + unitPrice_Product.getAttribute("value")): null

2019-02-22 10:09:23 - [TEST_STEP][PASSED] - quantity_Product = findWebElements(findTestObject("Object Repository/BigBasket/Basket_CheckingOut/Page_Best Online Grocery Store in I/Basket_QuantityPerProductInBasket"), 15).get(i): null

2019-02-22 10:09:23 - [TEST_STEP][PASSED] - println("quantity_Product for product " + i + " is : " + quantity_Product.getAttribute("value")): null

2019-02-22 10:09:23 - [TEST_STEP][PASSED] - subTotal_Product = findWebElements(findTestObject("Object Repository/BigBasket/Basket_CheckingOut/Page_Best Online Grocery Store in I/Basket_SubtotalPerProductInBasket"), 15).get(i): null

2019-02-22 10:09:23 - [TEST_STEP][PASSED] - println("subTotal_Product for product " + i + " is : " + subTotal_Product.getText()): null

2019-02-22 10:09:23 - [TEST_STEP][PASSED] - SubTotal = Double.parseDouble(subTotal_Product.getText()): null

2019-02-22 10:09:23 - [TEST_STEP][PASSED] - assert SubTotal == Double.parseDouble(quantity_Product.getAttribute("value")) * Double.parseDouble(unitPrice_Product.getAttribute("value")): null

2019-02-22 10:09:23 - [TEST_STEP][PASSED] - SubTotal_Calculated = SubTotal_Calculated + SubTotal: null

2019-02-22 10:09:23 - [TEST_STEP][PASSED] - title_Product = findWebElements(findTestObject("Object Repository/BigBasket/Basket_CheckingOut/Page_Best Online Grocery Store in I/Basket_ItemsInBasket"), 15).get(i): null

2019-02-22 10:09:23 - [TEST_STEP][PASSED] - println("title_Product for product " + i + " is : " + title_Product.getText()): null

2019-02-22 10:09:23 - [TEST_STEP][PASSED] - unitPrice_Product = findWebElements(findTestObject("Object Repository/BigBasket/Basket_CheckingOut/Page_Best Online Grocery Store in I/Basket_UnitPriceperProductinBasket"), 15).get(i): null

2019-02-22 10:09:23 - [TEST_STEP][PASSED] - println("unitPrice_Product for product " + i + " is : " + unitPrice_Product.getAttribute("value")): null

2019-02-22 10:09:23 - [TEST_STEP][PASSED] - quantity_Product = findWebElements(findTestObject("Object Repository/BigBasket/Basket_CheckingOut/Page_Best Online Grocery Store in I/Basket_QuantityPerProductInBasket"), 15).get(i): null

2019-02-22 10:09:23 - [TEST_STEP][PASSED] - println("quantity_Product for product " + i + " is : " + quantity_Product.getAttribute("value")): null

2019-02-22 10:09:23 - [TEST_STEP][PASSED] - subTotal_Product = findWebElements(findTestObject("Object Repository/BigBasket/Basket_CheckingOut/Page_Best Online Grocery Store in I/Basket_SubtotalPerProductInBasket"), 15).get(i): null

2019-02-22 10:09:23 - [TEST_STEP][PASSED] - println("subTotal_Product for product " + i + " is : " + subTotal_Product.getText()): null

2019-02-22 10:09:23 - [TEST_STEP][PASSED] - SubTotal = Double.parseDouble(subTotal_Product.getText()): null

2019-02-22 10:09:23 - [TEST_STEP][PASSED] - assert SubTotal == Double.parseDouble(quantity_Product.getAttribute("value")) * Double.parseDouble(unitPrice_Product.getAttribute("value")): null

2019-02-22 10:09:23 - [TEST_STEP][PASSED] - SubTotal_Calculated = SubTotal_Calculated + SubTotal: null

2019-02-22 10:09:23 - [TEST_STEP][PASSED] - println("calculated Subtotal is ....." + SubTotal_Calculated): null

2019-02-22 10:09:23 - [TEST_STEP][PASSED] - Subtotal = Double.parseDouble(", "").trim()): Text of object 'Object Repository/BigBasket/Basket_CheckingOut/Page_Best Online Grocery Store in I/Basket_SubtotalFinal' is: 'Rs. 448.00'

2019-02-22 10:09:23 - [MESSAGE][PASSED] - Text of object 'Object Repository/BigBasket/Basket_CheckingOut/Page_Best Online Grocery Store in I/Basket_SubtotalFinal' is: 'Rs. 448.00'

2019-02-22 10:09:23 - [TEST_STEP][PASSED] - assert Subtotal == SubTotal_Calculated: null

2019-02-22 10:09:23 - [TEST_STEP][PASSED] - scrollToElement(findTestObject("BigBasket/Basket/CHECKOUT"), 15): Scroll to object 'Object Repository/BigBasket/Basket/CHECKOUT' successfully

2019-02-22 10:09:23 - [MESSAGE][PASSED] - Scroll to object 'Object Repository/BigBasket/Basket/CHECKOUT' successfully

2019-02-22 10:09:23 - [TEST_STEP][PASSED] - findWebElement(findTestObject("BigBasket/Basket/CHECKOUT"), 15).click(): null

2019-02-22 10:09:23 - [TEST_STEP][PASSED] - closeBrowser(): Browser is closed

2019-02-22 10:09:24 - [MESSAGE][PASSED] - Browser is closed

2019-02-22 10:09:24 - [TEST_STEP][PASSED] - Start listener action : sampleAfterTestCase: null

2019-02-22 10:09:24 - [TEST_STEP][PASSED] - println(testCaseContext.getTestCaseId()): null

2019-02-22 10:09:24 - [TEST_STEP][PASSED] - println(testCaseContext.getTestCaseStatus()): null]]></system-out>
         <system-err><![CDATA[]]></system-err>
      </testcase>
      <testcase name="Test Cases/BigBasket/CheckOut" classname="Test Cases/BigBasket/CheckOut" status="FAILED">
         <failure type="FAILED" message="Test Cases/BigBasket/CheckOut FAILED.
Reason:
com.kms.katalon.core.exception.StepFailedException: Unable to verify object is present (Root cause: java.lang.IllegalArgumentException: Object is null)
	at com.kms.katalon.core.keyword.internal.KeywordMain.stepFailed(KeywordMain.groovy:32)
	at com.kms.katalon.core.webui.keyword.internal.WebUIKeywordMain.stepFailed(WebUIKeywordMain.groovy:65)
	at com.kms.katalon.core.webui.keyword.internal.WebUIKeywordMain.runKeyword(WebUIKeywordMain.groovy:27)
	at com.kms.katalon.core.webui.keyword.builtin.VerifyElementPresentKeyword.verifyElementPresent(VerifyElementPresentKeyword.groovy:92)
	at com.kms.katalon.core.webui.keyword.builtin.VerifyElementPresentKeyword.execute(VerifyElementPresentKeyword.groovy:68)
	at com.kms.katalon.core.keyword.internal.KeywordExecutor.executeKeywordForPlatform(KeywordExecutor.groovy:53)
	at com.kms.katalon.core.webui.keyword.WebUiBuiltInKeywords.verifyElementPresent(WebUiBuiltInKeywords.groovy:1434)
	at com.kms.katalon.core.webui.keyword.WebUiBuiltInKeywords$verifyElementPresent$8.call(Unknown Source)
	at CheckOut.run(CheckOut:100)
	at com.kms.katalon.core.main.ScriptEngine.run(ScriptEngine.java:194)
	at com.kms.katalon.core.main.ScriptEngine.runScriptAsRawText(ScriptEngine.java:119)
	at com.kms.katalon.core.main.TestCaseExecutor.runScript(TestCaseExecutor.java:328)
	at com.kms.katalon.core.main.TestCaseExecutor.doExecute(TestCaseExecutor.java:319)
	at com.kms.katalon.core.main.TestCaseExecutor.processExecutionPhase(TestCaseExecutor.java:298)
	at com.kms.katalon.core.main.TestCaseExecutor.accessMainPhase(TestCaseExecutor.java:290)
	at com.kms.katalon.core.main.TestCaseExecutor.execute(TestCaseExecutor.java:224)
	at com.kms.katalon.core.main.TestSuiteExecutor.accessTestCaseMainPhase(TestSuiteExecutor.java:129)
	at com.kms.katalon.core.main.TestSuiteExecutor.accessTestSuiteMainPhase(TestSuiteExecutor.java:112)
	at com.kms.katalon.core.main.TestSuiteExecutor.execute(TestSuiteExecutor.java:81)
	at com.kms.katalon.core.main.TestCaseMain.startTestSuite(TestCaseMain.java:149)
	at com.kms.katalon.core.main.TestCaseMain$startTestSuite$0.call(Unknown Source)
	at TempTestSuite1550810253717.run(TempTestSuite1550810253717.groovy:36)
"/>
         <system-out><![CDATA[2019-02-22 10:09:24 - [TEST_CASE][FAILED] - Test Cases/BigBasket/CheckOut: Test Cases/BigBasket/CheckOut FAILED.
Reason:
com.kms.katalon.core.exception.StepFailedException: Unable to verify object is present (Root cause: java.lang.IllegalArgumentException: Object is null)
	at com.kms.katalon.core.keyword.internal.KeywordMain.stepFailed(KeywordMain.groovy:32)
	at com.kms.katalon.core.webui.keyword.internal.WebUIKeywordMain.stepFailed(WebUIKeywordMain.groovy:65)
	at com.kms.katalon.core.webui.keyword.internal.WebUIKeywordMain.runKeyword(WebUIKeywordMain.groovy:27)
	at com.kms.katalon.core.webui.keyword.builtin.VerifyElementPresentKeyword.verifyElementPresent(VerifyElementPresentKeyword.groovy:92)
	at com.kms.katalon.core.webui.keyword.builtin.VerifyElementPresentKeyword.execute(VerifyElementPresentKeyword.groovy:68)
	at com.kms.katalon.core.keyword.internal.KeywordExecutor.executeKeywordForPlatform(KeywordExecutor.groovy:53)
	at com.kms.katalon.core.webui.keyword.WebUiBuiltInKeywords.verifyElementPresent(WebUiBuiltInKeywords.groovy:1434)
	at com.kms.katalon.core.webui.keyword.WebUiBuiltInKeywords$verifyElementPresent$8.call(Unknown Source)
	at CheckOut.run(CheckOut:100)
	at com.kms.katalon.core.main.ScriptEngine.run(ScriptEngine.java:194)
	at com.kms.katalon.core.main.ScriptEngine.runScriptAsRawText(ScriptEngine.java:119)
	at com.kms.katalon.core.main.TestCaseExecutor.runScript(TestCaseExecutor.java:328)
	at com.kms.katalon.core.main.TestCaseExecutor.doExecute(TestCaseExecutor.java:319)
	at com.kms.katalon.core.main.TestCaseExecutor.processExecutionPhase(TestCaseExecutor.java:298)
	at com.kms.katalon.core.main.TestCaseExecutor.accessMainPhase(TestCaseExecutor.java:290)
	at com.kms.katalon.core.main.TestCaseExecutor.execute(TestCaseExecutor.java:224)
	at com.kms.katalon.core.main.TestSuiteExecutor.accessTestCaseMainPhase(TestSuiteExecutor.java:129)
	at com.kms.katalon.core.main.TestSuiteExecutor.accessTestSuiteMainPhase(TestSuiteExecutor.java:112)
	at com.kms.katalon.core.main.TestSuiteExecutor.execute(TestSuiteExecutor.java:81)
	at com.kms.katalon.core.main.TestCaseMain.startTestSuite(TestCaseMain.java:149)
	at com.kms.katalon.core.main.TestCaseMain$startTestSuite$0.call(Unknown Source)
	at TempTestSuite1550810253717.run(TempTestSuite1550810253717.groovy:36)


2019-02-22 10:09:24 - [TEST_STEP][PASSED] - Start listener action : sampleBeforeTestCase: null

2019-02-22 10:09:24 - [TEST_STEP][PASSED] - println(testCaseContext.getTestCaseId()): null

2019-02-22 10:09:24 - [TEST_STEP][PASSED] - println(testCaseContext.getTestCaseVariables()): null

2019-02-22 10:09:24 - [TEST_STEP][PASSED] - println(" This is before test"): null

2019-02-22 10:09:24 - [TEST_STEP][PASSED] - openBrowser(""): Browser is opened with url: ''

2019-02-22 10:09:24 - [MESSAGE][INFO] - Starting 'Chrome' driver

2019-02-22 10:09:26 - [MESSAGE][PASSED] - Browser is opened with url: ''

2019-02-22 10:09:26 - [TEST_STEP][PASSED] - navigateToUrl("https://www.bigbasket.com/"): Navigate to 'https://www.bigbasket.com/' successfully

2019-02-22 10:09:32 - [MESSAGE][PASSED] - Navigate to 'https://www.bigbasket.com/' successfully

2019-02-22 10:09:32 - [TEST_STEP][PASSED] - click(findTestObject("Object Repository/Page_Online Grocery Shopping and On/a_Login")): Object: 'Object Repository/Page_Online Grocery Shopping and On/a_Login' is clicked on

2019-02-22 10:09:32 - [MESSAGE][PASSED] - Object: 'Object Repository/Page_Online Grocery Shopping and On/a_Login' is clicked on

2019-02-22 10:09:32 - [TEST_STEP][PASSED] - setText(findTestObject("Object Repository/Page_Online Grocery Shopping and On/input_OR_email"), "nivedita.hbti@gmail.com"): Text 'nivedita.hbti@gmail.com' is set on object 'Object Repository/Page_Online Grocery Shopping and On/input_OR_email'

2019-02-22 10:09:33 - [MESSAGE][PASSED] - Text 'nivedita.hbti@gmail.com' is set on object 'Object Repository/Page_Online Grocery Shopping and On/input_OR_email'

2019-02-22 10:09:33 - [TEST_STEP][PASSED] - setEncryptedText(findTestObject("Object Repository/Page_Online Grocery Shopping and On/input_Please enter valid email"), "LqVTzjb8H0GS29zWb5N07g=="): Text ****** has been set on object 'Object Repository/Page_Online Grocery Shopping and On/input_Please enter valid email'

2019-02-22 10:09:33 - [MESSAGE][PASSED] - Text ****** has been set on object 'Object Repository/Page_Online Grocery Shopping and On/input_Please enter valid email'

2019-02-22 10:09:33 - [TEST_STEP][PASSED] - click(findTestObject("Object Repository/Page_Online Grocery Shopping and On/button_LOGIN")): Object: 'Object Repository/Page_Online Grocery Shopping and On/button_LOGIN' is clicked on

2019-02-22 10:09:34 - [MESSAGE][PASSED] - Object: 'Object Repository/Page_Online Grocery Shopping and On/button_LOGIN' is clicked on

2019-02-22 10:09:34 - [TEST_STEP][PASSED] - waitForElementClickable(findTestObject("Object Repository/Page_Online Grocery Shopping and On/span_UserAccount"), 15): Object 'Object Repository/Page_Online Grocery Shopping and On/span_UserAccount' is clickable

2019-02-22 10:09:37 - [MESSAGE][PASSED] - Object 'Object Repository/Page_Online Grocery Shopping and On/span_UserAccount' is clickable

2019-02-22 10:09:37 - [TEST_STEP][PASSED] - setText(findTestObject("Object Repository/Page_Online Grocery Shopping and On/input_Shop for Rs.or moreand g"), "Daal"): Text 'Daal' is set on object 'Object Repository/Page_Online Grocery Shopping and On/input_Shop for Rs.or moreand g'

2019-02-22 10:09:38 - [MESSAGE][PASSED] - Text 'Daal' is set on object 'Object Repository/Page_Online Grocery Shopping and On/input_Shop for Rs.or moreand g'

2019-02-22 10:09:38 - [TEST_STEP][PASSED] - Thread.sleep(1000): null

2019-02-22 10:09:39 - [TEST_STEP][PASSED] - waitForPageLoad(15): Wait for page load successfully

2019-02-22 10:09:39 - [MESSAGE][PASSED] - Wait for page load successfully

2019-02-22 10:09:39 - [TEST_STEP][PASSED] - click(findTestObject("Object Repository/Page_Online Grocery Shopping and On/SearchIcon")): Object: 'Object Repository/Page_Online Grocery Shopping and On/SearchIcon' is clicked on

2019-02-22 10:09:43 - [MESSAGE][PASSED] - Object: 'Object Repository/Page_Online Grocery Shopping and On/SearchIcon' is clicked on

2019-02-22 10:09:43 - [TEST_STEP][PASSED] - waitForPageLoad(10): Wait for page load successfully

2019-02-22 10:09:43 - [MESSAGE][PASSED] - Wait for page load successfully

2019-02-22 10:09:43 - [TEST_STEP][PASSED] - scrollToElement(findTestObject("Object Repository/Page_Best Online Grocery Store in I/btn_ADD_item"), 10): Scroll to object 'Object Repository/Page_Best Online Grocery Store in I/btn_ADD_item' successfully

2019-02-22 10:09:46 - [MESSAGE][PASSED] - Scroll to object 'Object Repository/Page_Best Online Grocery Store in I/btn_ADD_item' successfully

2019-02-22 10:09:46 - [TEST_STEP][PASSED] - ele = findWebElements(findTestObject("Object Repository/BigBasket/Basket/ADD button"), 15).get(1): null

2019-02-22 10:09:46 - [TEST_STEP][PASSED] - println("ele............." + ele): null

2019-02-22 10:09:46 - [TEST_STEP][PASSED] - driver = getWebDriver(): null

2019-02-22 10:09:46 - [TEST_STEP][PASSED] - jse = driver: null

2019-02-22 10:09:46 - [TEST_STEP][PASSED] - jse.executeScript("arguments[0].click()", ele): null

2019-02-22 10:09:46 - [TEST_STEP][PASSED] - Thread.sleep(3000): null

2019-02-22 10:09:49 - [TEST_STEP][PASSED] - bigBasketLogo = driver.findElement(By.xpath("//div[@id='st-trigger-effects']/a[@title='Bigbasket']")): null

2019-02-22 10:09:50 - [TEST_STEP][PASSED] - jse.executeScript("arguments[0].click()", bigBasketLogo): null

2019-02-22 10:09:52 - [TEST_STEP][PASSED] - waitForPageLoad(15): Wait for page load successfully

2019-02-22 10:09:52 - [MESSAGE][PASSED] - Wait for page load successfully

2019-02-22 10:09:52 - [TEST_STEP][PASSED] - click(findTestObject("Object Repository/Page_Online Grocery Shopping and On/span_UserAccount")): Object: 'Object Repository/Page_Online Grocery Shopping and On/span_UserAccount' is clicked on

2019-02-22 10:09:52 - [MESSAGE][PASSED] - Object: 'Object Repository/Page_Online Grocery Shopping and On/span_UserAccount' is clicked on

2019-02-22 10:09:52 - [TEST_STEP][PASSED] - click(findTestObject("Object Repository/Page_Online Grocery Shopping and On/a_My Basket No Items")): Object: 'Object Repository/Page_Online Grocery Shopping and On/a_My Basket No Items' is clicked on

2019-02-22 10:10:05 - [MESSAGE][PASSED] - Object: 'Object Repository/Page_Online Grocery Shopping and On/a_My Basket No Items' is clicked on

2019-02-22 10:10:05 - [TEST_STEP][PASSED] - waitForPageLoad(15): Wait for page load successfully

2019-02-22 10:10:05 - [MESSAGE][PASSED] - Wait for page load successfully

2019-02-22 10:10:05 - [TEST_STEP][PASSED] - scrollToElement(findTestObject("BigBasket/Basket/CHECKOUT"), 15): Scroll to object 'Object Repository/BigBasket/Basket/CHECKOUT' successfully

2019-02-22 10:10:06 - [MESSAGE][PASSED] - Scroll to object 'Object Repository/BigBasket/Basket/CHECKOUT' successfully

2019-02-22 10:10:06 - [TEST_STEP][PASSED] - findWebElement(findTestObject("BigBasket/Basket/CHECKOUT"), 15).click(): null

2019-02-22 10:10:06 - [TEST_STEP][PASSED] - waitForPageLoad(15): Wait for page load successfully

2019-02-22 10:10:06 - [MESSAGE][PASSED] - Wait for page load successfully

2019-02-22 10:10:06 - [TEST_STEP][PASSED] - verifyElementPresent(findTestObject("BigBasket/Checkout/Checkout_DeliveryAddressIcon"), 15): Object 'Object Repository/BigBasket/Checkout/Checkout_DeliveryAddressIcon' is present

2019-02-22 10:10:08 - [MESSAGE][PASSED] - Object 'Object Repository/BigBasket/Checkout/Checkout_DeliveryAddressIcon' is present

2019-02-22 10:10:08 - [TEST_STEP][PASSED] - verifyElementPresent(findTestObject("Object Repository/BigBasket/Checkout/Checkout_DeliveryAddressHeading"), 15): Object 'Object Repository/BigBasket/Checkout/Checkout_DeliveryAddressHeading' is present

2019-02-22 10:10:08 - [MESSAGE][PASSED] - Object 'Object Repository/BigBasket/Checkout/Checkout_DeliveryAddressHeading' is present

2019-02-22 10:10:08 - [TEST_STEP][PASSED] - verifyElementPresent(findTestObject("Object Repository/BigBasket/Checkout/Checkout_DeliveryAddress"), 15): Object 'Object Repository/BigBasket/Checkout/Checkout_DeliveryAddress' is present

2019-02-22 10:10:08 - [MESSAGE][PASSED] - Object 'Object Repository/BigBasket/Checkout/Checkout_DeliveryAddress' is present

2019-02-22 10:10:08 - [TEST_STEP][PASSED] - verifyElementPresent(findTestObject("Object Repository/BigBasket/Checkout/Checkout_Button_Change"), 15): Object 'Object Repository/BigBasket/Checkout/Checkout_Button_Change' is present

2019-02-22 10:10:08 - [MESSAGE][PASSED] - Object 'Object Repository/BigBasket/Checkout/Checkout_Button_Change' is present

2019-02-22 10:10:08 - [TEST_STEP][PASSED] - verifyElementPresent(findTestObject("Page_Best Online Grocery Store in I/span_Default Address"), 10): Object 'Object Repository/Page_Best Online Grocery Store in I/span_Default Address' is present

2019-02-22 10:10:08 - [MESSAGE][PASSED] - Object 'Object Repository/Page_Best Online Grocery Store in I/span_Default Address' is present

2019-02-22 10:10:08 - [TEST_STEP][FAILED] - verifyElementPresent(findTestObject("Page_Best Online Grocery Store in I/div_Default Address    Home - "), 10): Unable to verify object is present (Root cause: java.lang.IllegalArgumentException: Object is null)

2019-02-22 10:10:08 - [MESSAGE][WARNING] - Test object with id 'Object Repository/Page_Best Online Grocery Store in I/div_Default Address    Home - ' does not exist

2019-02-22 10:10:08 - [MESSAGE][WARNING] - Test object with id 'Object Repository/' does not exist

2019-02-22 10:10:09 - [MESSAGE][FAILED] - Unable to verify object is present (Root cause: java.lang.IllegalArgumentException: Object is null)
[[ATTACHMENT|/Users/nivedita/git/KatalonFirstUIProject/Reports/BigBasket/20190222_100733/1550810408801.png]]

2019-02-22 10:10:09 - [TEST_STEP][FAILED] - verifyElementPresent(findTestObject("Page_Best Online Grocery Store in I/div_Default Delivery Option   "), 10): Unable to verify object is present (Root cause: java.lang.IllegalArgumentException: Object is null)

2019-02-22 10:10:09 - [MESSAGE][WARNING] - Test object with id 'Object Repository/Page_Best Online Grocery Store in I/div_Default Delivery Option   ' does not exist

2019-02-22 10:10:09 - [MESSAGE][WARNING] - Test object with id 'Object Repository/' does not exist

2019-02-22 10:10:09 - [MESSAGE][FAILED] - Unable to verify object is present (Root cause: java.lang.IllegalArgumentException: Object is null)
[[ATTACHMENT|/Users/nivedita/git/KatalonFirstUIProject/Reports/BigBasket/20190222_100733/1550810409190.png]]

2019-02-22 10:10:09 - [TEST_STEP][FAILED] - click(findTestObject("Object Repository/Page_Best Online Grocery Store in I/span_Note Selecting the slot m")): Unable to click on object 'Object Repository/Page_Best Online Grocery Store in I/span_Note Selecting the slot m' (Root cause: org.openqa.selenium.ElementNotVisibleException: element not interactable
  (Session info: chrome=72.0.3626.109)
  (Driver info: chromedriver=2.43.600229 (3fae4d0cda5334b4f533bede5a4787f7b832d052),platform=Mac OS X 10.13.6 x86_64) (WARNING: The server did not provide any stacktrace information)
Command duration or timeout: 0 milliseconds
Build info: version: '3.7.1', revision: '8a0099a', time: '2017-11-06T21:07:36.161Z'
System info: host: 'Niveditas-MacBook-Air.local', ip: 'fe80:0:0:0:848:c8e3:a957:2764%en0', os.name: 'Mac OS X', os.arch: 'x86_64', os.version: '10.13.6', java.version: '1.8.0_181'
Driver info: com.kms.katalon.selenium.driver.CChromeDriver
Capabilities {acceptInsecureCerts: false, acceptSslCerts: false, applicationCacheEnabled: false, browserConnectionEnabled: false, browserName: chrome, chrome: {chromedriverVersion: 2.43.600229 (3fae4d0cda5334..., userDataDir: /var/folders/1p/92gdr4951qs...}, cssSelectorsEnabled: true, databaseEnabled: false, goog:chromeOptions: {debuggerAddress: localhost:57012}, handlesAlerts: true, hasTouchScreen: false, javascriptEnabled: true, locationContextEnabled: true, mobileEmulationEnabled: false, nativeEvents: true, networkConnectionEnabled: false, pageLoadStrategy: normal, platform: MAC, platformName: MAC, rotatable: false, setWindowRect: true, takesHeapSnapshot: true, takesScreenshot: true, unexpectedAlertBehaviour: , unhandledPromptBehavior: , version: 72.0.3626.109, webStorageEnabled: true}
Session ID: 6b4c8acd75a293cf662bed361c311ea1)

2019-02-22 10:10:10 - [MESSAGE][FAILED] - Unable to click on object 'Object Repository/Page_Best Online Grocery Store in I/span_Note Selecting the slot m' (Root cause: org.openqa.selenium.ElementNotVisibleException: element not interactable
  (Session info: chrome=72.0.3626.109)
  (Driver info: chromedriver=2.43.600229 (3fae4d0cda5334b4f533bede5a4787f7b832d052),platform=Mac OS X 10.13.6 x86_64) (WARNING: The server did not provide any stacktrace information)
Command duration or timeout: 0 milliseconds
Build info: version: '3.7.1', revision: '8a0099a', time: '2017-11-06T21:07:36.161Z'
System info: host: 'Niveditas-MacBook-Air.local', ip: 'fe80:0:0:0:848:c8e3:a957:2764%en0', os.name: 'Mac OS X', os.arch: 'x86_64', os.version: '10.13.6', java.version: '1.8.0_181'
Driver info: com.kms.katalon.selenium.driver.CChromeDriver
Capabilities {acceptInsecureCerts: false, acceptSslCerts: false, applicationCacheEnabled: false, browserConnectionEnabled: false, browserName: chrome, chrome: {chromedriverVersion: 2.43.600229 (3fae4d0cda5334..., userDataDir: /var/folders/1p/92gdr4951qs...}, cssSelectorsEnabled: true, databaseEnabled: false, goog:chromeOptions: {debuggerAddress: localhost:57012}, handlesAlerts: true, hasTouchScreen: false, javascriptEnabled: true, locationContextEnabled: true, mobileEmulationEnabled: false, nativeEvents: true, networkConnectionEnabled: false, pageLoadStrategy: normal, platform: MAC, platformName: MAC, rotatable: false, setWindowRect: true, takesHeapSnapshot: true, takesScreenshot: true, unexpectedAlertBehaviour: , unhandledPromptBehavior: , version: 72.0.3626.109, webStorageEnabled: true}
Session ID: 6b4c8acd75a293cf662bed361c311ea1)
[[ATTACHMENT|/Users/nivedita/git/KatalonFirstUIProject/Reports/BigBasket/20190222_100733/1550810410107.png]]

2019-02-22 10:10:10 - [TEST_STEP][FAILED] - closeBrowser(): closeBrowser() FAILED.
Reason:
com.kms.katalon.core.exception.StepFailedException: Unable to verify object is present (Root cause: java.lang.IllegalArgumentException: Object is null)
	at com.kms.katalon.core.keyword.internal.KeywordMain.stepFailed(KeywordMain.groovy:32)
	at com.kms.katalon.core.webui.keyword.internal.WebUIKeywordMain.stepFailed(WebUIKeywordMain.groovy:65)
	at com.kms.katalon.core.webui.keyword.internal.WebUIKeywordMain.runKeyword(WebUIKeywordMain.groovy:27)
	at com.kms.katalon.core.webui.keyword.builtin.VerifyElementPresentKeyword.verifyElementPresent(VerifyElementPresentKeyword.groovy:92)
	at com.kms.katalon.core.webui.keyword.builtin.VerifyElementPresentKeyword.execute(VerifyElementPresentKeyword.groovy:68)
	at com.kms.katalon.core.keyword.internal.KeywordExecutor.executeKeywordForPlatform(KeywordExecutor.groovy:53)
	at com.kms.katalon.core.webui.keyword.WebUiBuiltInKeywords.verifyElementPresent(WebUiBuiltInKeywords.groovy:1434)
	at com.kms.katalon.core.webui.keyword.WebUiBuiltInKeywords$verifyElementPresent$8.call(Unknown Source)
	at CheckOut.run(CheckOut:100)
	at com.kms.katalon.core.main.ScriptEngine.run(ScriptEngine.java:194)
	at com.kms.katalon.core.main.ScriptEngine.runScriptAsRawText(ScriptEngine.java:119)
	at com.kms.katalon.core.main.TestCaseExecutor.runScript(TestCaseExecutor.java:328)
	at com.kms.katalon.core.main.TestCaseExecutor.doExecute(TestCaseExecutor.java:319)
	at com.kms.katalon.core.main.TestCaseExecutor.processExecutionPhase(TestCaseExecutor.java:298)
	at com.kms.katalon.core.main.TestCaseExecutor.accessMainPhase(TestCaseExecutor.java:290)
	at com.kms.katalon.core.main.TestCaseExecutor.execute(TestCaseExecutor.java:224)
	at com.kms.katalon.core.main.TestSuiteExecutor.accessTestCaseMainPhase(TestSuiteExecutor.java:129)
	at com.kms.katalon.core.main.TestSuiteExecutor.accessTestSuiteMainPhase(TestSuiteExecutor.java:112)
	at com.kms.katalon.core.main.TestSuiteExecutor.execute(TestSuiteExecutor.java:81)
	at com.kms.katalon.core.main.TestCaseMain.startTestSuite(TestCaseMain.java:149)
	at com.kms.katalon.core.main.TestCaseMain$startTestSuite$0.call(Unknown Source)
	at TempTestSuite1550810253717.run(TempTestSuite1550810253717.groovy:36)


2019-02-22 10:10:10 - [MESSAGE][PASSED] - Browser is closed

2019-02-22 10:10:10 - [MESSAGE][FAILED] - closeBrowser() FAILED.
Reason:
com.kms.katalon.core.exception.StepFailedException: Unable to verify object is present (Root cause: java.lang.IllegalArgumentException: Object is null)
	at com.kms.katalon.core.keyword.internal.KeywordMain.stepFailed(KeywordMain.groovy:32)
	at com.kms.katalon.core.webui.keyword.internal.WebUIKeywordMain.stepFailed(WebUIKeywordMain.groovy:65)
	at com.kms.katalon.core.webui.keyword.internal.WebUIKeywordMain.runKeyword(WebUIKeywordMain.groovy:27)
	at com.kms.katalon.core.webui.keyword.builtin.VerifyElementPresentKeyword.verifyElementPresent(VerifyElementPresentKeyword.groovy:92)
	at com.kms.katalon.core.webui.keyword.builtin.VerifyElementPresentKeyword.execute(VerifyElementPresentKeyword.groovy:68)
	at com.kms.katalon.core.keyword.internal.KeywordExecutor.executeKeywordForPlatform(KeywordExecutor.groovy:53)
	at com.kms.katalon.core.webui.keyword.WebUiBuiltInKeywords.verifyElementPresent(WebUiBuiltInKeywords.groovy:1434)
	at com.kms.katalon.core.webui.keyword.WebUiBuiltInKeywords$verifyElementPresent$8.call(Unknown Source)
	at CheckOut.run(CheckOut:100)
	at com.kms.katalon.core.main.ScriptEngine.run(ScriptEngine.java:194)
	at com.kms.katalon.core.main.ScriptEngine.runScriptAsRawText(ScriptEngine.java:119)
	at com.kms.katalon.core.main.TestCaseExecutor.runScript(TestCaseExecutor.java:328)
	at com.kms.katalon.core.main.TestCaseExecutor.doExecute(TestCaseExecutor.java:319)
	at com.kms.katalon.core.main.TestCaseExecutor.processExecutionPhase(TestCaseExecutor.java:298)
	at com.kms.katalon.core.main.TestCaseExecutor.accessMainPhase(TestCaseExecutor.java:290)
	at com.kms.katalon.core.main.TestCaseExecutor.execute(TestCaseExecutor.java:224)
	at com.kms.katalon.core.main.TestSuiteExecutor.accessTestCaseMainPhase(TestSuiteExecutor.java:129)
	at com.kms.katalon.core.main.TestSuiteExecutor.accessTestSuiteMainPhase(TestSuiteExecutor.java:112)
	at com.kms.katalon.core.main.TestSuiteExecutor.execute(TestSuiteExecutor.java:81)
	at com.kms.katalon.core.main.TestCaseMain.startTestSuite(TestCaseMain.java:149)
	at com.kms.katalon.core.main.TestCaseMain$startTestSuite$0.call(Unknown Source)
	at TempTestSuite1550810253717.run(TempTestSuite1550810253717.groovy:36)


2019-02-22 10:10:10 - [TEST_STEP][PASSED] - Start listener action : sampleAfterTestCase: null

2019-02-22 10:10:10 - [TEST_STEP][PASSED] - println(testCaseContext.getTestCaseId()): null

2019-02-22 10:10:10 - [TEST_STEP][PASSED] - println(testCaseContext.getTestCaseStatus()): null]]></system-out>
         <system-err><![CDATA[2019-02-22 10:09:24 - [TEST_CASE][FAILED] - Test Cases/BigBasket/CheckOut: Test Cases/BigBasket/CheckOut FAILED.
Reason:
com.kms.katalon.core.exception.StepFailedException: Unable to verify object is present (Root cause: java.lang.IllegalArgumentException: Object is null)
	at com.kms.katalon.core.keyword.internal.KeywordMain.stepFailed(KeywordMain.groovy:32)
	at com.kms.katalon.core.webui.keyword.internal.WebUIKeywordMain.stepFailed(WebUIKeywordMain.groovy:65)
	at com.kms.katalon.core.webui.keyword.internal.WebUIKeywordMain.runKeyword(WebUIKeywordMain.groovy:27)
	at com.kms.katalon.core.webui.keyword.builtin.VerifyElementPresentKeyword.verifyElementPresent(VerifyElementPresentKeyword.groovy:92)
	at com.kms.katalon.core.webui.keyword.builtin.VerifyElementPresentKeyword.execute(VerifyElementPresentKeyword.groovy:68)
	at com.kms.katalon.core.keyword.internal.KeywordExecutor.executeKeywordForPlatform(KeywordExecutor.groovy:53)
	at com.kms.katalon.core.webui.keyword.WebUiBuiltInKeywords.verifyElementPresent(WebUiBuiltInKeywords.groovy:1434)
	at com.kms.katalon.core.webui.keyword.WebUiBuiltInKeywords$verifyElementPresent$8.call(Unknown Source)
	at CheckOut.run(CheckOut:100)
	at com.kms.katalon.core.main.ScriptEngine.run(ScriptEngine.java:194)
	at com.kms.katalon.core.main.ScriptEngine.runScriptAsRawText(ScriptEngine.java:119)
	at com.kms.katalon.core.main.TestCaseExecutor.runScript(TestCaseExecutor.java:328)
	at com.kms.katalon.core.main.TestCaseExecutor.doExecute(TestCaseExecutor.java:319)
	at com.kms.katalon.core.main.TestCaseExecutor.processExecutionPhase(TestCaseExecutor.java:298)
	at com.kms.katalon.core.main.TestCaseExecutor.accessMainPhase(TestCaseExecutor.java:290)
	at com.kms.katalon.core.main.TestCaseExecutor.execute(TestCaseExecutor.java:224)
	at com.kms.katalon.core.main.TestSuiteExecutor.accessTestCaseMainPhase(TestSuiteExecutor.java:129)
	at com.kms.katalon.core.main.TestSuiteExecutor.accessTestSuiteMainPhase(TestSuiteExecutor.java:112)
	at com.kms.katalon.core.main.TestSuiteExecutor.execute(TestSuiteExecutor.java:81)
	at com.kms.katalon.core.main.TestCaseMain.startTestSuite(TestCaseMain.java:149)
	at com.kms.katalon.core.main.TestCaseMain$startTestSuite$0.call(Unknown Source)
	at TempTestSuite1550810253717.run(TempTestSuite1550810253717.groovy:36)]]></system-err>
      </testcase>
      <system-out><![CDATA[2019-02-22 10:07:37 - [TEST_SUITE][ERROR] - BigBasket: Test Cases/BigBasket/RemoveItemFromBasket FAILED.
Reason:
org.openqa.selenium.ElementNotVisibleException: element not interactable
  (Session info: chrome=72.0.3626.109)
  (Driver info: chromedriver=2.43.600229 (3fae4d0cda5334b4f533bede5a4787f7b832d052),platform=Mac OS X 10.13.6 x86_64) (WARNING: The server did not provide any stacktrace information)
Command duration or timeout: 0 milliseconds
Build info: version: '3.7.1', revision: '8a0099a', time: '2017-11-06T21:07:36.161Z'
System info: host: 'Niveditas-MacBook-Air.local', ip: 'fe80:0:0:0:848:c8e3:a957:2764%en0', os.name: 'Mac OS X', os.arch: 'x86_64', os.version: '10.13.6', java.version: '1.8.0_181'
Driver info: com.kms.katalon.selenium.driver.CChromeDriver
Capabilities {acceptInsecureCerts: false, acceptSslCerts: false, applicationCacheEnabled: false, browserConnectionEnabled: false, browserName: chrome, chrome: {chromedriverVersion: 2.43.600229 (3fae4d0cda5334..., userDataDir: /var/folders/1p/92gdr4951qs...}, cssSelectorsEnabled: true, databaseEnabled: false, goog:chromeOptions: {debuggerAddress: localhost:56234}, handlesAlerts: true, hasTouchScreen: false, javascriptEnabled: true, locationContextEnabled: true, mobileEmulationEnabled: false, nativeEvents: true, networkConnectionEnabled: false, pageLoadStrategy: normal, platform: MAC, platformName: MAC, rotatable: false, setWindowRect: true, takesHeapSnapshot: true, takesScreenshot: true, unexpectedAlertBehaviour: , unhandledPromptBehavior: , version: 72.0.3626.109, webStorageEnabled: true}
Session ID: b6fe7faeb1e4504f863dbe6077e96416
	at org.openqa.selenium.remote.ErrorHandler.createThrowable(ErrorHandler.java:214)
	at org.openqa.selenium.remote.ErrorHandler.throwIfResponseFailed(ErrorHandler.java:166)
	at org.openqa.selenium.remote.http.JsonHttpResponseCodec.reconstructValue(JsonHttpResponseCodec.java:40)
	at org.openqa.selenium.remote.http.AbstractHttpResponseCodec.decode(AbstractHttpResponseCodec.java:80)
	at org.openqa.selenium.remote.http.AbstractHttpResponseCodec.decode(AbstractHttpResponseCodec.java:44)
	at org.openqa.selenium.remote.HttpCommandExecutor.execute(HttpCommandExecutor.java:164)
	at org.openqa.selenium.remote.service.DriverCommandExecutor.execute(DriverCommandExecutor.java:83)
	at org.openqa.selenium.remote.RemoteWebDriver.execute(RemoteWebDriver.java:600)
	at com.kms.katalon.selenium.driver.CChromeDriver.execute(CChromeDriver.java:20)
	at org.openqa.selenium.remote.RemoteWebElement.execute(RemoteWebElement.java:279)
	at org.openqa.selenium.remote.RemoteWebElement.click(RemoteWebElement.java:83)
	at org.openqa.selenium.WebElement$click$0.call(Unknown Source)
	at RemoveItemFromBasket.run(RemoveItemFromBasket:78)
	at com.kms.katalon.core.main.ScriptEngine.run(ScriptEngine.java:194)
	at com.kms.katalon.core.main.ScriptEngine.runScriptAsRawText(ScriptEngine.java:119)
	at com.kms.katalon.core.main.TestCaseExecutor.runScript(TestCaseExecutor.java:328)
	at com.kms.katalon.core.main.TestCaseExecutor.doExecute(TestCaseExecutor.java:319)
	at com.kms.katalon.core.main.TestCaseExecutor.processExecutionPhase(TestCaseExecutor.java:298)
	at com.kms.katalon.core.main.TestCaseExecutor.accessMainPhase(TestCaseExecutor.java:290)
	at com.kms.katalon.core.main.TestCaseExecutor.execute(TestCaseExecutor.java:224)
	at com.kms.katalon.core.main.TestSuiteExecutor.accessTestCaseMainPhase(TestSuiteExecutor.java:129)
	at com.kms.katalon.core.main.TestSuiteExecutor.accessTestSuiteMainPhase(TestSuiteExecutor.java:112)
	at com.kms.katalon.core.main.TestSuiteExecutor.execute(TestSuiteExecutor.java:81)
	at com.kms.katalon.core.main.TestCaseMain.startTestSuite(TestCaseMain.java:149)
	at com.kms.katalon.core.main.TestCaseMain$startTestSuite$0.call(Unknown Source)
	at TempTestSuite1550810253717.run(TempTestSuite1550810253717.groovy:36)]]></system-out>
      <system-err><![CDATA[2019-02-22 10:07:37 - [TEST_SUITE][ERROR] - BigBasket: Test Cases/BigBasket/RemoveItemFromBasket FAILED.
Reason:
org.openqa.selenium.ElementNotVisibleException: element not interactable
  (Session info: chrome=72.0.3626.109)
  (Driver info: chromedriver=2.43.600229 (3fae4d0cda5334b4f533bede5a4787f7b832d052),platform=Mac OS X 10.13.6 x86_64) (WARNING: The server did not provide any stacktrace information)
Command duration or timeout: 0 milliseconds
Build info: version: '3.7.1', revision: '8a0099a', time: '2017-11-06T21:07:36.161Z'
System info: host: 'Niveditas-MacBook-Air.local', ip: 'fe80:0:0:0:848:c8e3:a957:2764%en0', os.name: 'Mac OS X', os.arch: 'x86_64', os.version: '10.13.6', java.version: '1.8.0_181'
Driver info: com.kms.katalon.selenium.driver.CChromeDriver
Capabilities {acceptInsecureCerts: false, acceptSslCerts: false, applicationCacheEnabled: false, browserConnectionEnabled: false, browserName: chrome, chrome: {chromedriverVersion: 2.43.600229 (3fae4d0cda5334..., userDataDir: /var/folders/1p/92gdr4951qs...}, cssSelectorsEnabled: true, databaseEnabled: false, goog:chromeOptions: {debuggerAddress: localhost:56234}, handlesAlerts: true, hasTouchScreen: false, javascriptEnabled: true, locationContextEnabled: true, mobileEmulationEnabled: false, nativeEvents: true, networkConnectionEnabled: false, pageLoadStrategy: normal, platform: MAC, platformName: MAC, rotatable: false, setWindowRect: true, takesHeapSnapshot: true, takesScreenshot: true, unexpectedAlertBehaviour: , unhandledPromptBehavior: , version: 72.0.3626.109, webStorageEnabled: true}
Session ID: b6fe7faeb1e4504f863dbe6077e96416
	at org.openqa.selenium.remote.ErrorHandler.createThrowable(ErrorHandler.java:214)
	at org.openqa.selenium.remote.ErrorHandler.throwIfResponseFailed(ErrorHandler.java:166)
	at org.openqa.selenium.remote.http.JsonHttpResponseCodec.reconstructValue(JsonHttpResponseCodec.java:40)
	at org.openqa.selenium.remote.http.AbstractHttpResponseCodec.decode(AbstractHttpResponseCodec.java:80)
	at org.openqa.selenium.remote.http.AbstractHttpResponseCodec.decode(AbstractHttpResponseCodec.java:44)
	at org.openqa.selenium.remote.HttpCommandExecutor.execute(HttpCommandExecutor.java:164)
	at org.openqa.selenium.remote.service.DriverCommandExecutor.execute(DriverCommandExecutor.java:83)
	at org.openqa.selenium.remote.RemoteWebDriver.execute(RemoteWebDriver.java:600)
	at com.kms.katalon.selenium.driver.CChromeDriver.execute(CChromeDriver.java:20)
	at org.openqa.selenium.remote.RemoteWebElement.execute(RemoteWebElement.java:279)
	at org.openqa.selenium.remote.RemoteWebElement.click(RemoteWebElement.java:83)
	at org.openqa.selenium.WebElement$click$0.call(Unknown Source)
	at RemoveItemFromBasket.run(RemoveItemFromBasket:78)
	at com.kms.katalon.core.main.ScriptEngine.run(ScriptEngine.java:194)
	at com.kms.katalon.core.main.ScriptEngine.runScriptAsRawText(ScriptEngine.java:119)
	at com.kms.katalon.core.main.TestCaseExecutor.runScript(TestCaseExecutor.java:328)
	at com.kms.katalon.core.main.TestCaseExecutor.doExecute(TestCaseExecutor.java:319)
	at com.kms.katalon.core.main.TestCaseExecutor.processExecutionPhase(TestCaseExecutor.java:298)
	at com.kms.katalon.core.main.TestCaseExecutor.accessMainPhase(TestCaseExecutor.java:290)
	at com.kms.katalon.core.main.TestCaseExecutor.execute(TestCaseExecutor.java:224)
	at com.kms.katalon.core.main.TestSuiteExecutor.accessTestCaseMainPhase(TestSuiteExecutor.java:129)
	at com.kms.katalon.core.main.TestSuiteExecutor.accessTestSuiteMainPhase(TestSuiteExecutor.java:112)
	at com.kms.katalon.core.main.TestSuiteExecutor.execute(TestSuiteExecutor.java:81)
	at com.kms.katalon.core.main.TestCaseMain.startTestSuite(TestCaseMain.java:149)
	at com.kms.katalon.core.main.TestCaseMain$startTestSuite$0.call(Unknown Source)
	at TempTestSuite1550810253717.run(TempTestSuite1550810253717.groovy:36)]]></system-err>
   </testsuite>
</testsuites>
