<?xml version="1.0" encoding="UTF-8"?>
<testsuites name="BigBasket" time="165" tests="3" failures="0" errors="1">
   <testsuite name="BigBasket" tests="3" failures="0" errors="1" time="165" timestamp="2019-02-22 18:49:22" hostname="nivedita - 192.168.0.106" id="Test Suites/BigBasket">
      <properties>
         <property name="deviceName" value=""/>
         <property name="devicePlatform" value=""/>
         <property name="logFolder" value="/Users/nivedita/git/KatalonFirstUIProject/Reports/BigBasket/20190222_184918"/>
         <property name="logFiles" value="/Users/nivedita/git/KatalonFirstUIProject/Reports/BigBasket/20190222_184918/execution0.log"/>
         <property name="attachments" value=""/>
         <property name="hostName" value="nivedita - 192.168.0.106"/>
         <property name="os" value="Mac OS X 64bit"/>
         <property name="katalonVersion" value="5.10.1.1"/>
         <property name="browser" value="Chrome 72.0.3626.109"/>
         <property name="hostAddress" value="192.168.0.106"/>
         <property name="sessionId" value="469ad42b9a96561a3ec5341c481d9ef7"/>
         <property name="seleniumVersion" value="3.7.1"/>
         <property name="proxyInformation" value="ProxyInformation{proxyOption=NO_PROXY, proxyServerType=HTTP, password=, proxyServerAddress=, proxyServerPort=0}"/>
         <property name="platform" value="Mac OS X"/>
      </properties>
      <testcase name="Test Cases/BigBasket/RemoveItemFromBasket" classname="Test Cases/BigBasket/RemoveItemFromBasket" status="PASSED">
         <system-out><![CDATA[2019-02-22 18:49:22 - [TEST_CASE][PASSED] - Test Cases/BigBasket/RemoveItemFromBasket: Test Cases/BigBasket/RemoveItemFromBasket

2019-02-22 18:49:22 - [TEST_STEP][PASSED] - Start listener action : sampleBeforeTestCase: null

2019-02-22 18:49:22 - [TEST_STEP][PASSED] - println(testCaseContext.getTestCaseId()): null

2019-02-22 18:49:22 - [TEST_STEP][PASSED] - println(testCaseContext.getTestCaseVariables()): null

2019-02-22 18:49:22 - [TEST_STEP][PASSED] - println(" This is before test"): null

2019-02-22 18:49:23 - [TEST_STEP][PASSED] - openBrowser(""): Browser is opened with url: ''

2019-02-22 18:49:24 - [MESSAGE][INFO] - Starting 'Chrome' driver

2019-02-22 18:49:24 - [MESSAGE][INFO] - Action delay is set to 0 seconds

2019-02-22 18:49:28 - [MESSAGE][PASSED] - Browser is opened with url: ''

2019-02-22 18:49:28 - [TEST_STEP][PASSED] - navigateToUrl("https://www.bigbasket.com/"): Navigate to 'https://www.bigbasket.com/' successfully

2019-02-22 18:49:35 - [MESSAGE][PASSED] - Navigate to 'https://www.bigbasket.com/' successfully

2019-02-22 18:49:35 - [TEST_STEP][PASSED] - click(findTestObject("Object Repository/Page_Online Grocery Shopping and On/a_Login")): Object: 'Object Repository/Page_Online Grocery Shopping and On/a_Login' is clicked on

2019-02-22 18:49:36 - [MESSAGE][PASSED] - Object: 'Object Repository/Page_Online Grocery Shopping and On/a_Login' is clicked on

2019-02-22 18:49:36 - [TEST_STEP][PASSED] - setText(findTestObject("Object Repository/Page_Online Grocery Shopping and On/input_OR_email"), "nivedita.hbti@gmail.com"): Text 'nivedita.hbti@gmail.com' is set on object 'Object Repository/Page_Online Grocery Shopping and On/input_OR_email'

2019-02-22 18:49:37 - [MESSAGE][PASSED] - Text 'nivedita.hbti@gmail.com' is set on object 'Object Repository/Page_Online Grocery Shopping and On/input_OR_email'

2019-02-22 18:49:37 - [TEST_STEP][PASSED] - setEncryptedText(findTestObject("Object Repository/Page_Online Grocery Shopping and On/input_Please enter valid email"), "LqVTzjb8H0GS29zWb5N07g=="): Text ****** has been set on object 'Object Repository/Page_Online Grocery Shopping and On/input_Please enter valid email'

2019-02-22 18:49:38 - [MESSAGE][PASSED] - Text ****** has been set on object 'Object Repository/Page_Online Grocery Shopping and On/input_Please enter valid email'

2019-02-22 18:49:38 - [TEST_STEP][PASSED] - click(findTestObject("Object Repository/Page_Online Grocery Shopping and On/button_LOGIN")): Object: 'Object Repository/Page_Online Grocery Shopping and On/button_LOGIN' is clicked on

2019-02-22 18:49:38 - [MESSAGE][PASSED] - Object: 'Object Repository/Page_Online Grocery Shopping and On/button_LOGIN' is clicked on

2019-02-22 18:49:38 - [TEST_STEP][PASSED] - waitForElementClickable(findTestObject("Object Repository/Page_Online Grocery Shopping and On/span_UserAccount"), 15): Object 'Object Repository/Page_Online Grocery Shopping and On/span_UserAccount' is clickable

2019-02-22 18:49:46 - [MESSAGE][PASSED] - Object 'Object Repository/Page_Online Grocery Shopping and On/span_UserAccount' is clickable

2019-02-22 18:49:46 - [TEST_STEP][PASSED] - items = getText(findTestObject("Object Repository/BigBasket/Page_Online Grocery Shopping and On/span_0 items")): Text of object 'Object Repository/BigBasket/Page_Online Grocery Shopping and On/span_0 items' is: '5 items'

2019-02-22 18:49:46 - [MESSAGE][PASSED] - Text of object 'Object Repository/BigBasket/Page_Online Grocery Shopping and On/span_0 items' is: '5 items'

2019-02-22 18:49:46 - [TEST_STEP][PASSED] - count = Integer.parseInt(replace(" items", "").trim()): null

2019-02-22 18:49:46 - [TEST_STEP][PASSED] - println("Count is : " + count): null

2019-02-22 18:49:46 - [TEST_STEP][PASSED] - click(findTestObject("Object Repository/Page_Online Grocery Shopping and On/span_UserAccount")): Object: 'Object Repository/Page_Online Grocery Shopping and On/span_UserAccount' is clicked on

2019-02-22 18:49:47 - [MESSAGE][PASSED] - Object: 'Object Repository/Page_Online Grocery Shopping and On/span_UserAccount' is clicked on

2019-02-22 18:49:47 - [TEST_STEP][PASSED] - click(findTestObject("Object Repository/Page_Online Grocery Shopping and On/a_My Basket No Items")): Object: 'Object Repository/Page_Online Grocery Shopping and On/a_My Basket No Items' is clicked on

2019-02-22 18:50:00 - [MESSAGE][PASSED] - Object: 'Object Repository/Page_Online Grocery Shopping and On/a_My Basket No Items' is clicked on

2019-02-22 18:50:00 - [TEST_STEP][PASSED] - waitForPageLoad(15): Wait for page load successfully

2019-02-22 18:50:00 - [MESSAGE][PASSED] - Wait for page load successfully

2019-02-22 18:50:00 - [TEST_STEP][PASSED] - driver = getWebDriver(): null

2019-02-22 18:50:00 - [TEST_STEP][PASSED] - if (count > 0): Wait for page load successfully

2019-02-22 18:50:00 - [TEST_STEP][PASSED] - Removebutton = driver.findElements(By.xpath("//a[@id[contains(.,'remove')]]")): null

2019-02-22 18:50:00 - [TEST_STEP][PASSED] - noOfRemoveButton = Removebutton.size(): null

2019-02-22 18:50:00 - [TEST_STEP][PASSED] - println("no of items with remove buttons.. " + noOfRemoveButton): null

2019-02-22 18:50:00 - [TEST_STEP][PASSED] - for ([i = 0, i < noOfRemoveButton, (i++)]): Wait for page load successfully

2019-02-22 18:50:00 - [TEST_STEP][PASSED] - Removebutton[i].click(): null

2019-02-22 18:50:01 - [TEST_STEP][PASSED] - println("Element Remove button : " + i + ": " + Removebutton[i]): null

2019-02-22 18:50:01 - [TEST_STEP][PASSED] - waitForPageLoad(15): Wait for page load successfully

2019-02-22 18:50:01 - [MESSAGE][PASSED] - Wait for page load successfully

2019-02-22 18:50:01 - [TEST_STEP][PASSED] - Removebutton[i].click(): null

2019-02-22 18:50:01 - [TEST_STEP][PASSED] - println("Element Remove button : " + i + ": " + Removebutton[i]): null

2019-02-22 18:50:01 - [TEST_STEP][PASSED] - waitForPageLoad(15): Wait for page load successfully

2019-02-22 18:50:01 - [MESSAGE][PASSED] - Wait for page load successfully

2019-02-22 18:50:01 - [TEST_STEP][PASSED] - Removebutton[i].click(): null

2019-02-22 18:50:01 - [TEST_STEP][PASSED] - println("Element Remove button : " + i + ": " + Removebutton[i]): null

2019-02-22 18:50:01 - [TEST_STEP][PASSED] - waitForPageLoad(15): Wait for page load successfully

2019-02-22 18:50:01 - [MESSAGE][PASSED] - Wait for page load successfully

2019-02-22 18:50:01 - [TEST_STEP][PASSED] - Removebutton[i].click(): null

2019-02-22 18:50:01 - [TEST_STEP][PASSED] - println("Element Remove button : " + i + ": " + Removebutton[i]): null

2019-02-22 18:50:01 - [TEST_STEP][PASSED] - waitForPageLoad(15): Wait for page load successfully

2019-02-22 18:50:01 - [MESSAGE][PASSED] - Wait for page load successfully

2019-02-22 18:50:01 - [TEST_STEP][PASSED] - Removebutton[i].click(): null

2019-02-22 18:50:01 - [TEST_STEP][PASSED] - println("Element Remove button : " + i + ": " + Removebutton[i]): null

2019-02-22 18:50:01 - [TEST_STEP][PASSED] - waitForPageLoad(15): Wait for page load successfully

2019-02-22 18:50:01 - [MESSAGE][PASSED] - Wait for page load successfully

2019-02-22 18:50:01 - [TEST_STEP][PASSED] - Thread.sleep(1000): null

2019-02-22 18:50:02 - [TEST_STEP][PASSED] - closeBrowser(): Browser is closed

2019-02-22 18:50:02 - [MESSAGE][PASSED] - Browser is closed

2019-02-22 18:50:02 - [TEST_STEP][PASSED] - Start listener action : sampleAfterTestCase: null

2019-02-22 18:50:02 - [TEST_STEP][PASSED] - println(testCaseContext.getTestCaseId()): null

2019-02-22 18:50:02 - [TEST_STEP][PASSED] - println(testCaseContext.getTestCaseStatus()): null]]></system-out>
         <system-err><![CDATA[]]></system-err>
      </testcase>
      <testcase name="Test Cases/BigBasket/LoginAndAddToCart" classname="Test Cases/BigBasket/LoginAndAddToCart" status="PASSED">
         <system-out><![CDATA[2019-02-22 18:50:02 - [TEST_CASE][PASSED] - Test Cases/BigBasket/LoginAndAddToCart: Test Cases/BigBasket/LoginAndAddToCart

2019-02-22 18:50:02 - [TEST_STEP][PASSED] - Start listener action : sampleBeforeTestCase: null

2019-02-22 18:50:02 - [TEST_STEP][PASSED] - println(testCaseContext.getTestCaseId()): null

2019-02-22 18:50:02 - [TEST_STEP][PASSED] - println(testCaseContext.getTestCaseVariables()): null

2019-02-22 18:50:02 - [TEST_STEP][PASSED] - println(" This is before test"): null

2019-02-22 18:50:03 - [TEST_STEP][PASSED] - openBrowser(""): Browser is opened with url: ''

2019-02-22 18:50:03 - [MESSAGE][INFO] - Starting 'Chrome' driver

2019-02-22 18:50:04 - [MESSAGE][PASSED] - Browser is opened with url: ''

2019-02-22 18:50:04 - [TEST_STEP][PASSED] - navigateToUrl("https://www.bigbasket.com/"): Navigate to 'https://www.bigbasket.com/' successfully

2019-02-22 18:50:13 - [MESSAGE][PASSED] - Navigate to 'https://www.bigbasket.com/' successfully

2019-02-22 18:50:13 - [TEST_STEP][PASSED] - click(findTestObject("Object Repository/Page_Online Grocery Shopping and On/a_Login")): Object: 'Object Repository/Page_Online Grocery Shopping and On/a_Login' is clicked on

2019-02-22 18:50:13 - [MESSAGE][PASSED] - Object: 'Object Repository/Page_Online Grocery Shopping and On/a_Login' is clicked on

2019-02-22 18:50:13 - [TEST_STEP][PASSED] - setText(findTestObject("Object Repository/Page_Online Grocery Shopping and On/input_OR_email"), "nivedita.hbti@gmail.com"): Text 'nivedita.hbti@gmail.com' is set on object 'Object Repository/Page_Online Grocery Shopping and On/input_OR_email'

2019-02-22 18:50:14 - [MESSAGE][PASSED] - Text 'nivedita.hbti@gmail.com' is set on object 'Object Repository/Page_Online Grocery Shopping and On/input_OR_email'

2019-02-22 18:50:14 - [TEST_STEP][PASSED] - setEncryptedText(findTestObject("Object Repository/Page_Online Grocery Shopping and On/input_Please enter valid email"), "LqVTzjb8H0GS29zWb5N07g=="): Text ****** has been set on object 'Object Repository/Page_Online Grocery Shopping and On/input_Please enter valid email'

2019-02-22 18:50:14 - [MESSAGE][PASSED] - Text ****** has been set on object 'Object Repository/Page_Online Grocery Shopping and On/input_Please enter valid email'

2019-02-22 18:50:14 - [TEST_STEP][PASSED] - click(findTestObject("Object Repository/Page_Online Grocery Shopping and On/button_LOGIN")): Object: 'Object Repository/Page_Online Grocery Shopping and On/button_LOGIN' is clicked on

2019-02-22 18:50:15 - [MESSAGE][PASSED] - Object: 'Object Repository/Page_Online Grocery Shopping and On/button_LOGIN' is clicked on

2019-02-22 18:50:15 - [TEST_STEP][PASSED] - waitForElementClickable(findTestObject("Object Repository/Page_Online Grocery Shopping and On/span_UserAccount"), 15): Object 'Object Repository/Page_Online Grocery Shopping and On/span_UserAccount' is clickable

2019-02-22 18:50:18 - [MESSAGE][PASSED] - Object 'Object Repository/Page_Online Grocery Shopping and On/span_UserAccount' is clickable

2019-02-22 18:50:18 - [TEST_STEP][PASSED] - setText(findTestObject("Object Repository/Page_Online Grocery Shopping and On/input_Shop for Rs.or moreand g"), "Daal"): Text 'Daal' is set on object 'Object Repository/Page_Online Grocery Shopping and On/input_Shop for Rs.or moreand g'

2019-02-22 18:50:19 - [MESSAGE][PASSED] - Text 'Daal' is set on object 'Object Repository/Page_Online Grocery Shopping and On/input_Shop for Rs.or moreand g'

2019-02-22 18:50:19 - [TEST_STEP][PASSED] - waitForElementClickable(findTestObject("Object Repository/Page_Online Grocery Shopping and On/SearchIcon"), 10): Object 'Object Repository/Page_Online Grocery Shopping and On/SearchIcon' is clickable

2019-02-22 18:50:19 - [MESSAGE][PASSED] - Object 'Object Repository/Page_Online Grocery Shopping and On/SearchIcon' is clickable

2019-02-22 18:50:19 - [TEST_STEP][PASSED] - click(findTestObject("Object Repository/Page_Online Grocery Shopping and On/SearchIcon")): Object: 'Object Repository/Page_Online Grocery Shopping and On/SearchIcon' is clicked on

2019-02-22 18:50:23 - [MESSAGE][PASSED] - Object: 'Object Repository/Page_Online Grocery Shopping and On/SearchIcon' is clicked on

2019-02-22 18:50:23 - [TEST_STEP][PASSED] - waitForPageLoad(10): Wait for page load successfully

2019-02-22 18:50:26 - [MESSAGE][PASSED] - Wait for page load successfully

2019-02-22 18:50:26 - [TEST_STEP][PASSED] - scrollToElement(findTestObject("Object Repository/Page_Best Online Grocery Store in I/btn_ADD_item"), 10): Scroll to object 'Object Repository/Page_Best Online Grocery Store in I/btn_ADD_item' successfully

2019-02-22 18:50:27 - [MESSAGE][PASSED] - Scroll to object 'Object Repository/Page_Best Online Grocery Store in I/btn_ADD_item' successfully

2019-02-22 18:50:27 - [TEST_STEP][PASSED] - driver = getWebDriver(): null

2019-02-22 18:50:27 - [TEST_STEP][PASSED] - ele = driver.findElement(By.xpath("(//button[@class='btn btn-add col-xs-9'][contains(text(),'Add')])[1]")): null

2019-02-22 18:50:27 - [TEST_STEP][PASSED] - jse = driver: null

2019-02-22 18:50:27 - [TEST_STEP][PASSED] - jse.executeScript("arguments[0].click()", ele): null

2019-02-22 18:50:27 - [TEST_STEP][PASSED] - Thread.sleep(3000): null

2019-02-22 18:50:30 - [TEST_STEP][PASSED] - bigBasketLogo = driver.findElement(By.xpath("//div[@id='st-trigger-effects']/a[@title='Bigbasket']")): null

2019-02-22 18:50:30 - [TEST_STEP][PASSED] - jse.executeScript("arguments[0].click()", bigBasketLogo): null

2019-02-22 18:50:32 - [TEST_STEP][PASSED] - waitForPageLoad(15): Wait for page load successfully

2019-02-22 18:50:32 - [MESSAGE][PASSED] - Wait for page load successfully

2019-02-22 18:50:32 - [TEST_STEP][PASSED] - Thread.sleep(1000): null

2019-02-22 18:50:33 - [TEST_STEP][PASSED] - click(findTestObject("Object Repository/Page_Best Online Grocery Store in I/noOfItemInBasket")): Object: 'Object Repository/Page_Best Online Grocery Store in I/noOfItemInBasket' is clicked on

2019-02-22 18:50:34 - [MESSAGE][PASSED] - Object: 'Object Repository/Page_Best Online Grocery Store in I/noOfItemInBasket' is clicked on

2019-02-22 18:50:34 - [TEST_STEP][PASSED] - noOfItemInBasket = getText(findTestObject("Object Repository/Page_Best Online Grocery Store in I/noOfItemInBasket")): Text of object 'Object Repository/Page_Best Online Grocery Store in I/noOfItemInBasket' is: '2 items'

2019-02-22 18:50:34 - [MESSAGE][PASSED] - Text of object 'Object Repository/Page_Best Online Grocery Store in I/noOfItemInBasket' is: '2 items'

2019-02-22 18:50:34 - [TEST_STEP][PASSED] - println("no Of Item In Basket ..." + noOfItemInBasket): null

2019-02-22 18:50:34 - [TEST_STEP][PASSED] - verifyElementPresent(findTestObject("Object Repository/Page_Best Online Grocery Store in I/div_ QuantityAddRemove"), 10): Object 'Object Repository/Page_Best Online Grocery Store in I/div_ QuantityAddRemove' is present

2019-02-22 18:50:35 - [MESSAGE][PASSED] - Object 'Object Repository/Page_Best Online Grocery Store in I/div_ QuantityAddRemove' is present

2019-02-22 18:50:35 - [TEST_STEP][PASSED] - verifyElementPresent(findTestObject("Object Repository/Page_Best Online Grocery Store in I/div_ProductPriceRs"), 10): Object 'Object Repository/Page_Best Online Grocery Store in I/div_ProductPriceRs' is present

2019-02-22 18:50:35 - [MESSAGE][PASSED] - Object 'Object Repository/Page_Best Online Grocery Store in I/div_ProductPriceRs' is present

2019-02-22 18:50:35 - [TEST_STEP][PASSED] - verifyElementPresent(findTestObject("Object Repository/Page_Best Online Grocery Store in I/SubTotalInRs"), 10): Object 'Object Repository/Page_Best Online Grocery Store in I/SubTotalInRs' is present

2019-02-22 18:50:35 - [MESSAGE][PASSED] - Object 'Object Repository/Page_Best Online Grocery Store in I/SubTotalInRs' is present

2019-02-22 18:50:35 - [TEST_STEP][PASSED] - price = getText(findTestObject("Object Repository/Page_Best Online Grocery Store in I/SubTotalInRs")): Text of object 'Object Repository/Page_Best Online Grocery Store in I/SubTotalInRs' is: '448.00'

2019-02-22 18:50:35 - [MESSAGE][PASSED] - Text of object 'Object Repository/Page_Best Online Grocery Store in I/SubTotalInRs' is: '448.00'

2019-02-22 18:50:35 - [TEST_STEP][PASSED] - println("Price is : " + price): null

2019-02-22 18:50:35 - [TEST_STEP][PASSED] - closeBrowser(): Browser is closed

2019-02-22 18:50:35 - [MESSAGE][PASSED] - Browser is closed

2019-02-22 18:50:35 - [TEST_STEP][PASSED] - Start listener action : sampleAfterTestCase: null

2019-02-22 18:50:35 - [TEST_STEP][PASSED] - println(testCaseContext.getTestCaseId()): null

2019-02-22 18:50:35 - [TEST_STEP][PASSED] - println(testCaseContext.getTestCaseStatus()): null]]></system-out>
         <system-err><![CDATA[]]></system-err>
      </testcase>
      <testcase name="Test Cases/BigBasket/BasketToCheckout" classname="Test Cases/BigBasket/BasketToCheckout" status="PASSED">
         <system-out><![CDATA[2019-02-22 18:50:35 - [TEST_CASE][PASSED] - Test Cases/BigBasket/BasketToCheckout: Test Cases/BigBasket/BasketToCheckout

2019-02-22 18:50:35 - [TEST_STEP][PASSED] - Start listener action : sampleBeforeTestCase: null

2019-02-22 18:50:35 - [TEST_STEP][PASSED] - println(testCaseContext.getTestCaseId()): null

2019-02-22 18:50:35 - [TEST_STEP][PASSED] - println(testCaseContext.getTestCaseVariables()): null

2019-02-22 18:50:35 - [TEST_STEP][PASSED] - println(" This is before test"): null

2019-02-22 18:50:36 - [TEST_STEP][PASSED] - openBrowser(""): Browser is opened with url: ''

2019-02-22 18:50:36 - [MESSAGE][INFO] - Starting 'Chrome' driver

2019-02-22 18:50:38 - [MESSAGE][PASSED] - Browser is opened with url: ''

2019-02-22 18:50:38 - [TEST_STEP][PASSED] - navigateToUrl("https://www.bigbasket.com/"): Navigate to 'https://www.bigbasket.com/' successfully

2019-02-22 18:50:43 - [MESSAGE][PASSED] - Navigate to 'https://www.bigbasket.com/' successfully

2019-02-22 18:50:43 - [TEST_STEP][PASSED] - click(findTestObject("Object Repository/Page_Online Grocery Shopping and On/a_Login")): Object: 'Object Repository/Page_Online Grocery Shopping and On/a_Login' is clicked on

2019-02-22 18:50:44 - [MESSAGE][PASSED] - Object: 'Object Repository/Page_Online Grocery Shopping and On/a_Login' is clicked on

2019-02-22 18:50:44 - [TEST_STEP][PASSED] - setText(findTestObject("Object Repository/Page_Online Grocery Shopping and On/input_OR_email"), "nivedita.hbti@gmail.com"): Text 'nivedita.hbti@gmail.com' is set on object 'Object Repository/Page_Online Grocery Shopping and On/input_OR_email'

2019-02-22 18:50:45 - [MESSAGE][PASSED] - Text 'nivedita.hbti@gmail.com' is set on object 'Object Repository/Page_Online Grocery Shopping and On/input_OR_email'

2019-02-22 18:50:45 - [TEST_STEP][PASSED] - setEncryptedText(findTestObject("Object Repository/Page_Online Grocery Shopping and On/input_Please enter valid email"), "LqVTzjb8H0GS29zWb5N07g=="): Text ****** has been set on object 'Object Repository/Page_Online Grocery Shopping and On/input_Please enter valid email'

2019-02-22 18:50:45 - [MESSAGE][PASSED] - Text ****** has been set on object 'Object Repository/Page_Online Grocery Shopping and On/input_Please enter valid email'

2019-02-22 18:50:45 - [TEST_STEP][PASSED] - click(findTestObject("Object Repository/Page_Online Grocery Shopping and On/button_LOGIN")): Object: 'Object Repository/Page_Online Grocery Shopping and On/button_LOGIN' is clicked on

2019-02-22 18:50:45 - [MESSAGE][PASSED] - Object: 'Object Repository/Page_Online Grocery Shopping and On/button_LOGIN' is clicked on

2019-02-22 18:50:45 - [TEST_STEP][PASSED] - waitForElementClickable(findTestObject("Object Repository/Page_Online Grocery Shopping and On/span_UserAccount"), 15): Object 'Object Repository/Page_Online Grocery Shopping and On/span_UserAccount' is clickable

2019-02-22 18:50:49 - [MESSAGE][PASSED] - Object 'Object Repository/Page_Online Grocery Shopping and On/span_UserAccount' is clickable

2019-02-22 18:50:49 - [TEST_STEP][PASSED] - setText(findTestObject("Object Repository/Page_Online Grocery Shopping and On/input_Shop for Rs.or moreand g"), "Daal"): Text 'Daal' is set on object 'Object Repository/Page_Online Grocery Shopping and On/input_Shop for Rs.or moreand g'

2019-02-22 18:50:49 - [MESSAGE][PASSED] - Text 'Daal' is set on object 'Object Repository/Page_Online Grocery Shopping and On/input_Shop for Rs.or moreand g'

2019-02-22 18:50:49 - [TEST_STEP][PASSED] - Thread.sleep(1000): null

2019-02-22 18:50:50 - [TEST_STEP][PASSED] - waitForPageLoad(15): Wait for page load successfully

2019-02-22 18:50:51 - [MESSAGE][PASSED] - Wait for page load successfully

2019-02-22 18:50:51 - [TEST_STEP][PASSED] - click(findTestObject("Object Repository/Page_Online Grocery Shopping and On/SearchIcon")): Object: 'Object Repository/Page_Online Grocery Shopping and On/SearchIcon' is clicked on

2019-02-22 18:50:58 - [MESSAGE][PASSED] - Object: 'Object Repository/Page_Online Grocery Shopping and On/SearchIcon' is clicked on

2019-02-22 18:50:58 - [TEST_STEP][PASSED] - waitForPageLoad(10): Wait for page load successfully

2019-02-22 18:50:58 - [MESSAGE][PASSED] - Wait for page load successfully

2019-02-22 18:50:58 - [TEST_STEP][PASSED] - scrollToElement(findTestObject("Object Repository/Page_Best Online Grocery Store in I/btn_ADD_item"), 10): Scroll to object 'Object Repository/Page_Best Online Grocery Store in I/btn_ADD_item' successfully

2019-02-22 18:50:58 - [MESSAGE][PASSED] - Scroll to object 'Object Repository/Page_Best Online Grocery Store in I/btn_ADD_item' successfully

2019-02-22 18:50:58 - [TEST_STEP][PASSED] - ele = findWebElements(findTestObject("Object Repository/BigBasket/Basket/ADD button"), 15).get(1): null

2019-02-22 18:50:58 - [TEST_STEP][PASSED] - println("ele............." + ele): null

2019-02-22 18:50:58 - [TEST_STEP][PASSED] - driver = getWebDriver(): null

2019-02-22 18:50:58 - [TEST_STEP][PASSED] - jse = driver: null

2019-02-22 18:50:58 - [TEST_STEP][PASSED] - jse.executeScript("arguments[0].click()", ele): null

2019-02-22 18:50:58 - [TEST_STEP][PASSED] - Thread.sleep(3000): null

2019-02-22 18:51:01 - [TEST_STEP][PASSED] - bigBasketLogo = driver.findElement(By.xpath("//div[@id='st-trigger-effects']/a[@title='Bigbasket']")): null

2019-02-22 18:51:01 - [TEST_STEP][PASSED] - jse.executeScript("arguments[0].click()", bigBasketLogo): null

2019-02-22 18:51:04 - [TEST_STEP][PASSED] - waitForPageLoad(15): Wait for page load successfully

2019-02-22 18:51:04 - [MESSAGE][PASSED] - Wait for page load successfully

2019-02-22 18:51:04 - [TEST_STEP][PASSED] - click(findTestObject("Object Repository/Page_Online Grocery Shopping and On/span_UserAccount")): Object: 'Object Repository/Page_Online Grocery Shopping and On/span_UserAccount' is clicked on

2019-02-22 18:51:04 - [MESSAGE][PASSED] - Object: 'Object Repository/Page_Online Grocery Shopping and On/span_UserAccount' is clicked on

2019-02-22 18:51:04 - [TEST_STEP][PASSED] - click(findTestObject("Object Repository/Page_Online Grocery Shopping and On/a_My Basket No Items")): Object: 'Object Repository/Page_Online Grocery Shopping and On/a_My Basket No Items' is clicked on

2019-02-22 18:51:16 - [MESSAGE][PASSED] - Object: 'Object Repository/Page_Online Grocery Shopping and On/a_My Basket No Items' is clicked on

2019-02-22 18:51:16 - [TEST_STEP][PASSED] - waitForPageLoad(15): Wait for page load successfully

2019-02-22 18:51:16 - [MESSAGE][PASSED] - Wait for page load successfully

2019-02-22 18:51:16 - [TEST_STEP][PASSED] - items = getText(findTestObject("Object Repository/BigBasket/Basket_CheckingOut/Page_Best Online Grocery Store in I/Basket_CountNumberOfItemsinBasket")): Text of object 'Object Repository/BigBasket/Basket_CheckingOut/Page_Best Online Grocery Store in I/Basket_CountNumberOfItemsinBasket' is: '02'

2019-02-22 18:51:16 - [MESSAGE][PASSED] - Text of object 'Object Repository/BigBasket/Basket_CheckingOut/Page_Best Online Grocery Store in I/Basket_CountNumberOfItemsinBasket' is: '02'

2019-02-22 18:51:16 - [TEST_STEP][PASSED] - count = Integer.parseInt(items.trim()): null

2019-02-22 18:51:16 - [TEST_STEP][PASSED] - println("Count is : " + count): null

2019-02-22 18:51:16 - [TEST_STEP][PASSED] - SubTotal_Calculated = 0: null

2019-02-22 18:51:16 - [TEST_STEP][PASSED] - for ([i = 0, i < count, (i++)]): null

2019-02-22 18:51:16 - [TEST_STEP][PASSED] - title_Product = findWebElements(findTestObject("Object Repository/BigBasket/Basket_CheckingOut/Page_Best Online Grocery Store in I/Basket_ItemsInBasket"), 15).get(i): null

2019-02-22 18:51:16 - [TEST_STEP][PASSED] - println("title_Product for product " + i + " is : " + title_Product.getText()): null

2019-02-22 18:51:16 - [TEST_STEP][PASSED] - unitPrice_Product = findWebElements(findTestObject("Object Repository/BigBasket/Basket_CheckingOut/Page_Best Online Grocery Store in I/Basket_UnitPriceperProductinBasket"), 15).get(i): null

2019-02-22 18:51:16 - [TEST_STEP][PASSED] - println("unitPrice_Product for product " + i + " is : " + unitPrice_Product.getAttribute("value")): null

2019-02-22 18:51:16 - [TEST_STEP][PASSED] - quantity_Product = findWebElements(findTestObject("Object Repository/BigBasket/Basket_CheckingOut/Page_Best Online Grocery Store in I/Basket_QuantityPerProductInBasket"), 15).get(i): null

2019-02-22 18:51:16 - [TEST_STEP][PASSED] - println("quantity_Product for product " + i + " is : " + quantity_Product.getAttribute("value")): null

2019-02-22 18:51:16 - [TEST_STEP][PASSED] - subTotal_Product = findWebElements(findTestObject("Object Repository/BigBasket/Basket_CheckingOut/Page_Best Online Grocery Store in I/Basket_SubtotalPerProductInBasket"), 15).get(i): null

2019-02-22 18:51:16 - [TEST_STEP][PASSED] - println("subTotal_Product for product " + i + " is : " + subTotal_Product.getText()): null

2019-02-22 18:51:17 - [TEST_STEP][PASSED] - SubTotal = Double.parseDouble(subTotal_Product.getText()): null

2019-02-22 18:51:17 - [TEST_STEP][PASSED] - assert SubTotal == Double.parseDouble(quantity_Product.getAttribute("value")) * Double.parseDouble(unitPrice_Product.getAttribute("value")): null

2019-02-22 18:51:17 - [TEST_STEP][PASSED] - SubTotal_Calculated = SubTotal_Calculated + SubTotal: null

2019-02-22 18:51:17 - [TEST_STEP][PASSED] - title_Product = findWebElements(findTestObject("Object Repository/BigBasket/Basket_CheckingOut/Page_Best Online Grocery Store in I/Basket_ItemsInBasket"), 15).get(i): null

2019-02-22 18:51:17 - [TEST_STEP][PASSED] - println("title_Product for product " + i + " is : " + title_Product.getText()): null

2019-02-22 18:51:17 - [TEST_STEP][PASSED] - unitPrice_Product = findWebElements(findTestObject("Object Repository/BigBasket/Basket_CheckingOut/Page_Best Online Grocery Store in I/Basket_UnitPriceperProductinBasket"), 15).get(i): null

2019-02-22 18:51:17 - [TEST_STEP][PASSED] - println("unitPrice_Product for product " + i + " is : " + unitPrice_Product.getAttribute("value")): null

2019-02-22 18:51:17 - [TEST_STEP][PASSED] - quantity_Product = findWebElements(findTestObject("Object Repository/BigBasket/Basket_CheckingOut/Page_Best Online Grocery Store in I/Basket_QuantityPerProductInBasket"), 15).get(i): null

2019-02-22 18:51:17 - [TEST_STEP][PASSED] - println("quantity_Product for product " + i + " is : " + quantity_Product.getAttribute("value")): null

2019-02-22 18:51:17 - [TEST_STEP][PASSED] - subTotal_Product = findWebElements(findTestObject("Object Repository/BigBasket/Basket_CheckingOut/Page_Best Online Grocery Store in I/Basket_SubtotalPerProductInBasket"), 15).get(i): null

2019-02-22 18:51:17 - [TEST_STEP][PASSED] - println("subTotal_Product for product " + i + " is : " + subTotal_Product.getText()): null

2019-02-22 18:51:17 - [TEST_STEP][PASSED] - SubTotal = Double.parseDouble(subTotal_Product.getText()): null

2019-02-22 18:51:17 - [TEST_STEP][PASSED] - assert SubTotal == Double.parseDouble(quantity_Product.getAttribute("value")) * Double.parseDouble(unitPrice_Product.getAttribute("value")): null

2019-02-22 18:51:17 - [TEST_STEP][PASSED] - SubTotal_Calculated = SubTotal_Calculated + SubTotal: null

2019-02-22 18:51:17 - [TEST_STEP][PASSED] - println("calculated Subtotal is ....." + SubTotal_Calculated): null

2019-02-22 18:51:17 - [TEST_STEP][PASSED] - Subtotal = Double.parseDouble(", "").trim()): Text of object 'Object Repository/BigBasket/Basket_CheckingOut/Page_Best Online Grocery Store in I/Basket_SubtotalFinal' is: 'Rs. 448.00'

2019-02-22 18:51:17 - [MESSAGE][PASSED] - Text of object 'Object Repository/BigBasket/Basket_CheckingOut/Page_Best Online Grocery Store in I/Basket_SubtotalFinal' is: 'Rs. 448.00'

2019-02-22 18:51:17 - [TEST_STEP][PASSED] - assert Subtotal == SubTotal_Calculated: null

2019-02-22 18:51:17 - [TEST_STEP][PASSED] - scrollToElement(findTestObject("BigBasket/Basket/CHECKOUT"), 15): Scroll to object 'Object Repository/BigBasket/Basket/CHECKOUT' successfully

2019-02-22 18:51:17 - [MESSAGE][PASSED] - Scroll to object 'Object Repository/BigBasket/Basket/CHECKOUT' successfully

2019-02-22 18:51:17 - [TEST_STEP][PASSED] - findWebElement(findTestObject("BigBasket/Basket/CHECKOUT"), 15).click(): null

2019-02-22 18:51:17 - [TEST_STEP][PASSED] - closeBrowser(): Browser is closed

2019-02-22 18:51:17 - [MESSAGE][PASSED] - Browser is closed

2019-02-22 18:51:17 - [TEST_STEP][PASSED] - Start listener action : sampleAfterTestCase: null

2019-02-22 18:51:17 - [TEST_STEP][PASSED] - println(testCaseContext.getTestCaseId()): null

2019-02-22 18:51:17 - [TEST_STEP][PASSED] - println(testCaseContext.getTestCaseStatus()): null]]></system-out>
         <system-err><![CDATA[]]></system-err>
      </testcase>
      <testcase name="Test Cases/BigBasket/CheckOut" classname="Test Cases/BigBasket/CheckOut" status="ERROR">
         <error type="ERROR" message="Test Cases/BigBasket/CheckOut FAILED.
Reason:
java.lang.NumberFormatException: For input string: &quot;Rs 30&quot;
	at java_lang_Integer$parseInt.call(Unknown Source)
	at CheckOut.run(CheckOut:142)
	at com.kms.katalon.core.main.ScriptEngine.run(ScriptEngine.java:194)
	at com.kms.katalon.core.main.ScriptEngine.runScriptAsRawText(ScriptEngine.java:119)
	at com.kms.katalon.core.main.TestCaseExecutor.runScript(TestCaseExecutor.java:328)
	at com.kms.katalon.core.main.TestCaseExecutor.doExecute(TestCaseExecutor.java:319)
	at com.kms.katalon.core.main.TestCaseExecutor.processExecutionPhase(TestCaseExecutor.java:298)
	at com.kms.katalon.core.main.TestCaseExecutor.accessMainPhase(TestCaseExecutor.java:290)
	at com.kms.katalon.core.main.TestCaseExecutor.execute(TestCaseExecutor.java:224)
	at com.kms.katalon.core.main.TestSuiteExecutor.accessTestCaseMainPhase(TestSuiteExecutor.java:129)
	at com.kms.katalon.core.main.TestSuiteExecutor.accessTestSuiteMainPhase(TestSuiteExecutor.java:112)
	at com.kms.katalon.core.main.TestSuiteExecutor.execute(TestSuiteExecutor.java:81)
	at com.kms.katalon.core.main.TestCaseMain.startTestSuite(TestCaseMain.java:149)
	at com.kms.katalon.core.main.TestCaseMain$startTestSuite$0.call(Unknown Source)
	at TempTestSuite1550841558040.run(TempTestSuite1550841558040.groovy:36)
"/>
         <system-out><![CDATA[2019-02-22 18:51:17 - [TEST_CASE][ERROR] - Test Cases/BigBasket/CheckOut: Test Cases/BigBasket/CheckOut FAILED.
Reason:
java.lang.NumberFormatException: For input string: "Rs 30"
	at java_lang_Integer$parseInt.call(Unknown Source)
	at CheckOut.run(CheckOut:142)
	at com.kms.katalon.core.main.ScriptEngine.run(ScriptEngine.java:194)
	at com.kms.katalon.core.main.ScriptEngine.runScriptAsRawText(ScriptEngine.java:119)
	at com.kms.katalon.core.main.TestCaseExecutor.runScript(TestCaseExecutor.java:328)
	at com.kms.katalon.core.main.TestCaseExecutor.doExecute(TestCaseExecutor.java:319)
	at com.kms.katalon.core.main.TestCaseExecutor.processExecutionPhase(TestCaseExecutor.java:298)
	at com.kms.katalon.core.main.TestCaseExecutor.accessMainPhase(TestCaseExecutor.java:290)
	at com.kms.katalon.core.main.TestCaseExecutor.execute(TestCaseExecutor.java:224)
	at com.kms.katalon.core.main.TestSuiteExecutor.accessTestCaseMainPhase(TestSuiteExecutor.java:129)
	at com.kms.katalon.core.main.TestSuiteExecutor.accessTestSuiteMainPhase(TestSuiteExecutor.java:112)
	at com.kms.katalon.core.main.TestSuiteExecutor.execute(TestSuiteExecutor.java:81)
	at com.kms.katalon.core.main.TestCaseMain.startTestSuite(TestCaseMain.java:149)
	at com.kms.katalon.core.main.TestCaseMain$startTestSuite$0.call(Unknown Source)
	at TempTestSuite1550841558040.run(TempTestSuite1550841558040.groovy:36)


2019-02-22 18:51:17 - [TEST_STEP][PASSED] - Start listener action : sampleBeforeTestCase: null

2019-02-22 18:51:17 - [TEST_STEP][PASSED] - println(testCaseContext.getTestCaseId()): null

2019-02-22 18:51:17 - [TEST_STEP][PASSED] - println(testCaseContext.getTestCaseVariables()): null

2019-02-22 18:51:17 - [TEST_STEP][PASSED] - println(" This is before test"): null

2019-02-22 18:51:18 - [TEST_STEP][PASSED] - openBrowser(""): Browser is opened with url: ''

2019-02-22 18:51:18 - [MESSAGE][INFO] - Starting 'Chrome' driver

2019-02-22 18:51:19 - [MESSAGE][PASSED] - Browser is opened with url: ''

2019-02-22 18:51:19 - [TEST_STEP][PASSED] - navigateToUrl("https://www.bigbasket.com/"): Navigate to 'https://www.bigbasket.com/' successfully

2019-02-22 18:51:26 - [MESSAGE][PASSED] - Navigate to 'https://www.bigbasket.com/' successfully

2019-02-22 18:51:26 - [TEST_STEP][PASSED] - click(findTestObject("Object Repository/Page_Online Grocery Shopping and On/a_Login")): Object: 'Object Repository/Page_Online Grocery Shopping and On/a_Login' is clicked on

2019-02-22 18:51:26 - [MESSAGE][PASSED] - Object: 'Object Repository/Page_Online Grocery Shopping and On/a_Login' is clicked on

2019-02-22 18:51:26 - [TEST_STEP][PASSED] - setText(findTestObject("Object Repository/Page_Online Grocery Shopping and On/input_OR_email"), "nivedita.hbti@gmail.com"): Text 'nivedita.hbti@gmail.com' is set on object 'Object Repository/Page_Online Grocery Shopping and On/input_OR_email'

2019-02-22 18:51:27 - [MESSAGE][PASSED] - Text 'nivedita.hbti@gmail.com' is set on object 'Object Repository/Page_Online Grocery Shopping and On/input_OR_email'

2019-02-22 18:51:27 - [TEST_STEP][PASSED] - setEncryptedText(findTestObject("Object Repository/Page_Online Grocery Shopping and On/input_Please enter valid email"), "LqVTzjb8H0GS29zWb5N07g=="): Text ****** has been set on object 'Object Repository/Page_Online Grocery Shopping and On/input_Please enter valid email'

2019-02-22 18:51:28 - [MESSAGE][PASSED] - Text ****** has been set on object 'Object Repository/Page_Online Grocery Shopping and On/input_Please enter valid email'

2019-02-22 18:51:28 - [TEST_STEP][PASSED] - click(findTestObject("Object Repository/Page_Online Grocery Shopping and On/button_LOGIN")): Object: 'Object Repository/Page_Online Grocery Shopping and On/button_LOGIN' is clicked on

2019-02-22 18:51:28 - [MESSAGE][PASSED] - Object: 'Object Repository/Page_Online Grocery Shopping and On/button_LOGIN' is clicked on

2019-02-22 18:51:28 - [TEST_STEP][PASSED] - waitForElementClickable(findTestObject("Object Repository/Page_Online Grocery Shopping and On/span_UserAccount"), 15): Object 'Object Repository/Page_Online Grocery Shopping and On/span_UserAccount' is clickable

2019-02-22 18:51:32 - [MESSAGE][PASSED] - Object 'Object Repository/Page_Online Grocery Shopping and On/span_UserAccount' is clickable

2019-02-22 18:51:32 - [TEST_STEP][PASSED] - setText(findTestObject("Object Repository/Page_Online Grocery Shopping and On/input_Shop for Rs.or moreand g"), "Daal"): Text 'Daal' is set on object 'Object Repository/Page_Online Grocery Shopping and On/input_Shop for Rs.or moreand g'

2019-02-22 18:51:32 - [MESSAGE][PASSED] - Text 'Daal' is set on object 'Object Repository/Page_Online Grocery Shopping and On/input_Shop for Rs.or moreand g'

2019-02-22 18:51:32 - [TEST_STEP][PASSED] - Thread.sleep(1000): null

2019-02-22 18:51:33 - [TEST_STEP][PASSED] - waitForPageLoad(15): Wait for page load successfully

2019-02-22 18:51:33 - [MESSAGE][PASSED] - Wait for page load successfully

2019-02-22 18:51:33 - [TEST_STEP][PASSED] - click(findTestObject("Object Repository/Page_Online Grocery Shopping and On/SearchIcon")): Object: 'Object Repository/Page_Online Grocery Shopping and On/SearchIcon' is clicked on

2019-02-22 18:51:39 - [MESSAGE][PASSED] - Object: 'Object Repository/Page_Online Grocery Shopping and On/SearchIcon' is clicked on

2019-02-22 18:51:39 - [TEST_STEP][PASSED] - waitForPageLoad(10): Wait for page load successfully

2019-02-22 18:51:39 - [MESSAGE][PASSED] - Wait for page load successfully

2019-02-22 18:51:39 - [TEST_STEP][PASSED] - scrollToElement(findTestObject("Object Repository/Page_Best Online Grocery Store in I/btn_ADD_item"), 10): Scroll to object 'Object Repository/Page_Best Online Grocery Store in I/btn_ADD_item' successfully

2019-02-22 18:51:39 - [MESSAGE][PASSED] - Scroll to object 'Object Repository/Page_Best Online Grocery Store in I/btn_ADD_item' successfully

2019-02-22 18:51:39 - [TEST_STEP][PASSED] - ele = findWebElements(findTestObject("Object Repository/BigBasket/Basket/ADD button"), 15).get(1): null

2019-02-22 18:51:40 - [TEST_STEP][PASSED] - println("ele............." + ele): null

2019-02-22 18:51:40 - [TEST_STEP][PASSED] - driver = getWebDriver(): null

2019-02-22 18:51:40 - [TEST_STEP][PASSED] - jse = driver: null

2019-02-22 18:51:40 - [TEST_STEP][PASSED] - jse.executeScript("arguments[0].click()", ele): null

2019-02-22 18:51:40 - [TEST_STEP][PASSED] - Thread.sleep(3000): null

2019-02-22 18:51:43 - [TEST_STEP][PASSED] - bigBasketLogo = driver.findElement(By.xpath("//div[@id='st-trigger-effects']/a[@title='Bigbasket']")): null

2019-02-22 18:51:43 - [TEST_STEP][PASSED] - jse.executeScript("arguments[0].click()", bigBasketLogo): null

2019-02-22 18:51:45 - [TEST_STEP][PASSED] - waitForPageLoad(15): Wait for page load successfully

2019-02-22 18:51:46 - [MESSAGE][PASSED] - Wait for page load successfully

2019-02-22 18:51:46 - [TEST_STEP][PASSED] - click(findTestObject("Object Repository/Page_Online Grocery Shopping and On/span_UserAccount")): Object: 'Object Repository/Page_Online Grocery Shopping and On/span_UserAccount' is clicked on

2019-02-22 18:51:46 - [MESSAGE][PASSED] - Object: 'Object Repository/Page_Online Grocery Shopping and On/span_UserAccount' is clicked on

2019-02-22 18:51:46 - [TEST_STEP][PASSED] - click(findTestObject("Object Repository/Page_Online Grocery Shopping and On/a_My Basket No Items")): Object: 'Object Repository/Page_Online Grocery Shopping and On/a_My Basket No Items' is clicked on

2019-02-22 18:51:59 - [MESSAGE][PASSED] - Object: 'Object Repository/Page_Online Grocery Shopping and On/a_My Basket No Items' is clicked on

2019-02-22 18:51:59 - [TEST_STEP][PASSED] - waitForPageLoad(15): Wait for page load successfully

2019-02-22 18:51:59 - [MESSAGE][PASSED] - Wait for page load successfully

2019-02-22 18:51:59 - [TEST_STEP][PASSED] - scrollToElement(findTestObject("BigBasket/Basket/CHECKOUT"), 15): Scroll to object 'Object Repository/BigBasket/Basket/CHECKOUT' successfully

2019-02-22 18:51:59 - [MESSAGE][PASSED] - Scroll to object 'Object Repository/BigBasket/Basket/CHECKOUT' successfully

2019-02-22 18:51:59 - [TEST_STEP][PASSED] - findWebElement(findTestObject("BigBasket/Basket/CHECKOUT"), 15).click(): null

2019-02-22 18:51:59 - [TEST_STEP][PASSED] - waitForPageLoad(15): Wait for page load successfully

2019-02-22 18:51:59 - [MESSAGE][PASSED] - Wait for page load successfully

2019-02-22 18:51:59 - [TEST_STEP][PASSED] - verifyElementPresent(findTestObject("BigBasket/Checkout/Checkout_DeliveryAddressIcon"), 15): Object 'Object Repository/BigBasket/Checkout/Checkout_DeliveryAddressIcon' is present

2019-02-22 18:52:01 - [MESSAGE][PASSED] - Object 'Object Repository/BigBasket/Checkout/Checkout_DeliveryAddressIcon' is present

2019-02-22 18:52:01 - [TEST_STEP][PASSED] - verifyElementPresent(findTestObject("Object Repository/BigBasket/Checkout/Checkout_DeliveryAddressHeading"), 15): Object 'Object Repository/BigBasket/Checkout/Checkout_DeliveryAddressHeading' is present

2019-02-22 18:52:01 - [MESSAGE][PASSED] - Object 'Object Repository/BigBasket/Checkout/Checkout_DeliveryAddressHeading' is present

2019-02-22 18:52:01 - [TEST_STEP][PASSED] - verifyElementPresent(findTestObject("Object Repository/BigBasket/Checkout/Checkout_DeliveryAddress"), 15): Object 'Object Repository/BigBasket/Checkout/Checkout_DeliveryAddress' is present

2019-02-22 18:52:01 - [MESSAGE][PASSED] - Object 'Object Repository/BigBasket/Checkout/Checkout_DeliveryAddress' is present

2019-02-22 18:52:01 - [TEST_STEP][PASSED] - verifyElementPresent(findTestObject("Object Repository/BigBasket/Checkout/Checkout_Button_Change"), 15): Object 'Object Repository/BigBasket/Checkout/Checkout_Button_Change' is present

2019-02-22 18:52:01 - [MESSAGE][PASSED] - Object 'Object Repository/BigBasket/Checkout/Checkout_Button_Change' is present

2019-02-22 18:52:01 - [TEST_STEP][PASSED] - verifyElementPresent(findTestObject("Object Repository/BigBasket/Checkout/Checkout_DeliveryOptionsHeading"), 0): Object 'Object Repository/BigBasket/Checkout/Checkout_DeliveryOptionsHeading' is present

2019-02-22 18:52:01 - [MESSAGE][WARNING] - Timeout '0' is invalid. Using default page load timeout: '60'

2019-02-22 18:52:01 - [MESSAGE][PASSED] - Object 'Object Repository/BigBasket/Checkout/Checkout_DeliveryOptionsHeading' is present

2019-02-22 18:52:01 - [TEST_STEP][PASSED] - verifyElementPresent(findTestObject("Object Repository/BigBasket/Checkout/Checkout_DefaultDeliveryOptionHeading"), 0): Object 'Object Repository/BigBasket/Checkout/Checkout_DefaultDeliveryOptionHeading' is present

2019-02-22 18:52:01 - [MESSAGE][WARNING] - Timeout '0' is invalid. Using default page load timeout: '60'

2019-02-22 18:52:04 - [MESSAGE][PASSED] - Object 'Object Repository/BigBasket/Checkout/Checkout_DefaultDeliveryOptionHeading' is present

2019-02-22 18:52:04 - [TEST_STEP][PASSED] - verifyElementPresent(findTestObject("BigBasket/Checkout/Checkout_ShipmentDeliveryCharge"), 0): Object 'Object Repository/BigBasket/Checkout/Checkout_ShipmentDeliveryCharge' is present

2019-02-22 18:52:04 - [MESSAGE][WARNING] - Timeout '0' is invalid. Using default page load timeout: '60'

2019-02-22 18:52:04 - [MESSAGE][PASSED] - Object 'Object Repository/BigBasket/Checkout/Checkout_ShipmentDeliveryCharge' is present

2019-02-22 18:52:04 - [TEST_STEP][PASSED] - BasketValue = Integer.parseInt(getText(findTestObject("Object Repository/BigBasket/Checkout/Checkout_BasketValue"))): Text of object 'Object Repository/BigBasket/Checkout/Checkout_BasketValue' is: '448'

2019-02-22 18:52:04 - [MESSAGE][PASSED] - Text of object 'Object Repository/BigBasket/Checkout/Checkout_BasketValue' is: '448'

2019-02-22 18:52:04 - [TEST_STEP][PASSED] - println("BasketValue ... " + BasketValue): null

2019-02-22 18:52:04 - [TEST_STEP][PASSED] - if (BasketValue < 1000): Object 'Object Repository/BigBasket/Checkout/Checkout_DefaultDeliveryChargeRs30' is present

2019-02-22 18:52:04 - [TEST_STEP][PASSED] - verifyElementPresent(findTestObject("Object Repository/BigBasket/Checkout/Checkout_DefaultDeliveryChargeRs30"), 15): Object 'Object Repository/BigBasket/Checkout/Checkout_DefaultDeliveryChargeRs30' is present

2019-02-22 18:52:04 - [MESSAGE][PASSED] - Object 'Object Repository/BigBasket/Checkout/Checkout_DefaultDeliveryChargeRs30' is present

2019-02-22 18:52:04 - [TEST_STEP][PASSED] - waitForPageLoad(15): Wait for page load successfully

2019-02-22 18:52:04 - [MESSAGE][PASSED] - Wait for page load successfully

2019-02-22 18:52:04 - [TEST_STEP][PASSED] - click(findTestObject("BigBasket/Checkout/Checkout_DefaultDeliverySlotDropDown")): Object: 'Object Repository/BigBasket/Checkout/Checkout_DefaultDeliverySlotDropDown' is clicked on

2019-02-22 18:52:04 - [MESSAGE][PASSED] - Object: 'Object Repository/BigBasket/Checkout/Checkout_DefaultDeliverySlotDropDown' is clicked on

2019-02-22 18:52:04 - [TEST_STEP][PASSED] - Thread.sleep(2000): null

2019-02-22 18:52:06 - [TEST_STEP][PASSED] - selectAnotherSlot = findWebElements(findTestObject("Object Repository/BigBasket/Checkout/Checkout_DefaultDeliverySelectAnotherSlot"), 15).get(1): null

2019-02-22 18:52:06 - [TEST_STEP][PASSED] - selectAnotherSlot.click(): null

2019-02-22 18:52:06 - [TEST_STEP][PASSED] - Thread.sleep(1000): null

2019-02-22 18:52:07 - [TEST_STEP][PASSED] - DeliveryCharges = getText(findTestObject("Object Repository/BigBasket/Checkout/Checkout_OrderSummary_DeliveryCharge")): Text of object 'Object Repository/BigBasket/Checkout/Checkout_OrderSummary_DeliveryCharge' is: 'Rs 30'

2019-02-22 18:52:07 - [MESSAGE][PASSED] - Text of object 'Object Repository/BigBasket/Checkout/Checkout_OrderSummary_DeliveryCharge' is: 'Rs 30'

2019-02-22 18:52:07 - [TEST_STEP][PASSED] - DeliveryChargesApplied = 0: null

2019-02-22 18:52:07 - [TEST_STEP][PASSED] - if (BasketValue >= 1000): null

2019-02-22 18:52:07 - [TEST_STEP][ERROR] - else: else FAILED.
Reason:
java.lang.NumberFormatException: For input string: "Rs 30"
	at java_lang_Integer$parseInt.call(Unknown Source)
	at CheckOut.run(CheckOut:142)
	at com.kms.katalon.core.main.ScriptEngine.run(ScriptEngine.java:194)
	at com.kms.katalon.core.main.ScriptEngine.runScriptAsRawText(ScriptEngine.java:119)
	at com.kms.katalon.core.main.TestCaseExecutor.runScript(TestCaseExecutor.java:328)
	at com.kms.katalon.core.main.TestCaseExecutor.doExecute(TestCaseExecutor.java:319)
	at com.kms.katalon.core.main.TestCaseExecutor.processExecutionPhase(TestCaseExecutor.java:298)
	at com.kms.katalon.core.main.TestCaseExecutor.accessMainPhase(TestCaseExecutor.java:290)
	at com.kms.katalon.core.main.TestCaseExecutor.execute(TestCaseExecutor.java:224)
	at com.kms.katalon.core.main.TestSuiteExecutor.accessTestCaseMainPhase(TestSuiteExecutor.java:129)
	at com.kms.katalon.core.main.TestSuiteExecutor.accessTestSuiteMainPhase(TestSuiteExecutor.java:112)
	at com.kms.katalon.core.main.TestSuiteExecutor.execute(TestSuiteExecutor.java:81)
	at com.kms.katalon.core.main.TestCaseMain.startTestSuite(TestCaseMain.java:149)
	at com.kms.katalon.core.main.TestCaseMain$startTestSuite$0.call(Unknown Source)
	at TempTestSuite1550841558040.run(TempTestSuite1550841558040.groovy:36)


2019-02-22 18:52:07 - [TEST_STEP][ERROR] - DeliveryChargesApplied = Integer.parseInt(DeliveryCharges): else FAILED.
Reason:
java.lang.NumberFormatException: For input string: "Rs 30"
	at java_lang_Integer$parseInt.call(Unknown Source)
	at CheckOut.run(CheckOut:142)
	at com.kms.katalon.core.main.ScriptEngine.run(ScriptEngine.java:194)
	at com.kms.katalon.core.main.ScriptEngine.runScriptAsRawText(ScriptEngine.java:119)
	at com.kms.katalon.core.main.TestCaseExecutor.runScript(TestCaseExecutor.java:328)
	at com.kms.katalon.core.main.TestCaseExecutor.doExecute(TestCaseExecutor.java:319)
	at com.kms.katalon.core.main.TestCaseExecutor.processExecutionPhase(TestCaseExecutor.java:298)
	at com.kms.katalon.core.main.TestCaseExecutor.accessMainPhase(TestCaseExecutor.java:290)
	at com.kms.katalon.core.main.TestCaseExecutor.execute(TestCaseExecutor.java:224)
	at com.kms.katalon.core.main.TestSuiteExecutor.accessTestCaseMainPhase(TestSuiteExecutor.java:129)
	at com.kms.katalon.core.main.TestSuiteExecutor.accessTestSuiteMainPhase(TestSuiteExecutor.java:112)
	at com.kms.katalon.core.main.TestSuiteExecutor.execute(TestSuiteExecutor.java:81)
	at com.kms.katalon.core.main.TestCaseMain.startTestSuite(TestCaseMain.java:149)
	at com.kms.katalon.core.main.TestCaseMain$startTestSuite$0.call(Unknown Source)
	at TempTestSuite1550841558040.run(TempTestSuite1550841558040.groovy:36)


2019-02-22 18:52:07 - [MESSAGE][ERROR] - else FAILED.
Reason:
java.lang.NumberFormatException: For input string: "Rs 30"
	at java_lang_Integer$parseInt.call(Unknown Source)
	at CheckOut.run(CheckOut:142)
	at com.kms.katalon.core.main.ScriptEngine.run(ScriptEngine.java:194)
	at com.kms.katalon.core.main.ScriptEngine.runScriptAsRawText(ScriptEngine.java:119)
	at com.kms.katalon.core.main.TestCaseExecutor.runScript(TestCaseExecutor.java:328)
	at com.kms.katalon.core.main.TestCaseExecutor.doExecute(TestCaseExecutor.java:319)
	at com.kms.katalon.core.main.TestCaseExecutor.processExecutionPhase(TestCaseExecutor.java:298)
	at com.kms.katalon.core.main.TestCaseExecutor.accessMainPhase(TestCaseExecutor.java:290)
	at com.kms.katalon.core.main.TestCaseExecutor.execute(TestCaseExecutor.java:224)
	at com.kms.katalon.core.main.TestSuiteExecutor.accessTestCaseMainPhase(TestSuiteExecutor.java:129)
	at com.kms.katalon.core.main.TestSuiteExecutor.accessTestSuiteMainPhase(TestSuiteExecutor.java:112)
	at com.kms.katalon.core.main.TestSuiteExecutor.execute(TestSuiteExecutor.java:81)
	at com.kms.katalon.core.main.TestCaseMain.startTestSuite(TestCaseMain.java:149)
	at com.kms.katalon.core.main.TestCaseMain$startTestSuite$0.call(Unknown Source)
	at TempTestSuite1550841558040.run(TempTestSuite1550841558040.groovy:36)


2019-02-22 18:52:07 - [TEST_STEP][PASSED] - Start listener action : sampleAfterTestCase: null

2019-02-22 18:52:07 - [TEST_STEP][PASSED] - println(testCaseContext.getTestCaseId()): null

2019-02-22 18:52:07 - [TEST_STEP][PASSED] - println(testCaseContext.getTestCaseStatus()): null]]></system-out>
         <system-err><![CDATA[2019-02-22 18:51:17 - [TEST_CASE][ERROR] - Test Cases/BigBasket/CheckOut: Test Cases/BigBasket/CheckOut FAILED.
Reason:
java.lang.NumberFormatException: For input string: "Rs 30"
	at java_lang_Integer$parseInt.call(Unknown Source)
	at CheckOut.run(CheckOut:142)
	at com.kms.katalon.core.main.ScriptEngine.run(ScriptEngine.java:194)
	at com.kms.katalon.core.main.ScriptEngine.runScriptAsRawText(ScriptEngine.java:119)
	at com.kms.katalon.core.main.TestCaseExecutor.runScript(TestCaseExecutor.java:328)
	at com.kms.katalon.core.main.TestCaseExecutor.doExecute(TestCaseExecutor.java:319)
	at com.kms.katalon.core.main.TestCaseExecutor.processExecutionPhase(TestCaseExecutor.java:298)
	at com.kms.katalon.core.main.TestCaseExecutor.accessMainPhase(TestCaseExecutor.java:290)
	at com.kms.katalon.core.main.TestCaseExecutor.execute(TestCaseExecutor.java:224)
	at com.kms.katalon.core.main.TestSuiteExecutor.accessTestCaseMainPhase(TestSuiteExecutor.java:129)
	at com.kms.katalon.core.main.TestSuiteExecutor.accessTestSuiteMainPhase(TestSuiteExecutor.java:112)
	at com.kms.katalon.core.main.TestSuiteExecutor.execute(TestSuiteExecutor.java:81)
	at com.kms.katalon.core.main.TestCaseMain.startTestSuite(TestCaseMain.java:149)
	at com.kms.katalon.core.main.TestCaseMain$startTestSuite$0.call(Unknown Source)
	at TempTestSuite1550841558040.run(TempTestSuite1550841558040.groovy:36)]]></system-err>
      </testcase>
      <system-out><![CDATA[2019-02-22 18:49:22 - [TEST_SUITE][ERROR] - BigBasket: Test Cases/BigBasket/CheckOut FAILED.
Reason:
java.lang.NumberFormatException: For input string: "Rs 30"
	at java_lang_Integer$parseInt.call(Unknown Source)
	at CheckOut.run(CheckOut:142)
	at com.kms.katalon.core.main.ScriptEngine.run(ScriptEngine.java:194)
	at com.kms.katalon.core.main.ScriptEngine.runScriptAsRawText(ScriptEngine.java:119)
	at com.kms.katalon.core.main.TestCaseExecutor.runScript(TestCaseExecutor.java:328)
	at com.kms.katalon.core.main.TestCaseExecutor.doExecute(TestCaseExecutor.java:319)
	at com.kms.katalon.core.main.TestCaseExecutor.processExecutionPhase(TestCaseExecutor.java:298)
	at com.kms.katalon.core.main.TestCaseExecutor.accessMainPhase(TestCaseExecutor.java:290)
	at com.kms.katalon.core.main.TestCaseExecutor.execute(TestCaseExecutor.java:224)
	at com.kms.katalon.core.main.TestSuiteExecutor.accessTestCaseMainPhase(TestSuiteExecutor.java:129)
	at com.kms.katalon.core.main.TestSuiteExecutor.accessTestSuiteMainPhase(TestSuiteExecutor.java:112)
	at com.kms.katalon.core.main.TestSuiteExecutor.execute(TestSuiteExecutor.java:81)
	at com.kms.katalon.core.main.TestCaseMain.startTestSuite(TestCaseMain.java:149)
	at com.kms.katalon.core.main.TestCaseMain$startTestSuite$0.call(Unknown Source)
	at TempTestSuite1550841558040.run(TempTestSuite1550841558040.groovy:36)]]></system-out>
      <system-err><![CDATA[2019-02-22 18:49:22 - [TEST_SUITE][ERROR] - BigBasket: Test Cases/BigBasket/CheckOut FAILED.
Reason:
java.lang.NumberFormatException: For input string: "Rs 30"
	at java_lang_Integer$parseInt.call(Unknown Source)
	at CheckOut.run(CheckOut:142)
	at com.kms.katalon.core.main.ScriptEngine.run(ScriptEngine.java:194)
	at com.kms.katalon.core.main.ScriptEngine.runScriptAsRawText(ScriptEngine.java:119)
	at com.kms.katalon.core.main.TestCaseExecutor.runScript(TestCaseExecutor.java:328)
	at com.kms.katalon.core.main.TestCaseExecutor.doExecute(TestCaseExecutor.java:319)
	at com.kms.katalon.core.main.TestCaseExecutor.processExecutionPhase(TestCaseExecutor.java:298)
	at com.kms.katalon.core.main.TestCaseExecutor.accessMainPhase(TestCaseExecutor.java:290)
	at com.kms.katalon.core.main.TestCaseExecutor.execute(TestCaseExecutor.java:224)
	at com.kms.katalon.core.main.TestSuiteExecutor.accessTestCaseMainPhase(TestSuiteExecutor.java:129)
	at com.kms.katalon.core.main.TestSuiteExecutor.accessTestSuiteMainPhase(TestSuiteExecutor.java:112)
	at com.kms.katalon.core.main.TestSuiteExecutor.execute(TestSuiteExecutor.java:81)
	at com.kms.katalon.core.main.TestCaseMain.startTestSuite(TestCaseMain.java:149)
	at com.kms.katalon.core.main.TestCaseMain$startTestSuite$0.call(Unknown Source)
	at TempTestSuite1550841558040.run(TempTestSuite1550841558040.groovy:36)]]></system-err>
   </testsuite>
</testsuites>
