<?xml version="1.0" encoding="UTF-8"?>
<testsuites name="BigBasket" time="475" tests="5" failures="3" errors="1">
   <testsuite name="BigBasket" tests="5" failures="3" errors="1" time="475" timestamp="2019-03-07 13:06:29" hostname="nivedita - 192.168.0.23" id="Test Suites/BigBasket">
      <properties>
         <property name="deviceName" value=""/>
         <property name="devicePlatform" value=""/>
         <property name="logFolder" value="/Users/nivedita/git/KatalonFirstUIProject/Reports/BigBasket/20190307_130553"/>
         <property name="logFiles" value="/Users/nivedita/git/KatalonFirstUIProject/Reports/BigBasket/20190307_130553/execution0.log"/>
         <property name="attachments" value="/Users/nivedita/git/KatalonFirstUIProject/Reports/BigBasket/20190307_130553/1551944313918.png, /Users/nivedita/git/KatalonFirstUIProject/Reports/BigBasket/20190307_130553/1551944377153.png"/>
         <property name="hostName" value="nivedita - 192.168.0.23"/>
         <property name="os" value="Mac OS X 64bit"/>
         <property name="katalonVersion" value="5.10.1.1"/>
         <property name="browser" value="Chrome 72.0.3626.121"/>
         <property name="hostAddress" value="192.168.0.23"/>
         <property name="sessionId" value="a7d640d7b7dae222a47e59e67a49e16d"/>
         <property name="seleniumVersion" value="3.7.1"/>
         <property name="proxyInformation" value="ProxyInformation{proxyOption=NO_PROXY, proxyServerType=HTTP, password=, proxyServerAddress=, proxyServerPort=0}"/>
         <property name="platform" value="Mac OS X"/>
      </properties>
      <testcase name="Test Cases/BigBasket/RemoveItemFromBasket" classname="Test Cases/BigBasket/RemoveItemFromBasket" status="PASSED">
         <system-out><![CDATA[2019-03-07 13:06:30 - [TEST_CASE][PASSED] - Test Cases/BigBasket/RemoveItemFromBasket: Test Cases/BigBasket/RemoveItemFromBasket

2019-03-07 13:06:30 - [TEST_STEP][PASSED] - Start listener action : sampleBeforeTestCase: null

2019-03-07 13:06:30 - [TEST_STEP][PASSED] - println(testCaseContext.getTestCaseId()): null

2019-03-07 13:06:30 - [TEST_STEP][PASSED] - println(testCaseContext.getTestCaseVariables()): null

2019-03-07 13:06:30 - [TEST_STEP][PASSED] - println(" This is before test"): null

2019-03-07 13:06:32 - [TEST_STEP][PASSED] - openBrowser(""): Browser is opened with url: ''

2019-03-07 13:06:33 - [MESSAGE][INFO] - Starting 'Chrome' driver

2019-03-07 13:06:33 - [MESSAGE][INFO] - Action delay is set to 0 seconds

2019-03-07 13:06:38 - [MESSAGE][PASSED] - Browser is opened with url: ''

2019-03-07 13:06:38 - [TEST_STEP][PASSED] - navigateToUrl("https://www.bigbasket.com/"): Navigate to 'https://www.bigbasket.com/' successfully

2019-03-07 13:06:46 - [MESSAGE][PASSED] - Navigate to 'https://www.bigbasket.com/' successfully

2019-03-07 13:06:46 - [TEST_STEP][PASSED] - click(findTestObject("Object Repository/Page_Online Grocery Shopping and On/a_Login")): Object: 'Object Repository/Page_Online Grocery Shopping and On/a_Login' is clicked on

2019-03-07 13:06:47 - [MESSAGE][PASSED] - Object: 'Object Repository/Page_Online Grocery Shopping and On/a_Login' is clicked on

2019-03-07 13:06:47 - [TEST_STEP][PASSED] - setText(findTestObject("Object Repository/Page_Online Grocery Shopping and On/input_OR_email"), "nivedita.hbti@gmail.com"): Text 'nivedita.hbti@gmail.com' is set on object 'Object Repository/Page_Online Grocery Shopping and On/input_OR_email'

2019-03-07 13:06:48 - [MESSAGE][PASSED] - Text 'nivedita.hbti@gmail.com' is set on object 'Object Repository/Page_Online Grocery Shopping and On/input_OR_email'

2019-03-07 13:06:48 - [TEST_STEP][PASSED] - setEncryptedText(findTestObject("Object Repository/Page_Online Grocery Shopping and On/input_Please enter valid email"), "LqVTzjb8H0GS29zWb5N07g=="): Text ****** has been set on object 'Object Repository/Page_Online Grocery Shopping and On/input_Please enter valid email'

2019-03-07 13:06:49 - [MESSAGE][PASSED] - Text ****** has been set on object 'Object Repository/Page_Online Grocery Shopping and On/input_Please enter valid email'

2019-03-07 13:06:49 - [TEST_STEP][PASSED] - click(findTestObject("Object Repository/Page_Online Grocery Shopping and On/button_LOGIN")): Object: 'Object Repository/Page_Online Grocery Shopping and On/button_LOGIN' is clicked on

2019-03-07 13:06:49 - [MESSAGE][PASSED] - Object: 'Object Repository/Page_Online Grocery Shopping and On/button_LOGIN' is clicked on

2019-03-07 13:06:49 - [TEST_STEP][PASSED] - waitForPageLoad(10): Wait for page load successfully

2019-03-07 13:06:50 - [MESSAGE][PASSED] - Wait for page load successfully

2019-03-07 13:06:50 - [TEST_STEP][PASSED] - waitForElementClickable(findTestObject("Object Repository/Page_Online Grocery Shopping and On/span_UserAccount"), 15): Object 'Object Repository/Page_Online Grocery Shopping and On/span_UserAccount' is clickable

2019-03-07 13:06:58 - [MESSAGE][PASSED] - Object 'Object Repository/Page_Online Grocery Shopping and On/span_UserAccount' is clickable

2019-03-07 13:06:58 - [TEST_STEP][PASSED] - items = getText(findTestObject("Object Repository/BigBasket/Page_Online Grocery Shopping and On/span_0 items")): Text of object 'Object Repository/BigBasket/Page_Online Grocery Shopping and On/span_0 items' is: '0 items'

2019-03-07 13:07:00 - [MESSAGE][PASSED] - Text of object 'Object Repository/BigBasket/Page_Online Grocery Shopping and On/span_0 items' is: '0 items'

2019-03-07 13:07:00 - [TEST_STEP][PASSED] - count = Integer.parseInt(replace(" items", "").trim()): null

2019-03-07 13:07:00 - [TEST_STEP][PASSED] - println("Count is : " + count): null

2019-03-07 13:07:00 - [TEST_STEP][PASSED] - click(findTestObject("Object Repository/Page_Online Grocery Shopping and On/span_UserAccount")): Object: 'Object Repository/Page_Online Grocery Shopping and On/span_UserAccount' is clicked on

2019-03-07 13:07:00 - [MESSAGE][PASSED] - Object: 'Object Repository/Page_Online Grocery Shopping and On/span_UserAccount' is clicked on

2019-03-07 13:07:00 - [TEST_STEP][PASSED] - click(findTestObject("Object Repository/Page_Online Grocery Shopping and On/a_My Basket No Items")): Object: 'Object Repository/Page_Online Grocery Shopping and On/a_My Basket No Items' is clicked on

2019-03-07 13:07:11 - [MESSAGE][PASSED] - Object: 'Object Repository/Page_Online Grocery Shopping and On/a_My Basket No Items' is clicked on

2019-03-07 13:07:11 - [TEST_STEP][PASSED] - waitForPageLoad(15): Wait for page load successfully

2019-03-07 13:07:11 - [MESSAGE][PASSED] - Wait for page load successfully

2019-03-07 13:07:11 - [TEST_STEP][PASSED] - driver = getWebDriver(): null

2019-03-07 13:07:11 - [TEST_STEP][PASSED] - if (count > 0): null

2019-03-07 13:07:11 - [TEST_STEP][PASSED] - Thread.sleep(1000): null

2019-03-07 13:07:12 - [TEST_STEP][PASSED] - closeBrowser(): Browser is closed

2019-03-07 13:07:12 - [MESSAGE][PASSED] - Browser is closed

2019-03-07 13:07:12 - [TEST_STEP][PASSED] - Start listener action : sampleAfterTestCase: null

2019-03-07 13:07:12 - [TEST_STEP][PASSED] - println(testCaseContext.getTestCaseId()): null

2019-03-07 13:07:12 - [TEST_STEP][PASSED] - println(testCaseContext.getTestCaseStatus()): null]]></system-out>
         <system-err><![CDATA[]]></system-err>
      </testcase>
      <testcase name="Test Cases/BigBasket/LoginAndAddToCart" classname="Test Cases/BigBasket/LoginAndAddToCart" status="PASSED">
         <system-out><![CDATA[2019-03-07 13:07:12 - [TEST_CASE][PASSED] - Test Cases/BigBasket/LoginAndAddToCart: Test Cases/BigBasket/LoginAndAddToCart

2019-03-07 13:07:12 - [TEST_STEP][PASSED] - Start listener action : sampleBeforeTestCase: null

2019-03-07 13:07:12 - [TEST_STEP][PASSED] - println(testCaseContext.getTestCaseId()): null

2019-03-07 13:07:12 - [TEST_STEP][PASSED] - println(testCaseContext.getTestCaseVariables()): null

2019-03-07 13:07:12 - [TEST_STEP][PASSED] - println(" This is before test"): null

2019-03-07 13:07:13 - [TEST_STEP][PASSED] - openBrowser(""): Browser is opened with url: ''

2019-03-07 13:07:13 - [MESSAGE][INFO] - Starting 'Chrome' driver

2019-03-07 13:07:15 - [MESSAGE][PASSED] - Browser is opened with url: ''

2019-03-07 13:07:15 - [TEST_STEP][PASSED] - navigateToUrl("https://www.bigbasket.com/"): Navigate to 'https://www.bigbasket.com/' successfully

2019-03-07 13:07:22 - [MESSAGE][PASSED] - Navigate to 'https://www.bigbasket.com/' successfully

2019-03-07 13:07:22 - [TEST_STEP][PASSED] - click(findTestObject("Object Repository/Page_Online Grocery Shopping and On/a_Login")): Object: 'Object Repository/Page_Online Grocery Shopping and On/a_Login' is clicked on

2019-03-07 13:07:23 - [MESSAGE][PASSED] - Object: 'Object Repository/Page_Online Grocery Shopping and On/a_Login' is clicked on

2019-03-07 13:07:23 - [TEST_STEP][PASSED] - setText(findTestObject("Object Repository/Page_Online Grocery Shopping and On/input_OR_email"), "nivedita.hbti@gmail.com"): Text 'nivedita.hbti@gmail.com' is set on object 'Object Repository/Page_Online Grocery Shopping and On/input_OR_email'

2019-03-07 13:07:24 - [MESSAGE][PASSED] - Text 'nivedita.hbti@gmail.com' is set on object 'Object Repository/Page_Online Grocery Shopping and On/input_OR_email'

2019-03-07 13:07:24 - [TEST_STEP][PASSED] - setEncryptedText(findTestObject("Object Repository/Page_Online Grocery Shopping and On/input_Please enter valid email"), "LqVTzjb8H0GS29zWb5N07g=="): Text ****** has been set on object 'Object Repository/Page_Online Grocery Shopping and On/input_Please enter valid email'

2019-03-07 13:07:25 - [MESSAGE][PASSED] - Text ****** has been set on object 'Object Repository/Page_Online Grocery Shopping and On/input_Please enter valid email'

2019-03-07 13:07:25 - [TEST_STEP][PASSED] - click(findTestObject("Object Repository/Page_Online Grocery Shopping and On/button_LOGIN")): Object: 'Object Repository/Page_Online Grocery Shopping and On/button_LOGIN' is clicked on

2019-03-07 13:07:25 - [MESSAGE][PASSED] - Object: 'Object Repository/Page_Online Grocery Shopping and On/button_LOGIN' is clicked on

2019-03-07 13:07:25 - [TEST_STEP][PASSED] - waitForElementClickable(findTestObject("Object Repository/Page_Online Grocery Shopping and On/span_UserAccount"), 15): Object 'Object Repository/Page_Online Grocery Shopping and On/span_UserAccount' is clickable

2019-03-07 13:07:33 - [MESSAGE][PASSED] - Object 'Object Repository/Page_Online Grocery Shopping and On/span_UserAccount' is clickable

2019-03-07 13:07:33 - [TEST_STEP][PASSED] - setText(findTestObject("Object Repository/Page_Online Grocery Shopping and On/input_Shop for Rs.or moreand g"), "Daal"): Text 'Daal' is set on object 'Object Repository/Page_Online Grocery Shopping and On/input_Shop for Rs.or moreand g'

2019-03-07 13:07:34 - [MESSAGE][PASSED] - Text 'Daal' is set on object 'Object Repository/Page_Online Grocery Shopping and On/input_Shop for Rs.or moreand g'

2019-03-07 13:07:34 - [TEST_STEP][PASSED] - waitForElementClickable(findTestObject("Object Repository/Page_Online Grocery Shopping and On/SearchIcon"), 10): Object 'Object Repository/Page_Online Grocery Shopping and On/SearchIcon' is clickable

2019-03-07 13:07:35 - [MESSAGE][PASSED] - Object 'Object Repository/Page_Online Grocery Shopping and On/SearchIcon' is clickable

2019-03-07 13:07:35 - [TEST_STEP][PASSED] - click(findTestObject("Object Repository/Page_Online Grocery Shopping and On/SearchIcon")): Object: 'Object Repository/Page_Online Grocery Shopping and On/SearchIcon' is clicked on

2019-03-07 13:07:39 - [MESSAGE][PASSED] - Object: 'Object Repository/Page_Online Grocery Shopping and On/SearchIcon' is clicked on

2019-03-07 13:07:39 - [TEST_STEP][PASSED] - waitForPageLoad(10): Wait for page load successfully

2019-03-07 13:07:43 - [MESSAGE][PASSED] - Wait for page load successfully

2019-03-07 13:07:43 - [TEST_STEP][PASSED] - scrollToElement(findTestObject("Object Repository/Page_Best Online Grocery Store in I/btn_ADD_item"), 10): Scroll to object 'Object Repository/Page_Best Online Grocery Store in I/btn_ADD_item' successfully

2019-03-07 13:07:43 - [MESSAGE][PASSED] - Scroll to object 'Object Repository/Page_Best Online Grocery Store in I/btn_ADD_item' successfully

2019-03-07 13:07:43 - [TEST_STEP][PASSED] - driver = getWebDriver(): null

2019-03-07 13:07:43 - [TEST_STEP][PASSED] - ele = driver.findElement(By.xpath("(//button[@class='btn btn-add col-xs-9'][contains(text(),'Add')])[1]")): null

2019-03-07 13:07:43 - [TEST_STEP][PASSED] - jse = driver: null

2019-03-07 13:07:43 - [TEST_STEP][PASSED] - jse.executeScript("arguments[0].click()", ele): null

2019-03-07 13:07:44 - [TEST_STEP][PASSED] - Thread.sleep(3000): null

2019-03-07 13:07:47 - [TEST_STEP][PASSED] - bigBasketLogo = driver.findElement(By.xpath("//div[@id='st-trigger-effects']/a[@title='Bigbasket']")): null

2019-03-07 13:07:47 - [TEST_STEP][PASSED] - jse.executeScript("arguments[0].click()", bigBasketLogo): null

2019-03-07 13:07:51 - [TEST_STEP][PASSED] - waitForPageLoad(15): Wait for page load successfully

2019-03-07 13:07:51 - [MESSAGE][PASSED] - Wait for page load successfully

2019-03-07 13:07:51 - [TEST_STEP][PASSED] - Thread.sleep(1000): null

2019-03-07 13:07:52 - [TEST_STEP][PASSED] - click(findTestObject("Object Repository/Page_Best Online Grocery Store in I/noOfItemInBasket")): Object: 'Object Repository/Page_Best Online Grocery Store in I/noOfItemInBasket' is clicked on

2019-03-07 13:07:52 - [MESSAGE][PASSED] - Object: 'Object Repository/Page_Best Online Grocery Store in I/noOfItemInBasket' is clicked on

2019-03-07 13:07:52 - [TEST_STEP][PASSED] - noOfItemInBasket = getText(findTestObject("Object Repository/Page_Best Online Grocery Store in I/noOfItemInBasket")): Text of object 'Object Repository/Page_Best Online Grocery Store in I/noOfItemInBasket' is: '1 items'

2019-03-07 13:07:52 - [MESSAGE][PASSED] - Text of object 'Object Repository/Page_Best Online Grocery Store in I/noOfItemInBasket' is: '1 items'

2019-03-07 13:07:52 - [TEST_STEP][PASSED] - println("no Of Item In Basket ..." + noOfItemInBasket): null

2019-03-07 13:07:52 - [TEST_STEP][PASSED] - verifyElementPresent(findTestObject("Object Repository/Page_Best Online Grocery Store in I/div_ QuantityAddRemove"), 10): Object 'Object Repository/Page_Best Online Grocery Store in I/div_ QuantityAddRemove' is present

2019-03-07 13:07:54 - [MESSAGE][PASSED] - Object 'Object Repository/Page_Best Online Grocery Store in I/div_ QuantityAddRemove' is present

2019-03-07 13:07:54 - [TEST_STEP][PASSED] - verifyElementPresent(findTestObject("Object Repository/Page_Best Online Grocery Store in I/div_ProductPriceRs"), 10): Object 'Object Repository/Page_Best Online Grocery Store in I/div_ProductPriceRs' is present

2019-03-07 13:07:54 - [MESSAGE][PASSED] - Object 'Object Repository/Page_Best Online Grocery Store in I/div_ProductPriceRs' is present

2019-03-07 13:07:54 - [TEST_STEP][PASSED] - verifyElementPresent(findTestObject("Object Repository/Page_Best Online Grocery Store in I/SubTotalInRs"), 10): Object 'Object Repository/Page_Best Online Grocery Store in I/SubTotalInRs' is present

2019-03-07 13:07:54 - [MESSAGE][PASSED] - Object 'Object Repository/Page_Best Online Grocery Store in I/SubTotalInRs' is present

2019-03-07 13:07:54 - [TEST_STEP][PASSED] - price = getText(findTestObject("Object Repository/Page_Best Online Grocery Store in I/SubTotalInRs")): Text of object 'Object Repository/Page_Best Online Grocery Store in I/SubTotalInRs' is: '229.00'

2019-03-07 13:07:54 - [MESSAGE][PASSED] - Text of object 'Object Repository/Page_Best Online Grocery Store in I/SubTotalInRs' is: '229.00'

2019-03-07 13:07:54 - [TEST_STEP][PASSED] - println("Price is : " + price): null

2019-03-07 13:07:54 - [TEST_STEP][PASSED] - closeBrowser(): Browser is closed

2019-03-07 13:07:54 - [MESSAGE][PASSED] - Browser is closed

2019-03-07 13:07:54 - [TEST_STEP][PASSED] - Start listener action : sampleAfterTestCase: null

2019-03-07 13:07:54 - [TEST_STEP][PASSED] - println(testCaseContext.getTestCaseId()): null

2019-03-07 13:07:54 - [TEST_STEP][PASSED] - println(testCaseContext.getTestCaseStatus()): null]]></system-out>
         <system-err><![CDATA[]]></system-err>
      </testcase>
      <testcase name="Test Cases/BigBasket/BasketToCheckout" classname="Test Cases/BigBasket/BasketToCheckout" status="FAILED">
         <failure type="FAILED" message="Test Cases/BigBasket/BasketToCheckout FAILED.
Reason:
com.kms.katalon.core.exception.StepFailedException: Unable to click on object 'Object Repository/Page_Online Grocery Shopping and On/a_My Basket No Items' (Root cause: org.openqa.selenium.ElementNotVisibleException: element not interactable
  (Session info: chrome=72.0.3626.121)
  (Driver info: chromedriver=2.43.600229 (3fae4d0cda5334b4f533bede5a4787f7b832d052),platform=Mac OS X 10.13.6 x86_64) (WARNING: The server did not provide any stacktrace information)
Command duration or timeout: 0 milliseconds
Build info: version: '3.7.1', revision: '8a0099a', time: '2017-11-06T21:07:36.161Z'
System info: host: 'Niveditas-MacBook-Air.local', ip: 'fe80:0:0:0:848:c8e3:a957:2764%en0', os.name: 'Mac OS X', os.arch: 'x86_64', os.version: '10.13.6', java.version: '1.8.0_181'
Driver info: com.kms.katalon.selenium.driver.CChromeDriver
Capabilities {acceptInsecureCerts: false, acceptSslCerts: false, applicationCacheEnabled: false, browserConnectionEnabled: false, browserName: chrome, chrome: {chromedriverVersion: 2.43.600229 (3fae4d0cda5334..., userDataDir: /var/folders/1p/92gdr4951qs...}, cssSelectorsEnabled: true, databaseEnabled: false, goog:chromeOptions: {debuggerAddress: localhost:57177}, handlesAlerts: true, hasTouchScreen: false, javascriptEnabled: true, locationContextEnabled: true, mobileEmulationEnabled: false, nativeEvents: true, networkConnectionEnabled: false, pageLoadStrategy: normal, platform: MAC, platformName: MAC, rotatable: false, setWindowRect: true, takesHeapSnapshot: true, takesScreenshot: true, unexpectedAlertBehaviour: , unhandledPromptBehavior: , version: 72.0.3626.121, webStorageEnabled: true}
Session ID: 9854a9cfa56555c59eaa6e87b83640f9)
	at com.kms.katalon.core.keyword.internal.KeywordMain.stepFailed(KeywordMain.groovy:32)
	at com.kms.katalon.core.webui.keyword.internal.WebUIKeywordMain.stepFailed(WebUIKeywordMain.groovy:65)
	at com.kms.katalon.core.webui.keyword.internal.WebUIKeywordMain.runKeyword(WebUIKeywordMain.groovy:27)
	at com.kms.katalon.core.webui.keyword.builtin.ClickKeyword.click(ClickKeyword.groovy:86)
	at com.kms.katalon.core.webui.keyword.builtin.ClickKeyword.execute(ClickKeyword.groovy:67)
	at com.kms.katalon.core.keyword.internal.KeywordExecutor.executeKeywordForPlatform(KeywordExecutor.groovy:53)
	at com.kms.katalon.core.webui.keyword.WebUiBuiltInKeywords.click(WebUiBuiltInKeywords.groovy:616)
	at com.kms.katalon.core.webui.keyword.WebUiBuiltInKeywords$click$1.call(Unknown Source)
	at BasketToCheckout.run(BasketToCheckout:80)
	at com.kms.katalon.core.main.ScriptEngine.run(ScriptEngine.java:194)
	at com.kms.katalon.core.main.ScriptEngine.runScriptAsRawText(ScriptEngine.java:119)
	at com.kms.katalon.core.main.TestCaseExecutor.runScript(TestCaseExecutor.java:328)
	at com.kms.katalon.core.main.TestCaseExecutor.doExecute(TestCaseExecutor.java:319)
	at com.kms.katalon.core.main.TestCaseExecutor.processExecutionPhase(TestCaseExecutor.java:298)
	at com.kms.katalon.core.main.TestCaseExecutor.accessMainPhase(TestCaseExecutor.java:290)
	at com.kms.katalon.core.main.TestCaseExecutor.execute(TestCaseExecutor.java:224)
	at com.kms.katalon.core.main.TestSuiteExecutor.accessTestCaseMainPhase(TestSuiteExecutor.java:129)
	at com.kms.katalon.core.main.TestSuiteExecutor.accessTestSuiteMainPhase(TestSuiteExecutor.java:112)
	at com.kms.katalon.core.main.TestSuiteExecutor.execute(TestSuiteExecutor.java:81)
	at com.kms.katalon.core.main.TestCaseMain.startTestSuite(TestCaseMain.java:149)
	at com.kms.katalon.core.main.TestCaseMain$startTestSuite$0.call(Unknown Source)
	at TempTestSuite1551944183919.run(TempTestSuite1551944183919.groovy:36)
"/>
         <system-out><![CDATA[2019-03-07 13:07:54 - [TEST_CASE][FAILED] - Test Cases/BigBasket/BasketToCheckout: Test Cases/BigBasket/BasketToCheckout FAILED.
Reason:
com.kms.katalon.core.exception.StepFailedException: Unable to click on object 'Object Repository/Page_Online Grocery Shopping and On/a_My Basket No Items' (Root cause: org.openqa.selenium.ElementNotVisibleException: element not interactable
  (Session info: chrome=72.0.3626.121)
  (Driver info: chromedriver=2.43.600229 (3fae4d0cda5334b4f533bede5a4787f7b832d052),platform=Mac OS X 10.13.6 x86_64) (WARNING: The server did not provide any stacktrace information)
Command duration or timeout: 0 milliseconds
Build info: version: '3.7.1', revision: '8a0099a', time: '2017-11-06T21:07:36.161Z'
System info: host: 'Niveditas-MacBook-Air.local', ip: 'fe80:0:0:0:848:c8e3:a957:2764%en0', os.name: 'Mac OS X', os.arch: 'x86_64', os.version: '10.13.6', java.version: '1.8.0_181'
Driver info: com.kms.katalon.selenium.driver.CChromeDriver
Capabilities {acceptInsecureCerts: false, acceptSslCerts: false, applicationCacheEnabled: false, browserConnectionEnabled: false, browserName: chrome, chrome: {chromedriverVersion: 2.43.600229 (3fae4d0cda5334..., userDataDir: /var/folders/1p/92gdr4951qs...}, cssSelectorsEnabled: true, databaseEnabled: false, goog:chromeOptions: {debuggerAddress: localhost:57177}, handlesAlerts: true, hasTouchScreen: false, javascriptEnabled: true, locationContextEnabled: true, mobileEmulationEnabled: false, nativeEvents: true, networkConnectionEnabled: false, pageLoadStrategy: normal, platform: MAC, platformName: MAC, rotatable: false, setWindowRect: true, takesHeapSnapshot: true, takesScreenshot: true, unexpectedAlertBehaviour: , unhandledPromptBehavior: , version: 72.0.3626.121, webStorageEnabled: true}
Session ID: 9854a9cfa56555c59eaa6e87b83640f9)
	at com.kms.katalon.core.keyword.internal.KeywordMain.stepFailed(KeywordMain.groovy:32)
	at com.kms.katalon.core.webui.keyword.internal.WebUIKeywordMain.stepFailed(WebUIKeywordMain.groovy:65)
	at com.kms.katalon.core.webui.keyword.internal.WebUIKeywordMain.runKeyword(WebUIKeywordMain.groovy:27)
	at com.kms.katalon.core.webui.keyword.builtin.ClickKeyword.click(ClickKeyword.groovy:86)
	at com.kms.katalon.core.webui.keyword.builtin.ClickKeyword.execute(ClickKeyword.groovy:67)
	at com.kms.katalon.core.keyword.internal.KeywordExecutor.executeKeywordForPlatform(KeywordExecutor.groovy:53)
	at com.kms.katalon.core.webui.keyword.WebUiBuiltInKeywords.click(WebUiBuiltInKeywords.groovy:616)
	at com.kms.katalon.core.webui.keyword.WebUiBuiltInKeywords$click$1.call(Unknown Source)
	at BasketToCheckout.run(BasketToCheckout:80)
	at com.kms.katalon.core.main.ScriptEngine.run(ScriptEngine.java:194)
	at com.kms.katalon.core.main.ScriptEngine.runScriptAsRawText(ScriptEngine.java:119)
	at com.kms.katalon.core.main.TestCaseExecutor.runScript(TestCaseExecutor.java:328)
	at com.kms.katalon.core.main.TestCaseExecutor.doExecute(TestCaseExecutor.java:319)
	at com.kms.katalon.core.main.TestCaseExecutor.processExecutionPhase(TestCaseExecutor.java:298)
	at com.kms.katalon.core.main.TestCaseExecutor.accessMainPhase(TestCaseExecutor.java:290)
	at com.kms.katalon.core.main.TestCaseExecutor.execute(TestCaseExecutor.java:224)
	at com.kms.katalon.core.main.TestSuiteExecutor.accessTestCaseMainPhase(TestSuiteExecutor.java:129)
	at com.kms.katalon.core.main.TestSuiteExecutor.accessTestSuiteMainPhase(TestSuiteExecutor.java:112)
	at com.kms.katalon.core.main.TestSuiteExecutor.execute(TestSuiteExecutor.java:81)
	at com.kms.katalon.core.main.TestCaseMain.startTestSuite(TestCaseMain.java:149)
	at com.kms.katalon.core.main.TestCaseMain$startTestSuite$0.call(Unknown Source)
	at TempTestSuite1551944183919.run(TempTestSuite1551944183919.groovy:36)


2019-03-07 13:07:54 - [TEST_STEP][PASSED] - Start listener action : sampleBeforeTestCase: null

2019-03-07 13:07:54 - [TEST_STEP][PASSED] - println(testCaseContext.getTestCaseId()): null

2019-03-07 13:07:54 - [TEST_STEP][PASSED] - println(testCaseContext.getTestCaseVariables()): null

2019-03-07 13:07:54 - [TEST_STEP][PASSED] - println(" This is before test"): null

2019-03-07 13:07:55 - [TEST_STEP][PASSED] - openBrowser(""): Browser is opened with url: ''

2019-03-07 13:07:55 - [MESSAGE][INFO] - Starting 'Chrome' driver

2019-03-07 13:07:57 - [MESSAGE][PASSED] - Browser is opened with url: ''

2019-03-07 13:07:57 - [TEST_STEP][PASSED] - navigateToUrl("https://www.bigbasket.com/"): Navigate to 'https://www.bigbasket.com/' successfully

2019-03-07 13:08:04 - [MESSAGE][PASSED] - Navigate to 'https://www.bigbasket.com/' successfully

2019-03-07 13:08:04 - [TEST_STEP][PASSED] - click(findTestObject("Object Repository/Page_Online Grocery Shopping and On/a_Login")): Object: 'Object Repository/Page_Online Grocery Shopping and On/a_Login' is clicked on

2019-03-07 13:08:04 - [MESSAGE][PASSED] - Object: 'Object Repository/Page_Online Grocery Shopping and On/a_Login' is clicked on

2019-03-07 13:08:04 - [TEST_STEP][PASSED] - setText(findTestObject("Object Repository/Page_Online Grocery Shopping and On/input_OR_email"), "nivedita.hbti@gmail.com"): Text 'nivedita.hbti@gmail.com' is set on object 'Object Repository/Page_Online Grocery Shopping and On/input_OR_email'

2019-03-07 13:08:05 - [MESSAGE][PASSED] - Text 'nivedita.hbti@gmail.com' is set on object 'Object Repository/Page_Online Grocery Shopping and On/input_OR_email'

2019-03-07 13:08:05 - [TEST_STEP][PASSED] - setEncryptedText(findTestObject("Object Repository/Page_Online Grocery Shopping and On/input_Please enter valid email"), "LqVTzjb8H0GS29zWb5N07g=="): Text ****** has been set on object 'Object Repository/Page_Online Grocery Shopping and On/input_Please enter valid email'

2019-03-07 13:08:06 - [MESSAGE][PASSED] - Text ****** has been set on object 'Object Repository/Page_Online Grocery Shopping and On/input_Please enter valid email'

2019-03-07 13:08:06 - [TEST_STEP][PASSED] - click(findTestObject("Object Repository/Page_Online Grocery Shopping and On/button_LOGIN")): Object: 'Object Repository/Page_Online Grocery Shopping and On/button_LOGIN' is clicked on

2019-03-07 13:08:06 - [MESSAGE][PASSED] - Object: 'Object Repository/Page_Online Grocery Shopping and On/button_LOGIN' is clicked on

2019-03-07 13:08:06 - [TEST_STEP][PASSED] - waitForElementClickable(findTestObject("Object Repository/Page_Online Grocery Shopping and On/span_UserAccount"), 15): Object 'Object Repository/Page_Online Grocery Shopping and On/span_UserAccount' is clickable

2019-03-07 13:08:13 - [MESSAGE][PASSED] - Object 'Object Repository/Page_Online Grocery Shopping and On/span_UserAccount' is clickable

2019-03-07 13:08:13 - [TEST_STEP][PASSED] - setText(findTestObject("Object Repository/Page_Online Grocery Shopping and On/input_Shop for Rs.or moreand g"), "Daal"): Text 'Daal' is set on object 'Object Repository/Page_Online Grocery Shopping and On/input_Shop for Rs.or moreand g'

2019-03-07 13:08:14 - [MESSAGE][PASSED] - Text 'Daal' is set on object 'Object Repository/Page_Online Grocery Shopping and On/input_Shop for Rs.or moreand g'

2019-03-07 13:08:14 - [TEST_STEP][PASSED] - Thread.sleep(1000): null

2019-03-07 13:08:15 - [TEST_STEP][PASSED] - waitForPageLoad(15): Wait for page load successfully

2019-03-07 13:08:15 - [MESSAGE][PASSED] - Wait for page load successfully

2019-03-07 13:08:15 - [TEST_STEP][PASSED] - click(findTestObject("Object Repository/Page_Online Grocery Shopping and On/SearchIcon")): Object: 'Object Repository/Page_Online Grocery Shopping and On/SearchIcon' is clicked on

2019-03-07 13:08:19 - [MESSAGE][PASSED] - Object: 'Object Repository/Page_Online Grocery Shopping and On/SearchIcon' is clicked on

2019-03-07 13:08:19 - [TEST_STEP][PASSED] - waitForPageLoad(10): Wait for page load successfully

2019-03-07 13:08:23 - [MESSAGE][PASSED] - Wait for page load successfully

2019-03-07 13:08:23 - [TEST_STEP][PASSED] - scrollToElement(findTestObject("Object Repository/Page_Best Online Grocery Store in I/btn_ADD_item"), 10): Scroll to object 'Object Repository/Page_Best Online Grocery Store in I/btn_ADD_item' successfully

2019-03-07 13:08:23 - [MESSAGE][PASSED] - Scroll to object 'Object Repository/Page_Best Online Grocery Store in I/btn_ADD_item' successfully

2019-03-07 13:08:23 - [TEST_STEP][PASSED] - ele = findWebElements(findTestObject("Object Repository/BigBasket/Basket/ADD button"), 15).get(1): null

2019-03-07 13:08:23 - [TEST_STEP][PASSED] - println("ele............." + ele): null

2019-03-07 13:08:23 - [TEST_STEP][PASSED] - driver = getWebDriver(): null

2019-03-07 13:08:23 - [TEST_STEP][PASSED] - jse = driver: null

2019-03-07 13:08:23 - [TEST_STEP][PASSED] - jse.executeScript("arguments[0].click()", ele): null

2019-03-07 13:08:23 - [TEST_STEP][PASSED] - Thread.sleep(3000): null

2019-03-07 13:08:26 - [TEST_STEP][PASSED] - bigBasketLogo = driver.findElement(By.xpath("//div[@id='st-trigger-effects']/a[@title='Bigbasket']")): null

2019-03-07 13:08:26 - [TEST_STEP][PASSED] - jse.executeScript("arguments[0].click()", bigBasketLogo): null

2019-03-07 13:08:32 - [TEST_STEP][PASSED] - waitForPageLoad(15): Wait for page load successfully

2019-03-07 13:08:33 - [MESSAGE][PASSED] - Wait for page load successfully

2019-03-07 13:08:33 - [TEST_STEP][PASSED] - click(findTestObject("Object Repository/Page_Online Grocery Shopping and On/span_UserAccount")): Object: 'Object Repository/Page_Online Grocery Shopping and On/span_UserAccount' is clicked on

2019-03-07 13:08:33 - [MESSAGE][PASSED] - Object: 'Object Repository/Page_Online Grocery Shopping and On/span_UserAccount' is clicked on

2019-03-07 13:08:33 - [TEST_STEP][FAILED] - click(findTestObject("Object Repository/Page_Online Grocery Shopping and On/a_My Basket No Items")): Unable to click on object 'Object Repository/Page_Online Grocery Shopping and On/a_My Basket No Items' (Root cause: org.openqa.selenium.ElementNotVisibleException: element not interactable
  (Session info: chrome=72.0.3626.121)
  (Driver info: chromedriver=2.43.600229 (3fae4d0cda5334b4f533bede5a4787f7b832d052),platform=Mac OS X 10.13.6 x86_64) (WARNING: The server did not provide any stacktrace information)
Command duration or timeout: 0 milliseconds
Build info: version: '3.7.1', revision: '8a0099a', time: '2017-11-06T21:07:36.161Z'
System info: host: 'Niveditas-MacBook-Air.local', ip: 'fe80:0:0:0:848:c8e3:a957:2764%en0', os.name: 'Mac OS X', os.arch: 'x86_64', os.version: '10.13.6', java.version: '1.8.0_181'
Driver info: com.kms.katalon.selenium.driver.CChromeDriver
Capabilities {acceptInsecureCerts: false, acceptSslCerts: false, applicationCacheEnabled: false, browserConnectionEnabled: false, browserName: chrome, chrome: {chromedriverVersion: 2.43.600229 (3fae4d0cda5334..., userDataDir: /var/folders/1p/92gdr4951qs...}, cssSelectorsEnabled: true, databaseEnabled: false, goog:chromeOptions: {debuggerAddress: localhost:57177}, handlesAlerts: true, hasTouchScreen: false, javascriptEnabled: true, locationContextEnabled: true, mobileEmulationEnabled: false, nativeEvents: true, networkConnectionEnabled: false, pageLoadStrategy: normal, platform: MAC, platformName: MAC, rotatable: false, setWindowRect: true, takesHeapSnapshot: true, takesScreenshot: true, unexpectedAlertBehaviour: , unhandledPromptBehavior: , version: 72.0.3626.121, webStorageEnabled: true}
Session ID: 9854a9cfa56555c59eaa6e87b83640f9)

2019-03-07 13:08:34 - [MESSAGE][FAILED] - Unable to click on object 'Object Repository/Page_Online Grocery Shopping and On/a_My Basket No Items' (Root cause: org.openqa.selenium.ElementNotVisibleException: element not interactable
  (Session info: chrome=72.0.3626.121)
  (Driver info: chromedriver=2.43.600229 (3fae4d0cda5334b4f533bede5a4787f7b832d052),platform=Mac OS X 10.13.6 x86_64) (WARNING: The server did not provide any stacktrace information)
Command duration or timeout: 0 milliseconds
Build info: version: '3.7.1', revision: '8a0099a', time: '2017-11-06T21:07:36.161Z'
System info: host: 'Niveditas-MacBook-Air.local', ip: 'fe80:0:0:0:848:c8e3:a957:2764%en0', os.name: 'Mac OS X', os.arch: 'x86_64', os.version: '10.13.6', java.version: '1.8.0_181'
Driver info: com.kms.katalon.selenium.driver.CChromeDriver
Capabilities {acceptInsecureCerts: false, acceptSslCerts: false, applicationCacheEnabled: false, browserConnectionEnabled: false, browserName: chrome, chrome: {chromedriverVersion: 2.43.600229 (3fae4d0cda5334..., userDataDir: /var/folders/1p/92gdr4951qs...}, cssSelectorsEnabled: true, databaseEnabled: false, goog:chromeOptions: {debuggerAddress: localhost:57177}, handlesAlerts: true, hasTouchScreen: false, javascriptEnabled: true, locationContextEnabled: true, mobileEmulationEnabled: false, nativeEvents: true, networkConnectionEnabled: false, pageLoadStrategy: normal, platform: MAC, platformName: MAC, rotatable: false, setWindowRect: true, takesHeapSnapshot: true, takesScreenshot: true, unexpectedAlertBehaviour: , unhandledPromptBehavior: , version: 72.0.3626.121, webStorageEnabled: true}
Session ID: 9854a9cfa56555c59eaa6e87b83640f9)
[[ATTACHMENT|/Users/nivedita/git/KatalonFirstUIProject/Reports/BigBasket/20190307_130553/1551944313918.png]]

2019-03-07 13:08:34 - [TEST_STEP][PASSED] - waitForPageLoad(15): Wait for page load successfully

2019-03-07 13:08:34 - [MESSAGE][PASSED] - Wait for page load successfully

2019-03-07 13:08:34 - [TEST_STEP][FAILED] - items = getText(findTestObject("Object Repository/BigBasket/Basket_CheckingOut/Page_Best Online Grocery Store in I/Basket_CountNumberOfItemsinBasket")): Unable to get text of object 'Object Repository/BigBasket/Basket_CheckingOut/Page_Best Online Grocery Store in I/Basket_CountNumberOfItemsinBasket' (Root cause: com.kms.katalon.core.webui.exception.WebElementNotFoundException: Web element with id: 'Object Repository/BigBasket/Basket_CheckingOut/Page_Best Online Grocery Store in I/Basket_CountNumberOfItemsinBasket' located by 'By.xpath: //span[@id='noItems']' not found)

2019-03-07 13:09:37 - [MESSAGE][INFO] - Unable to find the element located by 'By.xpath: //span[@id='noItems']'. Please recheck the objects properties to make sure the desired element is located. 

2019-03-07 13:09:37 - [MESSAGE][FAILED] - Unable to get text of object 'Object Repository/BigBasket/Basket_CheckingOut/Page_Best Online Grocery Store in I/Basket_CountNumberOfItemsinBasket' (Root cause: com.kms.katalon.core.webui.exception.WebElementNotFoundException: Web element with id: 'Object Repository/BigBasket/Basket_CheckingOut/Page_Best Online Grocery Store in I/Basket_CountNumberOfItemsinBasket' located by 'By.xpath: //span[@id='noItems']' not found)
[[ATTACHMENT|/Users/nivedita/git/KatalonFirstUIProject/Reports/BigBasket/20190307_130553/1551944377153.png]]

2019-03-07 13:09:37 - [TEST_STEP][FAILED] - count = Integer.parseInt(items.trim()): count = Integer.parseInt(items.trim()) FAILED.
Reason:
com.kms.katalon.core.exception.StepFailedException: Unable to click on object 'Object Repository/Page_Online Grocery Shopping and On/a_My Basket No Items' (Root cause: org.openqa.selenium.ElementNotVisibleException: element not interactable
  (Session info: chrome=72.0.3626.121)
  (Driver info: chromedriver=2.43.600229 (3fae4d0cda5334b4f533bede5a4787f7b832d052),platform=Mac OS X 10.13.6 x86_64) (WARNING: The server did not provide any stacktrace information)
Command duration or timeout: 0 milliseconds
Build info: version: '3.7.1', revision: '8a0099a', time: '2017-11-06T21:07:36.161Z'
System info: host: 'Niveditas-MacBook-Air.local', ip: 'fe80:0:0:0:848:c8e3:a957:2764%en0', os.name: 'Mac OS X', os.arch: 'x86_64', os.version: '10.13.6', java.version: '1.8.0_181'
Driver info: com.kms.katalon.selenium.driver.CChromeDriver
Capabilities {acceptInsecureCerts: false, acceptSslCerts: false, applicationCacheEnabled: false, browserConnectionEnabled: false, browserName: chrome, chrome: {chromedriverVersion: 2.43.600229 (3fae4d0cda5334..., userDataDir: /var/folders/1p/92gdr4951qs...}, cssSelectorsEnabled: true, databaseEnabled: false, goog:chromeOptions: {debuggerAddress: localhost:57177}, handlesAlerts: true, hasTouchScreen: false, javascriptEnabled: true, locationContextEnabled: true, mobileEmulationEnabled: false, nativeEvents: true, networkConnectionEnabled: false, pageLoadStrategy: normal, platform: MAC, platformName: MAC, rotatable: false, setWindowRect: true, takesHeapSnapshot: true, takesScreenshot: true, unexpectedAlertBehaviour: , unhandledPromptBehavior: , version: 72.0.3626.121, webStorageEnabled: true}
Session ID: 9854a9cfa56555c59eaa6e87b83640f9)
	at com.kms.katalon.core.keyword.internal.KeywordMain.stepFailed(KeywordMain.groovy:32)
	at com.kms.katalon.core.webui.keyword.internal.WebUIKeywordMain.stepFailed(WebUIKeywordMain.groovy:65)
	at com.kms.katalon.core.webui.keyword.internal.WebUIKeywordMain.runKeyword(WebUIKeywordMain.groovy:27)
	at com.kms.katalon.core.webui.keyword.builtin.ClickKeyword.click(ClickKeyword.groovy:86)
	at com.kms.katalon.core.webui.keyword.builtin.ClickKeyword.execute(ClickKeyword.groovy:67)
	at com.kms.katalon.core.keyword.internal.KeywordExecutor.executeKeywordForPlatform(KeywordExecutor.groovy:53)
	at com.kms.katalon.core.webui.keyword.WebUiBuiltInKeywords.click(WebUiBuiltInKeywords.groovy:616)
	at com.kms.katalon.core.webui.keyword.WebUiBuiltInKeywords$click$1.call(Unknown Source)
	at BasketToCheckout.run(BasketToCheckout:80)
	at com.kms.katalon.core.main.ScriptEngine.run(ScriptEngine.java:194)
	at com.kms.katalon.core.main.ScriptEngine.runScriptAsRawText(ScriptEngine.java:119)
	at com.kms.katalon.core.main.TestCaseExecutor.runScript(TestCaseExecutor.java:328)
	at com.kms.katalon.core.main.TestCaseExecutor.doExecute(TestCaseExecutor.java:319)
	at com.kms.katalon.core.main.TestCaseExecutor.processExecutionPhase(TestCaseExecutor.java:298)
	at com.kms.katalon.core.main.TestCaseExecutor.accessMainPhase(TestCaseExecutor.java:290)
	at com.kms.katalon.core.main.TestCaseExecutor.execute(TestCaseExecutor.java:224)
	at com.kms.katalon.core.main.TestSuiteExecutor.accessTestCaseMainPhase(TestSuiteExecutor.java:129)
	at com.kms.katalon.core.main.TestSuiteExecutor.accessTestSuiteMainPhase(TestSuiteExecutor.java:112)
	at com.kms.katalon.core.main.TestSuiteExecutor.execute(TestSuiteExecutor.java:81)
	at com.kms.katalon.core.main.TestCaseMain.startTestSuite(TestCaseMain.java:149)
	at com.kms.katalon.core.main.TestCaseMain$startTestSuite$0.call(Unknown Source)
	at TempTestSuite1551944183919.run(TempTestSuite1551944183919.groovy:36)


2019-03-07 13:09:37 - [MESSAGE][FAILED] - count = Integer.parseInt(items.trim()) FAILED.
Reason:
com.kms.katalon.core.exception.StepFailedException: Unable to click on object 'Object Repository/Page_Online Grocery Shopping and On/a_My Basket No Items' (Root cause: org.openqa.selenium.ElementNotVisibleException: element not interactable
  (Session info: chrome=72.0.3626.121)
  (Driver info: chromedriver=2.43.600229 (3fae4d0cda5334b4f533bede5a4787f7b832d052),platform=Mac OS X 10.13.6 x86_64) (WARNING: The server did not provide any stacktrace information)
Command duration or timeout: 0 milliseconds
Build info: version: '3.7.1', revision: '8a0099a', time: '2017-11-06T21:07:36.161Z'
System info: host: 'Niveditas-MacBook-Air.local', ip: 'fe80:0:0:0:848:c8e3:a957:2764%en0', os.name: 'Mac OS X', os.arch: 'x86_64', os.version: '10.13.6', java.version: '1.8.0_181'
Driver info: com.kms.katalon.selenium.driver.CChromeDriver
Capabilities {acceptInsecureCerts: false, acceptSslCerts: false, applicationCacheEnabled: false, browserConnectionEnabled: false, browserName: chrome, chrome: {chromedriverVersion: 2.43.600229 (3fae4d0cda5334..., userDataDir: /var/folders/1p/92gdr4951qs...}, cssSelectorsEnabled: true, databaseEnabled: false, goog:chromeOptions: {debuggerAddress: localhost:57177}, handlesAlerts: true, hasTouchScreen: false, javascriptEnabled: true, locationContextEnabled: true, mobileEmulationEnabled: false, nativeEvents: true, networkConnectionEnabled: false, pageLoadStrategy: normal, platform: MAC, platformName: MAC, rotatable: false, setWindowRect: true, takesHeapSnapshot: true, takesScreenshot: true, unexpectedAlertBehaviour: , unhandledPromptBehavior: , version: 72.0.3626.121, webStorageEnabled: true}
Session ID: 9854a9cfa56555c59eaa6e87b83640f9)
	at com.kms.katalon.core.keyword.internal.KeywordMain.stepFailed(KeywordMain.groovy:32)
	at com.kms.katalon.core.webui.keyword.internal.WebUIKeywordMain.stepFailed(WebUIKeywordMain.groovy:65)
	at com.kms.katalon.core.webui.keyword.internal.WebUIKeywordMain.runKeyword(WebUIKeywordMain.groovy:27)
	at com.kms.katalon.core.webui.keyword.builtin.ClickKeyword.click(ClickKeyword.groovy:86)
	at com.kms.katalon.core.webui.keyword.builtin.ClickKeyword.execute(ClickKeyword.groovy:67)
	at com.kms.katalon.core.keyword.internal.KeywordExecutor.executeKeywordForPlatform(KeywordExecutor.groovy:53)
	at com.kms.katalon.core.webui.keyword.WebUiBuiltInKeywords.click(WebUiBuiltInKeywords.groovy:616)
	at com.kms.katalon.core.webui.keyword.WebUiBuiltInKeywords$click$1.call(Unknown Source)
	at BasketToCheckout.run(BasketToCheckout:80)
	at com.kms.katalon.core.main.ScriptEngine.run(ScriptEngine.java:194)
	at com.kms.katalon.core.main.ScriptEngine.runScriptAsRawText(ScriptEngine.java:119)
	at com.kms.katalon.core.main.TestCaseExecutor.runScript(TestCaseExecutor.java:328)
	at com.kms.katalon.core.main.TestCaseExecutor.doExecute(TestCaseExecutor.java:319)
	at com.kms.katalon.core.main.TestCaseExecutor.processExecutionPhase(TestCaseExecutor.java:298)
	at com.kms.katalon.core.main.TestCaseExecutor.accessMainPhase(TestCaseExecutor.java:290)
	at com.kms.katalon.core.main.TestCaseExecutor.execute(TestCaseExecutor.java:224)
	at com.kms.katalon.core.main.TestSuiteExecutor.accessTestCaseMainPhase(TestSuiteExecutor.java:129)
	at com.kms.katalon.core.main.TestSuiteExecutor.accessTestSuiteMainPhase(TestSuiteExecutor.java:112)
	at com.kms.katalon.core.main.TestSuiteExecutor.execute(TestSuiteExecutor.java:81)
	at com.kms.katalon.core.main.TestCaseMain.startTestSuite(TestCaseMain.java:149)
	at com.kms.katalon.core.main.TestCaseMain$startTestSuite$0.call(Unknown Source)
	at TempTestSuite1551944183919.run(TempTestSuite1551944183919.groovy:36)


2019-03-07 13:09:37 - [TEST_STEP][PASSED] - Start listener action : sampleAfterTestCase: null

2019-03-07 13:09:37 - [TEST_STEP][PASSED] - println(testCaseContext.getTestCaseId()): null

2019-03-07 13:09:37 - [TEST_STEP][PASSED] - println(testCaseContext.getTestCaseStatus()): null]]></system-out>
         <system-err><![CDATA[2019-03-07 13:07:54 - [TEST_CASE][FAILED] - Test Cases/BigBasket/BasketToCheckout: Test Cases/BigBasket/BasketToCheckout FAILED.
Reason:
com.kms.katalon.core.exception.StepFailedException: Unable to click on object 'Object Repository/Page_Online Grocery Shopping and On/a_My Basket No Items' (Root cause: org.openqa.selenium.ElementNotVisibleException: element not interactable
  (Session info: chrome=72.0.3626.121)
  (Driver info: chromedriver=2.43.600229 (3fae4d0cda5334b4f533bede5a4787f7b832d052),platform=Mac OS X 10.13.6 x86_64) (WARNING: The server did not provide any stacktrace information)
Command duration or timeout: 0 milliseconds
Build info: version: '3.7.1', revision: '8a0099a', time: '2017-11-06T21:07:36.161Z'
System info: host: 'Niveditas-MacBook-Air.local', ip: 'fe80:0:0:0:848:c8e3:a957:2764%en0', os.name: 'Mac OS X', os.arch: 'x86_64', os.version: '10.13.6', java.version: '1.8.0_181'
Driver info: com.kms.katalon.selenium.driver.CChromeDriver
Capabilities {acceptInsecureCerts: false, acceptSslCerts: false, applicationCacheEnabled: false, browserConnectionEnabled: false, browserName: chrome, chrome: {chromedriverVersion: 2.43.600229 (3fae4d0cda5334..., userDataDir: /var/folders/1p/92gdr4951qs...}, cssSelectorsEnabled: true, databaseEnabled: false, goog:chromeOptions: {debuggerAddress: localhost:57177}, handlesAlerts: true, hasTouchScreen: false, javascriptEnabled: true, locationContextEnabled: true, mobileEmulationEnabled: false, nativeEvents: true, networkConnectionEnabled: false, pageLoadStrategy: normal, platform: MAC, platformName: MAC, rotatable: false, setWindowRect: true, takesHeapSnapshot: true, takesScreenshot: true, unexpectedAlertBehaviour: , unhandledPromptBehavior: , version: 72.0.3626.121, webStorageEnabled: true}
Session ID: 9854a9cfa56555c59eaa6e87b83640f9)
	at com.kms.katalon.core.keyword.internal.KeywordMain.stepFailed(KeywordMain.groovy:32)
	at com.kms.katalon.core.webui.keyword.internal.WebUIKeywordMain.stepFailed(WebUIKeywordMain.groovy:65)
	at com.kms.katalon.core.webui.keyword.internal.WebUIKeywordMain.runKeyword(WebUIKeywordMain.groovy:27)
	at com.kms.katalon.core.webui.keyword.builtin.ClickKeyword.click(ClickKeyword.groovy:86)
	at com.kms.katalon.core.webui.keyword.builtin.ClickKeyword.execute(ClickKeyword.groovy:67)
	at com.kms.katalon.core.keyword.internal.KeywordExecutor.executeKeywordForPlatform(KeywordExecutor.groovy:53)
	at com.kms.katalon.core.webui.keyword.WebUiBuiltInKeywords.click(WebUiBuiltInKeywords.groovy:616)
	at com.kms.katalon.core.webui.keyword.WebUiBuiltInKeywords$click$1.call(Unknown Source)
	at BasketToCheckout.run(BasketToCheckout:80)
	at com.kms.katalon.core.main.ScriptEngine.run(ScriptEngine.java:194)
	at com.kms.katalon.core.main.ScriptEngine.runScriptAsRawText(ScriptEngine.java:119)
	at com.kms.katalon.core.main.TestCaseExecutor.runScript(TestCaseExecutor.java:328)
	at com.kms.katalon.core.main.TestCaseExecutor.doExecute(TestCaseExecutor.java:319)
	at com.kms.katalon.core.main.TestCaseExecutor.processExecutionPhase(TestCaseExecutor.java:298)
	at com.kms.katalon.core.main.TestCaseExecutor.accessMainPhase(TestCaseExecutor.java:290)
	at com.kms.katalon.core.main.TestCaseExecutor.execute(TestCaseExecutor.java:224)
	at com.kms.katalon.core.main.TestSuiteExecutor.accessTestCaseMainPhase(TestSuiteExecutor.java:129)
	at com.kms.katalon.core.main.TestSuiteExecutor.accessTestSuiteMainPhase(TestSuiteExecutor.java:112)
	at com.kms.katalon.core.main.TestSuiteExecutor.execute(TestSuiteExecutor.java:81)
	at com.kms.katalon.core.main.TestCaseMain.startTestSuite(TestCaseMain.java:149)
	at com.kms.katalon.core.main.TestCaseMain$startTestSuite$0.call(Unknown Source)
	at TempTestSuite1551944183919.run(TempTestSuite1551944183919.groovy:36)]]></system-err>
      </testcase>
      <testcase name="Test Cases/BigBasket/CheckOut" classname="Test Cases/BigBasket/CheckOut" status="FAILED">
         <failure type="FAILED" message="Test Cases/BigBasket/CheckOut FAILED.
Reason:
Assertion failed: 

assert GlobalVariable.TotalPayableAmount == CalculatedTotalPayableAmount
                      |                  |  |
                      459                |  489
                                         false

	at CheckOut.run(CheckOut:154)
	at com.kms.katalon.core.main.ScriptEngine.run(ScriptEngine.java:194)
	at com.kms.katalon.core.main.ScriptEngine.runScriptAsRawText(ScriptEngine.java:119)
	at com.kms.katalon.core.main.TestCaseExecutor.runScript(TestCaseExecutor.java:328)
	at com.kms.katalon.core.main.TestCaseExecutor.doExecute(TestCaseExecutor.java:319)
	at com.kms.katalon.core.main.TestCaseExecutor.processExecutionPhase(TestCaseExecutor.java:298)
	at com.kms.katalon.core.main.TestCaseExecutor.accessMainPhase(TestCaseExecutor.java:290)
	at com.kms.katalon.core.main.TestCaseExecutor.execute(TestCaseExecutor.java:224)
	at com.kms.katalon.core.main.TestSuiteExecutor.accessTestCaseMainPhase(TestSuiteExecutor.java:129)
	at com.kms.katalon.core.main.TestSuiteExecutor.accessTestSuiteMainPhase(TestSuiteExecutor.java:112)
	at com.kms.katalon.core.main.TestSuiteExecutor.execute(TestSuiteExecutor.java:81)
	at com.kms.katalon.core.main.TestCaseMain.startTestSuite(TestCaseMain.java:149)
	at com.kms.katalon.core.main.TestCaseMain$startTestSuite$0.call(Unknown Source)
	at TempTestSuite1551944183919.run(TempTestSuite1551944183919.groovy:36)
"/>
         <system-out><![CDATA[2019-03-07 13:09:37 - [TEST_CASE][FAILED] - Test Cases/BigBasket/CheckOut: Test Cases/BigBasket/CheckOut FAILED.
Reason:
Assertion failed: 

assert GlobalVariable.TotalPayableAmount == CalculatedTotalPayableAmount
                      |                  |  |
                      459                |  489
                                         false

	at CheckOut.run(CheckOut:154)
	at com.kms.katalon.core.main.ScriptEngine.run(ScriptEngine.java:194)
	at com.kms.katalon.core.main.ScriptEngine.runScriptAsRawText(ScriptEngine.java:119)
	at com.kms.katalon.core.main.TestCaseExecutor.runScript(TestCaseExecutor.java:328)
	at com.kms.katalon.core.main.TestCaseExecutor.doExecute(TestCaseExecutor.java:319)
	at com.kms.katalon.core.main.TestCaseExecutor.processExecutionPhase(TestCaseExecutor.java:298)
	at com.kms.katalon.core.main.TestCaseExecutor.accessMainPhase(TestCaseExecutor.java:290)
	at com.kms.katalon.core.main.TestCaseExecutor.execute(TestCaseExecutor.java:224)
	at com.kms.katalon.core.main.TestSuiteExecutor.accessTestCaseMainPhase(TestSuiteExecutor.java:129)
	at com.kms.katalon.core.main.TestSuiteExecutor.accessTestSuiteMainPhase(TestSuiteExecutor.java:112)
	at com.kms.katalon.core.main.TestSuiteExecutor.execute(TestSuiteExecutor.java:81)
	at com.kms.katalon.core.main.TestCaseMain.startTestSuite(TestCaseMain.java:149)
	at com.kms.katalon.core.main.TestCaseMain$startTestSuite$0.call(Unknown Source)
	at TempTestSuite1551944183919.run(TempTestSuite1551944183919.groovy:36)


2019-03-07 13:09:37 - [TEST_STEP][PASSED] - Start listener action : sampleBeforeTestCase: null

2019-03-07 13:09:37 - [TEST_STEP][PASSED] - println(testCaseContext.getTestCaseId()): null

2019-03-07 13:09:37 - [TEST_STEP][PASSED] - println(testCaseContext.getTestCaseVariables()): null

2019-03-07 13:09:37 - [TEST_STEP][PASSED] - println(" This is before test"): null

2019-03-07 13:09:38 - [TEST_STEP][PASSED] - openBrowser(""): Browser is opened with url: ''

2019-03-07 13:09:38 - [MESSAGE][WARNING] - A browser is already opened. Closing browser and opening a new one

2019-03-07 13:09:38 - [MESSAGE][INFO] - Starting 'Chrome' driver

2019-03-07 13:09:40 - [MESSAGE][PASSED] - Browser is opened with url: ''

2019-03-07 13:09:40 - [TEST_STEP][PASSED] - navigateToUrl("https://www.bigbasket.com/"): Navigate to 'https://www.bigbasket.com/' successfully

2019-03-07 13:09:47 - [MESSAGE][PASSED] - Navigate to 'https://www.bigbasket.com/' successfully

2019-03-07 13:09:47 - [TEST_STEP][PASSED] - click(findTestObject("Object Repository/Page_Online Grocery Shopping and On/a_Login")): Object: 'Object Repository/Page_Online Grocery Shopping and On/a_Login' is clicked on

2019-03-07 13:09:47 - [MESSAGE][PASSED] - Object: 'Object Repository/Page_Online Grocery Shopping and On/a_Login' is clicked on

2019-03-07 13:09:47 - [TEST_STEP][PASSED] - setText(findTestObject("Object Repository/Page_Online Grocery Shopping and On/input_OR_email"), "nivedita.hbti@gmail.com"): Text 'nivedita.hbti@gmail.com' is set on object 'Object Repository/Page_Online Grocery Shopping and On/input_OR_email'

2019-03-07 13:09:48 - [MESSAGE][PASSED] - Text 'nivedita.hbti@gmail.com' is set on object 'Object Repository/Page_Online Grocery Shopping and On/input_OR_email'

2019-03-07 13:09:48 - [TEST_STEP][PASSED] - setEncryptedText(findTestObject("Object Repository/Page_Online Grocery Shopping and On/input_Please enter valid email"), "LqVTzjb8H0GS29zWb5N07g=="): Text ****** has been set on object 'Object Repository/Page_Online Grocery Shopping and On/input_Please enter valid email'

2019-03-07 13:09:49 - [MESSAGE][PASSED] - Text ****** has been set on object 'Object Repository/Page_Online Grocery Shopping and On/input_Please enter valid email'

2019-03-07 13:09:49 - [TEST_STEP][PASSED] - click(findTestObject("Object Repository/Page_Online Grocery Shopping and On/button_LOGIN")): Object: 'Object Repository/Page_Online Grocery Shopping and On/button_LOGIN' is clicked on

2019-03-07 13:09:49 - [MESSAGE][PASSED] - Object: 'Object Repository/Page_Online Grocery Shopping and On/button_LOGIN' is clicked on

2019-03-07 13:09:49 - [TEST_STEP][PASSED] - waitForElementClickable(findTestObject("Object Repository/Page_Online Grocery Shopping and On/span_UserAccount"), 15): Object 'Object Repository/Page_Online Grocery Shopping and On/span_UserAccount' is clickable

2019-03-07 13:09:59 - [MESSAGE][PASSED] - Object 'Object Repository/Page_Online Grocery Shopping and On/span_UserAccount' is clickable

2019-03-07 13:09:59 - [TEST_STEP][PASSED] - setText(findTestObject("Object Repository/Page_Online Grocery Shopping and On/input_Shop for Rs.or moreand g"), "Daal"): Text 'Daal' is set on object 'Object Repository/Page_Online Grocery Shopping and On/input_Shop for Rs.or moreand g'

2019-03-07 13:10:00 - [MESSAGE][PASSED] - Text 'Daal' is set on object 'Object Repository/Page_Online Grocery Shopping and On/input_Shop for Rs.or moreand g'

2019-03-07 13:10:00 - [TEST_STEP][PASSED] - Thread.sleep(1000): null

2019-03-07 13:10:01 - [TEST_STEP][PASSED] - waitForPageLoad(15): Wait for page load successfully

2019-03-07 13:10:01 - [MESSAGE][PASSED] - Wait for page load successfully

2019-03-07 13:10:01 - [TEST_STEP][PASSED] - click(findTestObject("Object Repository/Page_Online Grocery Shopping and On/SearchIcon")): Object: 'Object Repository/Page_Online Grocery Shopping and On/SearchIcon' is clicked on

2019-03-07 13:10:09 - [MESSAGE][PASSED] - Object: 'Object Repository/Page_Online Grocery Shopping and On/SearchIcon' is clicked on

2019-03-07 13:10:09 - [TEST_STEP][PASSED] - waitForPageLoad(10): Wait for page load successfully

2019-03-07 13:10:09 - [MESSAGE][PASSED] - Wait for page load successfully

2019-03-07 13:10:09 - [TEST_STEP][PASSED] - scrollToElement(findTestObject("Object Repository/Page_Best Online Grocery Store in I/btn_ADD_item"), 10): Scroll to object 'Object Repository/Page_Best Online Grocery Store in I/btn_ADD_item' successfully

2019-03-07 13:10:09 - [MESSAGE][PASSED] - Scroll to object 'Object Repository/Page_Best Online Grocery Store in I/btn_ADD_item' successfully

2019-03-07 13:10:09 - [TEST_STEP][PASSED] - ele = findWebElements(findTestObject("Object Repository/BigBasket/Basket/ADD button"), 15).get(1): null

2019-03-07 13:10:09 - [TEST_STEP][PASSED] - println("ele............." + ele): null

2019-03-07 13:10:09 - [TEST_STEP][PASSED] - driver = getWebDriver(): null

2019-03-07 13:10:09 - [TEST_STEP][PASSED] - jse = driver: null

2019-03-07 13:10:09 - [TEST_STEP][PASSED] - jse.executeScript("arguments[0].click()", ele): null

2019-03-07 13:10:09 - [TEST_STEP][PASSED] - Thread.sleep(3000): null

2019-03-07 13:10:12 - [TEST_STEP][PASSED] - bigBasketLogo = driver.findElement(By.xpath("//div[@id='st-trigger-effects']/a[@title='Bigbasket']")): null

2019-03-07 13:10:12 - [TEST_STEP][PASSED] - jse.executeScript("arguments[0].click()", bigBasketLogo): null

2019-03-07 13:10:16 - [TEST_STEP][PASSED] - waitForPageLoad(15): Wait for page load successfully

2019-03-07 13:10:16 - [MESSAGE][PASSED] - Wait for page load successfully

2019-03-07 13:10:16 - [TEST_STEP][PASSED] - click(findTestObject("Object Repository/Page_Online Grocery Shopping and On/span_UserAccount")): Object: 'Object Repository/Page_Online Grocery Shopping and On/span_UserAccount' is clicked on

2019-03-07 13:10:17 - [MESSAGE][PASSED] - Object: 'Object Repository/Page_Online Grocery Shopping and On/span_UserAccount' is clicked on

2019-03-07 13:10:17 - [TEST_STEP][PASSED] - click(findTestObject("Object Repository/Page_Online Grocery Shopping and On/a_My Basket No Items")): Object: 'Object Repository/Page_Online Grocery Shopping and On/a_My Basket No Items' is clicked on

2019-03-07 13:10:27 - [MESSAGE][PASSED] - Object: 'Object Repository/Page_Online Grocery Shopping and On/a_My Basket No Items' is clicked on

2019-03-07 13:10:27 - [TEST_STEP][PASSED] - waitForPageLoad(15): Wait for page load successfully

2019-03-07 13:10:27 - [MESSAGE][PASSED] - Wait for page load successfully

2019-03-07 13:10:27 - [TEST_STEP][PASSED] - scrollToElement(findTestObject("BigBasket/Basket/CHECKOUT"), 15): Scroll to object 'Object Repository/BigBasket/Basket/CHECKOUT' successfully

2019-03-07 13:10:27 - [MESSAGE][PASSED] - Scroll to object 'Object Repository/BigBasket/Basket/CHECKOUT' successfully

2019-03-07 13:10:27 - [TEST_STEP][PASSED] - findWebElement(findTestObject("BigBasket/Basket/CHECKOUT"), 15).click(): null

2019-03-07 13:10:28 - [TEST_STEP][PASSED] - waitForPageLoad(15): Wait for page load successfully

2019-03-07 13:10:28 - [MESSAGE][PASSED] - Wait for page load successfully

2019-03-07 13:10:28 - [TEST_STEP][PASSED] - verifyElementPresent(findTestObject("BigBasket/Checkout/Checkout_DeliveryAddressIcon"), 15): Object 'Object Repository/BigBasket/Checkout/Checkout_DeliveryAddressIcon' is present

2019-03-07 13:10:30 - [MESSAGE][PASSED] - Object 'Object Repository/BigBasket/Checkout/Checkout_DeliveryAddressIcon' is present

2019-03-07 13:10:30 - [TEST_STEP][PASSED] - verifyElementPresent(findTestObject("Object Repository/BigBasket/Checkout/Checkout_DeliveryAddressHeading"), 15): Object 'Object Repository/BigBasket/Checkout/Checkout_DeliveryAddressHeading' is present

2019-03-07 13:10:30 - [MESSAGE][PASSED] - Object 'Object Repository/BigBasket/Checkout/Checkout_DeliveryAddressHeading' is present

2019-03-07 13:10:30 - [TEST_STEP][PASSED] - verifyElementPresent(findTestObject("Object Repository/BigBasket/Checkout/Checkout_DeliveryAddress"), 15): Object 'Object Repository/BigBasket/Checkout/Checkout_DeliveryAddress' is present

2019-03-07 13:10:30 - [MESSAGE][PASSED] - Object 'Object Repository/BigBasket/Checkout/Checkout_DeliveryAddress' is present

2019-03-07 13:10:30 - [TEST_STEP][PASSED] - verifyElementPresent(findTestObject("Object Repository/BigBasket/Checkout/Checkout_Button_Change"), 15): Object 'Object Repository/BigBasket/Checkout/Checkout_Button_Change' is present

2019-03-07 13:10:30 - [MESSAGE][PASSED] - Object 'Object Repository/BigBasket/Checkout/Checkout_Button_Change' is present

2019-03-07 13:10:30 - [TEST_STEP][PASSED] - verifyElementPresent(findTestObject("Object Repository/BigBasket/Checkout/Checkout_DeliveryOptionsHeading"), 15): Object 'Object Repository/BigBasket/Checkout/Checkout_DeliveryOptionsHeading' is present

2019-03-07 13:10:30 - [MESSAGE][PASSED] - Object 'Object Repository/BigBasket/Checkout/Checkout_DeliveryOptionsHeading' is present

2019-03-07 13:10:30 - [TEST_STEP][PASSED] - verifyElementPresent(findTestObject("Object Repository/BigBasket/Checkout/Checkout_DefaultDeliveryOptionHeading"), 15): Object 'Object Repository/BigBasket/Checkout/Checkout_DefaultDeliveryOptionHeading' is present

2019-03-07 13:10:32 - [MESSAGE][PASSED] - Object 'Object Repository/BigBasket/Checkout/Checkout_DefaultDeliveryOptionHeading' is present

2019-03-07 13:10:32 - [TEST_STEP][PASSED] - verifyElementPresent(findTestObject("BigBasket/Checkout/Checkout_ShipmentDeliveryCharge"), 15): Object 'Object Repository/BigBasket/Checkout/Checkout_ShipmentDeliveryCharge' is present

2019-03-07 13:10:32 - [MESSAGE][PASSED] - Object 'Object Repository/BigBasket/Checkout/Checkout_ShipmentDeliveryCharge' is present

2019-03-07 13:10:32 - [TEST_STEP][PASSED] - BasketValue = Integer.parseInt(getText(findTestObject("Object Repository/BigBasket/Checkout/Checkout_BasketValue"))): Text of object 'Object Repository/BigBasket/Checkout/Checkout_BasketValue' is: '458'

2019-03-07 13:10:32 - [MESSAGE][PASSED] - Text of object 'Object Repository/BigBasket/Checkout/Checkout_BasketValue' is: '458'

2019-03-07 13:10:32 - [TEST_STEP][PASSED] - println("BasketValue ... " + BasketValue): null

2019-03-07 13:10:32 - [TEST_STEP][PASSED] - if (BasketValue < 1000): Object 'Object Repository/BigBasket/Checkout/Checkout_DefaultDeliveryChargeRs30' is present

2019-03-07 13:10:32 - [TEST_STEP][PASSED] - verifyElementPresent(findTestObject("Object Repository/BigBasket/Checkout/Checkout_DefaultDeliveryChargeRs30"), 15): Object 'Object Repository/BigBasket/Checkout/Checkout_DefaultDeliveryChargeRs30' is present

2019-03-07 13:10:32 - [MESSAGE][PASSED] - Object 'Object Repository/BigBasket/Checkout/Checkout_DefaultDeliveryChargeRs30' is present

2019-03-07 13:10:32 - [TEST_STEP][PASSED] - waitForPageLoad(15): Wait for page load successfully

2019-03-07 13:10:32 - [MESSAGE][PASSED] - Wait for page load successfully

2019-03-07 13:10:32 - [TEST_STEP][PASSED] - click(findTestObject("BigBasket/Checkout/Checkout_DefaultDeliverySlotDropDown")): Object: 'Object Repository/BigBasket/Checkout/Checkout_DefaultDeliverySlotDropDown' is clicked on

2019-03-07 13:10:32 - [MESSAGE][PASSED] - Object: 'Object Repository/BigBasket/Checkout/Checkout_DefaultDeliverySlotDropDown' is clicked on

2019-03-07 13:10:32 - [TEST_STEP][PASSED] - Thread.sleep(2000): null

2019-03-07 13:10:34 - [TEST_STEP][PASSED] - selectAnotherSlot = findWebElements(findTestObject("Object Repository/BigBasket/Checkout/Checkout_DefaultDeliverySelectAnotherSlot"), 15).get(1): null

2019-03-07 13:10:34 - [TEST_STEP][PASSED] - selectAnotherSlot.click(): null

2019-03-07 13:10:35 - [TEST_STEP][PASSED] - Thread.sleep(1000): null

2019-03-07 13:10:36 - [TEST_STEP][PASSED] - DeliveryCharges = getText(findTestObject("Object Repository/BigBasket/Checkout/Checkout_OrderSummary_DeliveryCharge")): Text of object 'Object Repository/BigBasket/Checkout/Checkout_OrderSummary_DeliveryCharge' is: 'Rs 30'

2019-03-07 13:10:36 - [MESSAGE][PASSED] - Text of object 'Object Repository/BigBasket/Checkout/Checkout_OrderSummary_DeliveryCharge' is: 'Rs 30'

2019-03-07 13:10:36 - [TEST_STEP][PASSED] - DeliveryChargesApplied = 0: null

2019-03-07 13:10:36 - [TEST_STEP][PASSED] - if (BasketValue >= 1000): null

2019-03-07 13:10:36 - [TEST_STEP][PASSED] - else: null

2019-03-07 13:10:36 - [TEST_STEP][PASSED] - DeliveryChargesApplied = Integer.parseInt(replace("Rs ", "").trim()): null

2019-03-07 13:10:36 - [TEST_STEP][PASSED] - println("DeliveryChargesApplied... " + DeliveryChargesApplied): null

2019-03-07 13:10:36 - [TEST_STEP][PASSED] - SettleBBBalance = Integer.parseInt(replace("Rs ", "").trim()): Text of object 'Object Repository/BigBasket/Checkout/Checkout_OrderSummary_SettleBigBasketBalance' is: 'Rs 1'

2019-03-07 13:10:36 - [MESSAGE][PASSED] - Text of object 'Object Repository/BigBasket/Checkout/Checkout_OrderSummary_SettleBigBasketBalance' is: 'Rs 1'

2019-03-07 13:10:36 - [TEST_STEP][PASSED] - println("SettleBBBalance.... " + SettleBBBalance): null

2019-03-07 13:10:36 - [TEST_STEP][PASSED] - CalculatedTotalPayableAmount = BasketValue + DeliveryChargesApplied + SettleBBBalance: null

2019-03-07 13:10:36 - [TEST_STEP][PASSED] - TotalPayableAmount = Integer.parseInt(getText(findTestObject("Object Repository/BigBasket/Checkout/Checkout_OrderSummary_TotalAmountPayable"))): Text of object 'Object Repository/BigBasket/Checkout/Checkout_OrderSummary_TotalAmountPayable' is: '459'

2019-03-07 13:10:36 - [MESSAGE][PASSED] - Text of object 'Object Repository/BigBasket/Checkout/Checkout_OrderSummary_TotalAmountPayable' is: '459'

2019-03-07 13:10:36 - [TEST_STEP][PASSED] - println("GlobalVariable.TotalPayableAmount" + TotalPayableAmount): null

2019-03-07 13:10:36 - [TEST_STEP][FAILED] - assert TotalPayableAmount == CalculatedTotalPayableAmount: assert TotalPayableAmount == CalculatedTotalPayableAmount FAILED.
Reason:
Assertion failed: 

assert GlobalVariable.TotalPayableAmount == CalculatedTotalPayableAmount
                      |                  |  |
                      459                |  489
                                         false

	at CheckOut.run(CheckOut:154)
	at com.kms.katalon.core.main.ScriptEngine.run(ScriptEngine.java:194)
	at com.kms.katalon.core.main.ScriptEngine.runScriptAsRawText(ScriptEngine.java:119)
	at com.kms.katalon.core.main.TestCaseExecutor.runScript(TestCaseExecutor.java:328)
	at com.kms.katalon.core.main.TestCaseExecutor.doExecute(TestCaseExecutor.java:319)
	at com.kms.katalon.core.main.TestCaseExecutor.processExecutionPhase(TestCaseExecutor.java:298)
	at com.kms.katalon.core.main.TestCaseExecutor.accessMainPhase(TestCaseExecutor.java:290)
	at com.kms.katalon.core.main.TestCaseExecutor.execute(TestCaseExecutor.java:224)
	at com.kms.katalon.core.main.TestSuiteExecutor.accessTestCaseMainPhase(TestSuiteExecutor.java:129)
	at com.kms.katalon.core.main.TestSuiteExecutor.accessTestSuiteMainPhase(TestSuiteExecutor.java:112)
	at com.kms.katalon.core.main.TestSuiteExecutor.execute(TestSuiteExecutor.java:81)
	at com.kms.katalon.core.main.TestCaseMain.startTestSuite(TestCaseMain.java:149)
	at com.kms.katalon.core.main.TestCaseMain$startTestSuite$0.call(Unknown Source)
	at TempTestSuite1551944183919.run(TempTestSuite1551944183919.groovy:36)


2019-03-07 13:10:36 - [MESSAGE][FAILED] - assert TotalPayableAmount == CalculatedTotalPayableAmount FAILED.
Reason:
Assertion failed: 

assert GlobalVariable.TotalPayableAmount == CalculatedTotalPayableAmount
                      |                  |  |
                      459                |  489
                                         false

	at CheckOut.run(CheckOut:154)
	at com.kms.katalon.core.main.ScriptEngine.run(ScriptEngine.java:194)
	at com.kms.katalon.core.main.ScriptEngine.runScriptAsRawText(ScriptEngine.java:119)
	at com.kms.katalon.core.main.TestCaseExecutor.runScript(TestCaseExecutor.java:328)
	at com.kms.katalon.core.main.TestCaseExecutor.doExecute(TestCaseExecutor.java:319)
	at com.kms.katalon.core.main.TestCaseExecutor.processExecutionPhase(TestCaseExecutor.java:298)
	at com.kms.katalon.core.main.TestCaseExecutor.accessMainPhase(TestCaseExecutor.java:290)
	at com.kms.katalon.core.main.TestCaseExecutor.execute(TestCaseExecutor.java:224)
	at com.kms.katalon.core.main.TestSuiteExecutor.accessTestCaseMainPhase(TestSuiteExecutor.java:129)
	at com.kms.katalon.core.main.TestSuiteExecutor.accessTestSuiteMainPhase(TestSuiteExecutor.java:112)
	at com.kms.katalon.core.main.TestSuiteExecutor.execute(TestSuiteExecutor.java:81)
	at com.kms.katalon.core.main.TestCaseMain.startTestSuite(TestCaseMain.java:149)
	at com.kms.katalon.core.main.TestCaseMain$startTestSuite$0.call(Unknown Source)
	at TempTestSuite1551944183919.run(TempTestSuite1551944183919.groovy:36)


2019-03-07 13:10:36 - [TEST_STEP][PASSED] - Start listener action : sampleAfterTestCase: null

2019-03-07 13:10:36 - [TEST_STEP][PASSED] - println(testCaseContext.getTestCaseId()): null

2019-03-07 13:10:36 - [TEST_STEP][PASSED] - println(testCaseContext.getTestCaseStatus()): null]]></system-out>
         <system-err><![CDATA[2019-03-07 13:09:37 - [TEST_CASE][FAILED] - Test Cases/BigBasket/CheckOut: Test Cases/BigBasket/CheckOut FAILED.
Reason:
Assertion failed: 

assert GlobalVariable.TotalPayableAmount == CalculatedTotalPayableAmount
                      |                  |  |
                      459                |  489
                                         false

	at CheckOut.run(CheckOut:154)
	at com.kms.katalon.core.main.ScriptEngine.run(ScriptEngine.java:194)
	at com.kms.katalon.core.main.ScriptEngine.runScriptAsRawText(ScriptEngine.java:119)
	at com.kms.katalon.core.main.TestCaseExecutor.runScript(TestCaseExecutor.java:328)
	at com.kms.katalon.core.main.TestCaseExecutor.doExecute(TestCaseExecutor.java:319)
	at com.kms.katalon.core.main.TestCaseExecutor.processExecutionPhase(TestCaseExecutor.java:298)
	at com.kms.katalon.core.main.TestCaseExecutor.accessMainPhase(TestCaseExecutor.java:290)
	at com.kms.katalon.core.main.TestCaseExecutor.execute(TestCaseExecutor.java:224)
	at com.kms.katalon.core.main.TestSuiteExecutor.accessTestCaseMainPhase(TestSuiteExecutor.java:129)
	at com.kms.katalon.core.main.TestSuiteExecutor.accessTestSuiteMainPhase(TestSuiteExecutor.java:112)
	at com.kms.katalon.core.main.TestSuiteExecutor.execute(TestSuiteExecutor.java:81)
	at com.kms.katalon.core.main.TestCaseMain.startTestSuite(TestCaseMain.java:149)
	at com.kms.katalon.core.main.TestCaseMain$startTestSuite$0.call(Unknown Source)
	at TempTestSuite1551944183919.run(TempTestSuite1551944183919.groovy:36)]]></system-err>
      </testcase>
      <testcase name="Test Cases/BigBasket/Order Summary/OrderSummary" classname="Test Cases/BigBasket/Order Summary/OrderSummary" status="ERROR">
         <error type="ERROR" message="Test Cases/BigBasket/Order Summary/OrderSummary FAILED.
Reason:
org.openqa.selenium.NoSuchElementException: no such element: Unable to locate element: {&quot;method&quot;:&quot;xpath&quot;,&quot;selector&quot;:&quot;//div[contains(.,'Order ID: ')]/a[contains(@href,'260219')]&quot;}
  (Session info: chrome=72.0.3626.121)
  (Driver info: chromedriver=2.43.600229 (3fae4d0cda5334b4f533bede5a4787f7b832d052),platform=Mac OS X 10.13.6 x86_64) (WARNING: The server did not provide any stacktrace information)
Command duration or timeout: 0 milliseconds
For documentation on this error, please visit: http://seleniumhq.org/exceptions/no_such_element.html
Build info: version: '3.7.1', revision: '8a0099a', time: '2017-11-06T21:07:36.161Z'
System info: host: 'Niveditas-MacBook-Air.local', ip: 'fe80:0:0:0:848:c8e3:a957:2764%en0', os.name: 'Mac OS X', os.arch: 'x86_64', os.version: '10.13.6', java.version: '1.8.0_181'
Driver info: com.kms.katalon.selenium.driver.CChromeDriver
Capabilities {acceptInsecureCerts: false, acceptSslCerts: false, applicationCacheEnabled: false, browserConnectionEnabled: false, browserName: chrome, chrome: {chromedriverVersion: 2.43.600229 (3fae4d0cda5334..., userDataDir: /var/folders/1p/92gdr4951qs...}, cssSelectorsEnabled: true, databaseEnabled: false, goog:chromeOptions: {debuggerAddress: localhost:58039}, handlesAlerts: true, hasTouchScreen: false, javascriptEnabled: true, locationContextEnabled: true, mobileEmulationEnabled: false, nativeEvents: true, networkConnectionEnabled: false, pageLoadStrategy: normal, platform: MAC, platformName: MAC, rotatable: false, setWindowRect: true, takesHeapSnapshot: true, takesScreenshot: true, unexpectedAlertBehaviour: , unhandledPromptBehavior: , version: 72.0.3626.121, webStorageEnabled: true}
Session ID: 49747c98c31b393914a908026ee8696f
*** Element info: {Using=xpath, value=//div[contains(.,'Order ID: ')]/a[contains(@href,'260219')]}
	at org.openqa.selenium.remote.ErrorHandler.createThrowable(ErrorHandler.java:214)
	at org.openqa.selenium.remote.ErrorHandler.throwIfResponseFailed(ErrorHandler.java:166)
	at org.openqa.selenium.remote.http.JsonHttpResponseCodec.reconstructValue(JsonHttpResponseCodec.java:40)
	at org.openqa.selenium.remote.http.AbstractHttpResponseCodec.decode(AbstractHttpResponseCodec.java:80)
	at org.openqa.selenium.remote.http.AbstractHttpResponseCodec.decode(AbstractHttpResponseCodec.java:44)
	at org.openqa.selenium.remote.HttpCommandExecutor.execute(HttpCommandExecutor.java:164)
	at org.openqa.selenium.remote.service.DriverCommandExecutor.execute(DriverCommandExecutor.java:83)
	at org.openqa.selenium.remote.RemoteWebDriver.execute(RemoteWebDriver.java:600)
	at com.kms.katalon.selenium.driver.CChromeDriver.execute(CChromeDriver.java:20)
	at org.openqa.selenium.remote.RemoteWebDriver.findElement(RemoteWebDriver.java:370)
	at org.openqa.selenium.remote.RemoteWebDriver.findElementByXPath(RemoteWebDriver.java:472)
	at org.openqa.selenium.By$ByXPath.findElement(By.java:361)
	at org.openqa.selenium.remote.RemoteWebDriver.findElement(RemoteWebDriver.java:362)
	at org.openqa.selenium.WebDriver$findElement.call(Unknown Source)
	at OrderSummary.run(OrderSummary:84)
	at com.kms.katalon.core.main.ScriptEngine.run(ScriptEngine.java:194)
	at com.kms.katalon.core.main.ScriptEngine.runScriptAsRawText(ScriptEngine.java:119)
	at com.kms.katalon.core.main.TestCaseExecutor.runScript(TestCaseExecutor.java:328)
	at com.kms.katalon.core.main.TestCaseExecutor.doExecute(TestCaseExecutor.java:319)
	at com.kms.katalon.core.main.TestCaseExecutor.processExecutionPhase(TestCaseExecutor.java:298)
	at com.kms.katalon.core.main.TestCaseExecutor.accessMainPhase(TestCaseExecutor.java:290)
	at com.kms.katalon.core.main.TestCaseExecutor.execute(TestCaseExecutor.java:224)
	at com.kms.katalon.core.main.TestSuiteExecutor.accessTestCaseMainPhase(TestSuiteExecutor.java:129)
	at com.kms.katalon.core.main.TestSuiteExecutor.accessTestSuiteMainPhase(TestSuiteExecutor.java:112)
	at com.kms.katalon.core.main.TestSuiteExecutor.execute(TestSuiteExecutor.java:81)
	at com.kms.katalon.core.main.TestCaseMain.startTestSuite(TestCaseMain.java:149)
	at com.kms.katalon.core.main.TestCaseMain$startTestSuite$0.call(Unknown Source)
	at TempTestSuite1551944183919.run(TempTestSuite1551944183919.groovy:36)
"/>
         <system-out><![CDATA[2019-03-07 13:10:36 - [TEST_CASE][ERROR] - Test Cases/BigBasket/Order Summary/OrderSummary: Test Cases/BigBasket/Order Summary/OrderSummary FAILED.
Reason:
org.openqa.selenium.NoSuchElementException: no such element: Unable to locate element: {"method":"xpath","selector":"//div[contains(.,'Order ID: ')]/a[contains(@href,'260219')]"}
  (Session info: chrome=72.0.3626.121)
  (Driver info: chromedriver=2.43.600229 (3fae4d0cda5334b4f533bede5a4787f7b832d052),platform=Mac OS X 10.13.6 x86_64) (WARNING: The server did not provide any stacktrace information)
Command duration or timeout: 0 milliseconds
For documentation on this error, please visit: http://seleniumhq.org/exceptions/no_such_element.html
Build info: version: '3.7.1', revision: '8a0099a', time: '2017-11-06T21:07:36.161Z'
System info: host: 'Niveditas-MacBook-Air.local', ip: 'fe80:0:0:0:848:c8e3:a957:2764%en0', os.name: 'Mac OS X', os.arch: 'x86_64', os.version: '10.13.6', java.version: '1.8.0_181'
Driver info: com.kms.katalon.selenium.driver.CChromeDriver
Capabilities {acceptInsecureCerts: false, acceptSslCerts: false, applicationCacheEnabled: false, browserConnectionEnabled: false, browserName: chrome, chrome: {chromedriverVersion: 2.43.600229 (3fae4d0cda5334..., userDataDir: /var/folders/1p/92gdr4951qs...}, cssSelectorsEnabled: true, databaseEnabled: false, goog:chromeOptions: {debuggerAddress: localhost:58039}, handlesAlerts: true, hasTouchScreen: false, javascriptEnabled: true, locationContextEnabled: true, mobileEmulationEnabled: false, nativeEvents: true, networkConnectionEnabled: false, pageLoadStrategy: normal, platform: MAC, platformName: MAC, rotatable: false, setWindowRect: true, takesHeapSnapshot: true, takesScreenshot: true, unexpectedAlertBehaviour: , unhandledPromptBehavior: , version: 72.0.3626.121, webStorageEnabled: true}
Session ID: 49747c98c31b393914a908026ee8696f
*** Element info: {Using=xpath, value=//div[contains(.,'Order ID: ')]/a[contains(@href,'260219')]}
	at org.openqa.selenium.remote.ErrorHandler.createThrowable(ErrorHandler.java:214)
	at org.openqa.selenium.remote.ErrorHandler.throwIfResponseFailed(ErrorHandler.java:166)
	at org.openqa.selenium.remote.http.JsonHttpResponseCodec.reconstructValue(JsonHttpResponseCodec.java:40)
	at org.openqa.selenium.remote.http.AbstractHttpResponseCodec.decode(AbstractHttpResponseCodec.java:80)
	at org.openqa.selenium.remote.http.AbstractHttpResponseCodec.decode(AbstractHttpResponseCodec.java:44)
	at org.openqa.selenium.remote.HttpCommandExecutor.execute(HttpCommandExecutor.java:164)
	at org.openqa.selenium.remote.service.DriverCommandExecutor.execute(DriverCommandExecutor.java:83)
	at org.openqa.selenium.remote.RemoteWebDriver.execute(RemoteWebDriver.java:600)
	at com.kms.katalon.selenium.driver.CChromeDriver.execute(CChromeDriver.java:20)
	at org.openqa.selenium.remote.RemoteWebDriver.findElement(RemoteWebDriver.java:370)
	at org.openqa.selenium.remote.RemoteWebDriver.findElementByXPath(RemoteWebDriver.java:472)
	at org.openqa.selenium.By$ByXPath.findElement(By.java:361)
	at org.openqa.selenium.remote.RemoteWebDriver.findElement(RemoteWebDriver.java:362)
	at org.openqa.selenium.WebDriver$findElement.call(Unknown Source)
	at OrderSummary.run(OrderSummary:84)
	at com.kms.katalon.core.main.ScriptEngine.run(ScriptEngine.java:194)
	at com.kms.katalon.core.main.ScriptEngine.runScriptAsRawText(ScriptEngine.java:119)
	at com.kms.katalon.core.main.TestCaseExecutor.runScript(TestCaseExecutor.java:328)
	at com.kms.katalon.core.main.TestCaseExecutor.doExecute(TestCaseExecutor.java:319)
	at com.kms.katalon.core.main.TestCaseExecutor.processExecutionPhase(TestCaseExecutor.java:298)
	at com.kms.katalon.core.main.TestCaseExecutor.accessMainPhase(TestCaseExecutor.java:290)
	at com.kms.katalon.core.main.TestCaseExecutor.execute(TestCaseExecutor.java:224)
	at com.kms.katalon.core.main.TestSuiteExecutor.accessTestCaseMainPhase(TestSuiteExecutor.java:129)
	at com.kms.katalon.core.main.TestSuiteExecutor.accessTestSuiteMainPhase(TestSuiteExecutor.java:112)
	at com.kms.katalon.core.main.TestSuiteExecutor.execute(TestSuiteExecutor.java:81)
	at com.kms.katalon.core.main.TestCaseMain.startTestSuite(TestCaseMain.java:149)
	at com.kms.katalon.core.main.TestCaseMain$startTestSuite$0.call(Unknown Source)
	at TempTestSuite1551944183919.run(TempTestSuite1551944183919.groovy:36)


2019-03-07 13:10:36 - [TEST_STEP][PASSED] - Start listener action : sampleBeforeTestCase: null

2019-03-07 13:10:36 - [TEST_STEP][PASSED] - println(testCaseContext.getTestCaseId()): null

2019-03-07 13:10:36 - [TEST_STEP][PASSED] - println(testCaseContext.getTestCaseVariables()): null

2019-03-07 13:10:36 - [TEST_STEP][PASSED] - println(" This is before test"): null

2019-03-07 13:10:37 - [TEST_STEP][PASSED] - openBrowser(""): Browser is opened with url: ''

2019-03-07 13:10:37 - [MESSAGE][WARNING] - A browser is already opened. Closing browser and opening a new one

2019-03-07 13:10:37 - [MESSAGE][INFO] - Starting 'Chrome' driver

2019-03-07 13:10:40 - [MESSAGE][PASSED] - Browser is opened with url: ''

2019-03-07 13:10:40 - [TEST_STEP][PASSED] - navigateToUrl("https://www.bigbasket.com/"): Navigate to 'https://www.bigbasket.com/' successfully

2019-03-07 13:10:47 - [MESSAGE][PASSED] - Navigate to 'https://www.bigbasket.com/' successfully

2019-03-07 13:10:47 - [TEST_STEP][PASSED] - click(findTestObject("Object Repository/Page_Online Grocery Shopping and On/a_Login")): Object: 'Object Repository/Page_Online Grocery Shopping and On/a_Login' is clicked on

2019-03-07 13:10:47 - [MESSAGE][PASSED] - Object: 'Object Repository/Page_Online Grocery Shopping and On/a_Login' is clicked on

2019-03-07 13:10:47 - [TEST_STEP][PASSED] - setText(findTestObject("Object Repository/Page_Online Grocery Shopping and On/input_OR_email"), "nivedita.hbti@gmail.com"): Text 'nivedita.hbti@gmail.com' is set on object 'Object Repository/Page_Online Grocery Shopping and On/input_OR_email'

2019-03-07 13:10:50 - [MESSAGE][PASSED] - Text 'nivedita.hbti@gmail.com' is set on object 'Object Repository/Page_Online Grocery Shopping and On/input_OR_email'

2019-03-07 13:10:50 - [TEST_STEP][PASSED] - setEncryptedText(findTestObject("Object Repository/Page_Online Grocery Shopping and On/input_Please enter valid email"), "LqVTzjb8H0GS29zWb5N07g=="): Text ****** has been set on object 'Object Repository/Page_Online Grocery Shopping and On/input_Please enter valid email'

2019-03-07 13:10:50 - [MESSAGE][PASSED] - Text ****** has been set on object 'Object Repository/Page_Online Grocery Shopping and On/input_Please enter valid email'

2019-03-07 13:10:50 - [TEST_STEP][PASSED] - click(findTestObject("Object Repository/Page_Online Grocery Shopping and On/button_LOGIN")): Object: 'Object Repository/Page_Online Grocery Shopping and On/button_LOGIN' is clicked on

2019-03-07 13:10:50 - [MESSAGE][PASSED] - Object: 'Object Repository/Page_Online Grocery Shopping and On/button_LOGIN' is clicked on

2019-03-07 13:10:51 - [TEST_STEP][PASSED] - waitForElementClickable(findTestObject("Object Repository/Page_Online Grocery Shopping and On/span_UserAccount"), 15): Object 'Object Repository/Page_Online Grocery Shopping and On/span_UserAccount' is clickable

2019-03-07 13:11:01 - [MESSAGE][PASSED] - Object 'Object Repository/Page_Online Grocery Shopping and On/span_UserAccount' is clickable

2019-03-07 13:11:01 - [TEST_STEP][PASSED] - Thread.sleep(2000): null

2019-03-07 13:11:03 - [TEST_STEP][PASSED] - click(findTestObject("Object Repository/Page_Online Grocery Shopping and On/span_UserAccount")): Object: 'Object Repository/Page_Online Grocery Shopping and On/span_UserAccount' is clicked on

2019-03-07 13:11:03 - [MESSAGE][PASSED] - Object: 'Object Repository/Page_Online Grocery Shopping and On/span_UserAccount' is clicked on

2019-03-07 13:11:03 - [TEST_STEP][PASSED] - click(findTestObject("Object Repository/BigBasket/OrderSummary/UserNivedita_MyOrders")): Object: 'Object Repository/BigBasket/OrderSummary/UserNivedita_MyOrders' is clicked on

2019-03-07 13:11:07 - [MESSAGE][PASSED] - Object: 'Object Repository/BigBasket/OrderSummary/UserNivedita_MyOrders' is clicked on

2019-03-07 13:11:07 - [TEST_STEP][PASSED] - waitForPageLoad(15): Wait for page load successfully

2019-03-07 13:11:07 - [MESSAGE][PASSED] - Wait for page load successfully

2019-03-07 13:11:07 - [TEST_STEP][PASSED] - click(findTestObject("Object Repository/BigBasket/OrderSummary/OrderSummary_MyOrders")): Object: 'Object Repository/BigBasket/OrderSummary/OrderSummary_MyOrders' is clicked on

2019-03-07 13:11:08 - [MESSAGE][PASSED] - Object: 'Object Repository/BigBasket/OrderSummary/OrderSummary_MyOrders' is clicked on

2019-03-07 13:11:08 - [TEST_STEP][PASSED] - deliveryStatusOfFirstElement = findWebElements(findTestObject("Object Repository/BigBasket/OrderSummary/PastOrders_Header_DeliveryStatus"), 15).get(1): null

2019-03-07 13:11:08 - [TEST_STEP][PASSED] - deliveryStatus = deliveryStatusOfFirstElement.getText(): null

2019-03-07 13:11:08 - [TEST_STEP][PASSED] - println("delivery Status is : " + deliveryStatus): null

2019-03-07 13:11:08 - [TEST_STEP][PASSED] - assert deliveryStatus.equals("Delivered on"): null

2019-03-07 13:11:08 - [TEST_STEP][PASSED] - deliveryDateAndTimeOfFirstElement = findWebElements(findTestObject("Object Repository/BigBasket/OrderSummary/PastOrders_Header_DeliveryDateTime"), 15).get(1): null

2019-03-07 13:11:08 - [TEST_STEP][PASSED] - deliveryDateAndTime = deliveryDateAndTimeOfFirstElement.getText(): null

2019-03-07 13:11:08 - [TEST_STEP][PASSED] - println("Delivery date and time is : " + deliveryDateAndTime): null

2019-03-07 13:11:08 - [TEST_STEP][PASSED] - driver = getWebDriver(): null

2019-03-07 13:11:08 - [TEST_STEP][ERROR] - ,'Order ID: ')]/a[contains(@href,'$var1')])).isDisplayed(): ,'Order ID: ')]/a[contains(@href,'$var1')])).isDisplayed() FAILED.
Reason:
org.openqa.selenium.NoSuchElementException: no such element: Unable to locate element: {"method":"xpath","selector":"//div[contains(.,'Order ID: ')]/a[contains(@href,'260219')]"}
  (Session info: chrome=72.0.3626.121)
  (Driver info: chromedriver=2.43.600229 (3fae4d0cda5334b4f533bede5a4787f7b832d052),platform=Mac OS X 10.13.6 x86_64) (WARNING: The server did not provide any stacktrace information)
Command duration or timeout: 0 milliseconds
For documentation on this error, please visit: http://seleniumhq.org/exceptions/no_such_element.html
Build info: version: '3.7.1', revision: '8a0099a', time: '2017-11-06T21:07:36.161Z'
System info: host: 'Niveditas-MacBook-Air.local', ip: 'fe80:0:0:0:848:c8e3:a957:2764%en0', os.name: 'Mac OS X', os.arch: 'x86_64', os.version: '10.13.6', java.version: '1.8.0_181'
Driver info: com.kms.katalon.selenium.driver.CChromeDriver
Capabilities {acceptInsecureCerts: false, acceptSslCerts: false, applicationCacheEnabled: false, browserConnectionEnabled: false, browserName: chrome, chrome: {chromedriverVersion: 2.43.600229 (3fae4d0cda5334..., userDataDir: /var/folders/1p/92gdr4951qs...}, cssSelectorsEnabled: true, databaseEnabled: false, goog:chromeOptions: {debuggerAddress: localhost:58039}, handlesAlerts: true, hasTouchScreen: false, javascriptEnabled: true, locationContextEnabled: true, mobileEmulationEnabled: false, nativeEvents: true, networkConnectionEnabled: false, pageLoadStrategy: normal, platform: MAC, platformName: MAC, rotatable: false, setWindowRect: true, takesHeapSnapshot: true, takesScreenshot: true, unexpectedAlertBehaviour: , unhandledPromptBehavior: , version: 72.0.3626.121, webStorageEnabled: true}
Session ID: 49747c98c31b393914a908026ee8696f
*** Element info: {Using=xpath, value=//div[contains(.,'Order ID: ')]/a[contains(@href,'260219')]}
	at org.openqa.selenium.remote.ErrorHandler.createThrowable(ErrorHandler.java:214)
	at org.openqa.selenium.remote.ErrorHandler.throwIfResponseFailed(ErrorHandler.java:166)
	at org.openqa.selenium.remote.http.JsonHttpResponseCodec.reconstructValue(JsonHttpResponseCodec.java:40)
	at org.openqa.selenium.remote.http.AbstractHttpResponseCodec.decode(AbstractHttpResponseCodec.java:80)
	at org.openqa.selenium.remote.http.AbstractHttpResponseCodec.decode(AbstractHttpResponseCodec.java:44)
	at org.openqa.selenium.remote.HttpCommandExecutor.execute(HttpCommandExecutor.java:164)
	at org.openqa.selenium.remote.service.DriverCommandExecutor.execute(DriverCommandExecutor.java:83)
	at org.openqa.selenium.remote.RemoteWebDriver.execute(RemoteWebDriver.java:600)
	at com.kms.katalon.selenium.driver.CChromeDriver.execute(CChromeDriver.java:20)
	at org.openqa.selenium.remote.RemoteWebDriver.findElement(RemoteWebDriver.java:370)
	at org.openqa.selenium.remote.RemoteWebDriver.findElementByXPath(RemoteWebDriver.java:472)
	at org.openqa.selenium.By$ByXPath.findElement(By.java:361)
	at org.openqa.selenium.remote.RemoteWebDriver.findElement(RemoteWebDriver.java:362)
	at org.openqa.selenium.WebDriver$findElement.call(Unknown Source)
	at OrderSummary.run(OrderSummary:84)
	at com.kms.katalon.core.main.ScriptEngine.run(ScriptEngine.java:194)
	at com.kms.katalon.core.main.ScriptEngine.runScriptAsRawText(ScriptEngine.java:119)
	at com.kms.katalon.core.main.TestCaseExecutor.runScript(TestCaseExecutor.java:328)
	at com.kms.katalon.core.main.TestCaseExecutor.doExecute(TestCaseExecutor.java:319)
	at com.kms.katalon.core.main.TestCaseExecutor.processExecutionPhase(TestCaseExecutor.java:298)
	at com.kms.katalon.core.main.TestCaseExecutor.accessMainPhase(TestCaseExecutor.java:290)
	at com.kms.katalon.core.main.TestCaseExecutor.execute(TestCaseExecutor.java:224)
	at com.kms.katalon.core.main.TestSuiteExecutor.accessTestCaseMainPhase(TestSuiteExecutor.java:129)
	at com.kms.katalon.core.main.TestSuiteExecutor.accessTestSuiteMainPhase(TestSuiteExecutor.java:112)
	at com.kms.katalon.core.main.TestSuiteExecutor.execute(TestSuiteExecutor.java:81)
	at com.kms.katalon.core.main.TestCaseMain.startTestSuite(TestCaseMain.java:149)
	at com.kms.katalon.core.main.TestCaseMain$startTestSuite$0.call(Unknown Source)
	at TempTestSuite1551944183919.run(TempTestSuite1551944183919.groovy:36)


2019-03-07 13:11:08 - [MESSAGE][ERROR] - ,'Order ID: ')]/a[contains(@href,'$var1')])).isDisplayed() FAILED.
Reason:
org.openqa.selenium.NoSuchElementException: no such element: Unable to locate element: {"method":"xpath","selector":"//div[contains(.,'Order ID: ')]/a[contains(@href,'260219')]"}
  (Session info: chrome=72.0.3626.121)
  (Driver info: chromedriver=2.43.600229 (3fae4d0cda5334b4f533bede5a4787f7b832d052),platform=Mac OS X 10.13.6 x86_64) (WARNING: The server did not provide any stacktrace information)
Command duration or timeout: 0 milliseconds
For documentation on this error, please visit: http://seleniumhq.org/exceptions/no_such_element.html
Build info: version: '3.7.1', revision: '8a0099a', time: '2017-11-06T21:07:36.161Z'
System info: host: 'Niveditas-MacBook-Air.local', ip: 'fe80:0:0:0:848:c8e3:a957:2764%en0', os.name: 'Mac OS X', os.arch: 'x86_64', os.version: '10.13.6', java.version: '1.8.0_181'
Driver info: com.kms.katalon.selenium.driver.CChromeDriver
Capabilities {acceptInsecureCerts: false, acceptSslCerts: false, applicationCacheEnabled: false, browserConnectionEnabled: false, browserName: chrome, chrome: {chromedriverVersion: 2.43.600229 (3fae4d0cda5334..., userDataDir: /var/folders/1p/92gdr4951qs...}, cssSelectorsEnabled: true, databaseEnabled: false, goog:chromeOptions: {debuggerAddress: localhost:58039}, handlesAlerts: true, hasTouchScreen: false, javascriptEnabled: true, locationContextEnabled: true, mobileEmulationEnabled: false, nativeEvents: true, networkConnectionEnabled: false, pageLoadStrategy: normal, platform: MAC, platformName: MAC, rotatable: false, setWindowRect: true, takesHeapSnapshot: true, takesScreenshot: true, unexpectedAlertBehaviour: , unhandledPromptBehavior: , version: 72.0.3626.121, webStorageEnabled: true}
Session ID: 49747c98c31b393914a908026ee8696f
*** Element info: {Using=xpath, value=//div[contains(.,'Order ID: ')]/a[contains(@href,'260219')]}
	at org.openqa.selenium.remote.ErrorHandler.createThrowable(ErrorHandler.java:214)
	at org.openqa.selenium.remote.ErrorHandler.throwIfResponseFailed(ErrorHandler.java:166)
	at org.openqa.selenium.remote.http.JsonHttpResponseCodec.reconstructValue(JsonHttpResponseCodec.java:40)
	at org.openqa.selenium.remote.http.AbstractHttpResponseCodec.decode(AbstractHttpResponseCodec.java:80)
	at org.openqa.selenium.remote.http.AbstractHttpResponseCodec.decode(AbstractHttpResponseCodec.java:44)
	at org.openqa.selenium.remote.HttpCommandExecutor.execute(HttpCommandExecutor.java:164)
	at org.openqa.selenium.remote.service.DriverCommandExecutor.execute(DriverCommandExecutor.java:83)
	at org.openqa.selenium.remote.RemoteWebDriver.execute(RemoteWebDriver.java:600)
	at com.kms.katalon.selenium.driver.CChromeDriver.execute(CChromeDriver.java:20)
	at org.openqa.selenium.remote.RemoteWebDriver.findElement(RemoteWebDriver.java:370)
	at org.openqa.selenium.remote.RemoteWebDriver.findElementByXPath(RemoteWebDriver.java:472)
	at org.openqa.selenium.By$ByXPath.findElement(By.java:361)
	at org.openqa.selenium.remote.RemoteWebDriver.findElement(RemoteWebDriver.java:362)
	at org.openqa.selenium.WebDriver$findElement.call(Unknown Source)
	at OrderSummary.run(OrderSummary:84)
	at com.kms.katalon.core.main.ScriptEngine.run(ScriptEngine.java:194)
	at com.kms.katalon.core.main.ScriptEngine.runScriptAsRawText(ScriptEngine.java:119)
	at com.kms.katalon.core.main.TestCaseExecutor.runScript(TestCaseExecutor.java:328)
	at com.kms.katalon.core.main.TestCaseExecutor.doExecute(TestCaseExecutor.java:319)
	at com.kms.katalon.core.main.TestCaseExecutor.processExecutionPhase(TestCaseExecutor.java:298)
	at com.kms.katalon.core.main.TestCaseExecutor.accessMainPhase(TestCaseExecutor.java:290)
	at com.kms.katalon.core.main.TestCaseExecutor.execute(TestCaseExecutor.java:224)
	at com.kms.katalon.core.main.TestSuiteExecutor.accessTestCaseMainPhase(TestSuiteExecutor.java:129)
	at com.kms.katalon.core.main.TestSuiteExecutor.accessTestSuiteMainPhase(TestSuiteExecutor.java:112)
	at com.kms.katalon.core.main.TestSuiteExecutor.execute(TestSuiteExecutor.java:81)
	at com.kms.katalon.core.main.TestCaseMain.startTestSuite(TestCaseMain.java:149)
	at com.kms.katalon.core.main.TestCaseMain$startTestSuite$0.call(Unknown Source)
	at TempTestSuite1551944183919.run(TempTestSuite1551944183919.groovy:36)


2019-03-07 13:11:08 - [TEST_STEP][PASSED] - Start listener action : sampleAfterTestCase: null

2019-03-07 13:11:08 - [TEST_STEP][PASSED] - println(testCaseContext.getTestCaseId()): null

2019-03-07 13:11:08 - [TEST_STEP][PASSED] - println(testCaseContext.getTestCaseStatus()): null]]></system-out>
         <system-err><![CDATA[2019-03-07 13:10:36 - [TEST_CASE][ERROR] - Test Cases/BigBasket/Order Summary/OrderSummary: Test Cases/BigBasket/Order Summary/OrderSummary FAILED.
Reason:
org.openqa.selenium.NoSuchElementException: no such element: Unable to locate element: {"method":"xpath","selector":"//div[contains(.,'Order ID: ')]/a[contains(@href,'260219')]"}
  (Session info: chrome=72.0.3626.121)
  (Driver info: chromedriver=2.43.600229 (3fae4d0cda5334b4f533bede5a4787f7b832d052),platform=Mac OS X 10.13.6 x86_64) (WARNING: The server did not provide any stacktrace information)
Command duration or timeout: 0 milliseconds
For documentation on this error, please visit: http://seleniumhq.org/exceptions/no_such_element.html
Build info: version: '3.7.1', revision: '8a0099a', time: '2017-11-06T21:07:36.161Z'
System info: host: 'Niveditas-MacBook-Air.local', ip: 'fe80:0:0:0:848:c8e3:a957:2764%en0', os.name: 'Mac OS X', os.arch: 'x86_64', os.version: '10.13.6', java.version: '1.8.0_181'
Driver info: com.kms.katalon.selenium.driver.CChromeDriver
Capabilities {acceptInsecureCerts: false, acceptSslCerts: false, applicationCacheEnabled: false, browserConnectionEnabled: false, browserName: chrome, chrome: {chromedriverVersion: 2.43.600229 (3fae4d0cda5334..., userDataDir: /var/folders/1p/92gdr4951qs...}, cssSelectorsEnabled: true, databaseEnabled: false, goog:chromeOptions: {debuggerAddress: localhost:58039}, handlesAlerts: true, hasTouchScreen: false, javascriptEnabled: true, locationContextEnabled: true, mobileEmulationEnabled: false, nativeEvents: true, networkConnectionEnabled: false, pageLoadStrategy: normal, platform: MAC, platformName: MAC, rotatable: false, setWindowRect: true, takesHeapSnapshot: true, takesScreenshot: true, unexpectedAlertBehaviour: , unhandledPromptBehavior: , version: 72.0.3626.121, webStorageEnabled: true}
Session ID: 49747c98c31b393914a908026ee8696f
*** Element info: {Using=xpath, value=//div[contains(.,'Order ID: ')]/a[contains(@href,'260219')]}
	at org.openqa.selenium.remote.ErrorHandler.createThrowable(ErrorHandler.java:214)
	at org.openqa.selenium.remote.ErrorHandler.throwIfResponseFailed(ErrorHandler.java:166)
	at org.openqa.selenium.remote.http.JsonHttpResponseCodec.reconstructValue(JsonHttpResponseCodec.java:40)
	at org.openqa.selenium.remote.http.AbstractHttpResponseCodec.decode(AbstractHttpResponseCodec.java:80)
	at org.openqa.selenium.remote.http.AbstractHttpResponseCodec.decode(AbstractHttpResponseCodec.java:44)
	at org.openqa.selenium.remote.HttpCommandExecutor.execute(HttpCommandExecutor.java:164)
	at org.openqa.selenium.remote.service.DriverCommandExecutor.execute(DriverCommandExecutor.java:83)
	at org.openqa.selenium.remote.RemoteWebDriver.execute(RemoteWebDriver.java:600)
	at com.kms.katalon.selenium.driver.CChromeDriver.execute(CChromeDriver.java:20)
	at org.openqa.selenium.remote.RemoteWebDriver.findElement(RemoteWebDriver.java:370)
	at org.openqa.selenium.remote.RemoteWebDriver.findElementByXPath(RemoteWebDriver.java:472)
	at org.openqa.selenium.By$ByXPath.findElement(By.java:361)
	at org.openqa.selenium.remote.RemoteWebDriver.findElement(RemoteWebDriver.java:362)
	at org.openqa.selenium.WebDriver$findElement.call(Unknown Source)
	at OrderSummary.run(OrderSummary:84)
	at com.kms.katalon.core.main.ScriptEngine.run(ScriptEngine.java:194)
	at com.kms.katalon.core.main.ScriptEngine.runScriptAsRawText(ScriptEngine.java:119)
	at com.kms.katalon.core.main.TestCaseExecutor.runScript(TestCaseExecutor.java:328)
	at com.kms.katalon.core.main.TestCaseExecutor.doExecute(TestCaseExecutor.java:319)
	at com.kms.katalon.core.main.TestCaseExecutor.processExecutionPhase(TestCaseExecutor.java:298)
	at com.kms.katalon.core.main.TestCaseExecutor.accessMainPhase(TestCaseExecutor.java:290)
	at com.kms.katalon.core.main.TestCaseExecutor.execute(TestCaseExecutor.java:224)
	at com.kms.katalon.core.main.TestSuiteExecutor.accessTestCaseMainPhase(TestSuiteExecutor.java:129)
	at com.kms.katalon.core.main.TestSuiteExecutor.accessTestSuiteMainPhase(TestSuiteExecutor.java:112)
	at com.kms.katalon.core.main.TestSuiteExecutor.execute(TestSuiteExecutor.java:81)
	at com.kms.katalon.core.main.TestCaseMain.startTestSuite(TestCaseMain.java:149)
	at com.kms.katalon.core.main.TestCaseMain$startTestSuite$0.call(Unknown Source)
	at TempTestSuite1551944183919.run(TempTestSuite1551944183919.groovy:36)]]></system-err>
      </testcase>
      <testcase name="Test Cases/BigBasket/Order Summary/OrderSummary_CopyToList" classname="Test Cases/BigBasket/Order Summary/OrderSummary_CopyToList" status="PASSED">
         <system-out><![CDATA[2019-03-07 13:11:08 - [TEST_CASE][PASSED] - Test Cases/BigBasket/Order Summary/OrderSummary_CopyToList: Test Cases/BigBasket/Order Summary/OrderSummary_CopyToList

2019-03-07 13:11:09 - [TEST_STEP][PASSED] - Start listener action : sampleBeforeTestCase: null

2019-03-07 13:11:09 - [TEST_STEP][PASSED] - println(testCaseContext.getTestCaseId()): null

2019-03-07 13:11:09 - [TEST_STEP][PASSED] - println(testCaseContext.getTestCaseVariables()): null

2019-03-07 13:11:09 - [TEST_STEP][PASSED] - println(" This is before test"): null

2019-03-07 13:11:09 - [TEST_STEP][PASSED] - openBrowser(""): Browser is opened with url: ''

2019-03-07 13:11:09 - [MESSAGE][WARNING] - A browser is already opened. Closing browser and opening a new one

2019-03-07 13:11:09 - [MESSAGE][INFO] - Starting 'Chrome' driver

2019-03-07 13:11:12 - [MESSAGE][PASSED] - Browser is opened with url: ''

2019-03-07 13:11:12 - [TEST_STEP][PASSED] - navigateToUrl("https://www.bigbasket.com/"): Navigate to 'https://www.bigbasket.com/' successfully

2019-03-07 13:11:19 - [MESSAGE][PASSED] - Navigate to 'https://www.bigbasket.com/' successfully

2019-03-07 13:11:19 - [TEST_STEP][PASSED] - click(findTestObject("Object Repository/Page_Online Grocery Shopping and On/a_Login")): Object: 'Object Repository/Page_Online Grocery Shopping and On/a_Login' is clicked on

2019-03-07 13:11:19 - [MESSAGE][PASSED] - Object: 'Object Repository/Page_Online Grocery Shopping and On/a_Login' is clicked on

2019-03-07 13:11:19 - [TEST_STEP][PASSED] - setText(findTestObject("Object Repository/Page_Online Grocery Shopping and On/input_OR_email"), "nivedita.hbti@gmail.com"): Text 'nivedita.hbti@gmail.com' is set on object 'Object Repository/Page_Online Grocery Shopping and On/input_OR_email'

2019-03-07 13:11:21 - [MESSAGE][PASSED] - Text 'nivedita.hbti@gmail.com' is set on object 'Object Repository/Page_Online Grocery Shopping and On/input_OR_email'

2019-03-07 13:11:21 - [TEST_STEP][PASSED] - setEncryptedText(findTestObject("Object Repository/Page_Online Grocery Shopping and On/input_Please enter valid email"), "LqVTzjb8H0GS29zWb5N07g=="): Text ****** has been set on object 'Object Repository/Page_Online Grocery Shopping and On/input_Please enter valid email'

2019-03-07 13:11:21 - [MESSAGE][PASSED] - Text ****** has been set on object 'Object Repository/Page_Online Grocery Shopping and On/input_Please enter valid email'

2019-03-07 13:11:21 - [TEST_STEP][PASSED] - click(findTestObject("Object Repository/Page_Online Grocery Shopping and On/button_LOGIN")): Object: 'Object Repository/Page_Online Grocery Shopping and On/button_LOGIN' is clicked on

2019-03-07 13:11:22 - [MESSAGE][PASSED] - Object: 'Object Repository/Page_Online Grocery Shopping and On/button_LOGIN' is clicked on

2019-03-07 13:11:22 - [TEST_STEP][PASSED] - waitForElementClickable(findTestObject("Object Repository/Page_Online Grocery Shopping and On/span_UserAccount"), 15): Object 'Object Repository/Page_Online Grocery Shopping and On/span_UserAccount' is clickable

2019-03-07 13:11:29 - [MESSAGE][PASSED] - Object 'Object Repository/Page_Online Grocery Shopping and On/span_UserAccount' is clickable

2019-03-07 13:11:29 - [TEST_STEP][PASSED] - Thread.sleep(2000): null

2019-03-07 13:11:32 - [TEST_STEP][PASSED] - click(findTestObject("Object Repository/Page_Online Grocery Shopping and On/span_UserAccount")): Object: 'Object Repository/Page_Online Grocery Shopping and On/span_UserAccount' is clicked on

2019-03-07 13:11:32 - [MESSAGE][PASSED] - Object: 'Object Repository/Page_Online Grocery Shopping and On/span_UserAccount' is clicked on

2019-03-07 13:11:32 - [TEST_STEP][PASSED] - click(findTestObject("Object Repository/BigBasket/OrderSummary/UserNivedita_MyOrders")): Object: 'Object Repository/BigBasket/OrderSummary/UserNivedita_MyOrders' is clicked on

2019-03-07 13:11:37 - [MESSAGE][PASSED] - Object: 'Object Repository/BigBasket/OrderSummary/UserNivedita_MyOrders' is clicked on

2019-03-07 13:11:37 - [TEST_STEP][PASSED] - waitForPageLoad(15): Wait for page load successfully

2019-03-07 13:11:37 - [MESSAGE][PASSED] - Wait for page load successfully

2019-03-07 13:11:37 - [TEST_STEP][PASSED] - click(findTestObject("Object Repository/BigBasket/OrderSummary/OrderSummary_MyOrders")): Object: 'Object Repository/BigBasket/OrderSummary/OrderSummary_MyOrders' is clicked on

2019-03-07 13:11:37 - [MESSAGE][PASSED] - Object: 'Object Repository/BigBasket/OrderSummary/OrderSummary_MyOrders' is clicked on

2019-03-07 13:11:37 - [TEST_STEP][PASSED] - Thread.sleep(2000): null

2019-03-07 13:11:39 - [TEST_STEP][PASSED] - click(findTestObject("Object Repository/BigBasket/OrderSummary/PastOrders_Header_ViewNoItems")): Object: 'Object Repository/BigBasket/OrderSummary/PastOrders_Header_ViewNoItems' is clicked on

2019-03-07 13:11:46 - [MESSAGE][PASSED] - Object: 'Object Repository/BigBasket/OrderSummary/PastOrders_Header_ViewNoItems' is clicked on

2019-03-07 13:11:46 - [TEST_STEP][PASSED] - waitForPageLoad(15): Wait for page load successfully

2019-03-07 13:11:46 - [MESSAGE][PASSED] - Wait for page load successfully

2019-03-07 13:11:46 - [TEST_STEP][PASSED] - Thread.sleep(2000): null

2019-03-07 13:11:48 - [TEST_STEP][PASSED] - click(findTestObject("BigBasket/OrderSummary/OrderDetails/OrderDetails_Btn_SHOP FROM THIS OREDR")): Object: 'Object Repository/BigBasket/OrderSummary/OrderDetails/OrderDetails_Btn_SHOP FROM THIS OREDR' is clicked on

2019-03-07 13:11:55 - [MESSAGE][PASSED] - Object: 'Object Repository/BigBasket/OrderSummary/OrderDetails/OrderDetails_Btn_SHOP FROM THIS OREDR' is clicked on

2019-03-07 13:11:55 - [TEST_STEP][PASSED] - waitForPageLoad(15): Wait for page load successfully

2019-03-07 13:11:55 - [MESSAGE][PASSED] - Wait for page load successfully

2019-03-07 13:11:55 - [TEST_STEP][PASSED] - verifyElementPresent(findTestObject("Object Repository/BigBasket/OrderSummary/ShopFromThisOrder_OrderID_Header"), 15): Object 'Object Repository/BigBasket/OrderSummary/ShopFromThisOrder_OrderID_Header' is present

2019-03-07 13:11:55 - [MESSAGE][PASSED] - Object 'Object Repository/BigBasket/OrderSummary/ShopFromThisOrder_OrderID_Header' is present

2019-03-07 13:11:55 - [TEST_STEP][PASSED] - driver = getWebDriver(): null

2019-03-07 13:11:55 - [TEST_STEP][PASSED] - FruitAndVegCheckboxesXpath = xpathOfItemInBasket + "/div[@class='sl-check']/label": null

2019-03-07 13:11:55 - [TEST_STEP][PASSED] - FruitAndVegProdTitleXpath = xpathOfItemInBasket + "/div[@qa='product_name']/span/a/span[2]": null

2019-03-07 13:11:55 - [TEST_STEP][PASSED] - FruitAndVegCheckboxes = driver.findElements(By.xpath(FruitAndVegCheckboxesXpath)): null

2019-03-07 13:11:55 - [TEST_STEP][PASSED] - FruitAndVegProdTitles = driver.findElements(By.xpath(FruitAndVegProdTitleXpath)): null

2019-03-07 13:11:55 - [TEST_STEP][PASSED] - FruitAndVegProdTitle = new java.util.ArrayList(): null

2019-03-07 13:11:55 - [TEST_STEP][PASSED] - for ([i = 1, i <= 3, (i++)]): null

2019-03-07 13:11:55 - [TEST_STEP][PASSED] - println("/////////////////////////////////////////////////////////////////////////////"): null

2019-03-07 13:11:55 - [TEST_STEP][PASSED] - get(i).click(): null

2019-03-07 13:11:55 - [TEST_STEP][PASSED] - FruitAndVegProdTitle.add(get(i).getText()): null

2019-03-07 13:11:55 - [TEST_STEP][PASSED] - println("Product name which is checked is : " + FruitAndVegProdTitle.get(i - 1)): null

2019-03-07 13:11:55 - [TEST_STEP][PASSED] - println("/////////////////////////////////////////////////////////////////////////////"): null

2019-03-07 13:11:55 - [TEST_STEP][PASSED] - get(i).click(): null

2019-03-07 13:11:55 - [TEST_STEP][PASSED] - FruitAndVegProdTitle.add(get(i).getText()): null

2019-03-07 13:11:56 - [TEST_STEP][PASSED] - println("Product name which is checked is : " + FruitAndVegProdTitle.get(i - 1)): null

2019-03-07 13:11:56 - [TEST_STEP][PASSED] - println("/////////////////////////////////////////////////////////////////////////////"): null

2019-03-07 13:11:56 - [TEST_STEP][PASSED] - get(i).click(): null

2019-03-07 13:11:56 - [TEST_STEP][PASSED] - FruitAndVegProdTitle.add(get(i).getText()): null

2019-03-07 13:11:56 - [TEST_STEP][PASSED] - println("Product name which is checked is : " + FruitAndVegProdTitle.get(i - 1)): null

2019-03-07 13:11:56 - [TEST_STEP][PASSED] - click(findTestObject("BigBasket/OrderSummary/OrderDetails/OrderDetails_Btn_COPY TO LIST")): Object: 'Object Repository/BigBasket/OrderSummary/OrderDetails/OrderDetails_Btn_COPY TO LIST' is clicked on

2019-03-07 13:11:56 - [MESSAGE][PASSED] - Object: 'Object Repository/BigBasket/OrderSummary/OrderDetails/OrderDetails_Btn_COPY TO LIST' is clicked on

2019-03-07 13:11:56 - [TEST_STEP][PASSED] - waitForPageLoad(15): Wait for page load successfully

2019-03-07 13:11:56 - [MESSAGE][PASSED] - Wait for page load successfully

2019-03-07 13:11:56 - [TEST_STEP][PASSED] - Thread.sleep(2000): null

2019-03-07 13:11:58 - [TEST_STEP][PASSED] - click(findTestObject("BigBasket/OrderSummary/OrderDetails/OrderDetails_CopyToList_RadioBtn_AddToExistingShoppingList")): Object: 'Object Repository/BigBasket/OrderSummary/OrderDetails/OrderDetails_CopyToList_RadioBtn_AddToExistingShoppingList' is clicked on

2019-03-07 13:11:58 - [MESSAGE][PASSED] - Object: 'Object Repository/BigBasket/OrderSummary/OrderDetails/OrderDetails_CopyToList_RadioBtn_AddToExistingShoppingList' is clicked on

2019-03-07 13:11:58 - [TEST_STEP][PASSED] - click(findTestObject("BigBasket/OrderSummary/OrderDetails/OrderDetails_CopyToList_AddTo ExistingShoppingList_ListName")): Object: 'Object Repository/BigBasket/OrderSummary/OrderDetails/OrderDetails_CopyToList_AddTo ExistingShoppingList_ListName' is clicked on

2019-03-07 13:11:58 - [MESSAGE][PASSED] - Object: 'Object Repository/BigBasket/OrderSummary/OrderDetails/OrderDetails_CopyToList_AddTo ExistingShoppingList_ListName' is clicked on

2019-03-07 13:11:58 - [TEST_STEP][PASSED] - click(findTestObject("BigBasket/OrderSummary/OrderDetails/OrderDetails_CopyToList_AddTo ExistingShoppingList_SelectListName")): Object: 'Object Repository/BigBasket/OrderSummary/OrderDetails/OrderDetails_CopyToList_AddTo ExistingShoppingList_SelectListName' is clicked on

2019-03-07 13:11:58 - [MESSAGE][PASSED] - Object: 'Object Repository/BigBasket/OrderSummary/OrderDetails/OrderDetails_CopyToList_AddTo ExistingShoppingList_SelectListName' is clicked on

2019-03-07 13:11:58 - [TEST_STEP][PASSED] - click(findTestObject("BigBasket/OrderSummary/OrderDetails/OrderDetails_CopyToList_AddToExistingShoppingList_Btn_COPY")): Object: 'Object Repository/BigBasket/OrderSummary/OrderDetails/OrderDetails_CopyToList_AddToExistingShoppingList_Btn_COPY' is clicked on

2019-03-07 13:11:59 - [MESSAGE][PASSED] - Object: 'Object Repository/BigBasket/OrderSummary/OrderDetails/OrderDetails_CopyToList_AddToExistingShoppingList_Btn_COPY' is clicked on

2019-03-07 13:11:59 - [TEST_STEP][PASSED] - Thread.sleep(5000): null

2019-03-07 13:12:04 - [TEST_STEP][PASSED] - click(findTestObject("Object Repository/Page_Online Grocery Shopping and On/span_UserAccount")): Object: 'Object Repository/Page_Online Grocery Shopping and On/span_UserAccount' is clicked on

2019-03-07 13:12:04 - [MESSAGE][PASSED] - Object: 'Object Repository/Page_Online Grocery Shopping and On/span_UserAccount' is clicked on

2019-03-07 13:12:04 - [TEST_STEP][PASSED] - click(findTestObject("Object Repository/BigBasket/OrderSummary/UserNivedita_MyOrders")): Object: 'Object Repository/BigBasket/OrderSummary/UserNivedita_MyOrders' is clicked on

2019-03-07 13:12:07 - [MESSAGE][PASSED] - Object: 'Object Repository/BigBasket/OrderSummary/UserNivedita_MyOrders' is clicked on

2019-03-07 13:12:07 - [TEST_STEP][PASSED] - waitForPageLoad(15): Wait for page load successfully

2019-03-07 13:12:08 - [MESSAGE][PASSED] - Wait for page load successfully

2019-03-07 13:12:08 - [TEST_STEP][PASSED] - click(findTestObject("BigBasket/OrderSummary/MyOrders_SHOP FROM_ShoppingList")): Object: 'Object Repository/BigBasket/OrderSummary/MyOrders_SHOP FROM_ShoppingList' is clicked on

2019-03-07 13:12:13 - [MESSAGE][PASSED] - Object: 'Object Repository/BigBasket/OrderSummary/MyOrders_SHOP FROM_ShoppingList' is clicked on

2019-03-07 13:12:13 - [TEST_STEP][PASSED] - waitForPageLoad(15): Wait for page load successfully

2019-03-07 13:12:13 - [MESSAGE][PASSED] - Wait for page load successfully

2019-03-07 13:12:13 - [TEST_STEP][PASSED] - scrollToElement(findTestObject("BigBasket/OrderSummary/MyShoppingLists_ShopFromYourList_ListName"), 15): Scroll to object 'Object Repository/BigBasket/OrderSummary/MyShoppingLists_ShopFromYourList_ListName' successfully

2019-03-07 13:12:13 - [MESSAGE][PASSED] - Scroll to object 'Object Repository/BigBasket/OrderSummary/MyShoppingLists_ShopFromYourList_ListName' successfully

2019-03-07 13:12:13 - [TEST_STEP][PASSED] - click(findTestObject("BigBasket/OrderSummary/MyShoppingLists_ShopFromYourList_ListName")): Object: 'Object Repository/BigBasket/OrderSummary/MyShoppingLists_ShopFromYourList_ListName' is clicked on

2019-03-07 13:12:18 - [MESSAGE][PASSED] - Object: 'Object Repository/BigBasket/OrderSummary/MyShoppingLists_ShopFromYourList_ListName' is clicked on

2019-03-07 13:12:18 - [TEST_STEP][PASSED] - ProductNames = findWebElements(findTestObject("Object Repository/BigBasket/OrderSummary/List2_ProductName"), 15): null

2019-03-07 13:12:18 - [TEST_STEP][PASSED] - println("ProductNames.size() : " + ProductNames.size()): null

2019-03-07 13:12:18 - [TEST_STEP][PASSED] - ProductName = new java.util.ArrayList(): null

2019-03-07 13:12:18 - [TEST_STEP][PASSED] - for ([i = 0, i < ProductNames.size(), (i++)]): null

2019-03-07 13:12:18 - [TEST_STEP][PASSED] - println("ProductNames.get(i).getText() : " + get(i).getText()): null

2019-03-07 13:12:18 - [TEST_STEP][PASSED] - ProductName.add(get(i).getText()): null

2019-03-07 13:12:18 - [TEST_STEP][PASSED] - println("Product: " + i + " in List of size " + ProductNames.size() + " is : " + ProductName.get(i) + "
"): null

2019-03-07 13:12:18 - [TEST_STEP][PASSED] - println("ProductNames.get(i).getText() : " + get(i).getText()): null

2019-03-07 13:12:18 - [TEST_STEP][PASSED] - ProductName.add(get(i).getText()): null

2019-03-07 13:12:18 - [TEST_STEP][PASSED] - println("Product: " + i + " in List of size " + ProductNames.size() + " is : " + ProductName.get(i) + "
"): null

2019-03-07 13:12:18 - [TEST_STEP][PASSED] - println("ProductNames.get(i).getText() : " + get(i).getText()): null

2019-03-07 13:12:18 - [TEST_STEP][PASSED] - ProductName.add(get(i).getText()): null

2019-03-07 13:12:18 - [TEST_STEP][PASSED] - println("Product: " + i + " in List of size " + ProductNames.size() + " is : " + ProductName.get(i) + "
"): null

2019-03-07 13:12:18 - [TEST_STEP][PASSED] - println("ProductNames.get(i).getText() : " + get(i).getText()): null

2019-03-07 13:12:18 - [TEST_STEP][PASSED] - ProductName.add(get(i).getText()): null

2019-03-07 13:12:18 - [TEST_STEP][PASSED] - println("Product: " + i + " in List of size " + ProductNames.size() + " is : " + ProductName.get(i) + "
"): null

2019-03-07 13:12:18 - [TEST_STEP][PASSED] - println("ProductNames.get(i).getText() : " + get(i).getText()): null

2019-03-07 13:12:18 - [TEST_STEP][PASSED] - ProductName.add(get(i).getText()): null

2019-03-07 13:12:18 - [TEST_STEP][PASSED] - println("Product: " + i + " in List of size " + ProductNames.size() + " is : " + ProductName.get(i) + "
"): null

2019-03-07 13:12:18 - [TEST_STEP][PASSED] - println("ProductNames.get(i).getText() : " + get(i).getText()): null

2019-03-07 13:12:18 - [TEST_STEP][PASSED] - ProductName.add(get(i).getText()): null

2019-03-07 13:12:18 - [TEST_STEP][PASSED] - println("Product: " + i + " in List of size " + ProductNames.size() + " is : " + ProductName.get(i) + "
"): null

2019-03-07 13:12:18 - [TEST_STEP][PASSED] - println("ProductNames.get(i).getText() : " + get(i).getText()): null

2019-03-07 13:12:18 - [TEST_STEP][PASSED] - ProductName.add(get(i).getText()): null

2019-03-07 13:12:18 - [TEST_STEP][PASSED] - println("Product: " + i + " in List of size " + ProductNames.size() + " is : " + ProductName.get(i) + "
"): null

2019-03-07 13:12:18 - [TEST_STEP][PASSED] - assert ProductName.containsAll(FruitAndVegProdTitle): null

2019-03-07 13:12:18 - [TEST_STEP][PASSED] - closeBrowser(): Browser is closed

2019-03-07 13:12:19 - [MESSAGE][PASSED] - Browser is closed

2019-03-07 13:12:19 - [TEST_STEP][PASSED] - Start listener action : sampleAfterTestCase: null

2019-03-07 13:12:19 - [TEST_STEP][PASSED] - println(testCaseContext.getTestCaseId()): null

2019-03-07 13:12:19 - [TEST_STEP][PASSED] - println(testCaseContext.getTestCaseStatus()): null]]></system-out>
         <system-err><![CDATA[]]></system-err>
      </testcase>
      <testcase name="Test Cases/BigBasket/Order Summary/OrderSummary_InvoiceList_OrderStatement" classname="Test Cases/BigBasket/Order Summary/OrderSummary_InvoiceList_OrderStatement" status="FAILED">
         <failure type="FAILED" message="Test Cases/BigBasket/Order Summary/OrderSummary_InvoiceList_OrderStatement FAILED.
Reason:
Assertion failed: 

assert (ItemName.get(i)).contains(ItemName_OrderDetail.get(i).replace(&quot;...&quot;, &quot;&quot;).trim())
        |        |   |   |        |                    |   |  |                  |
        |        |   0   false    |                    |   0  |                  Apple - Shimla, Large 4 pcs
        |        |                |                    |      Apple - Shimla, Large 4 pcs 
        |        |                |                    Apple - Shimla, Large 4 pcs ...
        |        |                [Apple - Shimla, Large 4 pcs ..., Colocasia 500 gm, Ginger - Organically Grown 250 gm, Methi - Chopped 200 gm, Mushrooms - Button 200 gm, Palak 250 gm, Sweet Corn 2 pcs, Tomato - Local 1 kg, Rajma - Kashmiri 200 gm Pouch, Rajma - White/Chitra 200 gm Pouch, Organic Kala Channa 500 gm Pouch, Sandwich Bread - White, Chemical Free..., Tea Cake - Choco Chip 250 gm, Spread - Cocoa With Almond 150 gm, Sauce - Honey Mustard 225 gm, Ragi Bites - Choco Fills 22 gm, Prawns - Pd Jumbo 250 gm Pouch, Prawns - Pd Xtra Large 250 gm Pouch, Durum Wheat Pasta - Mini Fusilli 350 gm...]
        |        Fresho Methi - Chopped 200 gm
        [Fresho Methi - Chopped 200 gm, Fresho Mushrooms - Button 200 gm, ^^ Fresho Palak 250 gm ( Actual weight 275 gms, billed for 263 gms ), Seastar Prawns - Pd Jumbo 250 gm Pouch, Seastar Prawns - Pd Xtra Large 250 gm Pouch, Fresho Apple - Shimla, Large 4 pcs (Approx.700g-800g), ^^ Fresho Colocasia 500 gm ( Actual weight 530 gms, billed for 525 gms ), Fresho Ginger - Organically Grown 250 gm, Fresho Sweet Corn 2 pcs, ^ Fresho Tomato - Local 1 kg, bb Royal Rajma - Kashmiri 200 gm Pouch, bb Royal Rajma - White/Chitra 200 gm Pouch, Pro Nature Organic Kala Channa 500 gm Pouch, Fresho Sandwich Bread - White, Chemical Free 400 gm, Fresho Signature Tea Cake - Choco Chip 250 gm, Hersheys Spread - Cocoa With Almond 150 gm, MIE Sauce - Honey Mustard 225 gm, Soulfull Ragi Bites - Choco Fills 22 gm, BORGES Durum Wheat Pasta - Mini Fusilli 350 gm Pouch]

	at OrderSummary_InvoiceList_OrderStatement.run(OrderSummary_InvoiceList_OrderStatement:150)
	at com.kms.katalon.core.main.ScriptEngine.run(ScriptEngine.java:194)
	at com.kms.katalon.core.main.ScriptEngine.runScriptAsRawText(ScriptEngine.java:119)
	at com.kms.katalon.core.main.TestCaseExecutor.runScript(TestCaseExecutor.java:328)
	at com.kms.katalon.core.main.TestCaseExecutor.doExecute(TestCaseExecutor.java:319)
	at com.kms.katalon.core.main.TestCaseExecutor.processExecutionPhase(TestCaseExecutor.java:298)
	at com.kms.katalon.core.main.TestCaseExecutor.accessMainPhase(TestCaseExecutor.java:290)
	at com.kms.katalon.core.main.TestCaseExecutor.execute(TestCaseExecutor.java:224)
	at com.kms.katalon.core.main.TestSuiteExecutor.accessTestCaseMainPhase(TestSuiteExecutor.java:129)
	at com.kms.katalon.core.main.TestSuiteExecutor.accessTestSuiteMainPhase(TestSuiteExecutor.java:112)
	at com.kms.katalon.core.main.TestSuiteExecutor.execute(TestSuiteExecutor.java:81)
	at com.kms.katalon.core.main.TestCaseMain.startTestSuite(TestCaseMain.java:149)
	at com.kms.katalon.core.main.TestCaseMain$startTestSuite$0.call(Unknown Source)
	at TempTestSuite1551944183919.run(TempTestSuite1551944183919.groovy:36)
"/>
         <system-out><![CDATA[2019-03-07 13:12:19 - [TEST_CASE][FAILED] - Test Cases/BigBasket/Order Summary/OrderSummary_InvoiceList_OrderStatement: Test Cases/BigBasket/Order Summary/OrderSummary_InvoiceList_OrderStatement FAILED.
Reason:
Assertion failed: 

assert (ItemName.get(i)).contains(ItemName_OrderDetail.get(i).replace("...", "").trim())
        |        |   |   |        |                    |   |  |                  |
        |        |   0   false    |                    |   0  |                  Apple - Shimla, Large 4 pcs
        |        |                |                    |      Apple - Shimla, Large 4 pcs 
        |        |                |                    Apple - Shimla, Large 4 pcs ...
        |        |                [Apple - Shimla, Large 4 pcs ..., Colocasia 500 gm, Ginger - Organically Grown 250 gm, Methi - Chopped 200 gm, Mushrooms - Button 200 gm, Palak 250 gm, Sweet Corn 2 pcs, Tomato - Local 1 kg, Rajma - Kashmiri 200 gm Pouch, Rajma - White/Chitra 200 gm Pouch, Organic Kala Channa 500 gm Pouch, Sandwich Bread - White, Chemical Free..., Tea Cake - Choco Chip 250 gm, Spread - Cocoa With Almond 150 gm, Sauce - Honey Mustard 225 gm, Ragi Bites - Choco Fills 22 gm, Prawns - Pd Jumbo 250 gm Pouch, Prawns - Pd Xtra Large 250 gm Pouch, Durum Wheat Pasta - Mini Fusilli 350 gm...]
        |        Fresho Methi - Chopped 200 gm
        [Fresho Methi - Chopped 200 gm, Fresho Mushrooms - Button 200 gm, ^^ Fresho Palak 250 gm ( Actual weight 275 gms, billed for 263 gms ), Seastar Prawns - Pd Jumbo 250 gm Pouch, Seastar Prawns - Pd Xtra Large 250 gm Pouch, Fresho Apple - Shimla, Large 4 pcs (Approx.700g-800g), ^^ Fresho Colocasia 500 gm ( Actual weight 530 gms, billed for 525 gms ), Fresho Ginger - Organically Grown 250 gm, Fresho Sweet Corn 2 pcs, ^ Fresho Tomato - Local 1 kg, bb Royal Rajma - Kashmiri 200 gm Pouch, bb Royal Rajma - White/Chitra 200 gm Pouch, Pro Nature Organic Kala Channa 500 gm Pouch, Fresho Sandwich Bread - White, Chemical Free 400 gm, Fresho Signature Tea Cake - Choco Chip 250 gm, Hersheys Spread - Cocoa With Almond 150 gm, MIE Sauce - Honey Mustard 225 gm, Soulfull Ragi Bites - Choco Fills 22 gm, BORGES Durum Wheat Pasta - Mini Fusilli 350 gm Pouch]

	at OrderSummary_InvoiceList_OrderStatement.run(OrderSummary_InvoiceList_OrderStatement:150)
	at com.kms.katalon.core.main.ScriptEngine.run(ScriptEngine.java:194)
	at com.kms.katalon.core.main.ScriptEngine.runScriptAsRawText(ScriptEngine.java:119)
	at com.kms.katalon.core.main.TestCaseExecutor.runScript(TestCaseExecutor.java:328)
	at com.kms.katalon.core.main.TestCaseExecutor.doExecute(TestCaseExecutor.java:319)
	at com.kms.katalon.core.main.TestCaseExecutor.processExecutionPhase(TestCaseExecutor.java:298)
	at com.kms.katalon.core.main.TestCaseExecutor.accessMainPhase(TestCaseExecutor.java:290)
	at com.kms.katalon.core.main.TestCaseExecutor.execute(TestCaseExecutor.java:224)
	at com.kms.katalon.core.main.TestSuiteExecutor.accessTestCaseMainPhase(TestSuiteExecutor.java:129)
	at com.kms.katalon.core.main.TestSuiteExecutor.accessTestSuiteMainPhase(TestSuiteExecutor.java:112)
	at com.kms.katalon.core.main.TestSuiteExecutor.execute(TestSuiteExecutor.java:81)
	at com.kms.katalon.core.main.TestCaseMain.startTestSuite(TestCaseMain.java:149)
	at com.kms.katalon.core.main.TestCaseMain$startTestSuite$0.call(Unknown Source)
	at TempTestSuite1551944183919.run(TempTestSuite1551944183919.groovy:36)


2019-03-07 13:12:19 - [TEST_STEP][PASSED] - Start listener action : sampleBeforeTestCase: null

2019-03-07 13:12:19 - [TEST_STEP][PASSED] - println(testCaseContext.getTestCaseId()): null

2019-03-07 13:12:19 - [TEST_STEP][PASSED] - println(testCaseContext.getTestCaseVariables()): null

2019-03-07 13:12:19 - [TEST_STEP][PASSED] - println(" This is before test"): null

2019-03-07 13:12:19 - [TEST_STEP][PASSED] - openBrowser(""): Browser is opened with url: ''

2019-03-07 13:12:19 - [MESSAGE][INFO] - Starting 'Chrome' driver

2019-03-07 13:12:22 - [MESSAGE][PASSED] - Browser is opened with url: ''

2019-03-07 13:12:22 - [TEST_STEP][PASSED] - navigateToUrl("https://www.bigbasket.com/"): Navigate to 'https://www.bigbasket.com/' successfully

2019-03-07 13:12:28 - [MESSAGE][PASSED] - Navigate to 'https://www.bigbasket.com/' successfully

2019-03-07 13:12:28 - [TEST_STEP][PASSED] - click(findTestObject("Object Repository/Page_Online Grocery Shopping and On/a_Login")): Object: 'Object Repository/Page_Online Grocery Shopping and On/a_Login' is clicked on

2019-03-07 13:12:28 - [MESSAGE][PASSED] - Object: 'Object Repository/Page_Online Grocery Shopping and On/a_Login' is clicked on

2019-03-07 13:12:28 - [TEST_STEP][PASSED] - setText(findTestObject("Object Repository/Page_Online Grocery Shopping and On/input_OR_email"), "nivedita.hbti@gmail.com"): Text 'nivedita.hbti@gmail.com' is set on object 'Object Repository/Page_Online Grocery Shopping and On/input_OR_email'

2019-03-07 13:12:30 - [MESSAGE][PASSED] - Text 'nivedita.hbti@gmail.com' is set on object 'Object Repository/Page_Online Grocery Shopping and On/input_OR_email'

2019-03-07 13:12:30 - [TEST_STEP][PASSED] - setEncryptedText(findTestObject("Object Repository/Page_Online Grocery Shopping and On/input_Please enter valid email"), "LqVTzjb8H0GS29zWb5N07g=="): Text ****** has been set on object 'Object Repository/Page_Online Grocery Shopping and On/input_Please enter valid email'

2019-03-07 13:12:30 - [MESSAGE][PASSED] - Text ****** has been set on object 'Object Repository/Page_Online Grocery Shopping and On/input_Please enter valid email'

2019-03-07 13:12:30 - [TEST_STEP][PASSED] - click(findTestObject("Object Repository/Page_Online Grocery Shopping and On/button_LOGIN")): Object: 'Object Repository/Page_Online Grocery Shopping and On/button_LOGIN' is clicked on

2019-03-07 13:12:31 - [MESSAGE][PASSED] - Object: 'Object Repository/Page_Online Grocery Shopping and On/button_LOGIN' is clicked on

2019-03-07 13:12:31 - [TEST_STEP][PASSED] - waitForPageLoad(15): Wait for page load successfully

2019-03-07 13:12:31 - [MESSAGE][PASSED] - Wait for page load successfully

2019-03-07 13:12:31 - [TEST_STEP][PASSED] - waitForElementClickable(findTestObject("Object Repository/Page_Online Grocery Shopping and On/span_UserAccount"), 15): Object 'Object Repository/Page_Online Grocery Shopping and On/span_UserAccount' is clickable

2019-03-07 13:12:39 - [MESSAGE][PASSED] - Object 'Object Repository/Page_Online Grocery Shopping and On/span_UserAccount' is clickable

2019-03-07 13:12:39 - [TEST_STEP][PASSED] - Thread.sleep(2000): null

2019-03-07 13:12:41 - [TEST_STEP][PASSED] - click(findTestObject("Object Repository/Page_Online Grocery Shopping and On/span_UserAccount")): Object: 'Object Repository/Page_Online Grocery Shopping and On/span_UserAccount' is clicked on

2019-03-07 13:12:42 - [MESSAGE][PASSED] - Object: 'Object Repository/Page_Online Grocery Shopping and On/span_UserAccount' is clicked on

2019-03-07 13:12:42 - [TEST_STEP][PASSED] - click(findTestObject("Object Repository/BigBasket/OrderSummary/UserNivedita_MyOrders")): Object: 'Object Repository/BigBasket/OrderSummary/UserNivedita_MyOrders' is clicked on

2019-03-07 13:12:44 - [MESSAGE][PASSED] - Object: 'Object Repository/BigBasket/OrderSummary/UserNivedita_MyOrders' is clicked on

2019-03-07 13:12:44 - [TEST_STEP][PASSED] - waitForPageLoad(15): Wait for page load successfully

2019-03-07 13:12:45 - [MESSAGE][PASSED] - Wait for page load successfully

2019-03-07 13:12:45 - [TEST_STEP][PASSED] - click(findTestObject("Object Repository/BigBasket/OrderSummary/OrderSummary_MyOrders")): Object: 'Object Repository/BigBasket/OrderSummary/OrderSummary_MyOrders' is clicked on

2019-03-07 13:12:45 - [MESSAGE][PASSED] - Object: 'Object Repository/BigBasket/OrderSummary/OrderSummary_MyOrders' is clicked on

2019-03-07 13:12:45 - [TEST_STEP][PASSED] - Thread.sleep(2000): null

2019-03-07 13:12:47 - [TEST_STEP][PASSED] - click(findTestObject("Object Repository/BigBasket/OrderSummary/PastOrders_Header_ViewNoItems")): Object: 'Object Repository/BigBasket/OrderSummary/PastOrders_Header_ViewNoItems' is clicked on

2019-03-07 13:12:52 - [MESSAGE][PASSED] - Object: 'Object Repository/BigBasket/OrderSummary/PastOrders_Header_ViewNoItems' is clicked on

2019-03-07 13:12:52 - [TEST_STEP][PASSED] - waitForPageLoad(15): Wait for page load successfully

2019-03-07 13:12:52 - [MESSAGE][PASSED] - Wait for page load successfully

2019-03-07 13:12:52 - [TEST_STEP][PASSED] - waitForElementPresent(findTestObject("BigBasket/OrderSummary/OrderDetails/OrderDetails_Btn_SHOP FROM THIS OREDR"), 15): Object 'Object Repository/BigBasket/OrderSummary/OrderDetails/OrderDetails_Btn_SHOP FROM THIS OREDR' is present

2019-03-07 13:12:52 - [MESSAGE][PASSED] - Object 'Object Repository/BigBasket/OrderSummary/OrderDetails/OrderDetails_Btn_SHOP FROM THIS OREDR' is present

2019-03-07 13:12:52 - [TEST_STEP][PASSED] - orderNumber = getText(findTestObject("Object Repository/BigBasket/OrderSummary/OrderDetails/OrderDetails_OrderNumber")).trim(): Text of object 'Object Repository/BigBasket/OrderSummary/OrderDetails/OrderDetails_OrderNumber' is: 'MBO-72530547-050319'

2019-03-07 13:12:53 - [MESSAGE][PASSED] - Text of object 'Object Repository/BigBasket/OrderSummary/OrderDetails/OrderDetails_OrderNumber' is: 'MBO-72530547-050319'

2019-03-07 13:12:53 - [TEST_STEP][PASSED] - println("orderNumber is " + orderNumber): null

2019-03-07 13:12:53 - [TEST_STEP][PASSED] - scrollToElement(findTestObject("BigBasket/OrderSummary/OrderDetails/OrderDetails_Btn_SHOP FROM THIS OREDR"), 15): Scroll to object 'Object Repository/BigBasket/OrderSummary/OrderDetails/OrderDetails_Btn_SHOP FROM THIS OREDR' successfully

2019-03-07 13:12:53 - [MESSAGE][PASSED] - Scroll to object 'Object Repository/BigBasket/OrderSummary/OrderDetails/OrderDetails_Btn_SHOP FROM THIS OREDR' successfully

2019-03-07 13:12:53 - [TEST_STEP][PASSED] - NameofItemsInOrderDetail = findWebElements(findTestObject("Object Repository/BigBasket/OrderSummary/OrderDetails/OrderDetails_Item_ItemName"), 15): null

2019-03-07 13:12:53 - [TEST_STEP][PASSED] - UnitPriceofItemsInOrderDetail = findWebElements(findTestObject("Object Repository/BigBasket/OrderSummary/OrderDetails/OrderDetails_Item_UnitPrice"), 15): null

2019-03-07 13:12:53 - [TEST_STEP][PASSED] - ItemName_OrderDetail = new java.util.ArrayList(): null

2019-03-07 13:12:53 - [TEST_STEP][PASSED] - UnitPrice_OrderDetail = new java.util.ArrayList(): null

2019-03-07 13:12:53 - [TEST_STEP][PASSED] - for ([i = 0, i < NameofItemsInOrderDetail.size(), (i++)]): null

2019-03-07 13:12:53 - [TEST_STEP][PASSED] - ItemName_OrderDetail.add(getText().trim()): null

2019-03-07 13:12:53 - [TEST_STEP][PASSED] - UnitPrice_OrderDetail.add(getText().trim()): null

2019-03-07 13:12:53 - [TEST_STEP][PASSED] - ItemName_OrderDetail.add(getText().trim()): null

2019-03-07 13:12:53 - [TEST_STEP][PASSED] - UnitPrice_OrderDetail.add(getText().trim()): null

2019-03-07 13:12:53 - [TEST_STEP][PASSED] - ItemName_OrderDetail.add(getText().trim()): null

2019-03-07 13:12:53 - [TEST_STEP][PASSED] - UnitPrice_OrderDetail.add(getText().trim()): null

2019-03-07 13:12:53 - [TEST_STEP][PASSED] - ItemName_OrderDetail.add(getText().trim()): null

2019-03-07 13:12:53 - [TEST_STEP][PASSED] - UnitPrice_OrderDetail.add(getText().trim()): null

2019-03-07 13:12:53 - [TEST_STEP][PASSED] - ItemName_OrderDetail.add(getText().trim()): null

2019-03-07 13:12:53 - [TEST_STEP][PASSED] - UnitPrice_OrderDetail.add(getText().trim()): null

2019-03-07 13:12:53 - [TEST_STEP][PASSED] - ItemName_OrderDetail.add(getText().trim()): null

2019-03-07 13:12:53 - [TEST_STEP][PASSED] - UnitPrice_OrderDetail.add(getText().trim()): null

2019-03-07 13:12:53 - [TEST_STEP][PASSED] - ItemName_OrderDetail.add(getText().trim()): null

2019-03-07 13:12:53 - [TEST_STEP][PASSED] - UnitPrice_OrderDetail.add(getText().trim()): null

2019-03-07 13:12:53 - [TEST_STEP][PASSED] - ItemName_OrderDetail.add(getText().trim()): null

2019-03-07 13:12:53 - [TEST_STEP][PASSED] - UnitPrice_OrderDetail.add(getText().trim()): null

2019-03-07 13:12:53 - [TEST_STEP][PASSED] - ItemName_OrderDetail.add(getText().trim()): null

2019-03-07 13:12:53 - [TEST_STEP][PASSED] - UnitPrice_OrderDetail.add(getText().trim()): null

2019-03-07 13:12:53 - [TEST_STEP][PASSED] - ItemName_OrderDetail.add(getText().trim()): null

2019-03-07 13:12:53 - [TEST_STEP][PASSED] - UnitPrice_OrderDetail.add(getText().trim()): null

2019-03-07 13:12:53 - [TEST_STEP][PASSED] - ItemName_OrderDetail.add(getText().trim()): null

2019-03-07 13:12:53 - [TEST_STEP][PASSED] - UnitPrice_OrderDetail.add(getText().trim()): null

2019-03-07 13:12:53 - [TEST_STEP][PASSED] - ItemName_OrderDetail.add(getText().trim()): null

2019-03-07 13:12:53 - [TEST_STEP][PASSED] - UnitPrice_OrderDetail.add(getText().trim()): null

2019-03-07 13:12:53 - [TEST_STEP][PASSED] - ItemName_OrderDetail.add(getText().trim()): null

2019-03-07 13:12:53 - [TEST_STEP][PASSED] - UnitPrice_OrderDetail.add(getText().trim()): null

2019-03-07 13:12:53 - [TEST_STEP][PASSED] - ItemName_OrderDetail.add(getText().trim()): null

2019-03-07 13:12:53 - [TEST_STEP][PASSED] - UnitPrice_OrderDetail.add(getText().trim()): null

2019-03-07 13:12:53 - [TEST_STEP][PASSED] - ItemName_OrderDetail.add(getText().trim()): null

2019-03-07 13:12:53 - [TEST_STEP][PASSED] - UnitPrice_OrderDetail.add(getText().trim()): null

2019-03-07 13:12:54 - [TEST_STEP][PASSED] - ItemName_OrderDetail.add(getText().trim()): null

2019-03-07 13:12:54 - [TEST_STEP][PASSED] - UnitPrice_OrderDetail.add(getText().trim()): null

2019-03-07 13:12:54 - [TEST_STEP][PASSED] - ItemName_OrderDetail.add(getText().trim()): null

2019-03-07 13:12:54 - [TEST_STEP][PASSED] - UnitPrice_OrderDetail.add(getText().trim()): null

2019-03-07 13:12:54 - [TEST_STEP][PASSED] - ItemName_OrderDetail.add(getText().trim()): null

2019-03-07 13:12:54 - [TEST_STEP][PASSED] - UnitPrice_OrderDetail.add(getText().trim()): null

2019-03-07 13:12:54 - [TEST_STEP][PASSED] - ItemName_OrderDetail.add(getText().trim()): null

2019-03-07 13:12:54 - [TEST_STEP][PASSED] - UnitPrice_OrderDetail.add(getText().trim()): null

2019-03-07 13:12:54 - [TEST_STEP][PASSED] - println("Item name and Unit Price in Oredr details Page is  " + ItemName_OrderDetail + "         " + UnitPrice_OrderDetail): null

2019-03-07 13:12:54 - [TEST_STEP][PASSED] - click(findTestObject("Object Repository/BigBasket/OrderSummary/Invoice/Btn_INVOICE LIST")): Object: 'Object Repository/BigBasket/OrderSummary/Invoice/Btn_INVOICE LIST' is clicked on

2019-03-07 13:12:54 - [MESSAGE][PASSED] - Object: 'Object Repository/BigBasket/OrderSummary/Invoice/Btn_INVOICE LIST' is clicked on

2019-03-07 13:12:54 - [TEST_STEP][PASSED] - click(findTestObject("Object Repository/BigBasket/OrderSummary/Invoice/DropDown_InvoiceList_OrderStatement")): Object: 'Object Repository/BigBasket/OrderSummary/Invoice/DropDown_InvoiceList_OrderStatement' is clicked on

2019-03-07 13:12:54 - [MESSAGE][PASSED] - Object: 'Object Repository/BigBasket/OrderSummary/Invoice/DropDown_InvoiceList_OrderStatement' is clicked on

2019-03-07 13:12:54 - [TEST_STEP][PASSED] - println("Window 1: " + getWindowTitle()): Current window's title is: 'Best Online Grocery Store in India. Save Big on Grocery Shopping | bigbasket.com'

2019-03-07 13:12:54 - [MESSAGE][PASSED] - Current window's title is: 'Best Online Grocery Store in India. Save Big on Grocery Shopping | bigbasket.com'

2019-03-07 13:12:54 - [TEST_STEP][PASSED] - Thread.sleep(3000): null

2019-03-07 13:12:57 - [TEST_STEP][PASSED] - switchToWindowUrl(https://www.bigbasket.com/order/$orderNumber/invoice/): Switched to window with url: 'https://www.bigbasket.com/order/MBO-72530547-050319/invoice/'

2019-03-07 13:12:57 - [MESSAGE][PASSED] - Switched to window with url: 'https://www.bigbasket.com/order/MBO-72530547-050319/invoice/'

2019-03-07 13:12:57 - [TEST_STEP][PASSED] - println("Window 2: " + getWindowTitle()): Current window's title is: 'Invoice #72233263 for Order # MBO-72530547-050319 : bigbasket.com'

2019-03-07 13:12:57 - [MESSAGE][PASSED] - Current window's title is: 'Invoice #72233263 for Order # MBO-72530547-050319 : bigbasket.com'

2019-03-07 13:12:57 - [TEST_STEP][PASSED] - TableMetacolms = findWebElements(findTestObject("Object Repository/BigBasket/OrderSummary/Invoice/OrderStatement_Tbl_IdentityMeta"), 15): null

2019-03-07 13:12:57 - [TEST_STEP][PASSED] - Colomn1PerRow = new java.util.ArrayList(): null

2019-03-07 13:12:57 - [TEST_STEP][PASSED] - Colomn2PerRow = new java.util.ArrayList(): null

2019-03-07 13:12:57 - [TEST_STEP][PASSED] - for ([i = 0, i < TableMetacolms.size(), (i++)]): null

2019-03-07 13:12:57 - [TEST_STEP][PASSED] - j = i / 2 + 1: null

2019-03-07 13:12:57 - [TEST_STEP][PASSED] - Colomn1PerRow.add(get(i).getText()): null

2019-03-07 13:12:57 - [TEST_STEP][PASSED] - Colomn2PerRow.add(get(i + 1).getText()): null

2019-03-07 13:12:57 - [TEST_STEP][PASSED] - println("
   Row " + j + " is         " + get(i).getText() + " - " + get(i + 1).getText()): null

2019-03-07 13:12:57 - [TEST_STEP][PASSED] - i = i + 1: null

2019-03-07 13:12:57 - [TEST_STEP][PASSED] - j = i / 2 + 1: null

2019-03-07 13:12:57 - [TEST_STEP][PASSED] - Colomn1PerRow.add(get(i).getText()): null

2019-03-07 13:12:57 - [TEST_STEP][PASSED] - Colomn2PerRow.add(get(i + 1).getText()): null

2019-03-07 13:12:57 - [TEST_STEP][PASSED] - println("
   Row " + j + " is         " + get(i).getText() + " - " + get(i + 1).getText()): null

2019-03-07 13:12:58 - [TEST_STEP][PASSED] - i = i + 1: null

2019-03-07 13:12:58 - [TEST_STEP][PASSED] - j = i / 2 + 1: null

2019-03-07 13:12:58 - [TEST_STEP][PASSED] - Colomn1PerRow.add(get(i).getText()): null

2019-03-07 13:12:58 - [TEST_STEP][PASSED] - Colomn2PerRow.add(get(i + 1).getText()): null

2019-03-07 13:12:58 - [TEST_STEP][PASSED] - println("
   Row " + j + " is         " + get(i).getText() + " - " + get(i + 1).getText()): null

2019-03-07 13:12:58 - [TEST_STEP][PASSED] - i = i + 1: null

2019-03-07 13:12:58 - [TEST_STEP][PASSED] - j = i / 2 + 1: null

2019-03-07 13:12:58 - [TEST_STEP][PASSED] - Colomn1PerRow.add(get(i).getText()): null

2019-03-07 13:12:58 - [TEST_STEP][PASSED] - Colomn2PerRow.add(get(i + 1).getText()): null

2019-03-07 13:12:58 - [TEST_STEP][PASSED] - println("
   Row " + j + " is         " + get(i).getText() + " - " + get(i + 1).getText()): null

2019-03-07 13:12:58 - [TEST_STEP][PASSED] - i = i + 1: null

2019-03-07 13:12:58 - [TEST_STEP][PASSED] - j = i / 2 + 1: null

2019-03-07 13:12:58 - [TEST_STEP][PASSED] - Colomn1PerRow.add(get(i).getText()): null

2019-03-07 13:12:58 - [TEST_STEP][PASSED] - Colomn2PerRow.add(get(i + 1).getText()): null

2019-03-07 13:12:58 - [TEST_STEP][PASSED] - println("
   Row " + j + " is         " + get(i).getText() + " - " + get(i + 1).getText()): null

2019-03-07 13:12:58 - [TEST_STEP][PASSED] - i = i + 1: null

2019-03-07 13:12:58 - [TEST_STEP][PASSED] - j = i / 2 + 1: null

2019-03-07 13:12:58 - [TEST_STEP][PASSED] - Colomn1PerRow.add(get(i).getText()): null

2019-03-07 13:12:58 - [TEST_STEP][PASSED] - Colomn2PerRow.add(get(i + 1).getText()): null

2019-03-07 13:12:58 - [TEST_STEP][PASSED] - println("
   Row " + j + " is         " + get(i).getText() + " - " + get(i + 1).getText()): null

2019-03-07 13:12:58 - [TEST_STEP][PASSED] - i = i + 1: null

2019-03-07 13:12:58 - [TEST_STEP][PASSED] - j = i / 2 + 1: null

2019-03-07 13:12:58 - [TEST_STEP][PASSED] - Colomn1PerRow.add(get(i).getText()): null

2019-03-07 13:12:58 - [TEST_STEP][PASSED] - Colomn2PerRow.add(get(i + 1).getText()): null

2019-03-07 13:12:58 - [TEST_STEP][PASSED] - println("
   Row " + j + " is         " + get(i).getText() + " - " + get(i + 1).getText()): null

2019-03-07 13:12:58 - [TEST_STEP][PASSED] - i = i + 1: null

2019-03-07 13:12:58 - [TEST_STEP][PASSED] - j = i / 2 + 1: null

2019-03-07 13:12:58 - [TEST_STEP][PASSED] - Colomn1PerRow.add(get(i).getText()): null

2019-03-07 13:12:58 - [TEST_STEP][PASSED] - Colomn2PerRow.add(get(i + 1).getText()): null

2019-03-07 13:12:58 - [TEST_STEP][PASSED] - println("
   Row " + j + " is         " + get(i).getText() + " - " + get(i + 1).getText()): null

2019-03-07 13:12:58 - [TEST_STEP][PASSED] - i = i + 1: null

2019-03-07 13:12:58 - [TEST_STEP][PASSED] - j = i / 2 + 1: null

2019-03-07 13:12:58 - [TEST_STEP][PASSED] - Colomn1PerRow.add(get(i).getText()): null

2019-03-07 13:12:58 - [TEST_STEP][PASSED] - Colomn2PerRow.add(get(i + 1).getText()): null

2019-03-07 13:12:58 - [TEST_STEP][PASSED] - println("
   Row " + j + " is         " + get(i).getText() + " - " + get(i + 1).getText()): null

2019-03-07 13:12:58 - [TEST_STEP][PASSED] - i = i + 1: null

2019-03-07 13:12:58 - [TEST_STEP][PASSED] - for ([i = 0, i < Colomn2PerRow.size(), (i++)]): null

2019-03-07 13:12:58 - [TEST_STEP][PASSED] - if (get(i).equals("MBO-71816640-260219")): null

2019-03-07 13:12:58 - [TEST_STEP][PASSED] - if (get(i).equals("MBO-71816640-260219")): null

2019-03-07 13:12:58 - [TEST_STEP][PASSED] - if (get(i).equals("MBO-71816640-260219")): null

2019-03-07 13:12:58 - [TEST_STEP][PASSED] - if (get(i).equals("MBO-71816640-260219")): null

2019-03-07 13:12:58 - [TEST_STEP][PASSED] - if (get(i).equals("MBO-71816640-260219")): null

2019-03-07 13:12:58 - [TEST_STEP][PASSED] - if (get(i).equals("MBO-71816640-260219")): null

2019-03-07 13:12:58 - [TEST_STEP][PASSED] - if (get(i).equals("MBO-71816640-260219")): null

2019-03-07 13:12:58 - [TEST_STEP][PASSED] - if (get(i).equals("MBO-71816640-260219")): null

2019-03-07 13:12:58 - [TEST_STEP][PASSED] - if (get(i).equals("MBO-71816640-260219")): null

2019-03-07 13:12:58 - [TEST_STEP][PASSED] - NameofItems = findWebElements(findTestObject("Object Repository/BigBasket/OrderSummary/Invoice/OrderStatement_Item_ItemName"), 15): null

2019-03-07 13:12:58 - [TEST_STEP][PASSED] - UnitCostofItems = findWebElements(findTestObject("Object Repository/BigBasket/OrderSummary/Invoice/OrderStatement_Item_UnitPrice"), 15): null

2019-03-07 13:12:58 - [TEST_STEP][PASSED] - QuantityofItems = findWebElements(findTestObject("Object Repository/BigBasket/OrderSummary/Invoice/OrderStatement_Item_Quantity"), 15): null

2019-03-07 13:12:58 - [TEST_STEP][PASSED] - PriceofItems = findWebElements(findTestObject("Object Repository/BigBasket/OrderSummary/Invoice/OrderStatement_Item_Price"), 15): null

2019-03-07 13:12:58 - [TEST_STEP][PASSED] - ItemName = new java.util.ArrayList(): null

2019-03-07 13:12:58 - [TEST_STEP][PASSED] - ItemUnitCost = new java.util.ArrayList(): null

2019-03-07 13:12:58 - [TEST_STEP][PASSED] - ItemQuantity = new java.util.ArrayList(): null

2019-03-07 13:12:58 - [TEST_STEP][PASSED] - ItemPrice = new java.util.ArrayList(): null

2019-03-07 13:12:58 - [TEST_STEP][PASSED] - for ([i = 0, i < PriceofItems.size(), (i++)]): null

2019-03-07 13:12:58 - [TEST_STEP][PASSED] - ItemName.add(get(i).getText()): null

2019-03-07 13:12:58 - [TEST_STEP][PASSED] - ItemUnitCost.add(get(i).getText()): null

2019-03-07 13:12:58 - [TEST_STEP][PASSED] - ItemQuantity.add(get(i).getText()): null

2019-03-07 13:12:58 - [TEST_STEP][PASSED] - ItemPrice.add(get(i).getText()): null

2019-03-07 13:12:58 - [TEST_STEP][PASSED] - ItemName.add(get(i).getText()): null

2019-03-07 13:12:58 - [TEST_STEP][PASSED] - ItemUnitCost.add(get(i).getText()): null

2019-03-07 13:12:58 - [TEST_STEP][PASSED] - ItemQuantity.add(get(i).getText()): null

2019-03-07 13:12:58 - [TEST_STEP][PASSED] - ItemPrice.add(get(i).getText()): null

2019-03-07 13:12:58 - [TEST_STEP][PASSED] - ItemName.add(get(i).getText()): null

2019-03-07 13:12:58 - [TEST_STEP][PASSED] - ItemUnitCost.add(get(i).getText()): null

2019-03-07 13:12:58 - [TEST_STEP][PASSED] - ItemQuantity.add(get(i).getText()): null

2019-03-07 13:12:58 - [TEST_STEP][PASSED] - ItemPrice.add(get(i).getText()): null

2019-03-07 13:12:59 - [TEST_STEP][PASSED] - ItemName.add(get(i).getText()): null

2019-03-07 13:12:59 - [TEST_STEP][PASSED] - ItemUnitCost.add(get(i).getText()): null

2019-03-07 13:12:59 - [TEST_STEP][PASSED] - ItemQuantity.add(get(i).getText()): null

2019-03-07 13:12:59 - [TEST_STEP][PASSED] - ItemPrice.add(get(i).getText()): null

2019-03-07 13:12:59 - [TEST_STEP][PASSED] - ItemName.add(get(i).getText()): null

2019-03-07 13:12:59 - [TEST_STEP][PASSED] - ItemUnitCost.add(get(i).getText()): null

2019-03-07 13:12:59 - [TEST_STEP][PASSED] - ItemQuantity.add(get(i).getText()): null

2019-03-07 13:12:59 - [TEST_STEP][PASSED] - ItemPrice.add(get(i).getText()): null

2019-03-07 13:12:59 - [TEST_STEP][PASSED] - ItemName.add(get(i).getText()): null

2019-03-07 13:12:59 - [TEST_STEP][PASSED] - ItemUnitCost.add(get(i).getText()): null

2019-03-07 13:12:59 - [TEST_STEP][PASSED] - ItemQuantity.add(get(i).getText()): null

2019-03-07 13:12:59 - [TEST_STEP][PASSED] - ItemPrice.add(get(i).getText()): null

2019-03-07 13:12:59 - [TEST_STEP][PASSED] - ItemName.add(get(i).getText()): null

2019-03-07 13:12:59 - [TEST_STEP][PASSED] - ItemUnitCost.add(get(i).getText()): null

2019-03-07 13:12:59 - [TEST_STEP][PASSED] - ItemQuantity.add(get(i).getText()): null

2019-03-07 13:12:59 - [TEST_STEP][PASSED] - ItemPrice.add(get(i).getText()): null

2019-03-07 13:12:59 - [TEST_STEP][PASSED] - ItemName.add(get(i).getText()): null

2019-03-07 13:12:59 - [TEST_STEP][PASSED] - ItemUnitCost.add(get(i).getText()): null

2019-03-07 13:12:59 - [TEST_STEP][PASSED] - ItemQuantity.add(get(i).getText()): null

2019-03-07 13:12:59 - [TEST_STEP][PASSED] - ItemPrice.add(get(i).getText()): null

2019-03-07 13:12:59 - [TEST_STEP][PASSED] - ItemName.add(get(i).getText()): null

2019-03-07 13:12:59 - [TEST_STEP][PASSED] - ItemUnitCost.add(get(i).getText()): null

2019-03-07 13:12:59 - [TEST_STEP][PASSED] - ItemQuantity.add(get(i).getText()): null

2019-03-07 13:12:59 - [TEST_STEP][PASSED] - ItemPrice.add(get(i).getText()): null

2019-03-07 13:12:59 - [TEST_STEP][PASSED] - ItemName.add(get(i).getText()): null

2019-03-07 13:12:59 - [TEST_STEP][PASSED] - ItemUnitCost.add(get(i).getText()): null

2019-03-07 13:12:59 - [TEST_STEP][PASSED] - ItemQuantity.add(get(i).getText()): null

2019-03-07 13:12:59 - [TEST_STEP][PASSED] - ItemPrice.add(get(i).getText()): null

2019-03-07 13:12:59 - [TEST_STEP][PASSED] - ItemName.add(get(i).getText()): null

2019-03-07 13:12:59 - [TEST_STEP][PASSED] - ItemUnitCost.add(get(i).getText()): null

2019-03-07 13:12:59 - [TEST_STEP][PASSED] - ItemQuantity.add(get(i).getText()): null

2019-03-07 13:12:59 - [TEST_STEP][PASSED] - ItemPrice.add(get(i).getText()): null

2019-03-07 13:12:59 - [TEST_STEP][PASSED] - ItemName.add(get(i).getText()): null

2019-03-07 13:12:59 - [TEST_STEP][PASSED] - ItemUnitCost.add(get(i).getText()): null

2019-03-07 13:12:59 - [TEST_STEP][PASSED] - ItemQuantity.add(get(i).getText()): null

2019-03-07 13:12:59 - [TEST_STEP][PASSED] - ItemPrice.add(get(i).getText()): null

2019-03-07 13:12:59 - [TEST_STEP][PASSED] - ItemName.add(get(i).getText()): null

2019-03-07 13:13:00 - [TEST_STEP][PASSED] - ItemUnitCost.add(get(i).getText()): null

2019-03-07 13:13:00 - [TEST_STEP][PASSED] - ItemQuantity.add(get(i).getText()): null

2019-03-07 13:13:00 - [TEST_STEP][PASSED] - ItemPrice.add(get(i).getText()): null

2019-03-07 13:13:00 - [TEST_STEP][PASSED] - ItemName.add(get(i).getText()): null

2019-03-07 13:13:00 - [TEST_STEP][PASSED] - ItemUnitCost.add(get(i).getText()): null

2019-03-07 13:13:00 - [TEST_STEP][PASSED] - ItemQuantity.add(get(i).getText()): null

2019-03-07 13:13:00 - [TEST_STEP][PASSED] - ItemPrice.add(get(i).getText()): null

2019-03-07 13:13:00 - [TEST_STEP][PASSED] - ItemName.add(get(i).getText()): null

2019-03-07 13:13:00 - [TEST_STEP][PASSED] - ItemUnitCost.add(get(i).getText()): null

2019-03-07 13:13:00 - [TEST_STEP][PASSED] - ItemQuantity.add(get(i).getText()): null

2019-03-07 13:13:00 - [TEST_STEP][PASSED] - ItemPrice.add(get(i).getText()): null

2019-03-07 13:13:00 - [TEST_STEP][PASSED] - ItemName.add(get(i).getText()): null

2019-03-07 13:13:00 - [TEST_STEP][PASSED] - ItemUnitCost.add(get(i).getText()): null

2019-03-07 13:13:00 - [TEST_STEP][PASSED] - ItemQuantity.add(get(i).getText()): null

2019-03-07 13:13:00 - [TEST_STEP][PASSED] - ItemPrice.add(get(i).getText()): null

2019-03-07 13:13:00 - [TEST_STEP][PASSED] - ItemName.add(get(i).getText()): null

2019-03-07 13:13:00 - [TEST_STEP][PASSED] - ItemUnitCost.add(get(i).getText()): null

2019-03-07 13:13:00 - [TEST_STEP][PASSED] - ItemQuantity.add(get(i).getText()): null

2019-03-07 13:13:00 - [TEST_STEP][PASSED] - ItemPrice.add(get(i).getText()): null

2019-03-07 13:13:00 - [TEST_STEP][PASSED] - ItemName.add(get(i).getText()): null

2019-03-07 13:13:00 - [TEST_STEP][PASSED] - ItemUnitCost.add(get(i).getText()): null

2019-03-07 13:13:00 - [TEST_STEP][PASSED] - ItemQuantity.add(get(i).getText()): null

2019-03-07 13:13:00 - [TEST_STEP][PASSED] - ItemPrice.add(get(i).getText()): null

2019-03-07 13:13:00 - [TEST_STEP][PASSED] - ItemName.add(get(i).getText()): null

2019-03-07 13:13:00 - [TEST_STEP][PASSED] - ItemUnitCost.add(get(i).getText()): null

2019-03-07 13:13:00 - [TEST_STEP][PASSED] - ItemQuantity.add(get(i).getText()): null

2019-03-07 13:13:00 - [TEST_STEP][PASSED] - ItemPrice.add(get(i).getText()): null

2019-03-07 13:13:00 - [TEST_STEP][PASSED] - println(PriceofItems.size()): null

2019-03-07 13:13:00 - [TEST_STEP][PASSED] - for ([i = 0, i < PriceofItems.size(), (i++)]): null

2019-03-07 13:13:00 - [TEST_STEP][PASSED] - println("                 Name of Item is: " + ItemName.get(i)): null

2019-03-07 13:13:00 - [TEST_STEP][PASSED] - println("                 Name of Item is: " + ItemName.get(i)): null

2019-03-07 13:13:00 - [TEST_STEP][PASSED] - println("                 Name of Item is: " + ItemName.get(i)): null

2019-03-07 13:13:00 - [TEST_STEP][PASSED] - println("                 Name of Item is: " + ItemName.get(i)): null

2019-03-07 13:13:00 - [TEST_STEP][PASSED] - println("                 Name of Item is: " + ItemName.get(i)): null

2019-03-07 13:13:00 - [TEST_STEP][PASSED] - println("                 Name of Item is: " + ItemName.get(i)): null

2019-03-07 13:13:00 - [TEST_STEP][PASSED] - println("                 Name of Item is: " + ItemName.get(i)): null

2019-03-07 13:13:00 - [TEST_STEP][PASSED] - println("                 Name of Item is: " + ItemName.get(i)): null

2019-03-07 13:13:00 - [TEST_STEP][PASSED] - println("                 Name of Item is: " + ItemName.get(i)): null

2019-03-07 13:13:00 - [TEST_STEP][PASSED] - println("                 Name of Item is: " + ItemName.get(i)): null

2019-03-07 13:13:00 - [TEST_STEP][PASSED] - println("                 Name of Item is: " + ItemName.get(i)): null

2019-03-07 13:13:00 - [TEST_STEP][PASSED] - println("                 Name of Item is: " + ItemName.get(i)): null

2019-03-07 13:13:00 - [TEST_STEP][PASSED] - println("                 Name of Item is: " + ItemName.get(i)): null

2019-03-07 13:13:00 - [TEST_STEP][PASSED] - println("                 Name of Item is: " + ItemName.get(i)): null

2019-03-07 13:13:00 - [TEST_STEP][PASSED] - println("                 Name of Item is: " + ItemName.get(i)): null

2019-03-07 13:13:00 - [TEST_STEP][PASSED] - println("                 Name of Item is: " + ItemName.get(i)): null

2019-03-07 13:13:00 - [TEST_STEP][PASSED] - println("                 Name of Item is: " + ItemName.get(i)): null

2019-03-07 13:13:00 - [TEST_STEP][PASSED] - println("                 Name of Item is: " + ItemName.get(i)): null

2019-03-07 13:13:00 - [TEST_STEP][PASSED] - println("                 Name of Item is: " + ItemName.get(i)): null

2019-03-07 13:13:00 - [TEST_STEP][PASSED] - println("                 Item is: " + ItemName): null

2019-03-07 13:13:00 - [TEST_STEP][FAILED] - for ([i = 0, i < ItemName_OrderDetail.size(), (i++)]): for ([i = 0, i < ItemName_OrderDetail.size(), (i++)]) FAILED.
Reason:
Assertion failed: 

assert (ItemName.get(i)).contains(ItemName_OrderDetail.get(i).replace("...", "").trim())
        |        |   |   |        |                    |   |  |                  |
        |        |   0   false    |                    |   0  |                  Apple - Shimla, Large 4 pcs
        |        |                |                    |      Apple - Shimla, Large 4 pcs 
        |        |                |                    Apple - Shimla, Large 4 pcs ...
        |        |                [Apple - Shimla, Large 4 pcs ..., Colocasia 500 gm, Ginger - Organically Grown 250 gm, Methi - Chopped 200 gm, Mushrooms - Button 200 gm, Palak 250 gm, Sweet Corn 2 pcs, Tomato - Local 1 kg, Rajma - Kashmiri 200 gm Pouch, Rajma - White/Chitra 200 gm Pouch, Organic Kala Channa 500 gm Pouch, Sandwich Bread - White, Chemical Free..., Tea Cake - Choco Chip 250 gm, Spread - Cocoa With Almond 150 gm, Sauce - Honey Mustard 225 gm, Ragi Bites - Choco Fills 22 gm, Prawns - Pd Jumbo 250 gm Pouch, Prawns - Pd Xtra Large 250 gm Pouch, Durum Wheat Pasta - Mini Fusilli 350 gm...]
        |        Fresho Methi - Chopped 200 gm
        [Fresho Methi - Chopped 200 gm, Fresho Mushrooms - Button 200 gm, ^^ Fresho Palak 250 gm ( Actual weight 275 gms, billed for 263 gms ), Seastar Prawns - Pd Jumbo 250 gm Pouch, Seastar Prawns - Pd Xtra Large 250 gm Pouch, Fresho Apple - Shimla, Large 4 pcs (Approx.700g-800g), ^^ Fresho Colocasia 500 gm ( Actual weight 530 gms, billed for 525 gms ), Fresho Ginger - Organically Grown 250 gm, Fresho Sweet Corn 2 pcs, ^ Fresho Tomato - Local 1 kg, bb Royal Rajma - Kashmiri 200 gm Pouch, bb Royal Rajma - White/Chitra 200 gm Pouch, Pro Nature Organic Kala Channa 500 gm Pouch, Fresho Sandwich Bread - White, Chemical Free 400 gm, Fresho Signature Tea Cake - Choco Chip 250 gm, Hersheys Spread - Cocoa With Almond 150 gm, MIE Sauce - Honey Mustard 225 gm, Soulfull Ragi Bites - Choco Fills 22 gm, BORGES Durum Wheat Pasta - Mini Fusilli 350 gm Pouch]

	at OrderSummary_InvoiceList_OrderStatement.run(OrderSummary_InvoiceList_OrderStatement:150)
	at com.kms.katalon.core.main.ScriptEngine.run(ScriptEngine.java:194)
	at com.kms.katalon.core.main.ScriptEngine.runScriptAsRawText(ScriptEngine.java:119)
	at com.kms.katalon.core.main.TestCaseExecutor.runScript(TestCaseExecutor.java:328)
	at com.kms.katalon.core.main.TestCaseExecutor.doExecute(TestCaseExecutor.java:319)
	at com.kms.katalon.core.main.TestCaseExecutor.processExecutionPhase(TestCaseExecutor.java:298)
	at com.kms.katalon.core.main.TestCaseExecutor.accessMainPhase(TestCaseExecutor.java:290)
	at com.kms.katalon.core.main.TestCaseExecutor.execute(TestCaseExecutor.java:224)
	at com.kms.katalon.core.main.TestSuiteExecutor.accessTestCaseMainPhase(TestSuiteExecutor.java:129)
	at com.kms.katalon.core.main.TestSuiteExecutor.accessTestSuiteMainPhase(TestSuiteExecutor.java:112)
	at com.kms.katalon.core.main.TestSuiteExecutor.execute(TestSuiteExecutor.java:81)
	at com.kms.katalon.core.main.TestCaseMain.startTestSuite(TestCaseMain.java:149)
	at com.kms.katalon.core.main.TestCaseMain$startTestSuite$0.call(Unknown Source)
	at TempTestSuite1551944183919.run(TempTestSuite1551944183919.groovy:36)


2019-03-07 13:13:00 - [TEST_STEP][FAILED] - assert get(i).contains(", "").trim()): for ([i = 0, i < ItemName_OrderDetail.size(), (i++)]) FAILED.
Reason:
Assertion failed: 

assert (ItemName.get(i)).contains(ItemName_OrderDetail.get(i).replace("...", "").trim())
        |        |   |   |        |                    |   |  |                  |
        |        |   0   false    |                    |   0  |                  Apple - Shimla, Large 4 pcs
        |        |                |                    |      Apple - Shimla, Large 4 pcs 
        |        |                |                    Apple - Shimla, Large 4 pcs ...
        |        |                [Apple - Shimla, Large 4 pcs ..., Colocasia 500 gm, Ginger - Organically Grown 250 gm, Methi - Chopped 200 gm, Mushrooms - Button 200 gm, Palak 250 gm, Sweet Corn 2 pcs, Tomato - Local 1 kg, Rajma - Kashmiri 200 gm Pouch, Rajma - White/Chitra 200 gm Pouch, Organic Kala Channa 500 gm Pouch, Sandwich Bread - White, Chemical Free..., Tea Cake - Choco Chip 250 gm, Spread - Cocoa With Almond 150 gm, Sauce - Honey Mustard 225 gm, Ragi Bites - Choco Fills 22 gm, Prawns - Pd Jumbo 250 gm Pouch, Prawns - Pd Xtra Large 250 gm Pouch, Durum Wheat Pasta - Mini Fusilli 350 gm...]
        |        Fresho Methi - Chopped 200 gm
        [Fresho Methi - Chopped 200 gm, Fresho Mushrooms - Button 200 gm, ^^ Fresho Palak 250 gm ( Actual weight 275 gms, billed for 263 gms ), Seastar Prawns - Pd Jumbo 250 gm Pouch, Seastar Prawns - Pd Xtra Large 250 gm Pouch, Fresho Apple - Shimla, Large 4 pcs (Approx.700g-800g), ^^ Fresho Colocasia 500 gm ( Actual weight 530 gms, billed for 525 gms ), Fresho Ginger - Organically Grown 250 gm, Fresho Sweet Corn 2 pcs, ^ Fresho Tomato - Local 1 kg, bb Royal Rajma - Kashmiri 200 gm Pouch, bb Royal Rajma - White/Chitra 200 gm Pouch, Pro Nature Organic Kala Channa 500 gm Pouch, Fresho Sandwich Bread - White, Chemical Free 400 gm, Fresho Signature Tea Cake - Choco Chip 250 gm, Hersheys Spread - Cocoa With Almond 150 gm, MIE Sauce - Honey Mustard 225 gm, Soulfull Ragi Bites - Choco Fills 22 gm, BORGES Durum Wheat Pasta - Mini Fusilli 350 gm Pouch]

	at OrderSummary_InvoiceList_OrderStatement.run(OrderSummary_InvoiceList_OrderStatement:150)
	at com.kms.katalon.core.main.ScriptEngine.run(ScriptEngine.java:194)
	at com.kms.katalon.core.main.ScriptEngine.runScriptAsRawText(ScriptEngine.java:119)
	at com.kms.katalon.core.main.TestCaseExecutor.runScript(TestCaseExecutor.java:328)
	at com.kms.katalon.core.main.TestCaseExecutor.doExecute(TestCaseExecutor.java:319)
	at com.kms.katalon.core.main.TestCaseExecutor.processExecutionPhase(TestCaseExecutor.java:298)
	at com.kms.katalon.core.main.TestCaseExecutor.accessMainPhase(TestCaseExecutor.java:290)
	at com.kms.katalon.core.main.TestCaseExecutor.execute(TestCaseExecutor.java:224)
	at com.kms.katalon.core.main.TestSuiteExecutor.accessTestCaseMainPhase(TestSuiteExecutor.java:129)
	at com.kms.katalon.core.main.TestSuiteExecutor.accessTestSuiteMainPhase(TestSuiteExecutor.java:112)
	at com.kms.katalon.core.main.TestSuiteExecutor.execute(TestSuiteExecutor.java:81)
	at com.kms.katalon.core.main.TestCaseMain.startTestSuite(TestCaseMain.java:149)
	at com.kms.katalon.core.main.TestCaseMain$startTestSuite$0.call(Unknown Source)
	at TempTestSuite1551944183919.run(TempTestSuite1551944183919.groovy:36)


2019-03-07 13:13:00 - [MESSAGE][FAILED] - for ([i = 0, i < ItemName_OrderDetail.size(), (i++)]) FAILED.
Reason:
Assertion failed: 

assert (ItemName.get(i)).contains(ItemName_OrderDetail.get(i).replace("...", "").trim())
        |        |   |   |        |                    |   |  |                  |
        |        |   0   false    |                    |   0  |                  Apple - Shimla, Large 4 pcs
        |        |                |                    |      Apple - Shimla, Large 4 pcs 
        |        |                |                    Apple - Shimla, Large 4 pcs ...
        |        |                [Apple - Shimla, Large 4 pcs ..., Colocasia 500 gm, Ginger - Organically Grown 250 gm, Methi - Chopped 200 gm, Mushrooms - Button 200 gm, Palak 250 gm, Sweet Corn 2 pcs, Tomato - Local 1 kg, Rajma - Kashmiri 200 gm Pouch, Rajma - White/Chitra 200 gm Pouch, Organic Kala Channa 500 gm Pouch, Sandwich Bread - White, Chemical Free..., Tea Cake - Choco Chip 250 gm, Spread - Cocoa With Almond 150 gm, Sauce - Honey Mustard 225 gm, Ragi Bites - Choco Fills 22 gm, Prawns - Pd Jumbo 250 gm Pouch, Prawns - Pd Xtra Large 250 gm Pouch, Durum Wheat Pasta - Mini Fusilli 350 gm...]
        |        Fresho Methi - Chopped 200 gm
        [Fresho Methi - Chopped 200 gm, Fresho Mushrooms - Button 200 gm, ^^ Fresho Palak 250 gm ( Actual weight 275 gms, billed for 263 gms ), Seastar Prawns - Pd Jumbo 250 gm Pouch, Seastar Prawns - Pd Xtra Large 250 gm Pouch, Fresho Apple - Shimla, Large 4 pcs (Approx.700g-800g), ^^ Fresho Colocasia 500 gm ( Actual weight 530 gms, billed for 525 gms ), Fresho Ginger - Organically Grown 250 gm, Fresho Sweet Corn 2 pcs, ^ Fresho Tomato - Local 1 kg, bb Royal Rajma - Kashmiri 200 gm Pouch, bb Royal Rajma - White/Chitra 200 gm Pouch, Pro Nature Organic Kala Channa 500 gm Pouch, Fresho Sandwich Bread - White, Chemical Free 400 gm, Fresho Signature Tea Cake - Choco Chip 250 gm, Hersheys Spread - Cocoa With Almond 150 gm, MIE Sauce - Honey Mustard 225 gm, Soulfull Ragi Bites - Choco Fills 22 gm, BORGES Durum Wheat Pasta - Mini Fusilli 350 gm Pouch]

	at OrderSummary_InvoiceList_OrderStatement.run(OrderSummary_InvoiceList_OrderStatement:150)
	at com.kms.katalon.core.main.ScriptEngine.run(ScriptEngine.java:194)
	at com.kms.katalon.core.main.ScriptEngine.runScriptAsRawText(ScriptEngine.java:119)
	at com.kms.katalon.core.main.TestCaseExecutor.runScript(TestCaseExecutor.java:328)
	at com.kms.katalon.core.main.TestCaseExecutor.doExecute(TestCaseExecutor.java:319)
	at com.kms.katalon.core.main.TestCaseExecutor.processExecutionPhase(TestCaseExecutor.java:298)
	at com.kms.katalon.core.main.TestCaseExecutor.accessMainPhase(TestCaseExecutor.java:290)
	at com.kms.katalon.core.main.TestCaseExecutor.execute(TestCaseExecutor.java:224)
	at com.kms.katalon.core.main.TestSuiteExecutor.accessTestCaseMainPhase(TestSuiteExecutor.java:129)
	at com.kms.katalon.core.main.TestSuiteExecutor.accessTestSuiteMainPhase(TestSuiteExecutor.java:112)
	at com.kms.katalon.core.main.TestSuiteExecutor.execute(TestSuiteExecutor.java:81)
	at com.kms.katalon.core.main.TestCaseMain.startTestSuite(TestCaseMain.java:149)
	at com.kms.katalon.core.main.TestCaseMain$startTestSuite$0.call(Unknown Source)
	at TempTestSuite1551944183919.run(TempTestSuite1551944183919.groovy:36)


2019-03-07 13:13:00 - [TEST_STEP][PASSED] - Start listener action : sampleAfterTestCase: null

2019-03-07 13:13:00 - [TEST_STEP][PASSED] - println(testCaseContext.getTestCaseId()): null

2019-03-07 13:13:00 - [TEST_STEP][PASSED] - println(testCaseContext.getTestCaseStatus()): null]]></system-out>
         <system-err><![CDATA[2019-03-07 13:12:19 - [TEST_CASE][FAILED] - Test Cases/BigBasket/Order Summary/OrderSummary_InvoiceList_OrderStatement: Test Cases/BigBasket/Order Summary/OrderSummary_InvoiceList_OrderStatement FAILED.
Reason:
Assertion failed: 

assert (ItemName.get(i)).contains(ItemName_OrderDetail.get(i).replace("...", "").trim())
        |        |   |   |        |                    |   |  |                  |
        |        |   0   false    |                    |   0  |                  Apple - Shimla, Large 4 pcs
        |        |                |                    |      Apple - Shimla, Large 4 pcs 
        |        |                |                    Apple - Shimla, Large 4 pcs ...
        |        |                [Apple - Shimla, Large 4 pcs ..., Colocasia 500 gm, Ginger - Organically Grown 250 gm, Methi - Chopped 200 gm, Mushrooms - Button 200 gm, Palak 250 gm, Sweet Corn 2 pcs, Tomato - Local 1 kg, Rajma - Kashmiri 200 gm Pouch, Rajma - White/Chitra 200 gm Pouch, Organic Kala Channa 500 gm Pouch, Sandwich Bread - White, Chemical Free..., Tea Cake - Choco Chip 250 gm, Spread - Cocoa With Almond 150 gm, Sauce - Honey Mustard 225 gm, Ragi Bites - Choco Fills 22 gm, Prawns - Pd Jumbo 250 gm Pouch, Prawns - Pd Xtra Large 250 gm Pouch, Durum Wheat Pasta - Mini Fusilli 350 gm...]
        |        Fresho Methi - Chopped 200 gm
        [Fresho Methi - Chopped 200 gm, Fresho Mushrooms - Button 200 gm, ^^ Fresho Palak 250 gm ( Actual weight 275 gms, billed for 263 gms ), Seastar Prawns - Pd Jumbo 250 gm Pouch, Seastar Prawns - Pd Xtra Large 250 gm Pouch, Fresho Apple - Shimla, Large 4 pcs (Approx.700g-800g), ^^ Fresho Colocasia 500 gm ( Actual weight 530 gms, billed for 525 gms ), Fresho Ginger - Organically Grown 250 gm, Fresho Sweet Corn 2 pcs, ^ Fresho Tomato - Local 1 kg, bb Royal Rajma - Kashmiri 200 gm Pouch, bb Royal Rajma - White/Chitra 200 gm Pouch, Pro Nature Organic Kala Channa 500 gm Pouch, Fresho Sandwich Bread - White, Chemical Free 400 gm, Fresho Signature Tea Cake - Choco Chip 250 gm, Hersheys Spread - Cocoa With Almond 150 gm, MIE Sauce - Honey Mustard 225 gm, Soulfull Ragi Bites - Choco Fills 22 gm, BORGES Durum Wheat Pasta - Mini Fusilli 350 gm Pouch]

	at OrderSummary_InvoiceList_OrderStatement.run(OrderSummary_InvoiceList_OrderStatement:150)
	at com.kms.katalon.core.main.ScriptEngine.run(ScriptEngine.java:194)
	at com.kms.katalon.core.main.ScriptEngine.runScriptAsRawText(ScriptEngine.java:119)
	at com.kms.katalon.core.main.TestCaseExecutor.runScript(TestCaseExecutor.java:328)
	at com.kms.katalon.core.main.TestCaseExecutor.doExecute(TestCaseExecutor.java:319)
	at com.kms.katalon.core.main.TestCaseExecutor.processExecutionPhase(TestCaseExecutor.java:298)
	at com.kms.katalon.core.main.TestCaseExecutor.accessMainPhase(TestCaseExecutor.java:290)
	at com.kms.katalon.core.main.TestCaseExecutor.execute(TestCaseExecutor.java:224)
	at com.kms.katalon.core.main.TestSuiteExecutor.accessTestCaseMainPhase(TestSuiteExecutor.java:129)
	at com.kms.katalon.core.main.TestSuiteExecutor.accessTestSuiteMainPhase(TestSuiteExecutor.java:112)
	at com.kms.katalon.core.main.TestSuiteExecutor.execute(TestSuiteExecutor.java:81)
	at com.kms.katalon.core.main.TestCaseMain.startTestSuite(TestCaseMain.java:149)
	at com.kms.katalon.core.main.TestCaseMain$startTestSuite$0.call(Unknown Source)
	at TempTestSuite1551944183919.run(TempTestSuite1551944183919.groovy:36)]]></system-err>
      </testcase>
      <testcase name="Test Cases/BigBasket/MyWallet" classname="Test Cases/BigBasket/MyWallet" status="PASSED">
         <system-out><![CDATA[2019-03-07 13:13:00 - [TEST_CASE][PASSED] - Test Cases/BigBasket/MyWallet: Test Cases/BigBasket/MyWallet

2019-03-07 13:13:00 - [TEST_STEP][PASSED] - Start listener action : sampleBeforeTestCase: null

2019-03-07 13:13:00 - [TEST_STEP][PASSED] - println(testCaseContext.getTestCaseId()): null

2019-03-07 13:13:00 - [TEST_STEP][PASSED] - println(testCaseContext.getTestCaseVariables()): null

2019-03-07 13:13:00 - [TEST_STEP][PASSED] - println(" This is before test"): null

2019-03-07 13:13:01 - [TEST_STEP][PASSED] - openBrowser(""): Browser is opened with url: ''

2019-03-07 13:13:01 - [MESSAGE][WARNING] - A browser is already opened. Closing browser and opening a new one

2019-03-07 13:13:01 - [MESSAGE][INFO] - Starting 'Chrome' driver

2019-03-07 13:13:03 - [MESSAGE][PASSED] - Browser is opened with url: ''

2019-03-07 13:13:03 - [TEST_STEP][PASSED] - navigateToUrl("https://www.bigbasket.com/"): Navigate to 'https://www.bigbasket.com/' successfully

2019-03-07 13:13:10 - [MESSAGE][PASSED] - Navigate to 'https://www.bigbasket.com/' successfully

2019-03-07 13:13:10 - [TEST_STEP][PASSED] - click(findTestObject("Object Repository/Page_Online Grocery Shopping and On/a_Login")): Object: 'Object Repository/Page_Online Grocery Shopping and On/a_Login' is clicked on

2019-03-07 13:13:10 - [MESSAGE][PASSED] - Object: 'Object Repository/Page_Online Grocery Shopping and On/a_Login' is clicked on

2019-03-07 13:13:10 - [TEST_STEP][PASSED] - setText(findTestObject("Object Repository/Page_Online Grocery Shopping and On/input_OR_email"), "nivedita.hbti@gmail.com"): Text 'nivedita.hbti@gmail.com' is set on object 'Object Repository/Page_Online Grocery Shopping and On/input_OR_email'

2019-03-07 13:13:12 - [MESSAGE][PASSED] - Text 'nivedita.hbti@gmail.com' is set on object 'Object Repository/Page_Online Grocery Shopping and On/input_OR_email'

2019-03-07 13:13:12 - [TEST_STEP][PASSED] - setEncryptedText(findTestObject("Object Repository/Page_Online Grocery Shopping and On/input_Please enter valid email"), "LqVTzjb8H0GS29zWb5N07g=="): Text ****** has been set on object 'Object Repository/Page_Online Grocery Shopping and On/input_Please enter valid email'

2019-03-07 13:13:12 - [MESSAGE][PASSED] - Text ****** has been set on object 'Object Repository/Page_Online Grocery Shopping and On/input_Please enter valid email'

2019-03-07 13:13:12 - [TEST_STEP][PASSED] - click(findTestObject("Object Repository/Page_Online Grocery Shopping and On/button_LOGIN")): Object: 'Object Repository/Page_Online Grocery Shopping and On/button_LOGIN' is clicked on

2019-03-07 13:13:12 - [MESSAGE][PASSED] - Object: 'Object Repository/Page_Online Grocery Shopping and On/button_LOGIN' is clicked on

2019-03-07 13:13:12 - [TEST_STEP][PASSED] - waitForElementClickable(findTestObject("Object Repository/Page_Online Grocery Shopping and On/span_UserAccount"), 15): Object 'Object Repository/Page_Online Grocery Shopping and On/span_UserAccount' is clickable

2019-03-07 13:13:20 - [MESSAGE][PASSED] - Object 'Object Repository/Page_Online Grocery Shopping and On/span_UserAccount' is clickable

2019-03-07 13:13:20 - [TEST_STEP][PASSED] - Thread.sleep(2000): null

2019-03-07 13:13:22 - [TEST_STEP][PASSED] - click(findTestObject("Object Repository/Page_Online Grocery Shopping and On/span_UserAccount")): Object: 'Object Repository/Page_Online Grocery Shopping and On/span_UserAccount' is clicked on

2019-03-07 13:13:22 - [MESSAGE][PASSED] - Object: 'Object Repository/Page_Online Grocery Shopping and On/span_UserAccount' is clicked on

2019-03-07 13:13:22 - [TEST_STEP][PASSED] - click(findTestObject("Object Repository/BigBasket/OrderSummary/UserNivedita_MyOrders")): Object: 'Object Repository/BigBasket/OrderSummary/UserNivedita_MyOrders' is clicked on

2019-03-07 13:13:25 - [MESSAGE][PASSED] - Object: 'Object Repository/BigBasket/OrderSummary/UserNivedita_MyOrders' is clicked on

2019-03-07 13:13:25 - [TEST_STEP][PASSED] - waitForElementPresent(findTestObject("BigBasket/MyWallet/LeftMenu_My Wallet"), 15): Object 'Object Repository/BigBasket/MyWallet/LeftMenu_My Wallet' is present

2019-03-07 13:13:25 - [MESSAGE][PASSED] - Object 'Object Repository/BigBasket/MyWallet/LeftMenu_My Wallet' is present

2019-03-07 13:13:25 - [TEST_STEP][PASSED] - click(findTestObject("BigBasket/MyWallet/LeftMenu_My Wallet")): Object: 'Object Repository/BigBasket/MyWallet/LeftMenu_My Wallet' is clicked on

2019-03-07 13:13:31 - [MESSAGE][PASSED] - Object: 'Object Repository/BigBasket/MyWallet/LeftMenu_My Wallet' is clicked on

2019-03-07 13:13:31 - [TEST_STEP][PASSED] - FromDate = findWebElement(findTestObject("BigBasket/MyWallet/WalletActivity/MyWallet_WalletActivity/input_From_datePicker"), 15).getAttribute("value"): null

2019-03-07 13:13:31 - [TEST_STEP][PASSED] - println("FromDate is : " + FromDate): null

2019-03-07 13:13:31 - [TEST_STEP][PASSED] - ToDate = findWebElement(findTestObject("BigBasket/MyWallet/WalletActivity/MyWallet_WalletActivity/input_To_datePicker"), 15).getAttribute("value"): null

2019-03-07 13:13:31 - [TEST_STEP][PASSED] - println("ToDate is : " + ToDate): null

2019-03-07 13:13:31 - [TEST_STEP][PASSED] - click(findTestObject("BigBasket/MyWallet/WalletActivity/MyWallet_WalletActivity/input_From_datePicker")): Object: 'Object Repository/BigBasket/MyWallet/WalletActivity/MyWallet_WalletActivity/input_From_datePicker' is clicked on

2019-03-07 13:13:32 - [MESSAGE][PASSED] - Object: 'Object Repository/BigBasket/MyWallet/WalletActivity/MyWallet_WalletActivity/input_From_datePicker' is clicked on

2019-03-07 13:13:32 - [TEST_STEP][PASSED] - click(findTestObject("BigBasket/MyWallet/WalletActivity/MyWallet_WalletActivity/a_PickDate_Row1_Colomn6_Fri1st")): Object: 'Object Repository/BigBasket/MyWallet/WalletActivity/MyWallet_WalletActivity/a_PickDate_Row1_Colomn6_Fri1st' is clicked on

2019-03-07 13:13:32 - [MESSAGE][PASSED] - Object: 'Object Repository/BigBasket/MyWallet/WalletActivity/MyWallet_WalletActivity/a_PickDate_Row1_Colomn6_Fri1st' is clicked on

2019-03-07 13:13:32 - [TEST_STEP][PASSED] - click(findTestObject("BigBasket/MyWallet/WalletActivity/MyWallet_WalletActivity/btn_SHOW ACTIVITY")): Object: 'Object Repository/BigBasket/MyWallet/WalletActivity/MyWallet_WalletActivity/btn_SHOW ACTIVITY' is clicked on

2019-03-07 13:13:36 - [MESSAGE][PASSED] - Object: 'Object Repository/BigBasket/MyWallet/WalletActivity/MyWallet_WalletActivity/btn_SHOW ACTIVITY' is clicked on

2019-03-07 13:13:36 - [TEST_STEP][PASSED] - HeaderRow = findWebElements(findTestObject("Object Repository/BigBasket/MyWallet/WalletActivity/MyWallet_WalletActivity/WalletActivity_RowHeader"), 15): null

2019-03-07 13:13:36 - [TEST_STEP][PASSED] - if (HeaderRow.size() > 0): null

2019-03-07 13:13:36 - [TEST_STEP][PASSED] - Row1Data = findWebElements(findTestObject("BigBasket/MyWallet/WalletActivity/MyWallet_WalletActivity/WalletActivity_Row1Data"), 15): null

2019-03-07 13:13:36 - [TEST_STEP][PASSED] - NoOfRowColomns = Row1Data.size(): null

2019-03-07 13:13:36 - [TEST_STEP][PASSED] - for ([i = 0, i < NoOfRowColomns, (i++)]): null

2019-03-07 13:13:36 - [TEST_STEP][PASSED] - println("DATA UNDER COLOMN: " + get(i).getText() + " IN ROW1 is : " + get(i).getText()): null

2019-03-07 13:13:36 - [TEST_STEP][PASSED] - println("DATA UNDER COLOMN: " + get(i).getText() + " IN ROW1 is : " + get(i).getText()): null

2019-03-07 13:13:36 - [TEST_STEP][PASSED] - println("DATA UNDER COLOMN: " + get(i).getText() + " IN ROW1 is : " + get(i).getText()): null

2019-03-07 13:13:36 - [TEST_STEP][PASSED] - println("DATA UNDER COLOMN: " + get(i).getText() + " IN ROW1 is : " + get(i).getText()): null

2019-03-07 13:13:36 - [TEST_STEP][PASSED] - println("DATA UNDER COLOMN: " + get(i).getText() + " IN ROW1 is : " + get(i).getText()): null

2019-03-07 13:13:36 - [TEST_STEP][PASSED] - waitForElementPresent(findTestObject("Object Repository/BigBasket/MyWallet/MyWallet_Btn_ FUND WALLET"), 15): Object 'Object Repository/BigBasket/MyWallet/MyWallet_Btn_ FUND WALLET' is present

2019-03-07 13:13:36 - [MESSAGE][PASSED] - Object 'Object Repository/BigBasket/MyWallet/MyWallet_Btn_ FUND WALLET' is present

2019-03-07 13:13:36 - [TEST_STEP][PASSED] - click(findTestObject("Object Repository/BigBasket/MyWallet/MyWallet_Btn_ FUND WALLET")): Object: 'Object Repository/BigBasket/MyWallet/MyWallet_Btn_ FUND WALLET' is clicked on

2019-03-07 13:13:40 - [MESSAGE][PASSED] - Object: 'Object Repository/BigBasket/MyWallet/MyWallet_Btn_ FUND WALLET' is clicked on

2019-03-07 13:13:40 - [TEST_STEP][PASSED] - waitForElementPresent(findTestObject("Object Repository/BigBasket/MyWallet/FundTheWallet_ChooseYourPaymentOptions"), 15): Object 'Object Repository/BigBasket/MyWallet/FundTheWallet_ChooseYourPaymentOptions' is present

2019-03-07 13:13:40 - [MESSAGE][PASSED] - Object 'Object Repository/BigBasket/MyWallet/FundTheWallet_ChooseYourPaymentOptions' is present

2019-03-07 13:13:40 - [TEST_STEP][PASSED] - sendKeys(findTestObject("Object Repository/BigBasket/MyWallet/FundTheWallet_AmountToFund"), "100"): Keys '100' sent to object: 'Object Repository/BigBasket/MyWallet/FundTheWallet_AmountToFund'

2019-03-07 13:13:40 - [MESSAGE][PASSED] - Keys '100' sent to object: 'Object Repository/BigBasket/MyWallet/FundTheWallet_AmountToFund'

2019-03-07 13:13:40 - [TEST_STEP][PASSED] - click(findTestObject("BigBasket/MyWallet/FundThewallet_Btn_SUBMIT")): Object: 'Object Repository/BigBasket/MyWallet/FundThewallet_Btn_SUBMIT' is clicked on

2019-03-07 13:13:42 - [MESSAGE][PASSED] - Object: 'Object Repository/BigBasket/MyWallet/FundThewallet_Btn_SUBMIT' is clicked on

2019-03-07 13:13:42 - [TEST_STEP][PASSED] - waitForElementPresent(findTestObject("Object Repository/BigBasket/MyWallet/PayUbiz_Net banking"), 15): Object 'Object Repository/BigBasket/MyWallet/PayUbiz_Net banking' is present

2019-03-07 13:13:43 - [MESSAGE][PASSED] - Object 'Object Repository/BigBasket/MyWallet/PayUbiz_Net banking' is present

2019-03-07 13:13:43 - [TEST_STEP][PASSED] - click(findTestObject("Object Repository/BigBasket/MyWallet/PayUbiz_Net banking")): Object: 'Object Repository/BigBasket/MyWallet/PayUbiz_Net banking' is clicked on

2019-03-07 13:13:43 - [MESSAGE][PASSED] - Object: 'Object Repository/BigBasket/MyWallet/PayUbiz_Net banking' is clicked on

2019-03-07 13:13:43 - [TEST_STEP][PASSED] - click(findTestObject("Object Repository/BigBasket/MyWallet/PayUbiz_NetBanking_SelectBankDropDown")): Object: 'Object Repository/BigBasket/MyWallet/PayUbiz_NetBanking_SelectBankDropDown' is clicked on

2019-03-07 13:13:44 - [MESSAGE][PASSED] - Object: 'Object Repository/BigBasket/MyWallet/PayUbiz_NetBanking_SelectBankDropDown' is clicked on

2019-03-07 13:13:44 - [TEST_STEP][PASSED] - click(findTestObject("Object Repository/BigBasket/MyWallet/PayUbiz_NetBanking_ICICI")): Object: 'Object Repository/BigBasket/MyWallet/PayUbiz_NetBanking_ICICI' is clicked on

2019-03-07 13:13:44 - [MESSAGE][PASSED] - Object: 'Object Repository/BigBasket/MyWallet/PayUbiz_NetBanking_ICICI' is clicked on

2019-03-07 13:13:44 - [TEST_STEP][PASSED] - click(findTestObject("Object Repository/BigBasket/MyWallet/PayUbiz_NetBanking_Btn_PAY NOW")): Object: 'Object Repository/BigBasket/MyWallet/PayUbiz_NetBanking_Btn_PAY NOW' is clicked on

2019-03-07 13:13:45 - [MESSAGE][PASSED] - Object: 'Object Repository/BigBasket/MyWallet/PayUbiz_NetBanking_Btn_PAY NOW' is clicked on

2019-03-07 13:13:45 - [TEST_STEP][PASSED] - Thread.sleep(4000): null

2019-03-07 13:13:49 - [TEST_STEP][PASSED] - closeBrowser(): Browser is closed

2019-03-07 13:13:49 - [MESSAGE][PASSED] - Browser is closed

2019-03-07 13:13:49 - [TEST_STEP][PASSED] - Start listener action : sampleAfterTestCase: null

2019-03-07 13:13:49 - [TEST_STEP][PASSED] - println(testCaseContext.getTestCaseId()): null

2019-03-07 13:13:49 - [TEST_STEP][PASSED] - println(testCaseContext.getTestCaseStatus()): null]]></system-out>
         <system-err><![CDATA[]]></system-err>
      </testcase>
      <testcase name="Test Cases/BigBasket/SpendTrend/SpendTrend" classname="Test Cases/BigBasket/SpendTrend/SpendTrend" status="PASSED">
         <system-out><![CDATA[2019-03-07 13:13:49 - [TEST_CASE][PASSED] - Test Cases/BigBasket/SpendTrend/SpendTrend: Test Cases/BigBasket/SpendTrend/SpendTrend

2019-03-07 13:13:49 - [TEST_STEP][PASSED] - Start listener action : sampleBeforeTestCase: null

2019-03-07 13:13:49 - [TEST_STEP][PASSED] - println(testCaseContext.getTestCaseId()): null

2019-03-07 13:13:49 - [TEST_STEP][PASSED] - println(testCaseContext.getTestCaseVariables()): null

2019-03-07 13:13:49 - [TEST_STEP][PASSED] - println(" This is before test"): null

2019-03-07 13:13:50 - [TEST_STEP][PASSED] - openBrowser(""): Browser is opened with url: ''

2019-03-07 13:13:50 - [MESSAGE][INFO] - Starting 'Chrome' driver

2019-03-07 13:13:52 - [MESSAGE][PASSED] - Browser is opened with url: ''

2019-03-07 13:13:52 - [TEST_STEP][PASSED] - navigateToUrl("https://www.bigbasket.com/"): Navigate to 'https://www.bigbasket.com/' successfully

2019-03-07 13:13:58 - [MESSAGE][PASSED] - Navigate to 'https://www.bigbasket.com/' successfully

2019-03-07 13:13:58 - [TEST_STEP][PASSED] - click(findTestObject("Object Repository/Page_Online Grocery Shopping and On/a_Login")): Object: 'Object Repository/Page_Online Grocery Shopping and On/a_Login' is clicked on

2019-03-07 13:13:59 - [MESSAGE][PASSED] - Object: 'Object Repository/Page_Online Grocery Shopping and On/a_Login' is clicked on

2019-03-07 13:13:59 - [TEST_STEP][PASSED] - setText(findTestObject("Object Repository/Page_Online Grocery Shopping and On/input_OR_email"), "nivedita.hbti@gmail.com"): Text 'nivedita.hbti@gmail.com' is set on object 'Object Repository/Page_Online Grocery Shopping and On/input_OR_email'

2019-03-07 13:14:00 - [MESSAGE][PASSED] - Text 'nivedita.hbti@gmail.com' is set on object 'Object Repository/Page_Online Grocery Shopping and On/input_OR_email'

2019-03-07 13:14:00 - [TEST_STEP][PASSED] - setEncryptedText(findTestObject("Object Repository/Page_Online Grocery Shopping and On/input_Please enter valid email"), "LqVTzjb8H0GS29zWb5N07g=="): Text ****** has been set on object 'Object Repository/Page_Online Grocery Shopping and On/input_Please enter valid email'

2019-03-07 13:14:01 - [MESSAGE][PASSED] - Text ****** has been set on object 'Object Repository/Page_Online Grocery Shopping and On/input_Please enter valid email'

2019-03-07 13:14:01 - [TEST_STEP][PASSED] - click(findTestObject("Object Repository/Page_Online Grocery Shopping and On/button_LOGIN")): Object: 'Object Repository/Page_Online Grocery Shopping and On/button_LOGIN' is clicked on

2019-03-07 13:14:01 - [MESSAGE][PASSED] - Object: 'Object Repository/Page_Online Grocery Shopping and On/button_LOGIN' is clicked on

2019-03-07 13:14:01 - [TEST_STEP][PASSED] - waitForElementClickable(findTestObject("Object Repository/Page_Online Grocery Shopping and On/span_UserAccount"), 15): Object 'Object Repository/Page_Online Grocery Shopping and On/span_UserAccount' is clickable

2019-03-07 13:14:08 - [MESSAGE][PASSED] - Object 'Object Repository/Page_Online Grocery Shopping and On/span_UserAccount' is clickable

2019-03-07 13:14:08 - [TEST_STEP][PASSED] - Thread.sleep(2000): null

2019-03-07 13:14:10 - [TEST_STEP][PASSED] - click(findTestObject("Object Repository/Page_Online Grocery Shopping and On/span_UserAccount")): Object: 'Object Repository/Page_Online Grocery Shopping and On/span_UserAccount' is clicked on

2019-03-07 13:14:10 - [MESSAGE][PASSED] - Object: 'Object Repository/Page_Online Grocery Shopping and On/span_UserAccount' is clicked on

2019-03-07 13:14:10 - [TEST_STEP][PASSED] - click(findTestObject("Object Repository/BigBasket/SpendTrend/Nivedita_MyAccount")): Object: 'Object Repository/BigBasket/SpendTrend/Nivedita_MyAccount' is clicked on

2019-03-07 13:14:17 - [MESSAGE][PASSED] - Object: 'Object Repository/BigBasket/SpendTrend/Nivedita_MyAccount' is clicked on

2019-03-07 13:14:17 - [TEST_STEP][PASSED] - waitForElementPresent(findTestObject("Object Repository/BigBasket/SpendTrend/LeftMenu_SpendTrends"), 0): Object 'Object Repository/BigBasket/SpendTrend/LeftMenu_SpendTrends' is present

2019-03-07 13:14:17 - [MESSAGE][WARNING] - Timeout '0' is invalid. Using default page load timeout: '60'

2019-03-07 13:14:17 - [MESSAGE][PASSED] - Object 'Object Repository/BigBasket/SpendTrend/LeftMenu_SpendTrends' is present

2019-03-07 13:14:17 - [TEST_STEP][PASSED] - click(findTestObject("Object Repository/BigBasket/SpendTrend/LeftMenu_SpendTrends")): Object: 'Object Repository/BigBasket/SpendTrend/LeftMenu_SpendTrends' is clicked on

2019-03-07 13:14:22 - [MESSAGE][PASSED] - Object: 'Object Repository/BigBasket/SpendTrend/LeftMenu_SpendTrends' is clicked on

2019-03-07 13:14:22 - [TEST_STEP][PASSED] - Thread.sleep(2000): null

2019-03-07 13:14:24 - [TEST_STEP][PASSED] - ExpenditureOnOrdersMonthName = findWebElements(findTestObject("BigBasket/SpendTrend/Order_ExpenditureChart_Month"), 15): null

2019-03-07 13:14:24 - [TEST_STEP][PASSED] - ExpenditureOnOrdersAmountPerMonth = findWebElements(findTestObject("BigBasket/SpendTrend/Order_ExpenditureChart_Amount"), 15): null

2019-03-07 13:14:24 - [TEST_STEP][PASSED] - noOfMonths = ExpenditureOnOrdersMonthName.size(): null

2019-03-07 13:14:24 - [TEST_STEP][PASSED] - println("    noOfMonths : " + noOfMonths): null

2019-03-07 13:14:24 - [TEST_STEP][PASSED] - for ([i = 0, i < noOfMonths, (i++)]): null

2019-03-07 13:14:24 - [TEST_STEP][PASSED] - println("Expenditure on orders Per month is, 
" + "                                    " + get(i).getAttribute("innerHTML") + ": " + get(i).getAttribute("innerHTML")): null

2019-03-07 13:14:24 - [TEST_STEP][PASSED] - println("Expenditure on orders Per month is, 
" + "                                    " + get(i).getAttribute("innerHTML") + ": " + get(i).getAttribute("innerHTML")): null

2019-03-07 13:14:24 - [TEST_STEP][PASSED] - println("Expenditure on orders Per month is, 
" + "                                    " + get(i).getAttribute("innerHTML") + ": " + get(i).getAttribute("innerHTML")): null

2019-03-07 13:14:24 - [TEST_STEP][PASSED] - println("Expenditure on orders Per month is, 
" + "                                    " + get(i).getAttribute("innerHTML") + ": " + get(i).getAttribute("innerHTML")): null

2019-03-07 13:14:24 - [TEST_STEP][PASSED] - println("Expenditure on orders Per month is, 
" + "                                    " + get(i).getAttribute("innerHTML") + ": " + get(i).getAttribute("innerHTML")): null

2019-03-07 13:14:24 - [TEST_STEP][PASSED] - println("Expenditure on orders Per month is, 
" + "                                    " + get(i).getAttribute("innerHTML") + ": " + get(i).getAttribute("innerHTML")): null

2019-03-07 13:14:24 - [TEST_STEP][PASSED] - SavingOnOrdersMonthName = findWebElements(findTestObject("Object Repository/BigBasket/SpendTrend/Order_SavingChart_month"), 15): null

2019-03-07 13:14:24 - [TEST_STEP][PASSED] - SavingOnOrdersAmountPerMonth = findWebElements(findTestObject("Object Repository/BigBasket/SpendTrend/Order_SavingChart_Amount"), 15): null

2019-03-07 13:14:24 - [TEST_STEP][PASSED] - noOfMonths_Saving = SavingOnOrdersMonthName.size(): null

2019-03-07 13:14:24 - [TEST_STEP][PASSED] - println("    noOfMonths_Saving : " + noOfMonths_Saving): null

2019-03-07 13:14:24 - [TEST_STEP][PASSED] - for ([i = 0, i < noOfMonths_Saving, (i++)]): null

2019-03-07 13:14:24 - [TEST_STEP][PASSED] - println("Savings on orders Per month is, 
" + "                                    " + get(i).getAttribute("innerHTML") + ": " + get(i).getAttribute("innerHTML")): null

2019-03-07 13:14:24 - [TEST_STEP][PASSED] - println("Savings on orders Per month is, 
" + "                                    " + get(i).getAttribute("innerHTML") + ": " + get(i).getAttribute("innerHTML")): null

2019-03-07 13:14:24 - [TEST_STEP][PASSED] - println("Savings on orders Per month is, 
" + "                                    " + get(i).getAttribute("innerHTML") + ": " + get(i).getAttribute("innerHTML")): null

2019-03-07 13:14:24 - [TEST_STEP][PASSED] - println("Savings on orders Per month is, 
" + "                                    " + get(i).getAttribute("innerHTML") + ": " + get(i).getAttribute("innerHTML")): null

2019-03-07 13:14:24 - [TEST_STEP][PASSED] - println("Savings on orders Per month is, 
" + "                                    " + get(i).getAttribute("innerHTML") + ": " + get(i).getAttribute("innerHTML")): null

2019-03-07 13:14:24 - [TEST_STEP][PASSED] - println("Savings on orders Per month is, 
" + "                                    " + get(i).getAttribute("innerHTML") + ": " + get(i).getAttribute("innerHTML")): null

2019-03-07 13:14:24 - [TEST_STEP][PASSED] - Expenditure_CategoryName = findWebElements(findTestObject("Object Repository/BigBasket/SpendTrend/Order_CategoryExpenditure_CategoryName"), 15): null

2019-03-07 13:14:24 - [TEST_STEP][PASSED] - Expenditure_Amount = findWebElements(findTestObject("Object Repository/BigBasket/SpendTrend/Order_CategoryExpenditure_Amount"), 15): null

2019-03-07 13:14:24 - [TEST_STEP][PASSED] - noOfCategory = Expenditure_CategoryName.size(): null

2019-03-07 13:14:24 - [TEST_STEP][PASSED] - println("    no Of Categories : " + noOfCategory): null

2019-03-07 13:14:24 - [TEST_STEP][PASSED] - for ([i = 0, i < noOfCategory, (i++)]): null

2019-03-07 13:14:24 - [TEST_STEP][PASSED] - println("Expenditure on Categories Per month is, 
" + "                                    " + get(i).getAttribute("innerHTML") + ": " + get(i).getAttribute("innerHTML")): null

2019-03-07 13:14:25 - [TEST_STEP][PASSED] - println("Expenditure on Categories Per month is, 
" + "                                    " + get(i).getAttribute("innerHTML") + ": " + get(i).getAttribute("innerHTML")): null

2019-03-07 13:14:25 - [TEST_STEP][PASSED] - println("Expenditure on Categories Per month is, 
" + "                                    " + get(i).getAttribute("innerHTML") + ": " + get(i).getAttribute("innerHTML")): null

2019-03-07 13:14:25 - [TEST_STEP][PASSED] - println("Expenditure on Categories Per month is, 
" + "                                    " + get(i).getAttribute("innerHTML") + ": " + get(i).getAttribute("innerHTML")): null

2019-03-07 13:14:25 - [TEST_STEP][PASSED] - println("Expenditure on Categories Per month is, 
" + "                                    " + get(i).getAttribute("innerHTML") + ": " + get(i).getAttribute("innerHTML")): null

2019-03-07 13:14:25 - [TEST_STEP][PASSED] - println("Expenditure on Categories Per month is, 
" + "                                    " + get(i).getAttribute("innerHTML") + ": " + get(i).getAttribute("innerHTML")): null

2019-03-07 13:14:25 - [TEST_STEP][PASSED] - println("Expenditure on Categories Per month is, 
" + "                                    " + get(i).getAttribute("innerHTML") + ": " + get(i).getAttribute("innerHTML")): null

2019-03-07 13:14:25 - [TEST_STEP][PASSED] - println("Expenditure on Categories Per month is, 
" + "                                    " + get(i).getAttribute("innerHTML") + ": " + get(i).getAttribute("innerHTML")): null

2019-03-07 13:14:25 - [TEST_STEP][PASSED] - println("Expenditure on Categories Per month is, 
" + "                                    " + get(i).getAttribute("innerHTML") + ": " + get(i).getAttribute("innerHTML")): null

2019-03-07 13:14:25 - [TEST_STEP][PASSED] - println("Expenditure on Categories Per month is, 
" + "                                    " + get(i).getAttribute("innerHTML") + ": " + get(i).getAttribute("innerHTML")): null

2019-03-07 13:14:25 - [TEST_STEP][PASSED] - println("Expenditure on Categories Per month is, 
" + "                                    " + get(i).getAttribute("innerHTML") + ": " + get(i).getAttribute("innerHTML")): null

2019-03-07 13:14:25 - [TEST_STEP][PASSED] - closeBrowser(): Browser is closed

2019-03-07 13:14:25 - [MESSAGE][PASSED] - Browser is closed

2019-03-07 13:14:25 - [TEST_STEP][PASSED] - Start listener action : sampleAfterTestCase: null

2019-03-07 13:14:25 - [TEST_STEP][PASSED] - println(testCaseContext.getTestCaseId()): null

2019-03-07 13:14:25 - [TEST_STEP][PASSED] - println(testCaseContext.getTestCaseStatus()): null]]></system-out>
         <system-err><![CDATA[]]></system-err>
      </testcase>
      <system-out><![CDATA[2019-03-07 13:06:29 - [TEST_SUITE][FAILED] - BigBasket: Test Cases/BigBasket/BasketToCheckout FAILED.
Reason:
com.kms.katalon.core.exception.StepFailedException: Unable to click on object 'Object Repository/Page_Online Grocery Shopping and On/a_My Basket No Items' (Root cause: org.openqa.selenium.ElementNotVisibleException: element not interactable
  (Session info: chrome=72.0.3626.121)
  (Driver info: chromedriver=2.43.600229 (3fae4d0cda5334b4f533bede5a4787f7b832d052),platform=Mac OS X 10.13.6 x86_64) (WARNING: The server did not provide any stacktrace information)
Command duration or timeout: 0 milliseconds
Build info: version: '3.7.1', revision: '8a0099a', time: '2017-11-06T21:07:36.161Z'
System info: host: 'Niveditas-MacBook-Air.local', ip: 'fe80:0:0:0:848:c8e3:a957:2764%en0', os.name: 'Mac OS X', os.arch: 'x86_64', os.version: '10.13.6', java.version: '1.8.0_181'
Driver info: com.kms.katalon.selenium.driver.CChromeDriver
Capabilities {acceptInsecureCerts: false, acceptSslCerts: false, applicationCacheEnabled: false, browserConnectionEnabled: false, browserName: chrome, chrome: {chromedriverVersion: 2.43.600229 (3fae4d0cda5334..., userDataDir: /var/folders/1p/92gdr4951qs...}, cssSelectorsEnabled: true, databaseEnabled: false, goog:chromeOptions: {debuggerAddress: localhost:57177}, handlesAlerts: true, hasTouchScreen: false, javascriptEnabled: true, locationContextEnabled: true, mobileEmulationEnabled: false, nativeEvents: true, networkConnectionEnabled: false, pageLoadStrategy: normal, platform: MAC, platformName: MAC, rotatable: false, setWindowRect: true, takesHeapSnapshot: true, takesScreenshot: true, unexpectedAlertBehaviour: , unhandledPromptBehavior: , version: 72.0.3626.121, webStorageEnabled: true}
Session ID: 9854a9cfa56555c59eaa6e87b83640f9)
	at com.kms.katalon.core.keyword.internal.KeywordMain.stepFailed(KeywordMain.groovy:32)
	at com.kms.katalon.core.webui.keyword.internal.WebUIKeywordMain.stepFailed(WebUIKeywordMain.groovy:65)
	at com.kms.katalon.core.webui.keyword.internal.WebUIKeywordMain.runKeyword(WebUIKeywordMain.groovy:27)
	at com.kms.katalon.core.webui.keyword.builtin.ClickKeyword.click(ClickKeyword.groovy:86)
	at com.kms.katalon.core.webui.keyword.builtin.ClickKeyword.execute(ClickKeyword.groovy:67)
	at com.kms.katalon.core.keyword.internal.KeywordExecutor.executeKeywordForPlatform(KeywordExecutor.groovy:53)
	at com.kms.katalon.core.webui.keyword.WebUiBuiltInKeywords.click(WebUiBuiltInKeywords.groovy:616)
	at com.kms.katalon.core.webui.keyword.WebUiBuiltInKeywords$click$1.call(Unknown Source)
	at BasketToCheckout.run(BasketToCheckout:80)
	at com.kms.katalon.core.main.ScriptEngine.run(ScriptEngine.java:194)
	at com.kms.katalon.core.main.ScriptEngine.runScriptAsRawText(ScriptEngine.java:119)
	at com.kms.katalon.core.main.TestCaseExecutor.runScript(TestCaseExecutor.java:328)
	at com.kms.katalon.core.main.TestCaseExecutor.doExecute(TestCaseExecutor.java:319)
	at com.kms.katalon.core.main.TestCaseExecutor.processExecutionPhase(TestCaseExecutor.java:298)
	at com.kms.katalon.core.main.TestCaseExecutor.accessMainPhase(TestCaseExecutor.java:290)
	at com.kms.katalon.core.main.TestCaseExecutor.execute(TestCaseExecutor.java:224)
	at com.kms.katalon.core.main.TestSuiteExecutor.accessTestCaseMainPhase(TestSuiteExecutor.java:129)
	at com.kms.katalon.core.main.TestSuiteExecutor.accessTestSuiteMainPhase(TestSuiteExecutor.java:112)
	at com.kms.katalon.core.main.TestSuiteExecutor.execute(TestSuiteExecutor.java:81)
	at com.kms.katalon.core.main.TestCaseMain.startTestSuite(TestCaseMain.java:149)
	at com.kms.katalon.core.main.TestCaseMain$startTestSuite$0.call(Unknown Source)
	at TempTestSuite1551944183919.run(TempTestSuite1551944183919.groovy:36)]]></system-out>
      <system-err><![CDATA[2019-03-07 13:06:29 - [TEST_SUITE][FAILED] - BigBasket: Test Cases/BigBasket/BasketToCheckout FAILED.
Reason:
com.kms.katalon.core.exception.StepFailedException: Unable to click on object 'Object Repository/Page_Online Grocery Shopping and On/a_My Basket No Items' (Root cause: org.openqa.selenium.ElementNotVisibleException: element not interactable
  (Session info: chrome=72.0.3626.121)
  (Driver info: chromedriver=2.43.600229 (3fae4d0cda5334b4f533bede5a4787f7b832d052),platform=Mac OS X 10.13.6 x86_64) (WARNING: The server did not provide any stacktrace information)
Command duration or timeout: 0 milliseconds
Build info: version: '3.7.1', revision: '8a0099a', time: '2017-11-06T21:07:36.161Z'
System info: host: 'Niveditas-MacBook-Air.local', ip: 'fe80:0:0:0:848:c8e3:a957:2764%en0', os.name: 'Mac OS X', os.arch: 'x86_64', os.version: '10.13.6', java.version: '1.8.0_181'
Driver info: com.kms.katalon.selenium.driver.CChromeDriver
Capabilities {acceptInsecureCerts: false, acceptSslCerts: false, applicationCacheEnabled: false, browserConnectionEnabled: false, browserName: chrome, chrome: {chromedriverVersion: 2.43.600229 (3fae4d0cda5334..., userDataDir: /var/folders/1p/92gdr4951qs...}, cssSelectorsEnabled: true, databaseEnabled: false, goog:chromeOptions: {debuggerAddress: localhost:57177}, handlesAlerts: true, hasTouchScreen: false, javascriptEnabled: true, locationContextEnabled: true, mobileEmulationEnabled: false, nativeEvents: true, networkConnectionEnabled: false, pageLoadStrategy: normal, platform: MAC, platformName: MAC, rotatable: false, setWindowRect: true, takesHeapSnapshot: true, takesScreenshot: true, unexpectedAlertBehaviour: , unhandledPromptBehavior: , version: 72.0.3626.121, webStorageEnabled: true}
Session ID: 9854a9cfa56555c59eaa6e87b83640f9)
	at com.kms.katalon.core.keyword.internal.KeywordMain.stepFailed(KeywordMain.groovy:32)
	at com.kms.katalon.core.webui.keyword.internal.WebUIKeywordMain.stepFailed(WebUIKeywordMain.groovy:65)
	at com.kms.katalon.core.webui.keyword.internal.WebUIKeywordMain.runKeyword(WebUIKeywordMain.groovy:27)
	at com.kms.katalon.core.webui.keyword.builtin.ClickKeyword.click(ClickKeyword.groovy:86)
	at com.kms.katalon.core.webui.keyword.builtin.ClickKeyword.execute(ClickKeyword.groovy:67)
	at com.kms.katalon.core.keyword.internal.KeywordExecutor.executeKeywordForPlatform(KeywordExecutor.groovy:53)
	at com.kms.katalon.core.webui.keyword.WebUiBuiltInKeywords.click(WebUiBuiltInKeywords.groovy:616)
	at com.kms.katalon.core.webui.keyword.WebUiBuiltInKeywords$click$1.call(Unknown Source)
	at BasketToCheckout.run(BasketToCheckout:80)
	at com.kms.katalon.core.main.ScriptEngine.run(ScriptEngine.java:194)
	at com.kms.katalon.core.main.ScriptEngine.runScriptAsRawText(ScriptEngine.java:119)
	at com.kms.katalon.core.main.TestCaseExecutor.runScript(TestCaseExecutor.java:328)
	at com.kms.katalon.core.main.TestCaseExecutor.doExecute(TestCaseExecutor.java:319)
	at com.kms.katalon.core.main.TestCaseExecutor.processExecutionPhase(TestCaseExecutor.java:298)
	at com.kms.katalon.core.main.TestCaseExecutor.accessMainPhase(TestCaseExecutor.java:290)
	at com.kms.katalon.core.main.TestCaseExecutor.execute(TestCaseExecutor.java:224)
	at com.kms.katalon.core.main.TestSuiteExecutor.accessTestCaseMainPhase(TestSuiteExecutor.java:129)
	at com.kms.katalon.core.main.TestSuiteExecutor.accessTestSuiteMainPhase(TestSuiteExecutor.java:112)
	at com.kms.katalon.core.main.TestSuiteExecutor.execute(TestSuiteExecutor.java:81)
	at com.kms.katalon.core.main.TestCaseMain.startTestSuite(TestCaseMain.java:149)
	at com.kms.katalon.core.main.TestCaseMain$startTestSuite$0.call(Unknown Source)
	at TempTestSuite1551944183919.run(TempTestSuite1551944183919.groovy:36)]]></system-err>
   </testsuite>
</testsuites>
