<?xml version="1.0" encoding="UTF-8"?>
<testsuites name="Invoices" time="10" tests="2" failures="0" errors="1">
   <testsuite name="Invoices" tests="2" failures="0" errors="1" time="10" timestamp="2019-06-17 16:05:09" hostname="nivedita - 192.168.0.12" id="Test Suites/Lemoney/Invoices">
      <properties>
         <property name="deviceName" value=""/>
         <property name="devicePlatform" value=""/>
         <property name="logFolder" value="/Users/nivedita/git/KatalonFirstUIProject/Reports/Lemoney/Invoices/20190617_160436"/>
         <property name="logFiles" value="/Users/nivedita/git/KatalonFirstUIProject/Reports/Lemoney/Invoices/20190617_160436/execution0.log"/>
         <property name="attachments" value=""/>
         <property name="hostName" value="nivedita - 192.168.0.12"/>
         <property name="os" value="Mac OS X 64bit"/>
         <property name="katalonVersion" value="5.10.1.1"/>
         <property name="browser" value="Chrome 74.0.3729.169"/>
         <property name="hostAddress" value="192.168.0.12"/>
         <property name="sessionId" value="5320b749caa589f32827a1b1f89109a8"/>
         <property name="seleniumVersion" value="3.7.1"/>
         <property name="proxyInformation" value="ProxyInformation{proxyOption=NO_PROXY, proxyServerType=HTTP, password=, proxyServerAddress=, proxyServerPort=0}"/>
         <property name="platform" value="Mac OS X"/>
      </properties>
      <testcase name="Test Cases/Lemoney/Setup and TearDown/Setup" classname="Test Cases/Lemoney/Setup and TearDown/Setup" status="PASSED">
         <system-out><![CDATA[2019-06-17 16:05:10 - [TEST_CASE][PASSED] - Test Cases/Lemoney/Setup and TearDown/Setup: Test Cases/Lemoney/Setup and TearDown/Setup

2019-06-17 16:05:10 - [TEST_STEP][PASSED] - Start listener action : sampleBeforeTestCase: null

2019-06-17 16:05:10 - [TEST_STEP][PASSED] - println(testCaseContext.getTestCaseId()): null

2019-06-17 16:05:10 - [TEST_STEP][PASSED] - println(testCaseContext.getTestCaseVariables()): null

2019-06-17 16:05:10 - [TEST_STEP][PASSED] - println(" This is before test"): null

2019-06-17 16:05:10 - [TEST_STEP][PASSED] - Start setup action : setUp: Method 'setUp' complete successfully

2019-06-17 16:05:10 - [TEST_STEP][PASSED] - openBrowser(""): Browser is opened with url: ''

2019-06-17 16:05:11 - [MESSAGE][INFO] - Starting 'Chrome' driver

2019-06-17 16:05:11 - [MESSAGE][INFO] - Action delay is set to 0 seconds

2019-06-17 16:05:14 - [MESSAGE][PASSED] - Browser is opened with url: ''

2019-06-17 16:05:14 - [TEST_STEP][PASSED] - navigateToUrl("http://13.235.96.224:5100/"): Navigate to 'http://13.235.96.224:5100/' successfully

2019-06-17 16:05:16 - [MESSAGE][PASSED] - Navigate to 'http://13.235.96.224:5100/' successfully

2019-06-17 16:05:16 - [TEST_STEP][PASSED] - verifyElementPresent(findTestObject("Lemoney/Setup/Login/img_Lemoney_logo"), 10): Object 'Object Repository/Lemoney/Setup/Login/img_Lemoney_logo' is present

2019-06-17 16:05:16 - [MESSAGE][PASSED] - Object 'Object Repository/Lemoney/Setup/Login/img_Lemoney_logo' is present

2019-06-17 16:05:16 - [TEST_STEP][PASSED] - verifyElementPresent(findTestObject("Lemoney/Setup/Login/Title_Lemoney"), 10): Object 'Object Repository/Lemoney/Setup/Login/Title_Lemoney' is present

2019-06-17 16:05:16 - [MESSAGE][PASSED] - Object 'Object Repository/Lemoney/Setup/Login/Title_Lemoney' is present

2019-06-17 16:05:16 - [TEST_STEP][PASSED] - verifyElementPresent(findTestObject("Lemoney/Setup/Login/Title_Making Banking Useful"), 10): Object 'Object Repository/Lemoney/Setup/Login/Title_Making Banking Useful' is present

2019-06-17 16:05:16 - [MESSAGE][PASSED] - Object 'Object Repository/Lemoney/Setup/Login/Title_Making Banking Useful' is present

2019-06-17 16:05:16 - [TEST_STEP][PASSED] - verifyElementPresent(findTestObject("Lemoney/Setup/Login/div_Enter Username  Password"), 10): Object 'Object Repository/Lemoney/Setup/Login/div_Enter Username  Password' is present

2019-06-17 16:05:16 - [MESSAGE][PASSED] - Object 'Object Repository/Lemoney/Setup/Login/div_Enter Username  Password' is present

2019-06-17 16:05:16 - [TEST_STEP][PASSED] - setText(findTestObject("Lemoney/Setup/Login/input_EnterUserName"), "owner@lemoney.com"): Text 'owner@lemoney.com' is set on object 'Object Repository/Lemoney/Setup/Login/input_EnterUserName'

2019-06-17 16:05:16 - [MESSAGE][PASSED] - Text 'owner@lemoney.com' is set on object 'Object Repository/Lemoney/Setup/Login/input_EnterUserName'

2019-06-17 16:05:16 - [TEST_STEP][PASSED] - setText(findTestObject("Lemoney/Setup/Login/input_EnterPassword"), "123456"): Text '123456' is set on object 'Object Repository/Lemoney/Setup/Login/input_EnterPassword'

2019-06-17 16:05:17 - [MESSAGE][PASSED] - Text '123456' is set on object 'Object Repository/Lemoney/Setup/Login/input_EnterPassword'

2019-06-17 16:05:17 - [TEST_STEP][PASSED] - click(findTestObject("Lemoney/Setup/Login/button_Login")): Object: 'Object Repository/Lemoney/Setup/Login/button_Login' is clicked on

2019-06-17 16:05:17 - [MESSAGE][PASSED] - Object: 'Object Repository/Lemoney/Setup/Login/button_Login' is clicked on

2019-06-17 16:05:17 - [MESSAGE][PASSED] - Method 'setUp' complete successfully

2019-06-17 16:05:17 - [TEST_STEP][PASSED] - waitForElementPresent(findTestObject("Lemoney/Setup/Logout/img_profileImage"), 10): Object 'Object Repository/Lemoney/Setup/Logout/img_profileImage' is present

2019-06-17 16:05:18 - [MESSAGE][PASSED] - Object 'Object Repository/Lemoney/Setup/Logout/img_profileImage' is present

2019-06-17 16:05:18 - [TEST_STEP][PASSED] - Start listener action : sampleAfterTestCase: null

2019-06-17 16:05:18 - [TEST_STEP][PASSED] - println(testCaseContext.getTestCaseId()): null

2019-06-17 16:05:18 - [TEST_STEP][PASSED] - println(testCaseContext.getTestCaseStatus()): null]]></system-out>
         <system-err><![CDATA[]]></system-err>
      </testcase>
      <testcase name="Test Cases/Lemoney/Invoices/Receivables" classname="Test Cases/Lemoney/Invoices/Receivables" status="ERROR">
         <error type="ERROR" message="Test Cases/Lemoney/Invoices/Receivables FAILED.
Reason:
org.codehaus.groovy.control.MultipleCompilationErrorsException: startup failed:
General error during class generation: null. file:/Users/nivedita/git/KatalonFirstUIProject/Scripts/Lemoney/Invoices/Receivables/Script1559892104295.groovy

groovy.lang.GroovyRuntimeException: null. file:/Users/nivedita/git/KatalonFirstUIProject/Scripts/Lemoney/Invoices/Receivables/Script1559892104295.groovy
	at org.codehaus.groovy.classgen.asm.BinaryExpressionHelper.eval(BinaryExpressionHelper.java:257)
	at org.codehaus.groovy.classgen.AsmClassGenerator.visitBinaryExpression(AsmClassGenerator.java:638)
	at org.codehaus.groovy.ast.expr.BinaryExpression.visit(BinaryExpression.java:51)
	at org.codehaus.groovy.classgen.AsmClassGenerator.visitBooleanExpression(AsmClassGenerator.java:760)
	at org.codehaus.groovy.ast.expr.BooleanExpression.visit(BooleanExpression.java:42)
	at org.codehaus.groovy.classgen.asm.StatementWriter.writeIfElse(StatementWriter.java:283)
	at org.codehaus.groovy.classgen.asm.OptimizingStatementWriter.writeIfElse(OptimizingStatementWriter.java:280)
	at org.codehaus.groovy.classgen.AsmClassGenerator.visitIfElse(AsmClassGenerator.java:582)
	at org.codehaus.groovy.ast.stmt.IfStatement.visit(IfStatement.java:43)
	at org.codehaus.groovy.classgen.asm.StatementWriter.writeBlockStatement(StatementWriter.java:84)
	at org.codehaus.groovy.classgen.asm.OptimizingStatementWriter.writeBlockStatement(OptimizingStatementWriter.java:158)
	at org.codehaus.groovy.classgen.AsmClassGenerator.visitBlockStatement(AsmClassGenerator.java:566)
	at org.codehaus.groovy.ast.stmt.BlockStatement.visit(BlockStatement.java:71)
	at org.codehaus.groovy.ast.ClassCodeVisitorSupport.visitClassCodeContainer(ClassCodeVisitorSupport.java:104)
	at org.codehaus.groovy.ast.ClassCodeVisitorSupport.visitConstructorOrMethod(ClassCodeVisitorSupport.java:115)
	at org.codehaus.groovy.classgen.AsmClassGenerator.visitStdMethod(AsmClassGenerator.java:430)
	at org.codehaus.groovy.classgen.AsmClassGenerator.visitConstructorOrMethod(AsmClassGenerator.java:387)
	at org.codehaus.groovy.ast.ClassCodeVisitorSupport.visitMethod(ClassCodeVisitorSupport.java:126)
	at org.codehaus.groovy.classgen.AsmClassGenerator.visitMethod(AsmClassGenerator.java:507)
	at org.codehaus.groovy.ast.ClassNode.visitContents(ClassNode.java:1078)
	at org.codehaus.groovy.ast.ClassCodeVisitorSupport.visitClass(ClassCodeVisitorSupport.java:53)
	at org.codehaus.groovy.classgen.AsmClassGenerator.visitClass(AsmClassGenerator.java:233)
	at org.codehaus.groovy.control.CompilationUnit$16.call(CompilationUnit.java:813)
	at org.codehaus.groovy.control.CompilationUnit.applyToPrimaryClassNodes(CompilationUnit.java:1053)
	at org.codehaus.groovy.control.CompilationUnit.doPhaseOperation(CompilationUnit.java:591)
	at org.codehaus.groovy.control.CompilationUnit.processPhaseOperations(CompilationUnit.java:569)
	at org.codehaus.groovy.control.CompilationUnit.compile(CompilationUnit.java:546)
	at groovy.lang.GroovyClassLoader.doParseClass(GroovyClassLoader.java:298)
	at groovy.lang.GroovyClassLoader.parseClass(GroovyClassLoader.java:268)
	at com.kms.katalon.core.main.ScriptEngine.getScript(ScriptEngine.java:199)
	at com.kms.katalon.core.main.ScriptEngine.run(ScriptEngine.java:194)
	at com.kms.katalon.core.main.ScriptEngine.runScriptAsRawText(ScriptEngine.java:119)
	at com.kms.katalon.core.main.TestCaseExecutor.runScript(TestCaseExecutor.java:328)
	at com.kms.katalon.core.main.TestCaseExecutor.doExecute(TestCaseExecutor.java:319)
	at com.kms.katalon.core.main.TestCaseExecutor.processExecutionPhase(TestCaseExecutor.java:298)
	at com.kms.katalon.core.main.TestCaseExecutor.accessMainPhase(TestCaseExecutor.java:290)
	at com.kms.katalon.core.main.TestCaseExecutor.execute(TestCaseExecutor.java:224)
	at com.kms.katalon.core.main.TestSuiteExecutor.accessTestCaseMainPhase(TestSuiteExecutor.java:129)
	at com.kms.katalon.core.main.TestSuiteExecutor.accessTestSuiteMainPhase(TestSuiteExecutor.java:112)
	at com.kms.katalon.core.main.TestSuiteExecutor.execute(TestSuiteExecutor.java:81)
	at com.kms.katalon.core.main.TestCaseMain.startTestSuite(TestCaseMain.java:149)
	at com.kms.katalon.core.main.TestCaseMain$startTestSuite$0.call(Unknown Source)
	at org.codehaus.groovy.runtime.callsite.CallSiteArray.defaultCall(CallSiteArray.java:48)
	at org.codehaus.groovy.runtime.callsite.AbstractCallSite.call(AbstractCallSite.java:113)
	at org.codehaus.groovy.runtime.callsite.AbstractCallSite.call(AbstractCallSite.java:141)
	at TempTestSuite1560767706524.run(TempTestSuite1560767706524.groovy:36)
	at groovy.lang.GroovyShell.runScriptOrMainOrTestOrRunnable(GroovyShell.java:263)
	at groovy.lang.GroovyShell.run(GroovyShell.java:518)
	at groovy.lang.GroovyShell.run(GroovyShell.java:507)
	at groovy.ui.GroovyMain.processOnce(GroovyMain.java:653)
	at groovy.ui.GroovyMain.run(GroovyMain.java:384)
	at groovy.ui.GroovyMain.process(GroovyMain.java:370)
	at groovy.ui.GroovyMain.processArgs(GroovyMain.java:129)
	at groovy.ui.GroovyMain.main(GroovyMain.java:109)
	at sun.reflect.NativeMethodAccessorImpl.invoke0(Native Method)
	at sun.reflect.NativeMethodAccessorImpl.invoke(NativeMethodAccessorImpl.java:62)
	at sun.reflect.DelegatingMethodAccessorImpl.invoke(DelegatingMethodAccessorImpl.java:43)
	at java.lang.reflect.Method.invoke(Method.java:498)
	at org.codehaus.groovy.tools.GroovyStarter.rootLoader(GroovyStarter.java:109)
	at org.codehaus.groovy.tools.GroovyStarter.main(GroovyStarter.java:131)
Caused by: org.codehaus.groovy.syntax.SyntaxException: Operator (&quot;!==&quot; at 157:30:  &quot;!==&quot; ) not supported @ line 157, column 30.
	at org.codehaus.groovy.classgen.asm.BinaryExpressionHelper.eval(BinaryExpressionHelper.java:256)
	... 59 more

1 error

	at com.kms.katalon.core.main.ScriptEngine.getScript(ScriptEngine.java:199)
	at com.kms.katalon.core.main.ScriptEngine.run(ScriptEngine.java:194)
	at com.kms.katalon.core.main.ScriptEngine.runScriptAsRawText(ScriptEngine.java:119)
	at com.kms.katalon.core.main.TestCaseExecutor.runScript(TestCaseExecutor.java:328)
	at com.kms.katalon.core.main.TestCaseExecutor.doExecute(TestCaseExecutor.java:319)
	at com.kms.katalon.core.main.TestCaseExecutor.processExecutionPhase(TestCaseExecutor.java:298)
	at com.kms.katalon.core.main.TestCaseExecutor.accessMainPhase(TestCaseExecutor.java:290)
	at com.kms.katalon.core.main.TestCaseExecutor.execute(TestCaseExecutor.java:224)
	at com.kms.katalon.core.main.TestSuiteExecutor.accessTestCaseMainPhase(TestSuiteExecutor.java:129)
	at com.kms.katalon.core.main.TestSuiteExecutor.accessTestSuiteMainPhase(TestSuiteExecutor.java:112)
	at com.kms.katalon.core.main.TestSuiteExecutor.execute(TestSuiteExecutor.java:81)
	at com.kms.katalon.core.main.TestCaseMain.startTestSuite(TestCaseMain.java:149)
	at com.kms.katalon.core.main.TestCaseMain$startTestSuite$0.call(Unknown Source)
	at TempTestSuite1560767706524.run(TempTestSuite1560767706524.groovy:36)
"/>
         <system-out><![CDATA[2019-06-17 16:05:18 - [TEST_CASE][ERROR] - Test Cases/Lemoney/Invoices/Receivables: Test Cases/Lemoney/Invoices/Receivables FAILED.
Reason:
org.codehaus.groovy.control.MultipleCompilationErrorsException: startup failed:
General error during class generation: null. file:/Users/nivedita/git/KatalonFirstUIProject/Scripts/Lemoney/Invoices/Receivables/Script1559892104295.groovy

groovy.lang.GroovyRuntimeException: null. file:/Users/nivedita/git/KatalonFirstUIProject/Scripts/Lemoney/Invoices/Receivables/Script1559892104295.groovy
	at org.codehaus.groovy.classgen.asm.BinaryExpressionHelper.eval(BinaryExpressionHelper.java:257)
	at org.codehaus.groovy.classgen.AsmClassGenerator.visitBinaryExpression(AsmClassGenerator.java:638)
	at org.codehaus.groovy.ast.expr.BinaryExpression.visit(BinaryExpression.java:51)
	at org.codehaus.groovy.classgen.AsmClassGenerator.visitBooleanExpression(AsmClassGenerator.java:760)
	at org.codehaus.groovy.ast.expr.BooleanExpression.visit(BooleanExpression.java:42)
	at org.codehaus.groovy.classgen.asm.StatementWriter.writeIfElse(StatementWriter.java:283)
	at org.codehaus.groovy.classgen.asm.OptimizingStatementWriter.writeIfElse(OptimizingStatementWriter.java:280)
	at org.codehaus.groovy.classgen.AsmClassGenerator.visitIfElse(AsmClassGenerator.java:582)
	at org.codehaus.groovy.ast.stmt.IfStatement.visit(IfStatement.java:43)
	at org.codehaus.groovy.classgen.asm.StatementWriter.writeBlockStatement(StatementWriter.java:84)
	at org.codehaus.groovy.classgen.asm.OptimizingStatementWriter.writeBlockStatement(OptimizingStatementWriter.java:158)
	at org.codehaus.groovy.classgen.AsmClassGenerator.visitBlockStatement(AsmClassGenerator.java:566)
	at org.codehaus.groovy.ast.stmt.BlockStatement.visit(BlockStatement.java:71)
	at org.codehaus.groovy.ast.ClassCodeVisitorSupport.visitClassCodeContainer(ClassCodeVisitorSupport.java:104)
	at org.codehaus.groovy.ast.ClassCodeVisitorSupport.visitConstructorOrMethod(ClassCodeVisitorSupport.java:115)
	at org.codehaus.groovy.classgen.AsmClassGenerator.visitStdMethod(AsmClassGenerator.java:430)
	at org.codehaus.groovy.classgen.AsmClassGenerator.visitConstructorOrMethod(AsmClassGenerator.java:387)
	at org.codehaus.groovy.ast.ClassCodeVisitorSupport.visitMethod(ClassCodeVisitorSupport.java:126)
	at org.codehaus.groovy.classgen.AsmClassGenerator.visitMethod(AsmClassGenerator.java:507)
	at org.codehaus.groovy.ast.ClassNode.visitContents(ClassNode.java:1078)
	at org.codehaus.groovy.ast.ClassCodeVisitorSupport.visitClass(ClassCodeVisitorSupport.java:53)
	at org.codehaus.groovy.classgen.AsmClassGenerator.visitClass(AsmClassGenerator.java:233)
	at org.codehaus.groovy.control.CompilationUnit$16.call(CompilationUnit.java:813)
	at org.codehaus.groovy.control.CompilationUnit.applyToPrimaryClassNodes(CompilationUnit.java:1053)
	at org.codehaus.groovy.control.CompilationUnit.doPhaseOperation(CompilationUnit.java:591)
	at org.codehaus.groovy.control.CompilationUnit.processPhaseOperations(CompilationUnit.java:569)
	at org.codehaus.groovy.control.CompilationUnit.compile(CompilationUnit.java:546)
	at groovy.lang.GroovyClassLoader.doParseClass(GroovyClassLoader.java:298)
	at groovy.lang.GroovyClassLoader.parseClass(GroovyClassLoader.java:268)
	at com.kms.katalon.core.main.ScriptEngine.getScript(ScriptEngine.java:199)
	at com.kms.katalon.core.main.ScriptEngine.run(ScriptEngine.java:194)
	at com.kms.katalon.core.main.ScriptEngine.runScriptAsRawText(ScriptEngine.java:119)
	at com.kms.katalon.core.main.TestCaseExecutor.runScript(TestCaseExecutor.java:328)
	at com.kms.katalon.core.main.TestCaseExecutor.doExecute(TestCaseExecutor.java:319)
	at com.kms.katalon.core.main.TestCaseExecutor.processExecutionPhase(TestCaseExecutor.java:298)
	at com.kms.katalon.core.main.TestCaseExecutor.accessMainPhase(TestCaseExecutor.java:290)
	at com.kms.katalon.core.main.TestCaseExecutor.execute(TestCaseExecutor.java:224)
	at com.kms.katalon.core.main.TestSuiteExecutor.accessTestCaseMainPhase(TestSuiteExecutor.java:129)
	at com.kms.katalon.core.main.TestSuiteExecutor.accessTestSuiteMainPhase(TestSuiteExecutor.java:112)
	at com.kms.katalon.core.main.TestSuiteExecutor.execute(TestSuiteExecutor.java:81)
	at com.kms.katalon.core.main.TestCaseMain.startTestSuite(TestCaseMain.java:149)
	at com.kms.katalon.core.main.TestCaseMain$startTestSuite$0.call(Unknown Source)
	at org.codehaus.groovy.runtime.callsite.CallSiteArray.defaultCall(CallSiteArray.java:48)
	at org.codehaus.groovy.runtime.callsite.AbstractCallSite.call(AbstractCallSite.java:113)
	at org.codehaus.groovy.runtime.callsite.AbstractCallSite.call(AbstractCallSite.java:141)
	at TempTestSuite1560767706524.run(TempTestSuite1560767706524.groovy:36)
	at groovy.lang.GroovyShell.runScriptOrMainOrTestOrRunnable(GroovyShell.java:263)
	at groovy.lang.GroovyShell.run(GroovyShell.java:518)
	at groovy.lang.GroovyShell.run(GroovyShell.java:507)
	at groovy.ui.GroovyMain.processOnce(GroovyMain.java:653)
	at groovy.ui.GroovyMain.run(GroovyMain.java:384)
	at groovy.ui.GroovyMain.process(GroovyMain.java:370)
	at groovy.ui.GroovyMain.processArgs(GroovyMain.java:129)
	at groovy.ui.GroovyMain.main(GroovyMain.java:109)
	at sun.reflect.NativeMethodAccessorImpl.invoke0(Native Method)
	at sun.reflect.NativeMethodAccessorImpl.invoke(NativeMethodAccessorImpl.java:62)
	at sun.reflect.DelegatingMethodAccessorImpl.invoke(DelegatingMethodAccessorImpl.java:43)
	at java.lang.reflect.Method.invoke(Method.java:498)
	at org.codehaus.groovy.tools.GroovyStarter.rootLoader(GroovyStarter.java:109)
	at org.codehaus.groovy.tools.GroovyStarter.main(GroovyStarter.java:131)
Caused by: org.codehaus.groovy.syntax.SyntaxException: Operator ("!==" at 157:30:  "!==" ) not supported @ line 157, column 30.
	at org.codehaus.groovy.classgen.asm.BinaryExpressionHelper.eval(BinaryExpressionHelper.java:256)
	... 59 more

1 error

	at com.kms.katalon.core.main.ScriptEngine.getScript(ScriptEngine.java:199)
	at com.kms.katalon.core.main.ScriptEngine.run(ScriptEngine.java:194)
	at com.kms.katalon.core.main.ScriptEngine.runScriptAsRawText(ScriptEngine.java:119)
	at com.kms.katalon.core.main.TestCaseExecutor.runScript(TestCaseExecutor.java:328)
	at com.kms.katalon.core.main.TestCaseExecutor.doExecute(TestCaseExecutor.java:319)
	at com.kms.katalon.core.main.TestCaseExecutor.processExecutionPhase(TestCaseExecutor.java:298)
	at com.kms.katalon.core.main.TestCaseExecutor.accessMainPhase(TestCaseExecutor.java:290)
	at com.kms.katalon.core.main.TestCaseExecutor.execute(TestCaseExecutor.java:224)
	at com.kms.katalon.core.main.TestSuiteExecutor.accessTestCaseMainPhase(TestSuiteExecutor.java:129)
	at com.kms.katalon.core.main.TestSuiteExecutor.accessTestSuiteMainPhase(TestSuiteExecutor.java:112)
	at com.kms.katalon.core.main.TestSuiteExecutor.execute(TestSuiteExecutor.java:81)
	at com.kms.katalon.core.main.TestCaseMain.startTestSuite(TestCaseMain.java:149)
	at com.kms.katalon.core.main.TestCaseMain$startTestSuite$0.call(Unknown Source)
	at TempTestSuite1560767706524.run(TempTestSuite1560767706524.groovy:36)


2019-06-17 16:05:18 - [TEST_STEP][PASSED] - Start listener action : sampleBeforeTestCase: null

2019-06-17 16:05:18 - [TEST_STEP][PASSED] - println(testCaseContext.getTestCaseId()): null

2019-06-17 16:05:18 - [TEST_STEP][PASSED] - println(testCaseContext.getTestCaseVariables()): null

2019-06-17 16:05:18 - [TEST_STEP][PASSED] - println(" This is before test"): null

2019-06-17 16:05:18 - [TEST_STEP][PASSED] - Start listener action : sampleAfterTestCase: null

2019-06-17 16:05:18 - [TEST_STEP][PASSED] - println(testCaseContext.getTestCaseId()): null

2019-06-17 16:05:18 - [TEST_STEP][PASSED] - println(testCaseContext.getTestCaseStatus()): null]]></system-out>
         <system-err><![CDATA[2019-06-17 16:05:18 - [TEST_CASE][ERROR] - Test Cases/Lemoney/Invoices/Receivables: Test Cases/Lemoney/Invoices/Receivables FAILED.
Reason:
org.codehaus.groovy.control.MultipleCompilationErrorsException: startup failed:
General error during class generation: null. file:/Users/nivedita/git/KatalonFirstUIProject/Scripts/Lemoney/Invoices/Receivables/Script1559892104295.groovy

groovy.lang.GroovyRuntimeException: null. file:/Users/nivedita/git/KatalonFirstUIProject/Scripts/Lemoney/Invoices/Receivables/Script1559892104295.groovy
	at org.codehaus.groovy.classgen.asm.BinaryExpressionHelper.eval(BinaryExpressionHelper.java:257)
	at org.codehaus.groovy.classgen.AsmClassGenerator.visitBinaryExpression(AsmClassGenerator.java:638)
	at org.codehaus.groovy.ast.expr.BinaryExpression.visit(BinaryExpression.java:51)
	at org.codehaus.groovy.classgen.AsmClassGenerator.visitBooleanExpression(AsmClassGenerator.java:760)
	at org.codehaus.groovy.ast.expr.BooleanExpression.visit(BooleanExpression.java:42)
	at org.codehaus.groovy.classgen.asm.StatementWriter.writeIfElse(StatementWriter.java:283)
	at org.codehaus.groovy.classgen.asm.OptimizingStatementWriter.writeIfElse(OptimizingStatementWriter.java:280)
	at org.codehaus.groovy.classgen.AsmClassGenerator.visitIfElse(AsmClassGenerator.java:582)
	at org.codehaus.groovy.ast.stmt.IfStatement.visit(IfStatement.java:43)
	at org.codehaus.groovy.classgen.asm.StatementWriter.writeBlockStatement(StatementWriter.java:84)
	at org.codehaus.groovy.classgen.asm.OptimizingStatementWriter.writeBlockStatement(OptimizingStatementWriter.java:158)
	at org.codehaus.groovy.classgen.AsmClassGenerator.visitBlockStatement(AsmClassGenerator.java:566)
	at org.codehaus.groovy.ast.stmt.BlockStatement.visit(BlockStatement.java:71)
	at org.codehaus.groovy.ast.ClassCodeVisitorSupport.visitClassCodeContainer(ClassCodeVisitorSupport.java:104)
	at org.codehaus.groovy.ast.ClassCodeVisitorSupport.visitConstructorOrMethod(ClassCodeVisitorSupport.java:115)
	at org.codehaus.groovy.classgen.AsmClassGenerator.visitStdMethod(AsmClassGenerator.java:430)
	at org.codehaus.groovy.classgen.AsmClassGenerator.visitConstructorOrMethod(AsmClassGenerator.java:387)
	at org.codehaus.groovy.ast.ClassCodeVisitorSupport.visitMethod(ClassCodeVisitorSupport.java:126)
	at org.codehaus.groovy.classgen.AsmClassGenerator.visitMethod(AsmClassGenerator.java:507)
	at org.codehaus.groovy.ast.ClassNode.visitContents(ClassNode.java:1078)
	at org.codehaus.groovy.ast.ClassCodeVisitorSupport.visitClass(ClassCodeVisitorSupport.java:53)
	at org.codehaus.groovy.classgen.AsmClassGenerator.visitClass(AsmClassGenerator.java:233)
	at org.codehaus.groovy.control.CompilationUnit$16.call(CompilationUnit.java:813)
	at org.codehaus.groovy.control.CompilationUnit.applyToPrimaryClassNodes(CompilationUnit.java:1053)
	at org.codehaus.groovy.control.CompilationUnit.doPhaseOperation(CompilationUnit.java:591)
	at org.codehaus.groovy.control.CompilationUnit.processPhaseOperations(CompilationUnit.java:569)
	at org.codehaus.groovy.control.CompilationUnit.compile(CompilationUnit.java:546)
	at groovy.lang.GroovyClassLoader.doParseClass(GroovyClassLoader.java:298)
	at groovy.lang.GroovyClassLoader.parseClass(GroovyClassLoader.java:268)
	at com.kms.katalon.core.main.ScriptEngine.getScript(ScriptEngine.java:199)
	at com.kms.katalon.core.main.ScriptEngine.run(ScriptEngine.java:194)
	at com.kms.katalon.core.main.ScriptEngine.runScriptAsRawText(ScriptEngine.java:119)
	at com.kms.katalon.core.main.TestCaseExecutor.runScript(TestCaseExecutor.java:328)
	at com.kms.katalon.core.main.TestCaseExecutor.doExecute(TestCaseExecutor.java:319)
	at com.kms.katalon.core.main.TestCaseExecutor.processExecutionPhase(TestCaseExecutor.java:298)
	at com.kms.katalon.core.main.TestCaseExecutor.accessMainPhase(TestCaseExecutor.java:290)
	at com.kms.katalon.core.main.TestCaseExecutor.execute(TestCaseExecutor.java:224)
	at com.kms.katalon.core.main.TestSuiteExecutor.accessTestCaseMainPhase(TestSuiteExecutor.java:129)
	at com.kms.katalon.core.main.TestSuiteExecutor.accessTestSuiteMainPhase(TestSuiteExecutor.java:112)
	at com.kms.katalon.core.main.TestSuiteExecutor.execute(TestSuiteExecutor.java:81)
	at com.kms.katalon.core.main.TestCaseMain.startTestSuite(TestCaseMain.java:149)
	at com.kms.katalon.core.main.TestCaseMain$startTestSuite$0.call(Unknown Source)
	at org.codehaus.groovy.runtime.callsite.CallSiteArray.defaultCall(CallSiteArray.java:48)
	at org.codehaus.groovy.runtime.callsite.AbstractCallSite.call(AbstractCallSite.java:113)
	at org.codehaus.groovy.runtime.callsite.AbstractCallSite.call(AbstractCallSite.java:141)
	at TempTestSuite1560767706524.run(TempTestSuite1560767706524.groovy:36)
	at groovy.lang.GroovyShell.runScriptOrMainOrTestOrRunnable(GroovyShell.java:263)
	at groovy.lang.GroovyShell.run(GroovyShell.java:518)
	at groovy.lang.GroovyShell.run(GroovyShell.java:507)
	at groovy.ui.GroovyMain.processOnce(GroovyMain.java:653)
	at groovy.ui.GroovyMain.run(GroovyMain.java:384)
	at groovy.ui.GroovyMain.process(GroovyMain.java:370)
	at groovy.ui.GroovyMain.processArgs(GroovyMain.java:129)
	at groovy.ui.GroovyMain.main(GroovyMain.java:109)
	at sun.reflect.NativeMethodAccessorImpl.invoke0(Native Method)
	at sun.reflect.NativeMethodAccessorImpl.invoke(NativeMethodAccessorImpl.java:62)
	at sun.reflect.DelegatingMethodAccessorImpl.invoke(DelegatingMethodAccessorImpl.java:43)
	at java.lang.reflect.Method.invoke(Method.java:498)
	at org.codehaus.groovy.tools.GroovyStarter.rootLoader(GroovyStarter.java:109)
	at org.codehaus.groovy.tools.GroovyStarter.main(GroovyStarter.java:131)
Caused by: org.codehaus.groovy.syntax.SyntaxException: Operator ("!==" at 157:30:  "!==" ) not supported @ line 157, column 30.
	at org.codehaus.groovy.classgen.asm.BinaryExpressionHelper.eval(BinaryExpressionHelper.java:256)
	... 59 more

1 error

	at com.kms.katalon.core.main.ScriptEngine.getScript(ScriptEngine.java:199)
	at com.kms.katalon.core.main.ScriptEngine.run(ScriptEngine.java:194)
	at com.kms.katalon.core.main.ScriptEngine.runScriptAsRawText(ScriptEngine.java:119)
	at com.kms.katalon.core.main.TestCaseExecutor.runScript(TestCaseExecutor.java:328)
	at com.kms.katalon.core.main.TestCaseExecutor.doExecute(TestCaseExecutor.java:319)
	at com.kms.katalon.core.main.TestCaseExecutor.processExecutionPhase(TestCaseExecutor.java:298)
	at com.kms.katalon.core.main.TestCaseExecutor.accessMainPhase(TestCaseExecutor.java:290)
	at com.kms.katalon.core.main.TestCaseExecutor.execute(TestCaseExecutor.java:224)
	at com.kms.katalon.core.main.TestSuiteExecutor.accessTestCaseMainPhase(TestSuiteExecutor.java:129)
	at com.kms.katalon.core.main.TestSuiteExecutor.accessTestSuiteMainPhase(TestSuiteExecutor.java:112)
	at com.kms.katalon.core.main.TestSuiteExecutor.execute(TestSuiteExecutor.java:81)
	at com.kms.katalon.core.main.TestCaseMain.startTestSuite(TestCaseMain.java:149)
	at com.kms.katalon.core.main.TestCaseMain$startTestSuite$0.call(Unknown Source)
	at TempTestSuite1560767706524.run(TempTestSuite1560767706524.groovy:36)]]></system-err>
      </testcase>
      <testcase name="Test Cases/Lemoney/Setup and TearDown/TearDown" classname="Test Cases/Lemoney/Setup and TearDown/TearDown" status="PASSED">
         <system-out><![CDATA[2019-06-17 16:05:18 - [TEST_CASE][PASSED] - Test Cases/Lemoney/Setup and TearDown/TearDown: Test Cases/Lemoney/Setup and TearDown/TearDown

2019-06-17 16:05:18 - [TEST_STEP][PASSED] - Start listener action : sampleBeforeTestCase: null

2019-06-17 16:05:18 - [TEST_STEP][PASSED] - println(testCaseContext.getTestCaseId()): null

2019-06-17 16:05:18 - [TEST_STEP][PASSED] - println(testCaseContext.getTestCaseVariables()): null

2019-06-17 16:05:18 - [TEST_STEP][PASSED] - println(" This is before test"): null

2019-06-17 16:05:18 - [TEST_STEP][PASSED] - mouseOver(findTestObject("Lemoney/Setup/Logout/img_profileImage")): Object: 'Object Repository/Lemoney/Setup/Logout/img_profileImage' is hovered

2019-06-17 16:05:18 - [MESSAGE][PASSED] - Object: 'Object Repository/Lemoney/Setup/Logout/img_profileImage' is hovered

2019-06-17 16:05:18 - [TEST_STEP][PASSED] - click(findTestObject("Lemoney/Setup/Logout/Logout")): Object: 'Object Repository/Lemoney/Setup/Logout/Logout' is clicked on

2019-06-17 16:05:19 - [MESSAGE][PASSED] - Object: 'Object Repository/Lemoney/Setup/Logout/Logout' is clicked on

2019-06-17 16:05:19 - [TEST_STEP][PASSED] - closeBrowser(): Browser is closed

2019-06-17 16:05:19 - [MESSAGE][PASSED] - Browser is closed

2019-06-17 16:05:19 - [TEST_STEP][PASSED] - Start tear down : tearDown: Method 'tearDown' complete successfully

2019-06-17 16:05:19 - [MESSAGE][PASSED] - Method 'tearDown' complete successfully

2019-06-17 16:05:19 - [TEST_STEP][PASSED] - Start listener action : sampleAfterTestCase: null

2019-06-17 16:05:19 - [TEST_STEP][PASSED] - println(testCaseContext.getTestCaseId()): null

2019-06-17 16:05:19 - [TEST_STEP][PASSED] - println(testCaseContext.getTestCaseStatus()): null]]></system-out>
         <system-err><![CDATA[]]></system-err>
      </testcase>
      <system-out><![CDATA[2019-06-17 16:05:09 - [TEST_SUITE][ERROR] - Invoices: Test Cases/Lemoney/Invoices/Receivables FAILED.
Reason:
org.codehaus.groovy.control.MultipleCompilationErrorsException: startup failed:
General error during class generation: null. file:/Users/nivedita/git/KatalonFirstUIProject/Scripts/Lemoney/Invoices/Receivables/Script1559892104295.groovy

groovy.lang.GroovyRuntimeException: null. file:/Users/nivedita/git/KatalonFirstUIProject/Scripts/Lemoney/Invoices/Receivables/Script1559892104295.groovy
	at org.codehaus.groovy.classgen.asm.BinaryExpressionHelper.eval(BinaryExpressionHelper.java:257)
	at org.codehaus.groovy.classgen.AsmClassGenerator.visitBinaryExpression(AsmClassGenerator.java:638)
	at org.codehaus.groovy.ast.expr.BinaryExpression.visit(BinaryExpression.java:51)
	at org.codehaus.groovy.classgen.AsmClassGenerator.visitBooleanExpression(AsmClassGenerator.java:760)
	at org.codehaus.groovy.ast.expr.BooleanExpression.visit(BooleanExpression.java:42)
	at org.codehaus.groovy.classgen.asm.StatementWriter.writeIfElse(StatementWriter.java:283)
	at org.codehaus.groovy.classgen.asm.OptimizingStatementWriter.writeIfElse(OptimizingStatementWriter.java:280)
	at org.codehaus.groovy.classgen.AsmClassGenerator.visitIfElse(AsmClassGenerator.java:582)
	at org.codehaus.groovy.ast.stmt.IfStatement.visit(IfStatement.java:43)
	at org.codehaus.groovy.classgen.asm.StatementWriter.writeBlockStatement(StatementWriter.java:84)
	at org.codehaus.groovy.classgen.asm.OptimizingStatementWriter.writeBlockStatement(OptimizingStatementWriter.java:158)
	at org.codehaus.groovy.classgen.AsmClassGenerator.visitBlockStatement(AsmClassGenerator.java:566)
	at org.codehaus.groovy.ast.stmt.BlockStatement.visit(BlockStatement.java:71)
	at org.codehaus.groovy.ast.ClassCodeVisitorSupport.visitClassCodeContainer(ClassCodeVisitorSupport.java:104)
	at org.codehaus.groovy.ast.ClassCodeVisitorSupport.visitConstructorOrMethod(ClassCodeVisitorSupport.java:115)
	at org.codehaus.groovy.classgen.AsmClassGenerator.visitStdMethod(AsmClassGenerator.java:430)
	at org.codehaus.groovy.classgen.AsmClassGenerator.visitConstructorOrMethod(AsmClassGenerator.java:387)
	at org.codehaus.groovy.ast.ClassCodeVisitorSupport.visitMethod(ClassCodeVisitorSupport.java:126)
	at org.codehaus.groovy.classgen.AsmClassGenerator.visitMethod(AsmClassGenerator.java:507)
	at org.codehaus.groovy.ast.ClassNode.visitContents(ClassNode.java:1078)
	at org.codehaus.groovy.ast.ClassCodeVisitorSupport.visitClass(ClassCodeVisitorSupport.java:53)
	at org.codehaus.groovy.classgen.AsmClassGenerator.visitClass(AsmClassGenerator.java:233)
	at org.codehaus.groovy.control.CompilationUnit$16.call(CompilationUnit.java:813)
	at org.codehaus.groovy.control.CompilationUnit.applyToPrimaryClassNodes(CompilationUnit.java:1053)
	at org.codehaus.groovy.control.CompilationUnit.doPhaseOperation(CompilationUnit.java:591)
	at org.codehaus.groovy.control.CompilationUnit.processPhaseOperations(CompilationUnit.java:569)
	at org.codehaus.groovy.control.CompilationUnit.compile(CompilationUnit.java:546)
	at groovy.lang.GroovyClassLoader.doParseClass(GroovyClassLoader.java:298)
	at groovy.lang.GroovyClassLoader.parseClass(GroovyClassLoader.java:268)
	at com.kms.katalon.core.main.ScriptEngine.getScript(ScriptEngine.java:199)
	at com.kms.katalon.core.main.ScriptEngine.run(ScriptEngine.java:194)
	at com.kms.katalon.core.main.ScriptEngine.runScriptAsRawText(ScriptEngine.java:119)
	at com.kms.katalon.core.main.TestCaseExecutor.runScript(TestCaseExecutor.java:328)
	at com.kms.katalon.core.main.TestCaseExecutor.doExecute(TestCaseExecutor.java:319)
	at com.kms.katalon.core.main.TestCaseExecutor.processExecutionPhase(TestCaseExecutor.java:298)
	at com.kms.katalon.core.main.TestCaseExecutor.accessMainPhase(TestCaseExecutor.java:290)
	at com.kms.katalon.core.main.TestCaseExecutor.execute(TestCaseExecutor.java:224)
	at com.kms.katalon.core.main.TestSuiteExecutor.accessTestCaseMainPhase(TestSuiteExecutor.java:129)
	at com.kms.katalon.core.main.TestSuiteExecutor.accessTestSuiteMainPhase(TestSuiteExecutor.java:112)
	at com.kms.katalon.core.main.TestSuiteExecutor.execute(TestSuiteExecutor.java:81)
	at com.kms.katalon.core.main.TestCaseMain.startTestSuite(TestCaseMain.java:149)
	at com.kms.katalon.core.main.TestCaseMain$startTestSuite$0.call(Unknown Source)
	at org.codehaus.groovy.runtime.callsite.CallSiteArray.defaultCall(CallSiteArray.java:48)
	at org.codehaus.groovy.runtime.callsite.AbstractCallSite.call(AbstractCallSite.java:113)
	at org.codehaus.groovy.runtime.callsite.AbstractCallSite.call(AbstractCallSite.java:141)
	at TempTestSuite1560767706524.run(TempTestSuite1560767706524.groovy:36)
	at groovy.lang.GroovyShell.runScriptOrMainOrTestOrRunnable(GroovyShell.java:263)
	at groovy.lang.GroovyShell.run(GroovyShell.java:518)
	at groovy.lang.GroovyShell.run(GroovyShell.java:507)
	at groovy.ui.GroovyMain.processOnce(GroovyMain.java:653)
	at groovy.ui.GroovyMain.run(GroovyMain.java:384)
	at groovy.ui.GroovyMain.process(GroovyMain.java:370)
	at groovy.ui.GroovyMain.processArgs(GroovyMain.java:129)
	at groovy.ui.GroovyMain.main(GroovyMain.java:109)
	at sun.reflect.NativeMethodAccessorImpl.invoke0(Native Method)
	at sun.reflect.NativeMethodAccessorImpl.invoke(NativeMethodAccessorImpl.java:62)
	at sun.reflect.DelegatingMethodAccessorImpl.invoke(DelegatingMethodAccessorImpl.java:43)
	at java.lang.reflect.Method.invoke(Method.java:498)
	at org.codehaus.groovy.tools.GroovyStarter.rootLoader(GroovyStarter.java:109)
	at org.codehaus.groovy.tools.GroovyStarter.main(GroovyStarter.java:131)
Caused by: org.codehaus.groovy.syntax.SyntaxException: Operator ("!==" at 157:30:  "!==" ) not supported @ line 157, column 30.
	at org.codehaus.groovy.classgen.asm.BinaryExpressionHelper.eval(BinaryExpressionHelper.java:256)
	... 59 more

1 error

	at com.kms.katalon.core.main.ScriptEngine.getScript(ScriptEngine.java:199)
	at com.kms.katalon.core.main.ScriptEngine.run(ScriptEngine.java:194)
	at com.kms.katalon.core.main.ScriptEngine.runScriptAsRawText(ScriptEngine.java:119)
	at com.kms.katalon.core.main.TestCaseExecutor.runScript(TestCaseExecutor.java:328)
	at com.kms.katalon.core.main.TestCaseExecutor.doExecute(TestCaseExecutor.java:319)
	at com.kms.katalon.core.main.TestCaseExecutor.processExecutionPhase(TestCaseExecutor.java:298)
	at com.kms.katalon.core.main.TestCaseExecutor.accessMainPhase(TestCaseExecutor.java:290)
	at com.kms.katalon.core.main.TestCaseExecutor.execute(TestCaseExecutor.java:224)
	at com.kms.katalon.core.main.TestSuiteExecutor.accessTestCaseMainPhase(TestSuiteExecutor.java:129)
	at com.kms.katalon.core.main.TestSuiteExecutor.accessTestSuiteMainPhase(TestSuiteExecutor.java:112)
	at com.kms.katalon.core.main.TestSuiteExecutor.execute(TestSuiteExecutor.java:81)
	at com.kms.katalon.core.main.TestCaseMain.startTestSuite(TestCaseMain.java:149)
	at com.kms.katalon.core.main.TestCaseMain$startTestSuite$0.call(Unknown Source)
	at TempTestSuite1560767706524.run(TempTestSuite1560767706524.groovy:36)]]></system-out>
      <system-err><![CDATA[2019-06-17 16:05:09 - [TEST_SUITE][ERROR] - Invoices: Test Cases/Lemoney/Invoices/Receivables FAILED.
Reason:
org.codehaus.groovy.control.MultipleCompilationErrorsException: startup failed:
General error during class generation: null. file:/Users/nivedita/git/KatalonFirstUIProject/Scripts/Lemoney/Invoices/Receivables/Script1559892104295.groovy

groovy.lang.GroovyRuntimeException: null. file:/Users/nivedita/git/KatalonFirstUIProject/Scripts/Lemoney/Invoices/Receivables/Script1559892104295.groovy
	at org.codehaus.groovy.classgen.asm.BinaryExpressionHelper.eval(BinaryExpressionHelper.java:257)
	at org.codehaus.groovy.classgen.AsmClassGenerator.visitBinaryExpression(AsmClassGenerator.java:638)
	at org.codehaus.groovy.ast.expr.BinaryExpression.visit(BinaryExpression.java:51)
	at org.codehaus.groovy.classgen.AsmClassGenerator.visitBooleanExpression(AsmClassGenerator.java:760)
	at org.codehaus.groovy.ast.expr.BooleanExpression.visit(BooleanExpression.java:42)
	at org.codehaus.groovy.classgen.asm.StatementWriter.writeIfElse(StatementWriter.java:283)
	at org.codehaus.groovy.classgen.asm.OptimizingStatementWriter.writeIfElse(OptimizingStatementWriter.java:280)
	at org.codehaus.groovy.classgen.AsmClassGenerator.visitIfElse(AsmClassGenerator.java:582)
	at org.codehaus.groovy.ast.stmt.IfStatement.visit(IfStatement.java:43)
	at org.codehaus.groovy.classgen.asm.StatementWriter.writeBlockStatement(StatementWriter.java:84)
	at org.codehaus.groovy.classgen.asm.OptimizingStatementWriter.writeBlockStatement(OptimizingStatementWriter.java:158)
	at org.codehaus.groovy.classgen.AsmClassGenerator.visitBlockStatement(AsmClassGenerator.java:566)
	at org.codehaus.groovy.ast.stmt.BlockStatement.visit(BlockStatement.java:71)
	at org.codehaus.groovy.ast.ClassCodeVisitorSupport.visitClassCodeContainer(ClassCodeVisitorSupport.java:104)
	at org.codehaus.groovy.ast.ClassCodeVisitorSupport.visitConstructorOrMethod(ClassCodeVisitorSupport.java:115)
	at org.codehaus.groovy.classgen.AsmClassGenerator.visitStdMethod(AsmClassGenerator.java:430)
	at org.codehaus.groovy.classgen.AsmClassGenerator.visitConstructorOrMethod(AsmClassGenerator.java:387)
	at org.codehaus.groovy.ast.ClassCodeVisitorSupport.visitMethod(ClassCodeVisitorSupport.java:126)
	at org.codehaus.groovy.classgen.AsmClassGenerator.visitMethod(AsmClassGenerator.java:507)
	at org.codehaus.groovy.ast.ClassNode.visitContents(ClassNode.java:1078)
	at org.codehaus.groovy.ast.ClassCodeVisitorSupport.visitClass(ClassCodeVisitorSupport.java:53)
	at org.codehaus.groovy.classgen.AsmClassGenerator.visitClass(AsmClassGenerator.java:233)
	at org.codehaus.groovy.control.CompilationUnit$16.call(CompilationUnit.java:813)
	at org.codehaus.groovy.control.CompilationUnit.applyToPrimaryClassNodes(CompilationUnit.java:1053)
	at org.codehaus.groovy.control.CompilationUnit.doPhaseOperation(CompilationUnit.java:591)
	at org.codehaus.groovy.control.CompilationUnit.processPhaseOperations(CompilationUnit.java:569)
	at org.codehaus.groovy.control.CompilationUnit.compile(CompilationUnit.java:546)
	at groovy.lang.GroovyClassLoader.doParseClass(GroovyClassLoader.java:298)
	at groovy.lang.GroovyClassLoader.parseClass(GroovyClassLoader.java:268)
	at com.kms.katalon.core.main.ScriptEngine.getScript(ScriptEngine.java:199)
	at com.kms.katalon.core.main.ScriptEngine.run(ScriptEngine.java:194)
	at com.kms.katalon.core.main.ScriptEngine.runScriptAsRawText(ScriptEngine.java:119)
	at com.kms.katalon.core.main.TestCaseExecutor.runScript(TestCaseExecutor.java:328)
	at com.kms.katalon.core.main.TestCaseExecutor.doExecute(TestCaseExecutor.java:319)
	at com.kms.katalon.core.main.TestCaseExecutor.processExecutionPhase(TestCaseExecutor.java:298)
	at com.kms.katalon.core.main.TestCaseExecutor.accessMainPhase(TestCaseExecutor.java:290)
	at com.kms.katalon.core.main.TestCaseExecutor.execute(TestCaseExecutor.java:224)
	at com.kms.katalon.core.main.TestSuiteExecutor.accessTestCaseMainPhase(TestSuiteExecutor.java:129)
	at com.kms.katalon.core.main.TestSuiteExecutor.accessTestSuiteMainPhase(TestSuiteExecutor.java:112)
	at com.kms.katalon.core.main.TestSuiteExecutor.execute(TestSuiteExecutor.java:81)
	at com.kms.katalon.core.main.TestCaseMain.startTestSuite(TestCaseMain.java:149)
	at com.kms.katalon.core.main.TestCaseMain$startTestSuite$0.call(Unknown Source)
	at org.codehaus.groovy.runtime.callsite.CallSiteArray.defaultCall(CallSiteArray.java:48)
	at org.codehaus.groovy.runtime.callsite.AbstractCallSite.call(AbstractCallSite.java:113)
	at org.codehaus.groovy.runtime.callsite.AbstractCallSite.call(AbstractCallSite.java:141)
	at TempTestSuite1560767706524.run(TempTestSuite1560767706524.groovy:36)
	at groovy.lang.GroovyShell.runScriptOrMainOrTestOrRunnable(GroovyShell.java:263)
	at groovy.lang.GroovyShell.run(GroovyShell.java:518)
	at groovy.lang.GroovyShell.run(GroovyShell.java:507)
	at groovy.ui.GroovyMain.processOnce(GroovyMain.java:653)
	at groovy.ui.GroovyMain.run(GroovyMain.java:384)
	at groovy.ui.GroovyMain.process(GroovyMain.java:370)
	at groovy.ui.GroovyMain.processArgs(GroovyMain.java:129)
	at groovy.ui.GroovyMain.main(GroovyMain.java:109)
	at sun.reflect.NativeMethodAccessorImpl.invoke0(Native Method)
	at sun.reflect.NativeMethodAccessorImpl.invoke(NativeMethodAccessorImpl.java:62)
	at sun.reflect.DelegatingMethodAccessorImpl.invoke(DelegatingMethodAccessorImpl.java:43)
	at java.lang.reflect.Method.invoke(Method.java:498)
	at org.codehaus.groovy.tools.GroovyStarter.rootLoader(GroovyStarter.java:109)
	at org.codehaus.groovy.tools.GroovyStarter.main(GroovyStarter.java:131)
Caused by: org.codehaus.groovy.syntax.SyntaxException: Operator ("!==" at 157:30:  "!==" ) not supported @ line 157, column 30.
	at org.codehaus.groovy.classgen.asm.BinaryExpressionHelper.eval(BinaryExpressionHelper.java:256)
	... 59 more

1 error

	at com.kms.katalon.core.main.ScriptEngine.getScript(ScriptEngine.java:199)
	at com.kms.katalon.core.main.ScriptEngine.run(ScriptEngine.java:194)
	at com.kms.katalon.core.main.ScriptEngine.runScriptAsRawText(ScriptEngine.java:119)
	at com.kms.katalon.core.main.TestCaseExecutor.runScript(TestCaseExecutor.java:328)
	at com.kms.katalon.core.main.TestCaseExecutor.doExecute(TestCaseExecutor.java:319)
	at com.kms.katalon.core.main.TestCaseExecutor.processExecutionPhase(TestCaseExecutor.java:298)
	at com.kms.katalon.core.main.TestCaseExecutor.accessMainPhase(TestCaseExecutor.java:290)
	at com.kms.katalon.core.main.TestCaseExecutor.execute(TestCaseExecutor.java:224)
	at com.kms.katalon.core.main.TestSuiteExecutor.accessTestCaseMainPhase(TestSuiteExecutor.java:129)
	at com.kms.katalon.core.main.TestSuiteExecutor.accessTestSuiteMainPhase(TestSuiteExecutor.java:112)
	at com.kms.katalon.core.main.TestSuiteExecutor.execute(TestSuiteExecutor.java:81)
	at com.kms.katalon.core.main.TestCaseMain.startTestSuite(TestCaseMain.java:149)
	at com.kms.katalon.core.main.TestCaseMain$startTestSuite$0.call(Unknown Source)
	at TempTestSuite1560767706524.run(TempTestSuite1560767706524.groovy:36)]]></system-err>
   </testsuite>
</testsuites>
